#
# There is insufficient memory for the Java Runtime Environment to continue.
# Native memory allocation (mmap) failed to map 32505856 bytes for Failed to commit area from 0x0000000089a00000 to 0x000000008b900000 of length 32505856.
# Possible reasons:
#   The system is out of physical RAM or swap space
#   The process is running with CompressedOops enabled, and the Java Heap may be blocking the growth of the native heap
# Possible solutions:
#   Reduce memory load on the system
#   Increase physical memory or swap space
#   Check if swap backing store is full
#   Decrease Java heap size (-Xmx/-Xms)
#   Decrease number of Java threads
#   Decrease Java thread stack sizes (-Xss)
#   Set larger code cache with -XX:ReservedCodeCacheSize=
#   JVM is running with Unscaled Compressed Oops mode in which the Java heap is
#     placed in the first 4GB address space. The Java Heap base address is the
#     maximum limit for the native heap growth. Please use -XX:HeapBaseMinAddress
#     to set the Java Heap base and to place the Java Heap above 4GB virtual address.
# This output file may be truncated or incomplete.
#
#  Out of Memory Error (t:/workspace/open/src/hotspot/os/windows/os_windows.cpp:3269), pid=19088, tid=1384
#
# JRE version: Java(TM) SE Runtime Environment (11.0.1+13) (build 11.0.1+13-LTS)
# Java VM: Java HotSpot(TM) 64-Bit Server VM (11.0.1+13-LTS, mixed mode, tiered, compressed oops, g1 gc, windows-amd64)
# No core dump will be written. Minidumps are not enabled by default on client versions of Windows
#

---------------  S U M M A R Y ------------

Command Line: --add-opens=java.base/java.util=ALL-UNNAMED --add-opens=java.base/java.lang=ALL-UNNAMED --add-opens=java.base/java.lang.invoke=ALL-UNNAMED --add-opens=java.base/java.util=ALL-UNNAMED --add-opens=java.prefs/java.util.prefs=ALL-UNNAMED --add-opens=java.prefs/java.util.prefs=ALL-UNNAMED --add-opens=java.base/java.nio.charset=ALL-UNNAMED --add-opens=java.base/java.net=ALL-UNNAMED --add-opens=java.base/java.util.concurrent.atomic=ALL-UNNAMED -Xmx2048m -Dfile.encoding=UTF-8 -Duser.country=SV -Duser.language=es -Duser.variant org.gradle.launcher.daemon.bootstrap.GradleDaemon 7.5

Host: Intel(R) Core(TM) i5-3320M CPU @ 2.60GHz, 4 cores, 7G,  Windows 10 , 64 bit Build 19041 (10.0.19041.2546)
Time: Tue Apr  4 23:59:49 2023 Hora estándar, América Central elapsed time: 59 seconds (0d 0h 0m 59s)

---------------  T H R E A D  ---------------

Current thread (0x000002822ea70000):  VMThread "VM Thread" [stack: 0x000000a8b7f00000,0x000000a8b8000000] [id=1384]

Stack: [0x000000a8b7f00000,0x000000a8b8000000]
[error occurred during error reporting (printing stack bounds), id 0xc0000005, EXCEPTION_ACCESS_VIOLATION (0xc0000005) at pc=0x0000028218260bad]

Native frames: (J=compiled Java code, j=interpreted, Vv=VM code, C=native code)
V  [jvm.dll+0x63c21a]
V  [jvm.dll+0x7797df]
V  [jvm.dll+0x77adca]
V  [jvm.dll+0x77b3e5]
V  [jvm.dll+0x77b39b]
V  [jvm.dll+0x63b916]
V  [jvm.dll+0x63bce8]
C  [ntdll.dll+0xa241f]
C  [ntdll.dll+0x514a4]
C  [ntdll.dll+0xa0f4e]
C  0x0000028218260bad

VM_Operation (0x000000a8bdaeee80): G1CollectForAllocation, mode: safepoint, requested by thread 0x0000028237411000


---------------  P R O C E S S  ---------------

Threads class SMR info:
_java_thread_list=0x0000028238775bd0, length=86, elements={
0x000002820ff25800, 0x000002822ea74800, 0x000002822ea82000, 0x000002822f432800,
0x000002822ea91800, 0x000002822ea94800, 0x000002822ea9a800, 0x000002822eaad800,
0x000002822f564800, 0x000002822f587000, 0x00000282314de000, 0x000002823220b800,
0x0000028230d9f800, 0x0000028230e6e000, 0x0000028230e4f800, 0x0000028230294800,
0x0000028230e0b000, 0x0000028230dea800, 0x0000028231484800, 0x00000282319a8800,
0x00000282319af800, 0x00000282319b1800, 0x00000282319ab800, 0x00000282319b0800,
0x00000282319b2000, 0x00000282319ad000, 0x00000282319ac800, 0x00000282319ae000,
0x00000282319af000, 0x000002823291a800, 0x000002823291b800, 0x000002823291c800,
0x000002823291e000, 0x000002823291f800, 0x000002823291d000, 0x0000028232923800,
0x0000028232920800, 0x0000028232923000, 0x0000028232924800, 0x0000028232921000,
0x000002823291e800, 0x0000028232928800, 0x0000028232927000, 0x0000028232927800,
0x0000028232925000, 0x0000028232926000, 0x00000282309d2800, 0x00000282309d4800,
0x00000282309d5000, 0x00000282309d3800, 0x00000282309d2000, 0x00000282309d6000,
0x00000282309d0800, 0x00000282309d7000, 0x00000282309d1000, 0x00000282309db000,
0x00000282309dd800, 0x00000282309da000, 0x00000282309dc800, 0x00000282309db800,
0x00000282309d7800, 0x00000282309de000, 0x00000282309d8800, 0x00000282309df000,
0x00000282309d9000, 0x00000282324d5000, 0x00000282324d6000, 0x00000282324d8800,
0x00000282324d2800, 0x00000282324d9800, 0x00000282324d3800, 0x00000282324d7000,
0x00000282324d7800, 0x00000282324da000, 0x00000282324d4800, 0x00000282324de000,
0x00000282324df000, 0x00000282324db800, 0x00000282324e0000, 0x00000282324e0800,
0x00000282324db000, 0x00000282324e1800, 0x00000282324dc800, 0x00000282324dd800,
0x0000028237411000, 0x0000028237416000
}

Java Threads: ( => current thread )
  0x000002820ff25800 JavaThread "main" [_thread_blocked, id=6904, stack(0x000000a8b7900000,0x000000a8b7a00000)]
  0x000002822ea74800 JavaThread "Reference Handler" daemon [_thread_blocked, id=20204, stack(0x000000a8b8000000,0x000000a8b8100000)]
  0x000002822ea82000 JavaThread "Finalizer" daemon [_thread_blocked, id=1600, stack(0x000000a8b8100000,0x000000a8b8200000)]
  0x000002822f432800 JavaThread "Signal Dispatcher" daemon [_thread_blocked, id=14284, stack(0x000000a8b8200000,0x000000a8b8300000)]
  0x000002822ea91800 JavaThread "Attach Listener" daemon [_thread_blocked, id=18604, stack(0x000000a8b8300000,0x000000a8b8400000)]
  0x000002822ea94800 JavaThread "C2 CompilerThread0" daemon [_thread_blocked, id=17256, stack(0x000000a8b8400000,0x000000a8b8500000)]
  0x000002822ea9a800 JavaThread "C1 CompilerThread0" daemon [_thread_blocked, id=11328, stack(0x000000a8b8500000,0x000000a8b8600000)]
  0x000002822eaad800 JavaThread "Sweeper thread" daemon [_thread_blocked, id=9104, stack(0x000000a8b8600000,0x000000a8b8700000)]
  0x000002822f564800 JavaThread "Common-Cleaner" daemon [_thread_blocked, id=14268, stack(0x000000a8b8700000,0x000000a8b8800000)]
  0x000002822f587000 JavaThread "Service Thread" daemon [_thread_blocked, id=5948, stack(0x000000a8b8800000,0x000000a8b8900000)]
  0x00000282314de000 JavaThread "Daemon health stats" [_thread_blocked, id=8656, stack(0x000000a8b8a00000,0x000000a8b8b00000)]
  0x000002823220b800 JavaThread "Incoming local TCP Connector on port 59035" [_thread_in_native, id=22064, stack(0x000000a8b8d00000,0x000000a8b8e00000)]
  0x0000028230d9f800 JavaThread "Daemon periodic checks" [_thread_blocked, id=21616, stack(0x000000a8b8e00000,0x000000a8b8f00000)]
  0x0000028230e6e000 JavaThread "Daemon" [_thread_blocked, id=19768, stack(0x000000a8b8f00000,0x000000a8b9000000)]
  0x0000028230e4f800 JavaThread "Handler for socket connection from /127.0.0.1:59035 to /127.0.0.1:59036" [_thread_in_native, id=6644, stack(0x000000a8b9000000,0x000000a8b9100000)]
  0x0000028230294800 JavaThread "Cancel handler" [_thread_blocked, id=9472, stack(0x000000a8b9200000,0x000000a8b9300000)]
  0x0000028230e0b000 JavaThread "Daemon worker" [_thread_blocked, id=16492, stack(0x000000a8b9300000,0x000000a8b9400000)]
  0x0000028230dea800 JavaThread "Asynchronous log dispatcher for DefaultDaemonConnection: socket connection from /127.0.0.1:59035 to /127.0.0.1:59036" [_thread_blocked, id=9568, stack(0x000000a8b9400000,0x000000a8b9500000)]
  0x0000028231484800 JavaThread "Stdin handler" [_thread_blocked, id=7088, stack(0x000000a8b9500000,0x000000a8b9600000)]
  0x00000282319a8800 JavaThread "Daemon client event forwarder" [_thread_blocked, id=2392, stack(0x000000a8b9600000,0x000000a8b9700000)]
  0x00000282319af800 JavaThread "Cache worker for journal cache (C:\Users\Admin\.gradle\caches\journal-1)" [_thread_blocked, id=1268, stack(0x000000a8b9700000,0x000000a8b9800000)]
  0x00000282319b1800 JavaThread "File lock request listener" [_thread_in_native, id=18304, stack(0x000000a8b9800000,0x000000a8b9900000)]
  0x00000282319ab800 JavaThread "Cache worker for file hash cache (C:\Users\Admin\.gradle\caches\7.5\fileHashes)" [_thread_blocked, id=15532, stack(0x000000a8b9900000,0x000000a8b9a00000)]
  0x00000282319b0800 JavaThread "File watcher server" daemon [_thread_blocked, id=17584, stack(0x000000a8b9a00000,0x000000a8b9b00000)]
  0x00000282319b2000 JavaThread "File watcher consumer" daemon [_thread_blocked, id=16416, stack(0x000000a8b9b00000,0x000000a8b9c00000)]
  0x00000282319ad000 JavaThread "Cache worker for checksums cache (E:\ProyectoCatedra2\.gradle\7.5\checksums)" [_thread_blocked, id=20036, stack(0x000000a8b9c00000,0x000000a8b9d00000)]
  0x00000282319ac800 JavaThread "Cache worker for cache directory md-rule (C:\Users\Admin\.gradle\caches\7.5\md-rule)" [_thread_blocked, id=8036, stack(0x000000a8b9d00000,0x000000a8b9e00000)]
  0x00000282319ae000 JavaThread "Cache worker for file content cache (C:\Users\Admin\.gradle\caches\7.5\fileContent)" [_thread_blocked, id=18828, stack(0x000000a8b9e00000,0x000000a8b9f00000)]
  0x00000282319af000 JavaThread "Cache worker for file hash cache (E:\ProyectoCatedra2\.gradle\7.5\fileHashes)" [_thread_blocked, id=8544, stack(0x000000a8b9f00000,0x000000a8ba000000)]
  0x000002823291a800 JavaThread "Cache worker for cache directory md-supplier (C:\Users\Admin\.gradle\caches\7.5\md-supplier)" [_thread_blocked, id=20364, stack(0x000000a8ba000000,0x000000a8ba100000)]
  0x000002823291b800 JavaThread "Cache worker for execution history cache (C:\Users\Admin\.gradle\caches\7.5\executionHistory)" [_thread_blocked, id=19528, stack(0x000000a8ba100000,0x000000a8ba200000)]
  0x000002823291c800 JavaThread "jar transforms" [_thread_blocked, id=8524, stack(0x000000a8ba200000,0x000000a8ba300000)]
  0x000002823291e000 JavaThread "jar transforms Thread 2" [_thread_blocked, id=16472, stack(0x000000a8ba300000,0x000000a8ba400000)]
  0x000002823291f800 JavaThread "jar transforms Thread 3" [_thread_blocked, id=15928, stack(0x000000a8ba500000,0x000000a8ba600000)]
  0x000002823291d000 JavaThread "jar transforms Thread 4" [_thread_blocked, id=12136, stack(0x000000a8ba600000,0x000000a8ba700000)]
  0x0000028232923800 JavaThread "Cache worker for dependencies-accessors (E:\ProyectoCatedra2\.gradle\7.5\dependencies-accessors)" [_thread_blocked, id=20828, stack(0x000000a8ba700000,0x000000a8ba800000)]
  0x0000028232920800 JavaThread "Cache worker for Build Output Cleanup Cache (E:\ProyectoCatedra2\.gradle\buildOutputCleanup)" [_thread_blocked, id=6020, stack(0x000000a8ba800000,0x000000a8ba900000)]
  0x0000028232923000 JavaThread "Unconstrained build operations" [_thread_blocked, id=20140, stack(0x000000a8ba400000,0x000000a8ba500000)]
  0x0000028232924800 JavaThread "Unconstrained build operations Thread 2" [_thread_blocked, id=14344, stack(0x000000a8ba900000,0x000000a8baa00000)]
  0x0000028232921000 JavaThread "Unconstrained build operations Thread 3" [_thread_blocked, id=20768, stack(0x000000a8baa00000,0x000000a8bab00000)]
  0x000002823291e800 JavaThread "Unconstrained build operations Thread 4" [_thread_blocked, id=360, stack(0x000000a8bab00000,0x000000a8bac00000)]
  0x0000028232928800 JavaThread "Unconstrained build operations Thread 5" [_thread_blocked, id=22360, stack(0x000000a8bac00000,0x000000a8bad00000)]
  0x0000028232927000 JavaThread "Unconstrained build operations Thread 6" [_thread_blocked, id=3896, stack(0x000000a8bad00000,0x000000a8bae00000)]
  0x0000028232927800 JavaThread "Unconstrained build operations Thread 7" [_thread_blocked, id=21152, stack(0x000000a8bae00000,0x000000a8baf00000)]
  0x0000028232925000 JavaThread "Unconstrained build operations Thread 8" [_thread_blocked, id=3960, stack(0x000000a8baf00000,0x000000a8bb000000)]
  0x0000028232926000 JavaThread "Unconstrained build operations Thread 9" [_thread_blocked, id=19688, stack(0x000000a8bb000000,0x000000a8bb100000)]
  0x00000282309d2800 JavaThread "Unconstrained build operations Thread 10" [_thread_blocked, id=16044, stack(0x000000a8bb100000,0x000000a8bb200000)]
  0x00000282309d4800 JavaThread "Unconstrained build operations Thread 11" [_thread_blocked, id=18540, stack(0x000000a8bb200000,0x000000a8bb300000)]
  0x00000282309d5000 JavaThread "Unconstrained build operations Thread 12" [_thread_blocked, id=20344, stack(0x000000a8bb300000,0x000000a8bb400000)]
  0x00000282309d3800 JavaThread "Unconstrained build operations Thread 13" [_thread_blocked, id=12840, stack(0x000000a8bb400000,0x000000a8bb500000)]
  0x00000282309d2000 JavaThread "Unconstrained build operations Thread 14" [_thread_blocked, id=14216, stack(0x000000a8bb500000,0x000000a8bb600000)]
  0x00000282309d6000 JavaThread "Unconstrained build operations Thread 15" [_thread_blocked, id=18900, stack(0x000000a8bb600000,0x000000a8bb700000)]
  0x00000282309d0800 JavaThread "Unconstrained build operations Thread 16" [_thread_blocked, id=22516, stack(0x000000a8bb700000,0x000000a8bb800000)]
  0x00000282309d7000 JavaThread "Unconstrained build operations Thread 17" [_thread_blocked, id=7204, stack(0x000000a8bb800000,0x000000a8bb900000)]
  0x00000282309d1000 JavaThread "Unconstrained build operations Thread 18" [_thread_blocked, id=21408, stack(0x000000a8bb900000,0x000000a8bba00000)]
  0x00000282309db000 JavaThread "Unconstrained build operations Thread 19" [_thread_blocked, id=4580, stack(0x000000a8bba00000,0x000000a8bbb00000)]
  0x00000282309dd800 JavaThread "Unconstrained build operations Thread 20" [_thread_blocked, id=7448, stack(0x000000a8bbb00000,0x000000a8bbc00000)]
  0x00000282309da000 JavaThread "Unconstrained build operations Thread 21" [_thread_blocked, id=9344, stack(0x000000a8bbc00000,0x000000a8bbd00000)]
  0x00000282309dc800 JavaThread "Unconstrained build operations Thread 22" [_thread_blocked, id=10008, stack(0x000000a8bbd00000,0x000000a8bbe00000)]
  0x00000282309db800 JavaThread "Unconstrained build operations Thread 23" [_thread_blocked, id=15940, stack(0x000000a8bbe00000,0x000000a8bbf00000)]
  0x00000282309d7800 JavaThread "Unconstrained build operations Thread 24" [_thread_blocked, id=21312, stack(0x000000a8bbf00000,0x000000a8bc000000)]
  0x00000282309de000 JavaThread "Unconstrained build operations Thread 25" [_thread_blocked, id=22348, stack(0x000000a8bc000000,0x000000a8bc100000)]
  0x00000282309d8800 JavaThread "Unconstrained build operations Thread 26" [_thread_blocked, id=11396, stack(0x000000a8bc100000,0x000000a8bc200000)]
  0x00000282309df000 JavaThread "Unconstrained build operations Thread 27" [_thread_blocked, id=7160, stack(0x000000a8bc200000,0x000000a8bc300000)]
  0x00000282309d9000 JavaThread "Unconstrained build operations Thread 28" [_thread_blocked, id=9444, stack(0x000000a8bc300000,0x000000a8bc400000)]
  0x00000282324d5000 JavaThread "Unconstrained build operations Thread 29" [_thread_blocked, id=16312, stack(0x000000a8bc400000,0x000000a8bc500000)]
  0x00000282324d6000 JavaThread "Unconstrained build operations Thread 30" [_thread_blocked, id=20848, stack(0x000000a8bc500000,0x000000a8bc600000)]
  0x00000282324d8800 JavaThread "Unconstrained build operations Thread 31" [_thread_blocked, id=2436, stack(0x000000a8bc600000,0x000000a8bc700000)]
  0x00000282324d2800 JavaThread "Unconstrained build operations Thread 32" [_thread_blocked, id=8092, stack(0x000000a8bc700000,0x000000a8bc800000)]
  0x00000282324d9800 JavaThread "Unconstrained build operations Thread 33" [_thread_blocked, id=9320, stack(0x000000a8bc800000,0x000000a8bc900000)]
  0x00000282324d3800 JavaThread "Unconstrained build operations Thread 34" [_thread_blocked, id=9068, stack(0x000000a8bc900000,0x000000a8bca00000)]
  0x00000282324d7000 JavaThread "Unconstrained build operations Thread 35" [_thread_blocked, id=7044, stack(0x000000a8bca00000,0x000000a8bcb00000)]
  0x00000282324d7800 JavaThread "Unconstrained build operations Thread 36" [_thread_blocked, id=14488, stack(0x000000a8bcb00000,0x000000a8bcc00000)]
  0x00000282324da000 JavaThread "Unconstrained build operations Thread 37" [_thread_blocked, id=8624, stack(0x000000a8bcc00000,0x000000a8bcd00000)]
  0x00000282324d4800 JavaThread "Unconstrained build operations Thread 38" [_thread_blocked, id=20720, stack(0x000000a8bcd00000,0x000000a8bce00000)]
  0x00000282324de000 JavaThread "Unconstrained build operations Thread 39" [_thread_blocked, id=9044, stack(0x000000a8bce00000,0x000000a8bcf00000)]
  0x00000282324df000 JavaThread "Unconstrained build operations Thread 40" [_thread_blocked, id=8632, stack(0x000000a8bcf00000,0x000000a8bd000000)]
  0x00000282324db800 JavaThread "build event listener" [_thread_blocked, id=8532, stack(0x000000a8bd100000,0x000000a8bd200000)]
  0x00000282324e0000 JavaThread "Memory manager" [_thread_blocked, id=20580, stack(0x000000a8bd400000,0x000000a8bd500000)]
  0x00000282324e0800 JavaThread "pool-3-thread-1" [_thread_blocked, id=14612, stack(0x000000a8bd500000,0x000000a8bd600000)]
  0x00000282324db000 JavaThread "build event listener" [_thread_blocked, id=22404, stack(0x000000a8bd000000,0x000000a8bd100000)]
  0x00000282324e1800 JavaThread "included builds" [_thread_blocked, id=22412, stack(0x000000a8bd700000,0x000000a8bd800000)]
  0x00000282324dc800 JavaThread "Execution worker" [_thread_blocked, id=5360, stack(0x000000a8bd800000,0x000000a8bd900000)]
  0x00000282324dd800 JavaThread "Execution worker Thread 2" [_thread_blocked, id=18884, stack(0x000000a8bd900000,0x000000a8bda00000)]
  0x0000028237411000 JavaThread "Execution worker Thread 3" [_thread_blocked, id=20272, stack(0x000000a8bda00000,0x000000a8bdb00000)]
  0x0000028237416000 JavaThread "Cache worker for execution history cache (E:\ProyectoCatedra2\.gradle\7.5\executionHistory)" [_thread_blocked, id=18480, stack(0x000000a8bdb00000,0x000000a8bdc00000)]

Other Threads:
=>0x000002822ea70000 VMThread "VM Thread" [stack: 0x000000a8b7f00000,0x000000a8b8000000] [id=1384]
  0x000002822f599800 WatcherThread [stack: 0x000000a8b8900000,0x000000a8b8a00000] [id=880]
  0x000002820ff3b800 GCTaskThread "GC Thread#0" [stack: 0x000000a8b7a00000,0x000000a8b7b00000] [id=5720]
  0x000002822f7e0800 GCTaskThread "GC Thread#1" [stack: 0x000000a8b8b00000,0x000000a8b8c00000] [id=11984]
  0x000002823010b000 GCTaskThread "GC Thread#2" [stack: 0x000000a8b8c00000,0x000000a8b8d00000] [id=15168]
  0x000002822f50a800 GCTaskThread "GC Thread#3" [stack: 0x000000a8b9100000,0x000000a8b9200000] [id=10104]
  0x000002820ff6d800 ConcurrentGCThread "G1 Main Marker" [stack: 0x000000a8b7b00000,0x000000a8b7c00000] [id=13348]
  0x000002820ff6e800 ConcurrentGCThread "G1 Conc#0" [stack: 0x000000a8b7c00000,0x000000a8b7d00000] [id=15740]
  0x000002820fff9800 ConcurrentGCThread "G1 Refine#0" [stack: 0x000000a8b7d00000,0x000000a8b7e00000] [id=4028]
  0x000002820fffa800 ConcurrentGCThread "G1 Young RemSet Sampling" [stack: 0x000000a8b7e00000,0x000000a8b7f00000] [id=14500]

Threads with active compile tasks:
C2 CompilerThread011916   !   4       java.net.URL::<init> (543 bytes)

VM state:at safepoint (normal execution)

VM Mutex/Monitor currently owned by a thread:  ([mutex/lock_event])
[0x000002820ff22e80] Threads_lock - owner thread: 0x000002822ea70000
[0x000002820ff224f0] Heap_lock - owner thread: 0x0000028237411000

Heap address: 0x0000000080000000, size: 2048 MB, Compressed Oops mode: 32-bit
Narrow klass base: 0x0000000000000000, Narrow klass shift: 3
Compressed class space size: 1073741824 Address: 0x0000000100000000

Heap:
 garbage-first heap   total 189440K, used 109568K [0x0000000080000000, 0x0000000100000000)
  region size 1024K, 2 young (2048K), 2 survivors (2048K)
 Metaspace       used 94491K, capacity 97001K, committed 97304K, reserved 1132544K
  class space    used 12304K, capacity 13237K, committed 13336K, reserved 1048576K
Heap Regions: E=young(eden), S=young(survivor), O=old, HS=humongous(starts), HC=humongous(continues), CS=collection set, F=free, A=archive, TAMS=top-at-mark-start (previous, next)
|   0|0x0000000080000000, 0x0000000080100000, 0x0000000080100000|100%|HS|  |TAMS 0x0000000080100000, 0x0000000080000000| Complete 
|   1|0x0000000080100000, 0x0000000080200000, 0x0000000080200000|100%|HC|  |TAMS 0x0000000080200000, 0x0000000080100000| Complete 
|   2|0x0000000080200000, 0x0000000080300000, 0x0000000080300000|100%|HC|  |TAMS 0x0000000080300000, 0x0000000080200000| Complete 
|   3|0x0000000080300000, 0x0000000080400000, 0x0000000080400000|100%| O|  |TAMS 0x0000000080400000, 0x0000000080300000| Untracked 
|   4|0x0000000080400000, 0x0000000080500000, 0x0000000080500000|100%| O|  |TAMS 0x0000000080500000, 0x0000000080400000| Untracked 
|   5|0x0000000080500000, 0x0000000080600000, 0x0000000080600000|100%| O|  |TAMS 0x0000000080600000, 0x0000000080500000| Untracked 
|   6|0x0000000080600000, 0x0000000080700000, 0x0000000080700000|100%| O|  |TAMS 0x0000000080700000, 0x0000000080600000| Untracked 
|   7|0x0000000080700000, 0x0000000080800000, 0x0000000080800000|100%| O|  |TAMS 0x0000000080800000, 0x0000000080700000| Untracked 
|   8|0x0000000080800000, 0x0000000080900000, 0x0000000080900000|100%| O|  |TAMS 0x0000000080900000, 0x0000000080800000| Untracked 
|   9|0x0000000080900000, 0x0000000080a00000, 0x0000000080a00000|100%| O|  |TAMS 0x0000000080a00000, 0x0000000080900000| Untracked 
|  10|0x0000000080a00000, 0x0000000080b00000, 0x0000000080b00000|100%| O|  |TAMS 0x0000000080b00000, 0x0000000080a00000| Untracked 
|  11|0x0000000080b00000, 0x0000000080c00000, 0x0000000080c00000|100%| O|  |TAMS 0x0000000080c00000, 0x0000000080b00000| Untracked 
|  12|0x0000000080c00000, 0x0000000080d00000, 0x0000000080d00000|100%| O|  |TAMS 0x0000000080d00000, 0x0000000080c00000| Untracked 
|  13|0x0000000080d00000, 0x0000000080e00000, 0x0000000080e00000|100%| O|  |TAMS 0x0000000080e00000, 0x0000000080d00000| Untracked 
|  14|0x0000000080e00000, 0x0000000080f00000, 0x0000000080f00000|100%| O|  |TAMS 0x0000000080f00000, 0x0000000080e00000| Untracked 
|  15|0x0000000080f00000, 0x0000000081000000, 0x0000000081000000|100%| O|  |TAMS 0x0000000081000000, 0x0000000080f00000| Untracked 
|  16|0x0000000081000000, 0x0000000081100000, 0x0000000081100000|100%|HS|  |TAMS 0x0000000081100000, 0x0000000081000000| Complete 
|  17|0x0000000081100000, 0x0000000081200000, 0x0000000081200000|100%| O|  |TAMS 0x0000000081200000, 0x0000000081100000| Untracked 
|  18|0x0000000081200000, 0x0000000081300000, 0x0000000081300000|100%| O|  |TAMS 0x0000000081300000, 0x0000000081200000| Untracked 
|  19|0x0000000081300000, 0x0000000081400000, 0x0000000081400000|100%| O|  |TAMS 0x0000000081400000, 0x0000000081300000| Untracked 
|  20|0x0000000081400000, 0x0000000081500000, 0x0000000081500000|100%| O|  |TAMS 0x0000000081500000, 0x0000000081400000| Untracked 
|  21|0x0000000081500000, 0x0000000081600000, 0x0000000081600000|100%| O|  |TAMS 0x0000000081600000, 0x0000000081500000| Untracked 
|  22|0x0000000081600000, 0x0000000081700000, 0x0000000081700000|100%| O|  |TAMS 0x0000000081700000, 0x0000000081600000| Untracked 
|  23|0x0000000081700000, 0x0000000081800000, 0x0000000081800000|100%| O|  |TAMS 0x0000000081800000, 0x0000000081700000| Untracked 
|  24|0x0000000081800000, 0x0000000081900000, 0x0000000081900000|100%| O|  |TAMS 0x0000000081900000, 0x0000000081800000| Untracked 
|  25|0x0000000081900000, 0x0000000081a00000, 0x0000000081a00000|100%| O|  |TAMS 0x0000000081a00000, 0x0000000081900000| Untracked 
|  26|0x0000000081a00000, 0x0000000081b00000, 0x0000000081b00000|100%| O|  |TAMS 0x0000000081b00000, 0x0000000081a00000| Untracked 
|  27|0x0000000081b00000, 0x0000000081c00000, 0x0000000081c00000|100%| O|  |TAMS 0x0000000081c00000, 0x0000000081b00000| Untracked 
|  28|0x0000000081c00000, 0x0000000081d00000, 0x0000000081d00000|100%| O|  |TAMS 0x0000000081d00000, 0x0000000081c00000| Untracked 
|  29|0x0000000081d00000, 0x0000000081e00000, 0x0000000081e00000|100%|HS|  |TAMS 0x0000000081e00000, 0x0000000081d00000| Complete 
|  30|0x0000000081e00000, 0x0000000081f00000, 0x0000000081f00000|100%|HS|  |TAMS 0x0000000081f00000, 0x0000000081e00000| Complete 
|  31|0x0000000081f00000, 0x0000000082000000, 0x0000000082000000|100%|HC|  |TAMS 0x0000000082000000, 0x0000000081f00000| Complete 
|  32|0x0000000082000000, 0x0000000082100000, 0x0000000082100000|100%|HS|  |TAMS 0x0000000082100000, 0x0000000082000000| Complete 
|  33|0x0000000082100000, 0x0000000082200000, 0x0000000082200000|100%|HC|  |TAMS 0x0000000082200000, 0x0000000082100000| Complete 
|  34|0x0000000082200000, 0x0000000082300000, 0x0000000082300000|100%|HC|  |TAMS 0x0000000082300000, 0x0000000082200000| Complete 
|  35|0x0000000082300000, 0x0000000082400000, 0x0000000082400000|100%|HC|  |TAMS 0x0000000082400000, 0x0000000082300000| Complete 
|  36|0x0000000082400000, 0x0000000082500000, 0x0000000082500000|100%| O|  |TAMS 0x0000000082500000, 0x0000000082400000| Untracked 
|  37|0x0000000082500000, 0x0000000082600000, 0x0000000082600000|100%| O|  |TAMS 0x0000000082600000, 0x0000000082500000| Untracked 
|  38|0x0000000082600000, 0x0000000082700000, 0x0000000082700000|100%| O|  |TAMS 0x0000000082700000, 0x0000000082600000| Untracked 
|  39|0x0000000082700000, 0x0000000082800000, 0x0000000082800000|100%| O|  |TAMS 0x0000000082800000, 0x0000000082700000| Untracked 
|  40|0x0000000082800000, 0x0000000082900000, 0x0000000082900000|100%| O|  |TAMS 0x0000000082900000, 0x0000000082800000| Untracked 
|  41|0x0000000082900000, 0x0000000082a00000, 0x0000000082a00000|100%| O|  |TAMS 0x0000000082a00000, 0x0000000082900000| Untracked 
|  42|0x0000000082a00000, 0x0000000082b00000, 0x0000000082b00000|100%| O|  |TAMS 0x0000000082b00000, 0x0000000082a00000| Untracked 
|  43|0x0000000082b00000, 0x0000000082c00000, 0x0000000082c00000|100%| O|  |TAMS 0x0000000082c00000, 0x0000000082b00000| Untracked 
|  44|0x0000000082c00000, 0x0000000082d00000, 0x0000000082d00000|100%| O|  |TAMS 0x0000000082d00000, 0x0000000082c00000| Untracked 
|  45|0x0000000082d00000, 0x0000000082e00000, 0x0000000082e00000|100%| O|  |TAMS 0x0000000082e00000, 0x0000000082d00000| Untracked 
|  46|0x0000000082e00000, 0x0000000082f00000, 0x0000000082f00000|100%| O|  |TAMS 0x0000000082f00000, 0x0000000082e00000| Untracked 
|  47|0x0000000082f00000, 0x0000000083000000, 0x0000000083000000|100%| O|  |TAMS 0x0000000083000000, 0x0000000082f00000| Untracked 
|  48|0x0000000083000000, 0x0000000083100000, 0x0000000083100000|100%| O|  |TAMS 0x0000000083100000, 0x0000000083000000| Untracked 
|  49|0x0000000083100000, 0x0000000083200000, 0x0000000083200000|100%| O|  |TAMS 0x0000000083200000, 0x0000000083100000| Untracked 
|  50|0x0000000083200000, 0x0000000083300000, 0x0000000083300000|100%| O|  |TAMS 0x0000000083300000, 0x0000000083200000| Untracked 
|  51|0x0000000083300000, 0x0000000083400000, 0x0000000083400000|100%| O|  |TAMS 0x0000000083400000, 0x0000000083300000| Untracked 
|  52|0x0000000083400000, 0x0000000083500000, 0x0000000083500000|100%| O|  |TAMS 0x0000000083500000, 0x0000000083400000| Untracked 
|  53|0x0000000083500000, 0x0000000083600000, 0x0000000083600000|100%| O|  |TAMS 0x0000000083600000, 0x0000000083500000| Untracked 
|  54|0x0000000083600000, 0x0000000083700000, 0x0000000083700000|100%| O|  |TAMS 0x0000000083700000, 0x0000000083600000| Untracked 
|  55|0x0000000083700000, 0x0000000083800000, 0x0000000083800000|100%| O|  |TAMS 0x0000000083800000, 0x0000000083700000| Untracked 
|  56|0x0000000083800000, 0x0000000083900000, 0x0000000083900000|100%| O|  |TAMS 0x0000000083900000, 0x0000000083800000| Untracked 
|  57|0x0000000083900000, 0x0000000083a00000, 0x0000000083a00000|100%| O|  |TAMS 0x0000000083a00000, 0x0000000083900000| Untracked 
|  58|0x0000000083a00000, 0x0000000083b00000, 0x0000000083b00000|100%| O|  |TAMS 0x0000000083b00000, 0x0000000083a00000| Untracked 
|  59|0x0000000083b00000, 0x0000000083c00000, 0x0000000083c00000|100%| O|  |TAMS 0x0000000083c00000, 0x0000000083b00000| Untracked 
|  60|0x0000000083c00000, 0x0000000083d00000, 0x0000000083d00000|100%| O|  |TAMS 0x0000000083d00000, 0x0000000083c00000| Untracked 
|  61|0x0000000083d00000, 0x0000000083e00000, 0x0000000083e00000|100%| O|  |TAMS 0x0000000083e00000, 0x0000000083d00000| Untracked 
|  62|0x0000000083e00000, 0x0000000083f00000, 0x0000000083f00000|100%| O|  |TAMS 0x0000000083f00000, 0x0000000083e00000| Untracked 
|  63|0x0000000083f00000, 0x0000000084000000, 0x0000000084000000|100%| O|  |TAMS 0x0000000084000000, 0x0000000083f00000| Untracked 
|  64|0x0000000084000000, 0x0000000084100000, 0x0000000084100000|100%| O|  |TAMS 0x0000000084100000, 0x0000000084000000| Untracked 
|  65|0x0000000084100000, 0x0000000084200000, 0x0000000084200000|100%| O|  |TAMS 0x0000000084200000, 0x0000000084100000| Untracked 
|  66|0x0000000084200000, 0x0000000084300000, 0x0000000084300000|100%| O|  |TAMS 0x0000000084300000, 0x0000000084200000| Untracked 
|  67|0x0000000084300000, 0x0000000084400000, 0x0000000084400000|100%| O|  |TAMS 0x0000000084400000, 0x0000000084300000| Untracked 
|  68|0x0000000084400000, 0x0000000084500000, 0x0000000084500000|100%| O|  |TAMS 0x0000000084500000, 0x0000000084400000| Untracked 
|  69|0x0000000084500000, 0x0000000084600000, 0x0000000084600000|100%| O|  |TAMS 0x0000000084600000, 0x0000000084500000| Untracked 
|  70|0x0000000084600000, 0x0000000084700000, 0x0000000084700000|100%| O|  |TAMS 0x0000000084700000, 0x0000000084600000| Untracked 
|  71|0x0000000084700000, 0x0000000084800000, 0x0000000084800000|100%| O|  |TAMS 0x0000000084800000, 0x0000000084700000| Untracked 
|  72|0x0000000084800000, 0x0000000084900000, 0x0000000084900000|100%| O|  |TAMS 0x0000000084900000, 0x0000000084800000| Untracked 
|  73|0x0000000084900000, 0x0000000084a00000, 0x0000000084a00000|100%| O|  |TAMS 0x0000000084a00000, 0x0000000084900000| Untracked 
|  74|0x0000000084a00000, 0x0000000084b00000, 0x0000000084b00000|100%| O|  |TAMS 0x0000000084b00000, 0x0000000084a00000| Untracked 
|  75|0x0000000084b00000, 0x0000000084c00000, 0x0000000084c00000|100%| O|  |TAMS 0x0000000084c00000, 0x0000000084b00000| Untracked 
|  76|0x0000000084c00000, 0x0000000084d00000, 0x0000000084d00000|100%| O|  |TAMS 0x0000000084d00000, 0x0000000084c00000| Untracked 
|  77|0x0000000084d00000, 0x0000000084e00000, 0x0000000084e00000|100%| O|  |TAMS 0x0000000084e00000, 0x0000000084d00000| Untracked 
|  78|0x0000000084e00000, 0x0000000084f00000, 0x0000000084f00000|100%| O|  |TAMS 0x0000000084f00000, 0x0000000084e00000| Untracked 
|  79|0x0000000084f00000, 0x0000000085000000, 0x0000000085000000|100%| O|  |TAMS 0x0000000085000000, 0x0000000084f00000| Untracked 
|  80|0x0000000085000000, 0x0000000085100000, 0x0000000085100000|100%| O|  |TAMS 0x0000000085100000, 0x0000000085000000| Untracked 
|  81|0x0000000085100000, 0x0000000085200000, 0x0000000085200000|100%| O|  |TAMS 0x0000000085200000, 0x0000000085100000| Untracked 
|  82|0x0000000085200000, 0x0000000085300000, 0x0000000085300000|100%| O|  |TAMS 0x0000000085300000, 0x0000000085200000| Untracked 
|  83|0x0000000085300000, 0x0000000085400000, 0x0000000085400000|100%| O|  |TAMS 0x0000000085400000, 0x0000000085300000| Untracked 
|  84|0x0000000085400000, 0x0000000085500000, 0x0000000085500000|100%| O|  |TAMS 0x0000000085500000, 0x0000000085400000| Untracked 
|  85|0x0000000085500000, 0x0000000085600000, 0x0000000085600000|100%| O|  |TAMS 0x0000000085600000, 0x0000000085500000| Untracked 
|  86|0x0000000085600000, 0x0000000085700000, 0x0000000085700000|100%| O|  |TAMS 0x0000000085700000, 0x0000000085600000| Untracked 
|  87|0x0000000085700000, 0x0000000085800000, 0x0000000085800000|100%| O|  |TAMS 0x0000000085800000, 0x0000000085700000| Untracked 
|  88|0x0000000085800000, 0x0000000085900000, 0x0000000085900000|100%| O|  |TAMS 0x0000000085900000, 0x0000000085800000| Untracked 
|  89|0x0000000085900000, 0x0000000085a00000, 0x0000000085a00000|100%| O|  |TAMS 0x0000000085a00000, 0x0000000085900000| Untracked 
|  90|0x0000000085a00000, 0x0000000085b00000, 0x0000000085b00000|100%| O|  |TAMS 0x0000000085b00000, 0x0000000085a00000| Untracked 
|  91|0x0000000085b00000, 0x0000000085c00000, 0x0000000085c00000|100%| O|  |TAMS 0x0000000085c00000, 0x0000000085b00000| Untracked 
|  92|0x0000000085c00000, 0x0000000085d00000, 0x0000000085d00000|100%| O|  |TAMS 0x0000000085d00000, 0x0000000085c00000| Untracked 
|  93|0x0000000085d00000, 0x0000000085e00000, 0x0000000085e00000|100%| O|  |TAMS 0x0000000085e00000, 0x0000000085d00000| Untracked 
|  94|0x0000000085e00000, 0x0000000085f00000, 0x0000000085f00000|100%| O|  |TAMS 0x0000000085f00000, 0x0000000085e00000| Untracked 
|  95|0x0000000085f00000, 0x0000000086000000, 0x0000000086000000|100%| O|  |TAMS 0x0000000086000000, 0x0000000085f00000| Untracked 
|  96|0x0000000086000000, 0x0000000086100000, 0x0000000086100000|100%| O|  |TAMS 0x0000000086100000, 0x0000000086000000| Untracked 
|  97|0x0000000086100000, 0x0000000086200000, 0x0000000086200000|100%| O|  |TAMS 0x0000000086200000, 0x0000000086100000| Untracked 
|  98|0x0000000086200000, 0x0000000086300000, 0x0000000086300000|100%| O|  |TAMS 0x0000000086300000, 0x0000000086200000| Untracked 
|  99|0x0000000086300000, 0x0000000086400000, 0x0000000086400000|100%| O|  |TAMS 0x0000000086400000, 0x0000000086300000| Untracked 
| 100|0x0000000086400000, 0x0000000086500000, 0x0000000086500000|100%| O|  |TAMS 0x0000000086500000, 0x0000000086400000| Untracked 
| 101|0x0000000086500000, 0x0000000086600000, 0x0000000086600000|100%| O|  |TAMS 0x0000000086600000, 0x0000000086500000| Untracked 
| 102|0x0000000086600000, 0x0000000086700000, 0x0000000086700000|100%| O|  |TAMS 0x0000000086700000, 0x0000000086600000| Untracked 
| 103|0x0000000086700000, 0x0000000086800000, 0x0000000086800000|100%| O|  |TAMS 0x0000000086700000, 0x0000000086700000| Untracked 
| 104|0x0000000086800000, 0x0000000086900000, 0x0000000086900000|100%| O|  |TAMS 0x0000000086800000, 0x0000000086800000| Untracked 
| 105|0x0000000086900000, 0x0000000086900000, 0x0000000086a00000|  0%| F|  |TAMS 0x0000000086900000, 0x0000000086900000| Untracked 
| 106|0x0000000086a00000, 0x0000000086a00000, 0x0000000086b00000|  0%| F|  |TAMS 0x0000000086a00000, 0x0000000086a00000| Untracked 
| 107|0x0000000086b00000, 0x0000000086b00000, 0x0000000086c00000|  0%| F|  |TAMS 0x0000000086b00000, 0x0000000086b00000| Untracked 
| 108|0x0000000086c00000, 0x0000000086c00000, 0x0000000086d00000|  0%| F|  |TAMS 0x0000000086c00000, 0x0000000086c00000| Untracked 
| 109|0x0000000086d00000, 0x0000000086d00000, 0x0000000086e00000|  0%| F|  |TAMS 0x0000000086d00000, 0x0000000086d00000| Untracked 
| 110|0x0000000086e00000, 0x0000000086e00000, 0x0000000086f00000|  0%| F|  |TAMS 0x0000000086e00000, 0x0000000086e00000| Untracked 
| 111|0x0000000086f00000, 0x0000000086f00000, 0x0000000087000000|  0%| F|  |TAMS 0x0000000086f00000, 0x0000000086f00000| Untracked 
| 112|0x0000000087000000, 0x0000000087000000, 0x0000000087100000|  0%| F|  |TAMS 0x0000000087000000, 0x0000000087000000| Untracked 
| 113|0x0000000087100000, 0x0000000087100000, 0x0000000087200000|  0%| F|  |TAMS 0x0000000087100000, 0x0000000087100000| Untracked 
| 114|0x0000000087200000, 0x0000000087200000, 0x0000000087300000|  0%| F|  |TAMS 0x0000000087200000, 0x0000000087200000| Untracked 
| 115|0x0000000087300000, 0x0000000087300000, 0x0000000087400000|  0%| F|  |TAMS 0x0000000087300000, 0x0000000087300000| Untracked 
| 116|0x0000000087400000, 0x0000000087400000, 0x0000000087500000|  0%| F|  |TAMS 0x0000000087400000, 0x0000000087400000| Untracked 
| 117|0x0000000087500000, 0x0000000087500000, 0x0000000087600000|  0%| F|  |TAMS 0x0000000087500000, 0x0000000087500000| Untracked 
| 118|0x0000000087600000, 0x0000000087600000, 0x0000000087700000|  0%| F|  |TAMS 0x0000000087600000, 0x0000000087600000| Untracked 
| 119|0x0000000087700000, 0x0000000087700000, 0x0000000087800000|  0%| F|  |TAMS 0x0000000087700000, 0x0000000087700000| Untracked 
| 120|0x0000000087800000, 0x0000000087800000, 0x0000000087900000|  0%| F|  |TAMS 0x0000000087800000, 0x0000000087800000| Untracked 
| 121|0x0000000087900000, 0x0000000087900000, 0x0000000087a00000|  0%| F|  |TAMS 0x0000000087900000, 0x0000000087900000| Untracked 
| 122|0x0000000087a00000, 0x0000000087a00000, 0x0000000087b00000|  0%| F|  |TAMS 0x0000000087a00000, 0x0000000087a00000| Untracked 
| 123|0x0000000087b00000, 0x0000000087b00000, 0x0000000087c00000|  0%| F|  |TAMS 0x0000000087b00000, 0x0000000087b00000| Untracked 
| 124|0x0000000087c00000, 0x0000000087c00000, 0x0000000087d00000|  0%| F|  |TAMS 0x0000000087c00000, 0x0000000087c00000| Untracked 
| 125|0x0000000087d00000, 0x0000000087e00000, 0x0000000087e00000|100%| S|CS|TAMS 0x0000000087d00000, 0x0000000087d00000| Complete 
| 126|0x0000000087e00000, 0x0000000087e00000, 0x0000000087f00000|  0%| F|  |TAMS 0x0000000087e00000, 0x0000000087e00000| Untracked 
| 127|0x0000000087f00000, 0x0000000087f00000, 0x0000000088000000|  0%| F|  |TAMS 0x0000000087f00000, 0x0000000087f00000| Untracked 
| 128|0x0000000088000000, 0x0000000088100000, 0x0000000088100000|100%| S|CS|TAMS 0x0000000088000000, 0x0000000088000000| Complete 
| 129|0x0000000088100000, 0x0000000088100000, 0x0000000088200000|  0%| F|  |TAMS 0x0000000088100000, 0x0000000088100000| Untracked 
| 130|0x0000000088200000, 0x0000000088200000, 0x0000000088300000|  0%| F|  |TAMS 0x0000000088200000, 0x0000000088200000| Untracked 
| 131|0x0000000088300000, 0x0000000088300000, 0x0000000088400000|  0%| F|  |TAMS 0x0000000088300000, 0x0000000088300000| Untracked 
| 132|0x0000000088400000, 0x0000000088400000, 0x0000000088500000|  0%| F|  |TAMS 0x0000000088400000, 0x0000000088400000| Untracked 
| 133|0x0000000088500000, 0x0000000088500000, 0x0000000088600000|  0%| F|  |TAMS 0x0000000088500000, 0x0000000088500000| Untracked 
| 134|0x0000000088600000, 0x0000000088600000, 0x0000000088700000|  0%| F|  |TAMS 0x0000000088600000, 0x0000000088600000| Untracked 
| 135|0x0000000088700000, 0x0000000088700000, 0x0000000088800000|  0%| F|  |TAMS 0x0000000088700000, 0x0000000088700000| Untracked 
| 136|0x0000000088800000, 0x0000000088800000, 0x0000000088900000|  0%| F|  |TAMS 0x0000000088800000, 0x0000000088800000| Untracked 
| 137|0x0000000088900000, 0x0000000088900000, 0x0000000088a00000|  0%| F|  |TAMS 0x0000000088900000, 0x0000000088900000| Untracked 
| 138|0x0000000088a00000, 0x0000000088a00000, 0x0000000088b00000|  0%| F|  |TAMS 0x0000000088a00000, 0x0000000088a00000| Untracked 
| 139|0x0000000088b00000, 0x0000000088b00000, 0x0000000088c00000|  0%| F|  |TAMS 0x0000000088b00000, 0x0000000088b00000| Untracked 
| 140|0x0000000088c00000, 0x0000000088c00000, 0x0000000088d00000|  0%| F|  |TAMS 0x0000000088c00000, 0x0000000088c00000| Untracked 
| 141|0x0000000088d00000, 0x0000000088d00000, 0x0000000088e00000|  0%| F|  |TAMS 0x0000000088d00000, 0x0000000088d00000| Untracked 
| 142|0x0000000088e00000, 0x0000000088e00000, 0x0000000088f00000|  0%| F|  |TAMS 0x0000000088e00000, 0x0000000088e00000| Untracked 
| 143|0x0000000088f00000, 0x0000000088f00000, 0x0000000089000000|  0%| F|  |TAMS 0x0000000088f00000, 0x0000000088f00000| Untracked 
| 144|0x0000000089000000, 0x0000000089000000, 0x0000000089100000|  0%| F|  |TAMS 0x0000000089000000, 0x0000000089000000| Untracked 
| 145|0x0000000089100000, 0x0000000089100000, 0x0000000089200000|  0%| F|  |TAMS 0x0000000089100000, 0x0000000089100000| Untracked 
| 146|0x0000000089200000, 0x0000000089200000, 0x0000000089300000|  0%| F|  |TAMS 0x0000000089200000, 0x0000000089200000| Untracked 
| 147|0x0000000089300000, 0x0000000089300000, 0x0000000089400000|  0%| F|  |TAMS 0x0000000089300000, 0x0000000089300000| Untracked 
| 148|0x0000000089400000, 0x0000000089400000, 0x0000000089500000|  0%| F|  |TAMS 0x0000000089400000, 0x0000000089400000| Untracked 
| 149|0x0000000089500000, 0x0000000089500000, 0x0000000089600000|  0%| F|  |TAMS 0x0000000089500000, 0x0000000089500000| Untracked 
| 150|0x0000000089600000, 0x0000000089600000, 0x0000000089700000|  0%| F|  |TAMS 0x0000000089600000, 0x0000000089600000| Untracked 
| 151|0x0000000089700000, 0x0000000089700000, 0x0000000089800000|  0%| F|  |TAMS 0x0000000089700000, 0x0000000089700000| Untracked 
| 152|0x0000000089800000, 0x0000000089800000, 0x0000000089900000|  0%| F|  |TAMS 0x0000000089800000, 0x0000000089800000| Untracked 
| 153|0x0000000089900000, 0x0000000089900000, 0x0000000089a00000|  0%| F|  |TAMS 0x0000000089900000, 0x0000000089900000| Untracked 

Card table byte_map: [0x0000028227c80000,0x0000028228080000] _byte_map_base: 0x0000028227880000

Marking Bits (Prev, Next): (CMBitMap*) 0x000002820ff64810, (CMBitMap*) 0x000002820ff647d8
 Prev Bits: [0x000002822a480000, 0x000002822c480000)
 Next Bits: [0x0000028228480000, 0x000002822a480000)

Polling page: 0x000002820e6b0000

Metaspace:

Usage:
  Non-class:     81.80 MB capacity,    80.26 MB ( 98%) used,     1.25 MB (  2%) free+waste,   295.56 KB ( <1%) overhead. 
      Class:     12.93 MB capacity,    12.02 MB ( 93%) used,   800.33 KB (  6%) free+waste,   132.63 KB (  1%) overhead. 
       Both:     94.73 MB capacity,    92.28 MB ( 97%) used,     2.03 MB (  2%) free+waste,   428.19 KB ( <1%) overhead. 

Virtual space:
  Non-class space:       82.00 MB reserved,      82.00 MB (100%) committed 
      Class space:        1.00 GB reserved,      13.02 MB (  1%) committed 
             Both:        1.08 GB reserved,      95.02 MB (  9%) committed 

Chunk freelists:
   Non-Class:  1.50 KB
       Class:  1.38 KB
        Both:  2.88 KB

CodeHeap 'non-profiled nmethods': size=120064Kb used=7587Kb max_used=7587Kb free=112476Kb
 bounds [0x000002821fd20000, 0x0000028220490000, 0x0000028227260000]
CodeHeap 'profiled nmethods': size=120000Kb used=25756Kb max_used=25756Kb free=94243Kb
 bounds [0x00000282187f0000, 0x000002821a120000, 0x000002821fd20000]
CodeHeap 'non-nmethods': size=5696Kb used=2310Kb max_used=2354Kb free=3385Kb
 bounds [0x0000028218260000, 0x00000282184d0000, 0x00000282187f0000]
 total_blobs=15766 nmethods=11607 adapters=826
 compilation: enabled
              stopped_count=0, restarted_count=0
 full_count=0

Compilation events (10 events):
Event: 59.549 Thread 0x000002822ea9a800 11918       3       java.lang.Character::isJavaIdentifierPart (9 bytes)
Event: 59.549 Thread 0x000002822ea9a800 nmethod 11918 0x000002821a117e90 code [0x000002821a118060, 0x000002821a1182a0]
Event: 59.549 Thread 0x000002822ea9a800 11919       3       java.lang.CharacterDataLatin1::isJavaIdentifierPart (20 bytes)
Event: 59.550 Thread 0x000002822ea9a800 nmethod 11919 0x000002821a118390 code [0x000002821a118560, 0x000002821a1187d8]
Event: 59.692 Thread 0x000002822ea9a800 11921       3       kotlin.LazyKt__LazyJVMKt::lazy (102 bytes)
Event: 59.694 Thread 0x000002822ea9a800 nmethod 11921 0x000002821a118910 code [0x000002821a118d40, 0x000002821a11a960]
Event: 59.716 Thread 0x000002822ea9a800 11922       3       kotlin.reflect.jvm.internal.impl.renderer.DescriptorRendererOptionsImpl::property (20 bytes)
Event: 59.716 Thread 0x000002822ea9a800 nmethod 11922 0x000002821a11b290 code [0x000002821a11b460, 0x000002821a11b7f8]
Event: 59.716 Thread 0x000002822ea9a800 11923       3       kotlin.reflect.jvm.internal.impl.renderer.DescriptorRendererOptionsImpl$property$$inlined$vetoable$1::<init> (11 bytes)
Event: 59.717 Thread 0x000002822ea9a800 nmethod 11923 0x000002821a11b910 code [0x000002821a11bae0, 0x000002821a11bdb8]

GC Heap History (10 events):
Event: 54.188 GC heap after
{Heap after GC invocations=40 (full 0):
 garbage-first heap   total 157696K, used 101957K [0x0000000080000000, 0x0000000100000000)
  region size 1024K, 4 young (4096K), 4 survivors (4096K)
 Metaspace       used 91834K, capacity 94280K, committed 94360K, reserved 1130496K
  class space    used 11966K, capacity 12900K, committed 12952K, reserved 1048576K
}
Event: 55.657 GC heap before
{Heap before GC invocations=41 (full 0):
 garbage-first heap   total 157696K, used 129605K [0x0000000080000000, 0x0000000100000000)
  region size 1024K, 32 young (32768K), 4 survivors (4096K)
 Metaspace       used 91996K, capacity 94578K, committed 94872K, reserved 1130496K
  class space    used 11969K, capacity 12902K, committed 12952K, reserved 1048576K
}
Event: 55.668 GC heap after
{Heap after GC invocations=42 (full 0):
 garbage-first heap   total 157696K, used 103911K [0x0000000080000000, 0x0000000100000000)
  region size 1024K, 2 young (2048K), 2 survivors (2048K)
 Metaspace       used 91996K, capacity 94578K, committed 94872K, reserved 1130496K
  class space    used 11969K, capacity 12902K, committed 12952K, reserved 1048576K
}
Event: 56.482 GC heap before
{Heap before GC invocations=42 (full 0):
 garbage-first heap   total 157696K, used 130535K [0x0000000080000000, 0x0000000100000000)
  region size 1024K, 29 young (29696K), 2 survivors (2048K)
 Metaspace       used 92186K, capacity 94720K, committed 94872K, reserved 1130496K
  class space    used 11980K, capacity 12918K, committed 12952K, reserved 1048576K
}
Event: 56.490 GC heap after
{Heap after GC invocations=43 (full 0):
 garbage-first heap   total 157696K, used 105505K [0x0000000080000000, 0x0000000100000000)
  region size 1024K, 4 young (4096K), 4 survivors (4096K)
 Metaspace       used 92186K, capacity 94720K, committed 94872K, reserved 1130496K
  class space    used 11980K, capacity 12918K, committed 12952K, reserved 1048576K
}
Event: 57.445 GC heap before
{Heap before GC invocations=44 (full 0):
 garbage-first heap   total 157696K, used 132129K [0x0000000080000000, 0x0000000100000000)
  region size 1024K, 31 young (31744K), 4 survivors (4096K)
 Metaspace       used 92266K, capacity 94736K, committed 94872K, reserved 1130496K
  class space    used 11981K, capacity 12912K, committed 12952K, reserved 1048576K
}
Event: 57.457 GC heap after
{Heap after GC invocations=45 (full 0):
 garbage-first heap   total 157696K, used 107614K [0x0000000080000000, 0x0000000100000000)
  region size 1024K, 4 young (4096K), 4 survivors (4096K)
 Metaspace       used 92266K, capacity 94736K, committed 94872K, reserved 1130496K
  class space    used 11981K, capacity 12912K, committed 12952K, reserved 1048576K
}
Event: 59.001 GC heap before
{Heap before GC invocations=45 (full 0):
 garbage-first heap   total 157696K, used 133214K [0x0000000080000000, 0x0000000100000000)
  region size 1024K, 30 young (30720K), 4 survivors (4096K)
 Metaspace       used 92705K, capacity 95238K, committed 95512K, reserved 1132544K
  class space    used 12050K, capacity 13012K, committed 13080K, reserved 1048576K
}
Event: 59.024 GC heap after
{Heap after GC invocations=46 (full 0):
 garbage-first heap   total 157696K, used 108895K [0x0000000080000000, 0x0000000100000000)
  region size 1024K, 4 young (4096K), 4 survivors (4096K)
 Metaspace       used 92705K, capacity 95238K, committed 95512K, reserved 1132544K
  class space    used 12050K, capacity 13012K, committed 13080K, reserved 1048576K
}
Event: 59.758 GC heap before
{Heap before GC invocations=47 (full 0):
 garbage-first heap   total 157696K, used 133471K [0x0000000080000000, 0x0000000100000000)
  region size 1024K, 29 young (29696K), 4 survivors (4096K)
 Metaspace       used 94491K, capacity 97001K, committed 97304K, reserved 1132544K
  class space    used 12304K, capacity 13237K, committed 13336K, reserved 1048576K
}

Deoptimization events (10 events):
Event: 57.746 Thread 0x00000282324df000 Uncommon trap: reason=unstable_if action=reinterpret pc=0x00000282203a32d8 method=java.util.concurrent.ConcurrentHashMap.addCount(JI)V @ 168 c2
Event: 58.048 Thread 0x0000028237411000 Uncommon trap: reason=bimorphic_or_optimized_type_check action=maybe_recompile pc=0x000002822024693c method=com.google.common.collect.AbstractMapBasedMultimap$WrappedCollection.refreshIfEmpty()V @ 59 c2
Event: 58.053 Thread 0x0000028237411000 Uncommon trap: reason=bimorphic_or_optimized_type_check action=maybe_recompile pc=0x00000282200ade98 method=java.util.ArrayList$ArrayListSpliterator.tryAdvance(Ljava/util/function/Consumer;)Z @ 48 c2
Event: 58.103 Thread 0x0000028237411000 Uncommon trap: reason=null_check action=make_not_entrant pc=0x0000028220306a34 method=org.gradle.cache.internal.DefaultCrossBuildInMemoryCacheFactory$DefaultCrossBuildInMemoryCache.maybeGetRetainedValue(Ljava/lang/Object;)Ljava/lang/Object; @ 10 c2
Event: 58.117 Thread 0x00000282319b2000 Uncommon trap: reason=unstable_if action=reinterpret pc=0x00000282203ec914 method=org.gradle.internal.file.FileHierarchySet$Node.contains(Ljava/lang/String;I)Z @ 91 c2
Event: 59.036 Thread 0x0000028237411000 Uncommon trap: reason=unstable_if action=reinterpret pc=0x000002822041b224 method=java.nio.file.FileTreeWalker.visit(Ljava/nio/file/Path;ZZ)Ljava/nio/file/FileTreeWalker$Event; @ 84 c2
Event: 59.042 Thread 0x0000028237411000 Uncommon trap: reason=unstable_if action=reinterpret pc=0x000002822034e168 method=java.nio.file.FileTreeWalker.getAttributes(Ljava/nio/file/Path;Z)Ljava/nio/file/attribute/BasicFileAttributes; @ 35 c2
Event: 59.221 Thread 0x0000028237411000 Uncommon trap: reason=bimorphic_or_optimized_type_check action=maybe_recompile pc=0x000002822024693c method=com.google.common.collect.AbstractMapBasedMultimap$WrappedCollection.refreshIfEmpty()V @ 59 c2
Event: 59.221 Thread 0x0000028237411000 Uncommon trap: reason=bimorphic_or_optimized_type_check action=maybe_recompile pc=0x00000282200ade98 method=java.util.ArrayList$ArrayListSpliterator.tryAdvance(Ljava/util/function/Consumer;)Z @ 48 c2
Event: 59.313 Thread 0x0000028237411000 Uncommon trap: reason=unstable_if action=reinterpret pc=0x000002821fd576d4 method=java.lang.AbstractStringBuilder.append(Ljava/lang/String;)Ljava/lang/AbstractStringBuilder; @ 1 c2

Classes redefined (0 events):
No events

Internal exceptions (10 events):
Event: 53.957 Thread 0x00000282324dd800 Exception <a 'java/lang/NoSuchMethodError'{0x0000000087f6e7c0}: java.lang.invoke.DirectMethodHandle$Holder.invokeInterface(Ljava/lang/Object;Ljava/lang/Object;Ljava/lang/Object;Ljava/lang/Object;)V> (0x0000000087f6e7c0) thrown at [t:/workspace/open/src/ho
Event: 55.862 Thread 0x00000282324dd800 Exception <a 'java/lang/NoSuchMethodError'{0x00000000890a3b00}: java.lang.invoke.DirectMethodHandle$Holder.invokeStatic(Ljava/lang/Object;Ljava/lang/Object;Ljava/lang/Object;Ljava/lang/Object;Ljava/lang/Object;Ljava/lang/Object;Ljava/lang/Object;Ljava/lan
Event: 56.941 Thread 0x0000028237411000 Exception <a 'java/lang/NoSuchMethodError'{0x000000008903c510}: <clinit>> (0x000000008903c510) thrown at [t:/workspace/open/src/hotspot/share/prims/jni.cpp, line 1364]
Event: 56.941 Thread 0x0000028237411000 Exception <a 'java/lang/NoSuchMethodError'{0x000000008903dd10}: <clinit>> (0x000000008903dd10) thrown at [t:/workspace/open/src/hotspot/share/prims/jni.cpp, line 1364]
Event: 56.941 Thread 0x0000028237411000 Exception <a 'java/lang/NoSuchMethodError'{0x00000000890411a0}: <clinit>> (0x00000000890411a0) thrown at [t:/workspace/open/src/hotspot/share/prims/jni.cpp, line 1364]
Event: 56.943 Thread 0x0000028237411000 Exception <a 'java/lang/NoSuchMethodError'{0x0000000089058a08}: <clinit>> (0x0000000089058a08) thrown at [t:/workspace/open/src/hotspot/share/prims/jni.cpp, line 1364]
Event: 56.944 Thread 0x0000028237411000 Exception <a 'java/lang/NoSuchMethodError'{0x0000000089059c28}: <clinit>> (0x0000000089059c28) thrown at [t:/workspace/open/src/hotspot/share/prims/jni.cpp, line 1364]
Event: 57.689 Thread 0x0000028237411000 Implicit null exception at 0x000002822045e131 to 0x000002822045e60a
Event: 58.103 Thread 0x0000028237411000 Implicit null exception at 0x0000028220303088 to 0x0000028220306a06
Event: 59.312 Thread 0x0000028237411000 Implicit null exception at 0x000002821fd571f4 to 0x000002821fd576be

Events (10 events):
Event: 59.755 loading class kotlin/reflect/jvm/internal/impl/descriptors/impl/AbstractClassDescriptor$2 done
Event: 59.756 loading class kotlin/reflect/jvm/internal/impl/descriptors/impl/AbstractClassDescriptor$3
Event: 59.756 loading class kotlin/reflect/jvm/internal/impl/descriptors/impl/AbstractClassDescriptor$3 done
Event: 59.757 loading class kotlin/reflect/jvm/internal/impl/descriptors/ReceiverParameterDescriptor
Event: 59.757 loading class kotlin/reflect/jvm/internal/impl/descriptors/ReceiverParameterDescriptor done
Event: 59.758 loading class kotlin/reflect/jvm/internal/impl/descriptors/ParameterDescriptor
Event: 59.758 loading class kotlin/reflect/jvm/internal/impl/descriptors/ParameterDescriptor done
Event: 59.758 loading class kotlin/reflect/jvm/internal/impl/descriptors/ValueDescriptor
Event: 59.758 loading class kotlin/reflect/jvm/internal/impl/descriptors/ValueDescriptor done
Event: 59.758 Executing VM operation: G1CollectForAllocation


Dynamic libraries:
0x00007ff604ef0000 - 0x00007ff604f37000 	C:\Program Files\Java\jdk-11.0.1\bin\java.exe
0x00007ffbc72d0000 - 0x00007ffbc74c8000 	C:\WINDOWS\SYSTEM32\ntdll.dll
0x00007ffbc5c40000 - 0x00007ffbc5cff000 	C:\WINDOWS\System32\KERNEL32.DLL
0x00007ffbc4dc0000 - 0x00007ffbc5092000 	C:\WINDOWS\System32\KERNELBASE.dll
0x00007ffbc5e00000 - 0x00007ffbc5eae000 	C:\WINDOWS\System32\ADVAPI32.dll
0x00007ffbc5320000 - 0x00007ffbc53be000 	C:\WINDOWS\System32\msvcrt.dll
0x00007ffbc5d00000 - 0x00007ffbc5d9c000 	C:\WINDOWS\System32\sechost.dll
0x00007ffbc7060000 - 0x00007ffbc7184000 	C:\WINDOWS\System32\RPCRT4.dll
0x00007ffbc53c0000 - 0x00007ffbc5561000 	C:\WINDOWS\System32\USER32.dll
0x00007ffbc4be0000 - 0x00007ffbc4c02000 	C:\WINDOWS\System32\win32u.dll
0x00007ffbc6f20000 - 0x00007ffbc6f4b000 	C:\WINDOWS\System32\GDI32.dll
0x00007ffbc5210000 - 0x00007ffbc531f000 	C:\WINDOWS\System32\gdi32full.dll
0x00007ffbc4b40000 - 0x00007ffbc4bdd000 	C:\WINDOWS\System32\msvcp_win.dll
0x00007ffbc49d0000 - 0x00007ffbc4ad0000 	C:\WINDOWS\System32\ucrtbase.dll
0x00007ffbb26f0000 - 0x00007ffbb298a000 	C:\WINDOWS\WinSxS\amd64_microsoft.windows.common-controls_6595b64144ccf1df_6.0.19041.1110_none_60b5254171f9507e\COMCTL32.dll
0x00007ffbbb390000 - 0x00007ffbbb39a000 	C:\WINDOWS\SYSTEM32\VERSION.dll
0x00007ffbc7190000 - 0x00007ffbc71c0000 	C:\WINDOWS\System32\IMM32.DLL
0x00007ffbbb1d0000 - 0x00007ffbbb1e6000 	C:\Program Files\Java\jdk-11.0.1\bin\vcruntime140.dll
0x00007ffb921a0000 - 0x00007ffb9224a000 	C:\Program Files\Java\jdk-11.0.1\bin\msvcp140.dll
0x00007ffb6efb0000 - 0x00007ffb6faf2000 	C:\Program Files\Java\jdk-11.0.1\bin\server\jvm.dll
0x00007ffbc5eb0000 - 0x00007ffbc5eb8000 	C:\WINDOWS\System32\PSAPI.DLL
0x00007ffbbd360000 - 0x00007ffbbd369000 	C:\WINDOWS\SYSTEM32\WSOCK32.dll
0x00007ffbb3950000 - 0x00007ffbb3977000 	C:\WINDOWS\SYSTEM32\WINMM.dll
0x00007ffbc5880000 - 0x00007ffbc58eb000 	C:\WINDOWS\System32\WS2_32.dll
0x00007ffbc2890000 - 0x00007ffbc28a2000 	C:\WINDOWS\SYSTEM32\kernel.appcore.dll
0x00007ffbbb150000 - 0x00007ffbbb161000 	C:\Program Files\Java\jdk-11.0.1\bin\verify.dll
0x00007ffbb1ad0000 - 0x00007ffbb1cb4000 	C:\WINDOWS\SYSTEM32\DBGHELP.DLL
0x00007ffbc12f0000 - 0x00007ffbc1325000 	C:\WINDOWS\SYSTEM32\dbgcore.DLL
0x00007ffbc5150000 - 0x00007ffbc51d2000 	C:\WINDOWS\System32\bcryptPrimitives.dll
0x00007ffbb7540000 - 0x00007ffbb7569000 	C:\Program Files\Java\jdk-11.0.1\bin\java.dll
0x00007ffbbb130000 - 0x00007ffbbb146000 	C:\Program Files\Java\jdk-11.0.1\bin\zip.dll
0x00007ffbc0130000 - 0x00007ffbc013a000 	C:\Program Files\Java\jdk-11.0.1\bin\jimage.dll
0x00007ffbc5f20000 - 0x00007ffbc6665000 	C:\WINDOWS\System32\SHELL32.dll
0x00007ffbc2a90000 - 0x00007ffbc3222000 	C:\WINDOWS\SYSTEM32\windows.storage.dll
0x00007ffbc6730000 - 0x00007ffbc6a85000 	C:\WINDOWS\System32\combase.dll
0x00007ffbc4430000 - 0x00007ffbc4460000 	C:\WINDOWS\SYSTEM32\Wldp.dll
0x00007ffbc6f50000 - 0x00007ffbc6ffd000 	C:\WINDOWS\System32\SHCORE.dll
0x00007ffbc7000000 - 0x00007ffbc7055000 	C:\WINDOWS\System32\shlwapi.dll
0x00007ffbc4910000 - 0x00007ffbc492f000 	C:\WINDOWS\SYSTEM32\profapi.dll
0x00007ffbb8920000 - 0x00007ffbb8939000 	C:\Program Files\Java\jdk-11.0.1\bin\net.dll
0x00007ffbbccf0000 - 0x00007ffbbcdfa000 	C:\WINDOWS\SYSTEM32\WINHTTP.dll
0x00007ffbc4120000 - 0x00007ffbc418a000 	C:\WINDOWS\system32\mswsock.dll
0x00007ffbb7520000 - 0x00007ffbb7533000 	C:\Program Files\Java\jdk-11.0.1\bin\nio.dll
0x00007ffbb5630000 - 0x00007ffbb5657000 	C:\Users\Admin\.gradle\native\e1d6ef7f7dcc3fd88c89a11ec53ec762bb8ba0a96d01ffa2cd45eb1d1d8dd5c5\windows-amd64\native-platform.dll
0x00007ffb8f160000 - 0x00007ffb8f2a4000 	C:\Users\Admin\.gradle\native\0d407fdbe67a94daf76414ababcb853783967236a71b16ec16e742cd7a986fd3\windows-amd64\native-platform-file-events.dll
0x00007ffbbb810000 - 0x00007ffbbb819000 	C:\Program Files\Java\jdk-11.0.1\bin\management.dll
0x00007ffbbb370000 - 0x00007ffbbb37c000 	C:\Program Files\Java\jdk-11.0.1\bin\management_ext.dll
0x00007ffbc4390000 - 0x00007ffbc43a8000 	C:\WINDOWS\SYSTEM32\CRYPTSP.dll
0x00007ffbc39d0000 - 0x00007ffbc3a04000 	C:\WINDOWS\system32\rsaenh.dll
0x00007ffbc51e0000 - 0x00007ffbc5207000 	C:\WINDOWS\System32\bcrypt.dll
0x00007ffbc48d0000 - 0x00007ffbc48fe000 	C:\WINDOWS\SYSTEM32\USERENV.dll
0x00007ffbc4380000 - 0x00007ffbc438c000 	C:\WINDOWS\SYSTEM32\CRYPTBASE.dll
0x00007ffbc3da0000 - 0x00007ffbc3ddb000 	C:\WINDOWS\SYSTEM32\IPHLPAPI.DLL
0x00007ffbc5aa0000 - 0x00007ffbc5aa8000 	C:\WINDOWS\System32\NSI.dll
0x00007ffbbe3d0000 - 0x00007ffbbe3e7000 	C:\WINDOWS\SYSTEM32\dhcpcsvc6.DLL
0x00007ffbbdd80000 - 0x00007ffbbdd9d000 	C:\WINDOWS\SYSTEM32\dhcpcsvc.DLL
0x00007ffbc3de0000 - 0x00007ffbc3eab000 	C:\WINDOWS\SYSTEM32\DNSAPI.dll
0x00007ffbacc40000 - 0x00007ffbacc57000 	C:\WINDOWS\system32\napinsp.dll
0x00007ffbacc20000 - 0x00007ffbacc3b000 	C:\WINDOWS\system32\pnrpnsp.dll
0x00007ffbacc00000 - 0x00007ffbacc15000 	C:\WINDOWS\system32\wshbth.dll
0x00007ffbc01f0000 - 0x00007ffbc020d000 	C:\WINDOWS\system32\NLAapi.dll
0x00007ffbacbe0000 - 0x00007ffbacbf2000 	C:\WINDOWS\System32\winrnr.dll
0x00007ffbb6eb0000 - 0x00007ffbb6eba000 	C:\Windows\System32\rasadhlp.dll
0x00007ffbb7050000 - 0x00007ffbb70d0000 	C:\WINDOWS\System32\fwpuclnt.dll

dbghelp: loaded successfully - version: 4.0.5 - missing functions: none
symbol engine: initialized successfully - sym options: 0x614 - pdb path: .;C:\Program Files\Java\jdk-11.0.1\bin;C:\WINDOWS\SYSTEM32;C:\WINDOWS\WinSxS\amd64_microsoft.windows.common-controls_6595b64144ccf1df_6.0.19041.1110_none_60b5254171f9507e;C:\Program Files\Java\jdk-11.0.1\bin\server;C:\Users\Admin\.gradle\native\e1d6ef7f7dcc3fd88c89a11ec53ec762bb8ba0a96d01ffa2cd45eb1d1d8dd5c5\windows-amd64;C:\Users\Admin\.gradle\native\0d407fdbe67a94daf76414ababcb853783967236a71b16ec16e742cd7a986fd3\windows-amd64

VM Arguments:
jvm_args: --add-opens=java.base/java.util=ALL-UNNAMED --add-opens=java.base/java.lang=ALL-UNNAMED --add-opens=java.base/java.lang.invoke=ALL-UNNAMED --add-opens=java.base/java.util=ALL-UNNAMED --add-opens=java.prefs/java.util.prefs=ALL-UNNAMED --add-opens=java.prefs/java.util.prefs=ALL-UNNAMED --add-opens=java.base/java.nio.charset=ALL-UNNAMED --add-opens=java.base/java.net=ALL-UNNAMED --add-opens=java.base/java.util.concurrent.atomic=ALL-UNNAMED -Xmx2048m -Dfile.encoding=UTF-8 -Duser.country=SV -Duser.language=es -Duser.variant 
java_command: org.gradle.launcher.daemon.bootstrap.GradleDaemon 7.5
java_class_path (initial): C:\Users\Admin\.gradle\wrapper\dists\gradle-7.5-bin\f1w0cc9nuo0eivz97x2xlu9sv\gradle-7.5\lib\gradle-launcher-7.5.jar
Launcher Type: SUN_STANDARD

[Global flags]
     intx CICompilerCount                          = 3                                         {product} {ergonomic}
     uint ConcGCThreads                            = 1                                         {product} {ergonomic}
     uint G1ConcRefinementThreads                  = 4                                         {product} {ergonomic}
   size_t G1HeapRegionSize                         = 1048576                                   {product} {ergonomic}
    uintx GCDrainStackTargetSize                   = 64                                        {product} {ergonomic}
   size_t InitialHeapSize                          = 134217728                                 {product} {ergonomic}
   size_t MarkStackSize                            = 4194304                                   {product} {ergonomic}
   size_t MaxHeapSize                              = 2147483648                                {product} {command line}
   size_t MaxNewSize                               = 1287651328                                {product} {ergonomic}
   size_t MinHeapDeltaBytes                        = 1048576                                   {product} {ergonomic}
    uintx NonNMethodCodeHeapSize                   = 5830092                                {pd product} {ergonomic}
    uintx NonProfiledCodeHeapSize                  = 122914074                              {pd product} {ergonomic}
    uintx ProfiledCodeHeapSize                     = 122914074                              {pd product} {ergonomic}
    uintx ReservedCodeCacheSize                    = 251658240                              {pd product} {ergonomic}
     bool SegmentedCodeCache                       = true                                      {product} {ergonomic}
     bool UseCompressedClassPointers               = true                                 {lp64_product} {ergonomic}
     bool UseCompressedOops                        = true                                 {lp64_product} {ergonomic}
     bool UseG1GC                                  = true                                      {product} {ergonomic}
     bool UseLargePagesIndividualAllocation        = false                                  {pd product} {ergonomic}

Logging:
Log output configuration:
 #0: stdout all=warning uptime,level,tags
 #1: stderr all=off uptime,level,tags

Environment Variables:
JAVA_HOME=C:\Program Files\Java\jdk-11.0.1
PATH=C:\Program Files (x86)\Razer\ChromaBroadcast\bin;E:\Program Files\Razer\ChromaBroadcast\bin;C:\Program Files\nodejs\;C:\WINDOWS\system32\config\systemprofile\AppData\Local\Microsoft\WindowsApps;E:\Git\cmd;C:\Users\Admin\AppData\Local\Microsoft\WindowsApps;C:\Users\Admin\AppData\Local\atom\bin;C:\Users\Admin\AppData\Local\Programs\Microsoft VS Code\bin;C:\Program Files\sfdx\bin;C:\Users\Admin\AppData\Local\GitHubDesktop\bin;C:\Users\Admin\AppData\Local\Microsoft\WindowsApps;E:\Program Files\JetBrains\IntelliJ IDEA 2022.2\bin;;E:\Program Files\heroku\bin;E:\Program Files\Azure Data Studio\bin;C:\srcSQLlite\sqlite-tools-win32-x86-3410000;C:\Program Files\MongoDB\Server\6.0\data;C:\Program Files\MongoDB\Server\6.0\log;C:\Users\Admin\AppData\Local\Programs\Azure Data Studio\bin;C:\Program Files\nodejs;C:\Users\Admin\AppData\Roaming\npm
USERNAME=Admin
OS=Windows_NT
PROCESSOR_IDENTIFIER=Intel64 Family 6 Model 58 Stepping 9, GenuineIntel



---------------  S Y S T E M  ---------------

OS: Windows 10 , 64 bit Build 19041 (10.0.19041.2546)

CPU:total 4 (initial active 4) (2 cores per cpu, 2 threads per core) family 6 model 58 stepping 9, cmov, cx8, fxsr, mmx, sse, sse2, sse3, ssse3, sse4.1, sse4.2, popcnt, avx, aes, clmul, erms, ht, tsc, tscinvbit, tscinv

Memory: 4k page, system-wide physical 8071M (734M free)
TotalPageFile size 10119M (AvailPageFile size 25M)
current process WorkingSet (physical memory assigned to process): 411M, peak: 412M
current process commit charge ("private bytes"): 450M, peak: 482M

vm_info: Java HotSpot(TM) 64-Bit Server VM (11.0.1+13-LTS) for windows-amd64 JRE (11.0.1+13-LTS), built on Oct  6 2018 13:20:16 by "mach5one" with MS VC++ 15.5 (VS2017)

END.
