#
# There is insufficient memory for the Java Runtime Environment to continue.
# Native memory allocation (mmap) failed to map 179306496 bytes for Failed to commit area from 0x0000000094700000 to 0x000000009f200000 of length 179306496.
# Possible reasons:
#   The system is out of physical RAM or swap space
#   The process is running with CompressedOops enabled, and the Java Heap may be blocking the growth of the native heap
# Possible solutions:
#   Reduce memory load on the system
#   Increase physical memory or swap space
#   Check if swap backing store is full
#   Decrease Java heap size (-Xmx/-Xms)
#   Decrease number of Java threads
#   Decrease Java thread stack sizes (-Xss)
#   Set larger code cache with -XX:ReservedCodeCacheSize=
#   JVM is running with Unscaled Compressed Oops mode in which the Java heap is
#     placed in the first 4GB address space. The Java Heap base address is the
#     maximum limit for the native heap growth. Please use -XX:HeapBaseMinAddress
#     to set the Java Heap base and to place the Java Heap above 4GB virtual address.
# This output file may be truncated or incomplete.
#
#  Out of Memory Error (t:/workspace/open/src/hotspot/os/windows/os_windows.cpp:3269), pid=21428, tid=19320
#
# JRE version: Java(TM) SE Runtime Environment (11.0.1+13) (build 11.0.1+13-LTS)
# Java VM: Java HotSpot(TM) 64-Bit Server VM (11.0.1+13-LTS, mixed mode, tiered, compressed oops, g1 gc, windows-amd64)
# No core dump will be written. Minidumps are not enabled by default on client versions of Windows
#

---------------  S U M M A R Y ------------

Command Line: --add-opens=java.base/java.util=ALL-UNNAMED --add-opens=java.base/java.lang=ALL-UNNAMED --add-opens=java.base/java.lang.invoke=ALL-UNNAMED --add-opens=java.base/java.util=ALL-UNNAMED --add-opens=java.prefs/java.util.prefs=ALL-UNNAMED --add-opens=java.prefs/java.util.prefs=ALL-UNNAMED --add-opens=java.base/java.nio.charset=ALL-UNNAMED --add-opens=java.base/java.net=ALL-UNNAMED --add-opens=java.base/java.util.concurrent.atomic=ALL-UNNAMED -Xmx2048m -Dfile.encoding=UTF-8 -Duser.country=SV -Duser.language=es -Duser.variant org.gradle.launcher.daemon.bootstrap.GradleDaemon 7.5

Host: Intel(R) Core(TM) i5-3320M CPU @ 2.60GHz, 4 cores, 7G,  Windows 10 , 64 bit Build 19041 (10.0.19041.2546)
Time: Wed Apr  5 00:12:23 2023 Hora estándar, América Central elapsed time: 384 seconds (0d 0h 6m 24s)

---------------  T H R E A D  ---------------

Current thread (0x00000259f574c800):  VMThread "VM Thread" [stack: 0x000000fd4af00000,0x000000fd4b000000] [id=19320]

Stack: [0x000000fd4af00000,0x000000fd4b000000]
[error occurred during error reporting (printing stack bounds), id 0xc0000005, EXCEPTION_ACCESS_VIOLATION (0xc0000005) at pc=0x00000259def00bad]

Native frames: (J=compiled Java code, j=interpreted, Vv=VM code, C=native code)
V  [jvm.dll+0x63c21a]
V  [jvm.dll+0x7797df]
V  [jvm.dll+0x77adca]
V  [jvm.dll+0x77b3e5]
V  [jvm.dll+0x77b39b]
V  [jvm.dll+0x63b916]
V  [jvm.dll+0x63bce8]
C  [ntdll.dll+0xa241f]
C  [ntdll.dll+0x514a4]
C  [ntdll.dll+0xa0f4e]
C  0x00000259def00bad

VM_Operation (0x000000fd512fcf70): G1CollectForAllocation, mode: safepoint, requested by thread 0x0000025981a24000


---------------  P R O C E S S  ---------------

Threads class SMR info:
_java_thread_list=0x00000259f8d7aee0, length=104, elements={
0x00000259d6bc5800, 0x00000259f5753800, 0x00000259f5761800, 0x00000259f6112800,
0x00000259f576f000, 0x00000259f5773000, 0x00000259f5778000, 0x00000259f577b000,
0x00000259f623f000, 0x00000259f6242000, 0x00000259f8bd9000, 0x00000259f79f6800,
0x00000259f9070800, 0x00000259f8256000, 0x00000259f8251000, 0x00000259f8253800,
0x00000259f8252000, 0x00000259f8252800, 0x00000259f8254800, 0x00000259f7a09000,
0x00000259f7a0c800, 0x00000259f7a0a000, 0x00000259f7a07800, 0x00000259f7a0e000,
0x00000259f8a7d000, 0x00000259f8a82000, 0x000002598086b800, 0x0000025980865800,
0x000002598086c000, 0x0000025980866800, 0x000002598086d000, 0x00000259f8a7a800,
0x00000259f8a7b800, 0x00000259f8a79000, 0x00000259f8a79800, 0x00000259f8a7c000,
0x00000259f8a76800, 0x00000259f8a77000, 0x00000259f8a7e000, 0x00000259f8a78000,
0x00000259f8a80000, 0x00000259f8a7f800, 0x00000259f8a82800, 0x00000259f8a81000,
0x00000259f8a83800, 0x00000259f8a84800, 0x00000259f8a7e800, 0x00000259f8a85000,
0x0000025980867800, 0x000002598086e000, 0x0000025980868000, 0x000002598086e800,
0x0000025980869800, 0x0000025980869000, 0x000002598086f800, 0x0000025980870800,
0x000002598086a800, 0x0000025980872800, 0x0000025980871000, 0x0000025980873800,
0x0000025980874800, 0x0000025980872000, 0x00000259f7a08800, 0x00000259f7a10800,
0x00000259f7a13000, 0x00000259f7a0f000, 0x00000259f7a0d000, 0x00000259f7a15800,
0x00000259f7a11000, 0x00000259f7a14800, 0x00000259f7a13800, 0x00000259f7a0f800,
0x00000259f7a16000, 0x00000259f7a12000, 0x00000259f8255000, 0x00000259f8250800,
0x00000259f8257000, 0x00000259fc472800, 0x00000259fc476800, 0x00000259fc474000,
0x00000259fc471000, 0x00000259fc472000, 0x00000259fc475000, 0x00000259fc479000,
0x00000259fc476000, 0x00000259fc473800, 0x00000259fc477800, 0x00000259fc47a000,
0x00000259fc47a800, 0x00000259fc47b800, 0x00000259fc47c800, 0x00000259fc47d000,
0x00000259fc47e000, 0x00000259fc47f000, 0x00000259fc47f800, 0x0000025981a24000,
0x0000025981a22800, 0x0000025981a23800, 0x0000025981a25000, 0x0000025981a21000,
0x0000025981a26000, 0x0000025981a26800, 0x0000025981a21800, 0x0000025981a1f000
}

Java Threads: ( => current thread )
  0x00000259d6bc5800 JavaThread "main" [_thread_blocked, id=19056, stack(0x000000fd4a900000,0x000000fd4aa00000)]
  0x00000259f5753800 JavaThread "Reference Handler" daemon [_thread_blocked, id=1796, stack(0x000000fd4b000000,0x000000fd4b100000)]
  0x00000259f5761800 JavaThread "Finalizer" daemon [_thread_blocked, id=21712, stack(0x000000fd4b100000,0x000000fd4b200000)]
  0x00000259f6112800 JavaThread "Signal Dispatcher" daemon [_thread_blocked, id=15916, stack(0x000000fd4b200000,0x000000fd4b300000)]
  0x00000259f576f000 JavaThread "Attach Listener" daemon [_thread_blocked, id=10996, stack(0x000000fd4b300000,0x000000fd4b400000)]
  0x00000259f5773000 JavaThread "C2 CompilerThread0" daemon [_thread_blocked, id=14324, stack(0x000000fd4b400000,0x000000fd4b500000)]
  0x00000259f5778000 JavaThread "C1 CompilerThread0" daemon [_thread_blocked, id=12384, stack(0x000000fd4b500000,0x000000fd4b600000)]
  0x00000259f577b000 JavaThread "Sweeper thread" daemon [_thread_blocked, id=16476, stack(0x000000fd4b600000,0x000000fd4b700000)]
  0x00000259f623f000 JavaThread "Common-Cleaner" daemon [_thread_blocked, id=16748, stack(0x000000fd4b700000,0x000000fd4b800000)]
  0x00000259f6242000 JavaThread "Service Thread" daemon [_thread_blocked, id=19792, stack(0x000000fd4b800000,0x000000fd4b900000)]
  0x00000259f8bd9000 JavaThread "Daemon health stats" [_thread_blocked, id=19288, stack(0x000000fd4ba00000,0x000000fd4bb00000)]
  0x00000259f79f6800 JavaThread "Incoming local TCP Connector on port 59767" [_thread_in_native, id=20344, stack(0x000000fd4bd00000,0x000000fd4be00000)]
  0x00000259f9070800 JavaThread "Daemon periodic checks" [_thread_blocked, id=14844, stack(0x000000fd4be00000,0x000000fd4bf00000)]
  0x00000259f8256000 JavaThread "Cache worker for journal cache (C:\Users\Admin\.gradle\caches\journal-1)" [_thread_blocked, id=10148, stack(0x000000fd4c600000,0x000000fd4c700000)]
  0x00000259f8251000 JavaThread "File lock request listener" [_thread_in_native, id=12016, stack(0x000000fd4c700000,0x000000fd4c800000)]
  0x00000259f8253800 JavaThread "Cache worker for file hash cache (C:\Users\Admin\.gradle\caches\7.5\fileHashes)" [_thread_blocked, id=9096, stack(0x000000fd4c900000,0x000000fd4ca00000)]
  0x00000259f8252000 JavaThread "File watcher server" daemon [_thread_blocked, id=15860, stack(0x000000fd4ca00000,0x000000fd4cb00000)]
  0x00000259f8252800 JavaThread "File watcher consumer" daemon [_thread_blocked, id=17820, stack(0x000000fd4cb00000,0x000000fd4cc00000)]
  0x00000259f8254800 JavaThread "Cache worker for file content cache (C:\Users\Admin\.gradle\caches\7.5\fileContent)" [_thread_blocked, id=21640, stack(0x000000fd4ce00000,0x000000fd4cf00000)]
  0x00000259f7a09000 JavaThread "Cache worker for execution history cache (C:\Users\Admin\.gradle\caches\7.5\executionHistory)" [_thread_blocked, id=18456, stack(0x000000fd4d100000,0x000000fd4d200000)]
  0x00000259f7a0c800 JavaThread "jar transforms" [_thread_blocked, id=11396, stack(0x000000fd4d200000,0x000000fd4d300000)]
  0x00000259f7a0a000 JavaThread "jar transforms Thread 2" [_thread_blocked, id=8624, stack(0x000000fd4d300000,0x000000fd4d400000)]
  0x00000259f7a07800 JavaThread "jar transforms Thread 3" [_thread_blocked, id=9520, stack(0x000000fd4d400000,0x000000fd4d500000)]
  0x00000259f7a0e000 JavaThread "jar transforms Thread 4" [_thread_blocked, id=4952, stack(0x000000fd4d700000,0x000000fd4d800000)]
  0x00000259f8a7d000 JavaThread "Memory manager" [_thread_blocked, id=13064, stack(0x000000fd4a700000,0x000000fd4a800000)]
  0x00000259f8a82000 JavaThread "pool-3-thread-1" [_thread_blocked, id=6616, stack(0x000000fd4c400000,0x000000fd4c500000)]
  0x000002598086b800 JavaThread "RMI Scheduler(0)" daemon [_thread_blocked, id=14544, stack(0x000000fd50800000,0x000000fd50900000)]
  0x0000025980865800 JavaThread "RMI RenewClean-[127.0.0.1:17644,org.jetbrains.kotlin.daemon.common.LoopbackNetworkInterface$ClientLoopbackSocketFactory@66351df6]" daemon [_thread_blocked, id=12620, stack(0x000000fd50900000,0x000000fd50a00000)]
  0x000002598086c000 JavaThread "RMI GC Daemon" daemon [_thread_blocked, id=22140, stack(0x000000fd50a00000,0x000000fd50b00000)]
  0x0000025980866800 JavaThread "RMI TCP Accept-0" daemon [_thread_in_native, id=12084, stack(0x000000fd50b00000,0x000000fd50c00000)]
  0x000002598086d000 JavaThread "RMI Reaper" [_thread_blocked, id=9276, stack(0x000000fd50c00000,0x000000fd50d00000)]
  0x00000259f8a7a800 JavaThread "Daemon Thread 2" [_thread_blocked, id=4052, stack(0x000000fd4a600000,0x000000fd4a700000)]
  0x00000259f8a7b800 JavaThread "Handler for socket connection from /127.0.0.1:59767 to /127.0.0.1:60300" [_thread_in_native, id=15948, stack(0x000000fd4a800000,0x000000fd4a900000)]
  0x00000259f8a79000 JavaThread "Cancel handler" [_thread_blocked, id=21732, stack(0x000000fd4bf00000,0x000000fd4c000000)]
  0x00000259f8a79800 JavaThread "Daemon worker Thread 2" [_thread_blocked, id=21536, stack(0x000000fd4c000000,0x000000fd4c100000)]
  0x00000259f8a7c000 JavaThread "Asynchronous log dispatcher for DefaultDaemonConnection: socket connection from /127.0.0.1:59767 to /127.0.0.1:60300" [_thread_blocked, id=8836, stack(0x000000fd4c100000,0x000000fd4c200000)]
  0x00000259f8a76800 JavaThread "Stdin handler" [_thread_blocked, id=13372, stack(0x000000fd4c200000,0x000000fd4c300000)]
  0x00000259f8a77000 JavaThread "Daemon client event forwarder" [_thread_blocked, id=20336, stack(0x000000fd4c300000,0x000000fd4c400000)]
  0x00000259f8a7e000 JavaThread "Cache worker for checksums cache (E:\ProyectoCatedra2\.gradle\7.5\checksums)" [_thread_blocked, id=7356, stack(0x000000fd4c500000,0x000000fd4c600000)]
  0x00000259f8a78000 JavaThread "Cache worker for cache directory md-rule (C:\Users\Admin\.gradle\caches\7.5\md-rule)" [_thread_blocked, id=5524, stack(0x000000fd4cc00000,0x000000fd4cd00000)]
  0x00000259f8a80000 JavaThread "Cache worker for file hash cache (E:\ProyectoCatedra2\.gradle\7.5\fileHashes)" [_thread_blocked, id=17328, stack(0x000000fd4cd00000,0x000000fd4ce00000)]
  0x00000259f8a7f800 JavaThread "Cache worker for cache directory md-supplier (C:\Users\Admin\.gradle\caches\7.5\md-supplier)" [_thread_blocked, id=21684, stack(0x000000fd4cf00000,0x000000fd4d000000)]
  0x00000259f8a82800 JavaThread "Cache worker for dependencies-accessors (E:\ProyectoCatedra2\.gradle\7.5\dependencies-accessors)" [_thread_blocked, id=16272, stack(0x000000fd4d000000,0x000000fd4d100000)]
  0x00000259f8a81000 JavaThread "Cache worker for Build Output Cleanup Cache (E:\ProyectoCatedra2\.gradle\buildOutputCleanup)" [_thread_blocked, id=21580, stack(0x000000fd4d800000,0x000000fd4d900000)]
  0x00000259f8a83800 JavaThread "Unconstrained build operations" [_thread_blocked, id=18108, stack(0x000000fd4da00000,0x000000fd4db00000)]
  0x00000259f8a84800 JavaThread "Unconstrained build operations Thread 2" [_thread_blocked, id=22264, stack(0x000000fd4db00000,0x000000fd4dc00000)]
  0x00000259f8a7e800 JavaThread "Unconstrained build operations Thread 3" [_thread_blocked, id=17620, stack(0x000000fd4dc00000,0x000000fd4dd00000)]
  0x00000259f8a85000 JavaThread "Unconstrained build operations Thread 4" [_thread_blocked, id=8548, stack(0x000000fd4dd00000,0x000000fd4de00000)]
  0x0000025980867800 JavaThread "Unconstrained build operations Thread 5" [_thread_blocked, id=12028, stack(0x000000fd4de00000,0x000000fd4df00000)]
  0x000002598086e000 JavaThread "Unconstrained build operations Thread 6" [_thread_blocked, id=9908, stack(0x000000fd4df00000,0x000000fd4e000000)]
  0x0000025980868000 JavaThread "Unconstrained build operations Thread 7" [_thread_blocked, id=18348, stack(0x000000fd4e000000,0x000000fd4e100000)]
  0x000002598086e800 JavaThread "Unconstrained build operations Thread 8" [_thread_blocked, id=17568, stack(0x000000fd4e100000,0x000000fd4e200000)]
  0x0000025980869800 JavaThread "Unconstrained build operations Thread 9" [_thread_blocked, id=16716, stack(0x000000fd4e200000,0x000000fd4e300000)]
  0x0000025980869000 JavaThread "Unconstrained build operations Thread 10" [_thread_blocked, id=19896, stack(0x000000fd4e300000,0x000000fd4e400000)]
  0x000002598086f800 JavaThread "Unconstrained build operations Thread 11" [_thread_blocked, id=20524, stack(0x000000fd4e400000,0x000000fd4e500000)]
  0x0000025980870800 JavaThread "Unconstrained build operations Thread 12" [_thread_blocked, id=10780, stack(0x000000fd4e500000,0x000000fd4e600000)]
  0x000002598086a800 JavaThread "Unconstrained build operations Thread 13" [_thread_blocked, id=10368, stack(0x000000fd4e600000,0x000000fd4e700000)]
  0x0000025980872800 JavaThread "Unconstrained build operations Thread 14" [_thread_blocked, id=19516, stack(0x000000fd4e700000,0x000000fd4e800000)]
  0x0000025980871000 JavaThread "Unconstrained build operations Thread 15" [_thread_blocked, id=13436, stack(0x000000fd4e800000,0x000000fd4e900000)]
  0x0000025980873800 JavaThread "Unconstrained build operations Thread 16" [_thread_blocked, id=17176, stack(0x000000fd4e900000,0x000000fd4ea00000)]
  0x0000025980874800 JavaThread "Unconstrained build operations Thread 17" [_thread_blocked, id=16072, stack(0x000000fd4ea00000,0x000000fd4eb00000)]
  0x0000025980872000 JavaThread "Unconstrained build operations Thread 18" [_thread_blocked, id=19344, stack(0x000000fd4eb00000,0x000000fd4ec00000)]
  0x00000259f7a08800 JavaThread "Unconstrained build operations Thread 19" [_thread_blocked, id=13388, stack(0x000000fd4ec00000,0x000000fd4ed00000)]
  0x00000259f7a10800 JavaThread "Unconstrained build operations Thread 20" [_thread_blocked, id=20060, stack(0x000000fd4ed00000,0x000000fd4ee00000)]
  0x00000259f7a13000 JavaThread "Unconstrained build operations Thread 21" [_thread_blocked, id=7736, stack(0x000000fd4ee00000,0x000000fd4ef00000)]
  0x00000259f7a0f000 JavaThread "Unconstrained build operations Thread 22" [_thread_blocked, id=21180, stack(0x000000fd4ef00000,0x000000fd4f000000)]
  0x00000259f7a0d000 JavaThread "Unconstrained build operations Thread 23" [_thread_blocked, id=15556, stack(0x000000fd4f000000,0x000000fd4f100000)]
  0x00000259f7a15800 JavaThread "Unconstrained build operations Thread 24" [_thread_blocked, id=19788, stack(0x000000fd4f100000,0x000000fd4f200000)]
  0x00000259f7a11000 JavaThread "Unconstrained build operations Thread 25" [_thread_blocked, id=9076, stack(0x000000fd4f200000,0x000000fd4f300000)]
  0x00000259f7a14800 JavaThread "Unconstrained build operations Thread 26" [_thread_blocked, id=12264, stack(0x000000fd4f300000,0x000000fd4f400000)]
  0x00000259f7a13800 JavaThread "Unconstrained build operations Thread 27" [_thread_blocked, id=21216, stack(0x000000fd4f400000,0x000000fd4f500000)]
  0x00000259f7a0f800 JavaThread "Unconstrained build operations Thread 28" [_thread_blocked, id=10252, stack(0x000000fd4f500000,0x000000fd4f600000)]
  0x00000259f7a16000 JavaThread "Unconstrained build operations Thread 29" [_thread_blocked, id=10272, stack(0x000000fd4f600000,0x000000fd4f700000)]
  0x00000259f7a12000 JavaThread "Unconstrained build operations Thread 30" [_thread_blocked, id=13408, stack(0x000000fd4f700000,0x000000fd4f800000)]
  0x00000259f8255000 JavaThread "Unconstrained build operations Thread 31" [_thread_blocked, id=18976, stack(0x000000fd4f800000,0x000000fd4f900000)]
  0x00000259f8250800 JavaThread "Unconstrained build operations Thread 32" [_thread_blocked, id=13640, stack(0x000000fd4f900000,0x000000fd4fa00000)]
  0x00000259f8257000 JavaThread "Unconstrained build operations Thread 33" [_thread_blocked, id=17424, stack(0x000000fd4fa00000,0x000000fd4fb00000)]
  0x00000259fc472800 JavaThread "Unconstrained build operations Thread 34" [_thread_blocked, id=14712, stack(0x000000fd4fb00000,0x000000fd4fc00000)]
  0x00000259fc476800 JavaThread "Unconstrained build operations Thread 35" [_thread_blocked, id=17088, stack(0x000000fd4fc00000,0x000000fd4fd00000)]
  0x00000259fc474000 JavaThread "Unconstrained build operations Thread 36" [_thread_blocked, id=19532, stack(0x000000fd4fd00000,0x000000fd4fe00000)]
  0x00000259fc471000 JavaThread "Unconstrained build operations Thread 37" [_thread_blocked, id=5968, stack(0x000000fd4fe00000,0x000000fd4ff00000)]
  0x00000259fc472000 JavaThread "Unconstrained build operations Thread 38" [_thread_blocked, id=12320, stack(0x000000fd4ff00000,0x000000fd50000000)]
  0x00000259fc475000 JavaThread "Unconstrained build operations Thread 39" [_thread_blocked, id=19820, stack(0x000000fd50000000,0x000000fd50100000)]
  0x00000259fc479000 JavaThread "Unconstrained build operations Thread 40" [_thread_blocked, id=12844, stack(0x000000fd50100000,0x000000fd50200000)]
  0x00000259fc476000 JavaThread "build event listener" [_thread_blocked, id=13920, stack(0x000000fd50200000,0x000000fd50300000)]
  0x00000259fc473800 JavaThread "pool-6-thread-1" [_thread_blocked, id=14700, stack(0x000000fd50300000,0x000000fd50400000)]
  0x00000259fc477800 JavaThread "build event listener" [_thread_blocked, id=6812, stack(0x000000fd50400000,0x000000fd50500000)]
  0x00000259fc47a000 JavaThread "included builds" [_thread_blocked, id=17448, stack(0x000000fd50500000,0x000000fd50600000)]
  0x00000259fc47a800 JavaThread "Execution worker" [_thread_blocked, id=19560, stack(0x000000fd50600000,0x000000fd50700000)]
  0x00000259fc47b800 JavaThread "Execution worker Thread 2" [_thread_blocked, id=19452, stack(0x000000fd50700000,0x000000fd50800000)]
  0x00000259fc47c800 JavaThread "Cache worker for execution history cache (E:\ProyectoCatedra2\.gradle\7.5\executionHistory)" [_thread_blocked, id=18400, stack(0x000000fd50d00000,0x000000fd50e00000)]
  0x00000259fc47d000 JavaThread "Execution worker Thread 3" [_thread_blocked, id=17940, stack(0x000000fd50e00000,0x000000fd50f00000)]
  0x00000259fc47e000 JavaThread "WorkerExecutor Queue" [_thread_blocked, id=22400, stack(0x000000fd50f00000,0x000000fd51000000)]
  0x00000259fc47f000 JavaThread "WorkerExecutor Queue Thread 2" [_thread_blocked, id=13744, stack(0x000000fd51000000,0x000000fd51100000)]
  0x00000259fc47f800 JavaThread "WorkerExecutor Queue Thread 3" [_thread_blocked, id=6620, stack(0x000000fd51100000,0x000000fd51200000)]
  0x0000025981a24000 JavaThread "WorkerExecutor Queue Thread 4" [_thread_blocked, id=19140, stack(0x000000fd51200000,0x000000fd51300000)]
  0x0000025981a22800 JavaThread "pool-7-thread-1" [_thread_blocked, id=17784, stack(0x000000fd51400000,0x000000fd51500000)]
  0x0000025981a23800 JavaThread "stderr" [_thread_in_native, id=14184, stack(0x000000fd51300000,0x000000fd51400000)]
  0x0000025981a25000 JavaThread "stdout" [_thread_in_native, id=18620, stack(0x000000fd51500000,0x000000fd51600000)]
  0x0000025981a21000 JavaThread "ForkJoinPool-1-worker-3" daemon [_thread_blocked, id=21232, stack(0x000000fd51700000,0x000000fd51800000)]
  0x0000025981a26000 JavaThread "ForkJoinPool-1-worker-5" daemon [_thread_blocked, id=17616, stack(0x000000fd51800000,0x000000fd51900000)]
  0x0000025981a26800 JavaThread "ForkJoinPool-1-worker-7" daemon [_thread_blocked, id=21748, stack(0x000000fd51900000,0x000000fd51a00000)]
  0x0000025981a21800 JavaThread "ForkJoinPool-1-worker-1" daemon [_thread_blocked, id=15172, stack(0x000000fd51a00000,0x000000fd51b00000)]
  0x0000025981a1f000 JavaThread "C2 CompilerThread1" daemon [_thread_blocked, id=17184, stack(0x000000fd51600000,0x000000fd51700000)]

Other Threads:
=>0x00000259f574c800 VMThread "VM Thread" [stack: 0x000000fd4af00000,0x000000fd4b000000] [id=19320]
  0x00000259f6275000 WatcherThread [stack: 0x000000fd4b900000,0x000000fd4ba00000] [id=17736]
  0x00000259d6bdb800 GCTaskThread "GC Thread#0" [stack: 0x000000fd4aa00000,0x000000fd4ab00000] [id=15436]
  0x00000259f64db000 GCTaskThread "GC Thread#1" [stack: 0x000000fd4bb00000,0x000000fd4bc00000] [id=3052]
  0x00000259f6b70000 GCTaskThread "GC Thread#2" [stack: 0x000000fd4bc00000,0x000000fd4bd00000] [id=5712]
  0x00000259f718d800 GCTaskThread "GC Thread#3" [stack: 0x000000fd4c800000,0x000000fd4c900000] [id=108]
  0x00000259d6c0d000 ConcurrentGCThread "G1 Main Marker" [stack: 0x000000fd4ab00000,0x000000fd4ac00000] [id=11232]
  0x00000259d6c0e000 ConcurrentGCThread "G1 Conc#0" [stack: 0x000000fd4ac00000,0x000000fd4ad00000] [id=11112]
  0x00000259d6c99000 ConcurrentGCThread "G1 Refine#0" [stack: 0x000000fd4ad00000,0x000000fd4ae00000] [id=15908]
  0x0000025980885000 ConcurrentGCThread "G1 Refine#1" [stack: 0x000000fd51b00000,0x000000fd51c00000] [id=5008]
  0x00000259d6c9a800 ConcurrentGCThread "G1 Young RemSet Sampling" [stack: 0x000000fd4ae00000,0x000000fd4af00000] [id=8972]

Threads with active compile tasks:
C2 CompilerThread021126   !   4       com.android.tools.r8.graph.e1::toString (17 bytes)

VM state:at safepoint (normal execution)

VM Mutex/Monitor currently owned by a thread:  ([mutex/lock_event])
[0x00000259d6bc34d0] Threads_lock - owner thread: 0x00000259f574c800
[0x00000259d6bc4760] Heap_lock - owner thread: 0x0000025981a24000

Heap address: 0x0000000080000000, size: 2048 MB, Compressed Oops mode: 32-bit
Narrow klass base: 0x0000000000000000, Narrow klass shift: 3
Compressed class space size: 1073741824 Address: 0x0000000100000000

Heap:
 garbage-first heap   total 509952K, used 256512K [0x0000000080000000, 0x0000000100000000)
  region size 1024K, 4 young (4096K), 4 survivors (4096K)
 Metaspace       used 131840K, capacity 135671K, committed 135720K, reserved 1167360K
  class space    used 16647K, capacity 18039K, committed 18048K, reserved 1048576K
Heap Regions: E=young(eden), S=young(survivor), O=old, HS=humongous(starts), HC=humongous(continues), CS=collection set, F=free, A=archive, TAMS=top-at-mark-start (previous, next)
|   0|0x0000000080000000, 0x0000000080100000, 0x0000000080100000|100%|HS|  |TAMS 0x0000000080100000, 0x0000000080000000| Complete 
|   1|0x0000000080100000, 0x0000000080200000, 0x0000000080200000|100%|HC|  |TAMS 0x0000000080200000, 0x0000000080100000| Complete 
|   2|0x0000000080200000, 0x0000000080300000, 0x0000000080300000|100%|HC|  |TAMS 0x0000000080300000, 0x0000000080200000| Complete 
|   3|0x0000000080300000, 0x0000000080400000, 0x0000000080400000|100%| O|  |TAMS 0x0000000080400000, 0x0000000080300000| Untracked 
|   4|0x0000000080400000, 0x0000000080500000, 0x0000000080500000|100%| O|  |TAMS 0x0000000080500000, 0x0000000080400000| Untracked 
|   5|0x0000000080500000, 0x0000000080600000, 0x0000000080600000|100%| O|  |TAMS 0x0000000080600000, 0x0000000080500000| Untracked 
|   6|0x0000000080600000, 0x0000000080700000, 0x0000000080700000|100%| O|  |TAMS 0x0000000080700000, 0x0000000080600000| Untracked 
|   7|0x0000000080700000, 0x0000000080800000, 0x0000000080800000|100%| O|  |TAMS 0x0000000080800000, 0x0000000080700000| Untracked 
|   8|0x0000000080800000, 0x0000000080900000, 0x0000000080900000|100%| O|  |TAMS 0x0000000080900000, 0x0000000080800000| Untracked 
|   9|0x0000000080900000, 0x0000000080a00000, 0x0000000080a00000|100%| O|  |TAMS 0x0000000080a00000, 0x0000000080900000| Untracked 
|  10|0x0000000080a00000, 0x0000000080b00000, 0x0000000080b00000|100%| O|  |TAMS 0x0000000080b00000, 0x0000000080a00000| Untracked 
|  11|0x0000000080b00000, 0x0000000080c00000, 0x0000000080c00000|100%| O|  |TAMS 0x0000000080c00000, 0x0000000080b00000| Untracked 
|  12|0x0000000080c00000, 0x0000000080d00000, 0x0000000080d00000|100%| O|  |TAMS 0x0000000080d00000, 0x0000000080c00000| Untracked 
|  13|0x0000000080d00000, 0x0000000080e00000, 0x0000000080e00000|100%| O|  |TAMS 0x0000000080e00000, 0x0000000080d00000| Untracked 
|  14|0x0000000080e00000, 0x0000000080f00000, 0x0000000080f00000|100%| O|  |TAMS 0x0000000080f00000, 0x0000000080e00000| Untracked 
|  15|0x0000000080f00000, 0x0000000081000000, 0x0000000081000000|100%| O|  |TAMS 0x0000000081000000, 0x0000000080f00000| Untracked 
|  16|0x0000000081000000, 0x0000000081100000, 0x0000000081100000|100%|HS|  |TAMS 0x0000000081100000, 0x0000000081000000| Complete 
|  17|0x0000000081100000, 0x0000000081200000, 0x0000000081200000|100%|HS|  |TAMS 0x0000000081200000, 0x0000000081100000| Complete 
|  18|0x0000000081200000, 0x0000000081300000, 0x0000000081300000|100%| O|  |TAMS 0x0000000081300000, 0x0000000081200000| Untracked 
|  19|0x0000000081300000, 0x0000000081400000, 0x0000000081400000|100%| O|  |TAMS 0x0000000081400000, 0x0000000081300000| Untracked 
|  20|0x0000000081400000, 0x0000000081500000, 0x0000000081500000|100%| O|  |TAMS 0x0000000081500000, 0x0000000081400000| Untracked 
|  21|0x0000000081500000, 0x0000000081600000, 0x0000000081600000|100%| O|  |TAMS 0x0000000081600000, 0x0000000081500000| Untracked 
|  22|0x0000000081600000, 0x0000000081700000, 0x0000000081700000|100%| O|  |TAMS 0x0000000081700000, 0x0000000081600000| Untracked 
|  23|0x0000000081700000, 0x0000000081800000, 0x0000000081800000|100%| O|  |TAMS 0x0000000081800000, 0x0000000081700000| Untracked 
|  24|0x0000000081800000, 0x0000000081900000, 0x0000000081900000|100%| O|  |TAMS 0x0000000081900000, 0x0000000081800000| Untracked 
|  25|0x0000000081900000, 0x0000000081a00000, 0x0000000081a00000|100%| O|  |TAMS 0x0000000081a00000, 0x0000000081900000| Untracked 
|  26|0x0000000081a00000, 0x0000000081b00000, 0x0000000081b00000|100%| O|  |TAMS 0x0000000081b00000, 0x0000000081a00000| Untracked 
|  27|0x0000000081b00000, 0x0000000081c00000, 0x0000000081c00000|100%| O|  |TAMS 0x0000000081c00000, 0x0000000081b00000| Untracked 
|  28|0x0000000081c00000, 0x0000000081d00000, 0x0000000081d00000|100%| O|  |TAMS 0x0000000081d00000, 0x0000000081c00000| Untracked 
|  29|0x0000000081d00000, 0x0000000081e00000, 0x0000000081e00000|100%| O|  |TAMS 0x0000000081e00000, 0x0000000081d00000| Untracked 
|  30|0x0000000081e00000, 0x0000000081f00000, 0x0000000081f00000|100%| O|  |TAMS 0x0000000081f00000, 0x0000000081e00000| Untracked 
|  31|0x0000000081f00000, 0x0000000082000000, 0x0000000082000000|100%|HS|  |TAMS 0x0000000082000000, 0x0000000081f00000| Complete 
|  32|0x0000000082000000, 0x0000000082100000, 0x0000000082100000|100%|HS|  |TAMS 0x0000000082100000, 0x0000000082000000| Complete 
|  33|0x0000000082100000, 0x0000000082200000, 0x0000000082200000|100%|HC|  |TAMS 0x0000000082200000, 0x0000000082100000| Complete 
|  34|0x0000000082200000, 0x0000000082300000, 0x0000000082300000|100%|HS|  |TAMS 0x0000000082300000, 0x0000000082200000| Complete 
|  35|0x0000000082300000, 0x0000000082400000, 0x0000000082400000|100%|HC|  |TAMS 0x0000000082400000, 0x0000000082300000| Complete 
|  36|0x0000000082400000, 0x0000000082500000, 0x0000000082500000|100%|HC|  |TAMS 0x0000000082500000, 0x0000000082400000| Complete 
|  37|0x0000000082500000, 0x0000000082600000, 0x0000000082600000|100%|HC|  |TAMS 0x0000000082600000, 0x0000000082500000| Complete 
|  38|0x0000000082600000, 0x0000000082700000, 0x0000000082700000|100%| O|  |TAMS 0x0000000082700000, 0x0000000082600000| Untracked 
|  39|0x0000000082700000, 0x0000000082800000, 0x0000000082800000|100%| O|  |TAMS 0x0000000082800000, 0x0000000082700000| Untracked 
|  40|0x0000000082800000, 0x0000000082900000, 0x0000000082900000|100%| O|  |TAMS 0x0000000082900000, 0x0000000082800000| Untracked 
|  41|0x0000000082900000, 0x0000000082a00000, 0x0000000082a00000|100%| O|  |TAMS 0x0000000082a00000, 0x0000000082900000| Untracked 
|  42|0x0000000082a00000, 0x0000000082b00000, 0x0000000082b00000|100%|HS|  |TAMS 0x0000000082b00000, 0x0000000082a00000| Complete 
|  43|0x0000000082b00000, 0x0000000082c00000, 0x0000000082c00000|100%| O|  |TAMS 0x0000000082c00000, 0x0000000082b00000| Untracked 
|  44|0x0000000082c00000, 0x0000000082d00000, 0x0000000082d00000|100%| O|  |TAMS 0x0000000082d00000, 0x0000000082c00000| Untracked 
|  45|0x0000000082d00000, 0x0000000082e00000, 0x0000000082e00000|100%| O|  |TAMS 0x0000000082e00000, 0x0000000082d00000| Untracked 
|  46|0x0000000082e00000, 0x0000000082f00000, 0x0000000082f00000|100%| O|  |TAMS 0x0000000082f00000, 0x0000000082e00000| Untracked 
|  47|0x0000000082f00000, 0x0000000083000000, 0x0000000083000000|100%| O|  |TAMS 0x0000000083000000, 0x0000000082f00000| Untracked 
|  48|0x0000000083000000, 0x0000000083100000, 0x0000000083100000|100%| O|  |TAMS 0x0000000083100000, 0x0000000083000000| Untracked 
|  49|0x0000000083100000, 0x0000000083200000, 0x0000000083200000|100%|HS|  |TAMS 0x0000000083100000, 0x0000000083100000| Complete 
|  50|0x0000000083200000, 0x0000000083300000, 0x0000000083300000|100%| O|  |TAMS 0x0000000083200000, 0x0000000083200000| Untracked 
|  51|0x0000000083300000, 0x0000000083400000, 0x0000000083400000|100%| O|  |TAMS 0x0000000083400000, 0x0000000083300000| Untracked 
|  52|0x0000000083400000, 0x0000000083500000, 0x0000000083500000|100%| O|  |TAMS 0x0000000083500000, 0x0000000083400000| Untracked 
|  53|0x0000000083500000, 0x0000000083600000, 0x0000000083600000|100%| O|  |TAMS 0x0000000083600000, 0x0000000083500000| Untracked 
|  54|0x0000000083600000, 0x0000000083700000, 0x0000000083700000|100%| O|  |TAMS 0x0000000083700000, 0x0000000083600000| Untracked 
|  55|0x0000000083700000, 0x0000000083800000, 0x0000000083800000|100%| O|  |TAMS 0x0000000083800000, 0x0000000083700000| Untracked 
|  56|0x0000000083800000, 0x0000000083900000, 0x0000000083900000|100%| O|  |TAMS 0x0000000083900000, 0x0000000083800000| Untracked 
|  57|0x0000000083900000, 0x0000000083a00000, 0x0000000083a00000|100%| O|  |TAMS 0x0000000083a00000, 0x0000000083900000| Untracked 
|  58|0x0000000083a00000, 0x0000000083b00000, 0x0000000083b00000|100%| O|  |TAMS 0x0000000083b00000, 0x0000000083a00000| Untracked 
|  59|0x0000000083b00000, 0x0000000083c00000, 0x0000000083c00000|100%| O|  |TAMS 0x0000000083c00000, 0x0000000083b00000| Untracked 
|  60|0x0000000083c00000, 0x0000000083d00000, 0x0000000083d00000|100%| O|  |TAMS 0x0000000083d00000, 0x0000000083c00000| Untracked 
|  61|0x0000000083d00000, 0x0000000083e00000, 0x0000000083e00000|100%| O|  |TAMS 0x0000000083e00000, 0x0000000083d00000| Untracked 
|  62|0x0000000083e00000, 0x0000000083f00000, 0x0000000083f00000|100%| O|  |TAMS 0x0000000083f00000, 0x0000000083e00000| Untracked 
|  63|0x0000000083f00000, 0x0000000084000000, 0x0000000084000000|100%| O|  |TAMS 0x0000000084000000, 0x0000000083f00000| Untracked 
|  64|0x0000000084000000, 0x0000000084100000, 0x0000000084100000|100%| O|  |TAMS 0x0000000084100000, 0x0000000084000000| Untracked 
|  65|0x0000000084100000, 0x0000000084200000, 0x0000000084200000|100%| O|  |TAMS 0x0000000084200000, 0x0000000084100000| Untracked 
|  66|0x0000000084200000, 0x0000000084300000, 0x0000000084300000|100%| O|  |TAMS 0x0000000084300000, 0x0000000084200000| Untracked 
|  67|0x0000000084300000, 0x0000000084400000, 0x0000000084400000|100%| O|  |TAMS 0x0000000084400000, 0x0000000084300000| Untracked 
|  68|0x0000000084400000, 0x0000000084500000, 0x0000000084500000|100%|HS|  |TAMS 0x0000000084400000, 0x0000000084400000| Complete 
|  69|0x0000000084500000, 0x0000000084600000, 0x0000000084600000|100%|HC|  |TAMS 0x0000000084500000, 0x0000000084500000| Complete 
|  70|0x0000000084600000, 0x0000000084700000, 0x0000000084700000|100%| O|  |TAMS 0x0000000084700000, 0x0000000084600000| Untracked 
|  71|0x0000000084700000, 0x0000000084800000, 0x0000000084800000|100%| O|  |TAMS 0x0000000084800000, 0x0000000084700000| Untracked 
|  72|0x0000000084800000, 0x0000000084900000, 0x0000000084900000|100%| O|  |TAMS 0x0000000084900000, 0x0000000084800000| Untracked 
|  73|0x0000000084900000, 0x0000000084a00000, 0x0000000084a00000|100%| O|  |TAMS 0x0000000084a00000, 0x0000000084900000| Untracked 
|  74|0x0000000084a00000, 0x0000000084b00000, 0x0000000084b00000|100%| O|  |TAMS 0x0000000084b00000, 0x0000000084a00000| Untracked 
|  75|0x0000000084b00000, 0x0000000084b80000, 0x0000000084c00000| 50%| O|  |TAMS 0x0000000084b00000, 0x0000000084b00000| Untracked 
|  76|0x0000000084c00000, 0x0000000084d00000, 0x0000000084d00000|100%| O|  |TAMS 0x0000000084d00000, 0x0000000084c00000| Untracked 
|  77|0x0000000084d00000, 0x0000000084e00000, 0x0000000084e00000|100%| O|  |TAMS 0x0000000084e00000, 0x0000000084d00000| Untracked 
|  78|0x0000000084e00000, 0x0000000084f00000, 0x0000000084f00000|100%| O|  |TAMS 0x0000000084f00000, 0x0000000084e00000| Untracked 
|  79|0x0000000084f00000, 0x0000000085000000, 0x0000000085000000|100%| O|  |TAMS 0x0000000085000000, 0x0000000084f00000| Untracked 
|  80|0x0000000085000000, 0x0000000085100000, 0x0000000085100000|100%| O|  |TAMS 0x0000000085100000, 0x0000000085000000| Untracked 
|  81|0x0000000085100000, 0x0000000085200000, 0x0000000085200000|100%| O|  |TAMS 0x0000000085200000, 0x0000000085100000| Untracked 
|  82|0x0000000085200000, 0x0000000085300000, 0x0000000085300000|100%| O|  |TAMS 0x0000000085300000, 0x0000000085200000| Untracked 
|  83|0x0000000085300000, 0x0000000085400000, 0x0000000085400000|100%| O|  |TAMS 0x0000000085400000, 0x0000000085300000| Untracked 
|  84|0x0000000085400000, 0x0000000085500000, 0x0000000085500000|100%| O|  |TAMS 0x0000000085500000, 0x0000000085400000| Untracked 
|  85|0x0000000085500000, 0x0000000085600000, 0x0000000085600000|100%| O|  |TAMS 0x0000000085600000, 0x0000000085500000| Untracked 
|  86|0x0000000085600000, 0x0000000085700000, 0x0000000085700000|100%| O|  |TAMS 0x0000000085700000, 0x0000000085600000| Untracked 
|  87|0x0000000085700000, 0x0000000085800000, 0x0000000085800000|100%| O|  |TAMS 0x0000000085800000, 0x0000000085700000| Untracked 
|  88|0x0000000085800000, 0x0000000085900000, 0x0000000085900000|100%| O|  |TAMS 0x0000000085900000, 0x0000000085800000| Untracked 
|  89|0x0000000085900000, 0x0000000085a00000, 0x0000000085a00000|100%| O|  |TAMS 0x0000000085a00000, 0x0000000085900000| Untracked 
|  90|0x0000000085a00000, 0x0000000085b00000, 0x0000000085b00000|100%| O|  |TAMS 0x0000000085b00000, 0x0000000085a00000| Untracked 
|  91|0x0000000085b00000, 0x0000000085c00000, 0x0000000085c00000|100%| O|  |TAMS 0x0000000085c00000, 0x0000000085b00000| Untracked 
|  92|0x0000000085c00000, 0x0000000085c00000, 0x0000000085d00000|  0%| F|  |TAMS 0x0000000085c00000, 0x0000000085c00000| Untracked 
|  93|0x0000000085d00000, 0x0000000085e00000, 0x0000000085e00000|100%| O|  |TAMS 0x0000000085e00000, 0x0000000085d00000| Untracked 
|  94|0x0000000085e00000, 0x0000000085f00000, 0x0000000085f00000|100%|HS|  |TAMS 0x0000000085f00000, 0x0000000085e00000| Complete 
|  95|0x0000000085f00000, 0x0000000086000000, 0x0000000086000000|100%| O|  |TAMS 0x0000000086000000, 0x0000000085f00000| Untracked 
|  96|0x0000000086000000, 0x0000000086100000, 0x0000000086100000|100%| O|  |TAMS 0x0000000086100000, 0x0000000086000000| Untracked 
|  97|0x0000000086100000, 0x0000000086200000, 0x0000000086200000|100%| O|  |TAMS 0x0000000086200000, 0x0000000086100000| Untracked 
|  98|0x0000000086200000, 0x0000000086200000, 0x0000000086300000|  0%| F|  |TAMS 0x0000000086200000, 0x0000000086200000| Untracked 
|  99|0x0000000086300000, 0x0000000086400000, 0x0000000086400000|100%|HS|  |TAMS 0x0000000086400000, 0x0000000086300000| Complete 
| 100|0x0000000086400000, 0x0000000086500000, 0x0000000086500000|100%| O|  |TAMS 0x0000000086500000, 0x0000000086400000| Untracked 
| 101|0x0000000086500000, 0x0000000086600000, 0x0000000086600000|100%|HS|  |TAMS 0x0000000086600000, 0x0000000086500000| Complete 
| 102|0x0000000086600000, 0x0000000086700000, 0x0000000086700000|100%|HC|  |TAMS 0x0000000086700000, 0x0000000086600000| Complete 
| 103|0x0000000086700000, 0x0000000086800000, 0x0000000086800000|100%|HS|  |TAMS 0x0000000086800000, 0x0000000086700000| Complete 
| 104|0x0000000086800000, 0x0000000086900000, 0x0000000086900000|100%| O|  |TAMS 0x0000000086900000, 0x0000000086800000| Untracked 
| 105|0x0000000086900000, 0x0000000086a00000, 0x0000000086a00000|100%|HS|  |TAMS 0x0000000086a00000, 0x0000000086900000| Complete 
| 106|0x0000000086a00000, 0x0000000086b00000, 0x0000000086b00000|100%|HC|  |TAMS 0x0000000086b00000, 0x0000000086a00000| Complete 
| 107|0x0000000086b00000, 0x0000000086c00000, 0x0000000086c00000|100%| O|  |TAMS 0x0000000086c00000, 0x0000000086b00000| Untracked 
| 108|0x0000000086c00000, 0x0000000086d00000, 0x0000000086d00000|100%| O|  |TAMS 0x0000000086d00000, 0x0000000086c00000| Untracked 
| 109|0x0000000086d00000, 0x0000000086e00000, 0x0000000086e00000|100%| O|  |TAMS 0x0000000086e00000, 0x0000000086d00000| Untracked 
| 110|0x0000000086e00000, 0x0000000086e00000, 0x0000000086f00000|  0%| F|  |TAMS 0x0000000086e00000, 0x0000000086e00000| Untracked 
| 111|0x0000000086f00000, 0x0000000087000000, 0x0000000087000000|100%| O|  |TAMS 0x0000000086f00000, 0x0000000086f00000| Untracked 
| 112|0x0000000087000000, 0x0000000087100000, 0x0000000087100000|100%| O|  |TAMS 0x0000000087100000, 0x0000000087000000| Untracked 
| 113|0x0000000087100000, 0x0000000087200000, 0x0000000087200000|100%| O|  |TAMS 0x0000000087200000, 0x0000000087100000| Untracked 
| 114|0x0000000087200000, 0x0000000087300000, 0x0000000087300000|100%| O|  |TAMS 0x0000000087300000, 0x0000000087200000| Untracked 
| 115|0x0000000087300000, 0x0000000087300000, 0x0000000087400000|  0%| F|  |TAMS 0x0000000087300000, 0x0000000087300000| Untracked 
| 116|0x0000000087400000, 0x0000000087500000, 0x0000000087500000|100%|HS|  |TAMS 0x0000000087500000, 0x0000000087400000| Complete 
| 117|0x0000000087500000, 0x0000000087600000, 0x0000000087600000|100%|HC|  |TAMS 0x0000000087600000, 0x0000000087500000| Complete 
| 118|0x0000000087600000, 0x0000000087700000, 0x0000000087700000|100%| O|  |TAMS 0x0000000087700000, 0x0000000087600000| Untracked 
| 119|0x0000000087700000, 0x0000000087800000, 0x0000000087800000|100%| O|  |TAMS 0x0000000087800000, 0x0000000087700000| Untracked 
| 120|0x0000000087800000, 0x0000000087900000, 0x0000000087900000|100%| O|  |TAMS 0x0000000087900000, 0x0000000087800000| Untracked 
| 121|0x0000000087900000, 0x0000000087a00000, 0x0000000087a00000|100%| O|  |TAMS 0x0000000087a00000, 0x0000000087900000| Untracked 
| 122|0x0000000087a00000, 0x0000000087b00000, 0x0000000087b00000|100%| O|  |TAMS 0x0000000087b00000, 0x0000000087a00000| Untracked 
| 123|0x0000000087b00000, 0x0000000087c00000, 0x0000000087c00000|100%| O|  |TAMS 0x0000000087c00000, 0x0000000087b00000| Untracked 
| 124|0x0000000087c00000, 0x0000000087d00000, 0x0000000087d00000|100%| O|  |TAMS 0x0000000087d00000, 0x0000000087c00000| Untracked 
| 125|0x0000000087d00000, 0x0000000087e00000, 0x0000000087e00000|100%| O|  |TAMS 0x0000000087e00000, 0x0000000087d00000| Untracked 
| 126|0x0000000087e00000, 0x0000000087e00000, 0x0000000087f00000|  0%| F|  |TAMS 0x0000000087e00000, 0x0000000087e00000| Untracked 
| 127|0x0000000087f00000, 0x0000000088000000, 0x0000000088000000|100%| O|  |TAMS 0x0000000088000000, 0x0000000087f00000| Untracked 
| 128|0x0000000088000000, 0x0000000088100000, 0x0000000088100000|100%| O|  |TAMS 0x0000000088100000, 0x0000000088000000| Untracked 
| 129|0x0000000088100000, 0x0000000088200000, 0x0000000088200000|100%| O|  |TAMS 0x0000000088200000, 0x0000000088100000| Untracked 
| 130|0x0000000088200000, 0x0000000088300000, 0x0000000088300000|100%| O|  |TAMS 0x0000000088300000, 0x0000000088200000| Untracked 
| 131|0x0000000088300000, 0x0000000088400000, 0x0000000088400000|100%| O|  |TAMS 0x0000000088400000, 0x0000000088300000| Untracked 
| 132|0x0000000088400000, 0x0000000088500000, 0x0000000088500000|100%| O|  |TAMS 0x0000000088500000, 0x0000000088400000| Untracked 
| 133|0x0000000088500000, 0x0000000088600000, 0x0000000088600000|100%| O|  |TAMS 0x0000000088600000, 0x0000000088500000| Untracked 
| 134|0x0000000088600000, 0x0000000088700000, 0x0000000088700000|100%| O|  |TAMS 0x0000000088700000, 0x0000000088600000| Untracked 
| 135|0x0000000088700000, 0x0000000088800000, 0x0000000088800000|100%| O|  |TAMS 0x0000000088700000, 0x0000000088700000| Untracked 
| 136|0x0000000088800000, 0x0000000088900000, 0x0000000088900000|100%| O|  |TAMS 0x0000000088800000, 0x0000000088800000| Untracked 
| 137|0x0000000088900000, 0x0000000088a00000, 0x0000000088a00000|100%| O|  |TAMS 0x0000000088a00000, 0x0000000088900000| Untracked 
| 138|0x0000000088a00000, 0x0000000088b00000, 0x0000000088b00000|100%| O|  |TAMS 0x0000000088a00000, 0x0000000088a00000| Untracked 
| 139|0x0000000088b00000, 0x0000000088c00000, 0x0000000088c00000|100%| O|  |TAMS 0x0000000088b00000, 0x0000000088b00000| Untracked 
| 140|0x0000000088c00000, 0x0000000088d00000, 0x0000000088d00000|100%| O|  |TAMS 0x0000000088d00000, 0x0000000088c00000| Untracked 
| 141|0x0000000088d00000, 0x0000000088e00000, 0x0000000088e00000|100%|HS|  |TAMS 0x0000000088e00000, 0x0000000088d00000| Complete 
| 142|0x0000000088e00000, 0x0000000088f00000, 0x0000000088f00000|100%|HC|  |TAMS 0x0000000088f00000, 0x0000000088e00000| Complete 
| 143|0x0000000088f00000, 0x0000000089000000, 0x0000000089000000|100%|HC|  |TAMS 0x0000000089000000, 0x0000000088f00000| Complete 
| 144|0x0000000089000000, 0x0000000089100000, 0x0000000089100000|100%| O|  |TAMS 0x0000000089100000, 0x0000000089000000| Untracked 
| 145|0x0000000089100000, 0x0000000089200000, 0x0000000089200000|100%| O|  |TAMS 0x0000000089200000, 0x0000000089100000| Untracked 
| 146|0x0000000089200000, 0x0000000089300000, 0x0000000089300000|100%| O|  |TAMS 0x0000000089300000, 0x0000000089200000| Untracked 
| 147|0x0000000089300000, 0x0000000089400000, 0x0000000089400000|100%| O|  |TAMS 0x0000000089400000, 0x0000000089300000| Untracked 
| 148|0x0000000089400000, 0x0000000089500000, 0x0000000089500000|100%| O|  |TAMS 0x0000000089500000, 0x0000000089400000| Untracked 
| 149|0x0000000089500000, 0x0000000089500000, 0x0000000089600000|  0%| F|  |TAMS 0x0000000089500000, 0x0000000089500000| Untracked 
| 150|0x0000000089600000, 0x0000000089700000, 0x0000000089700000|100%| O|  |TAMS 0x0000000089700000, 0x0000000089600000| Untracked 
| 151|0x0000000089700000, 0x0000000089800000, 0x0000000089800000|100%| O|  |TAMS 0x0000000089700000, 0x0000000089700000| Untracked 
| 152|0x0000000089800000, 0x0000000089900000, 0x0000000089900000|100%| O|  |TAMS 0x0000000089900000, 0x0000000089800000| Untracked 
| 153|0x0000000089900000, 0x0000000089a00000, 0x0000000089a00000|100%| O|  |TAMS 0x0000000089a00000, 0x0000000089900000| Untracked 
| 154|0x0000000089a00000, 0x0000000089a00000, 0x0000000089b00000|  0%| F|  |TAMS 0x0000000089a00000, 0x0000000089a00000| Untracked 
| 155|0x0000000089b00000, 0x0000000089c00000, 0x0000000089c00000|100%| O|  |TAMS 0x0000000089c00000, 0x0000000089b00000| Untracked 
| 156|0x0000000089c00000, 0x0000000089d00000, 0x0000000089d00000|100%| O|  |TAMS 0x0000000089d00000, 0x0000000089c00000| Untracked 
| 157|0x0000000089d00000, 0x0000000089e00000, 0x0000000089e00000|100%| O|  |TAMS 0x0000000089e00000, 0x0000000089d00000| Untracked 
| 158|0x0000000089e00000, 0x0000000089f00000, 0x0000000089f00000|100%| O|  |TAMS 0x0000000089f00000, 0x0000000089e00000| Untracked 
| 159|0x0000000089f00000, 0x000000008a000000, 0x000000008a000000|100%| O|  |TAMS 0x000000008a000000, 0x0000000089f00000| Untracked 
| 160|0x000000008a000000, 0x000000008a100000, 0x000000008a100000|100%| O|  |TAMS 0x000000008a100000, 0x000000008a000000| Untracked 
| 161|0x000000008a100000, 0x000000008a100000, 0x000000008a200000|  0%| F|  |TAMS 0x000000008a100000, 0x000000008a100000| Untracked 
| 162|0x000000008a200000, 0x000000008a300000, 0x000000008a300000|100%| O|  |TAMS 0x000000008a300000, 0x000000008a200000| Untracked 
| 163|0x000000008a300000, 0x000000008a400000, 0x000000008a400000|100%| O|  |TAMS 0x000000008a400000, 0x000000008a300000| Untracked 
| 164|0x000000008a400000, 0x000000008a500000, 0x000000008a500000|100%| O|  |TAMS 0x000000008a500000, 0x000000008a400000| Untracked 
| 165|0x000000008a500000, 0x000000008a600000, 0x000000008a600000|100%|HS|  |TAMS 0x000000008a500000, 0x000000008a500000| Complete 
| 166|0x000000008a600000, 0x000000008a700000, 0x000000008a700000|100%|HS|  |TAMS 0x000000008a600000, 0x000000008a600000| Complete 
| 167|0x000000008a700000, 0x000000008a700000, 0x000000008a800000|  0%| F|  |TAMS 0x000000008a700000, 0x000000008a700000| Untracked 
| 168|0x000000008a800000, 0x000000008a900000, 0x000000008a900000|100%| O|  |TAMS 0x000000008a900000, 0x000000008a800000| Untracked 
| 169|0x000000008a900000, 0x000000008aa00000, 0x000000008aa00000|100%| O|  |TAMS 0x000000008a900000, 0x000000008a900000| Untracked 
| 170|0x000000008aa00000, 0x000000008ab00000, 0x000000008ab00000|100%| O|  |TAMS 0x000000008aa00000, 0x000000008aa00000| Untracked 
| 171|0x000000008ab00000, 0x000000008ac00000, 0x000000008ac00000|100%| O|  |TAMS 0x000000008ac00000, 0x000000008ab00000| Untracked 
| 172|0x000000008ac00000, 0x000000008ad00000, 0x000000008ad00000|100%| O|  |TAMS 0x000000008ad00000, 0x000000008ac00000| Untracked 
| 173|0x000000008ad00000, 0x000000008ae00000, 0x000000008ae00000|100%| O|  |TAMS 0x000000008ae00000, 0x000000008ad00000| Untracked 
| 174|0x000000008ae00000, 0x000000008af00000, 0x000000008af00000|100%| O|  |TAMS 0x000000008ae00000, 0x000000008ae00000| Untracked 
| 175|0x000000008af00000, 0x000000008b000000, 0x000000008b000000|100%| O|  |TAMS 0x000000008af00000, 0x000000008af00000| Untracked 
| 176|0x000000008b000000, 0x000000008b100000, 0x000000008b100000|100%| O|  |TAMS 0x000000008b100000, 0x000000008b000000| Untracked 
| 177|0x000000008b100000, 0x000000008b200000, 0x000000008b200000|100%| O|  |TAMS 0x000000008b200000, 0x000000008b100000| Untracked 
| 178|0x000000008b200000, 0x000000008b300000, 0x000000008b300000|100%| O|  |TAMS 0x000000008b300000, 0x000000008b200000| Untracked 
| 179|0x000000008b300000, 0x000000008b400000, 0x000000008b400000|100%| O|  |TAMS 0x000000008b400000, 0x000000008b300000| Untracked 
| 180|0x000000008b400000, 0x000000008b500000, 0x000000008b500000|100%| O|  |TAMS 0x000000008b500000, 0x000000008b400000| Untracked 
| 181|0x000000008b500000, 0x000000008b600000, 0x000000008b600000|100%| O|  |TAMS 0x000000008b600000, 0x000000008b500000| Untracked 
| 182|0x000000008b600000, 0x000000008b700000, 0x000000008b700000|100%| O|  |TAMS 0x000000008b600000, 0x000000008b600000| Untracked 
| 183|0x000000008b700000, 0x000000008b800000, 0x000000008b800000|100%| O|  |TAMS 0x000000008b700000, 0x000000008b700000| Untracked 
| 184|0x000000008b800000, 0x000000008b900000, 0x000000008b900000|100%| O|  |TAMS 0x000000008b800000, 0x000000008b800000| Untracked 
| 185|0x000000008b900000, 0x000000008ba00000, 0x000000008ba00000|100%| O|  |TAMS 0x000000008ba00000, 0x000000008b900000| Untracked 
| 186|0x000000008ba00000, 0x000000008bb00000, 0x000000008bb00000|100%| O|  |TAMS 0x000000008bb00000, 0x000000008ba00000| Untracked 
| 187|0x000000008bb00000, 0x000000008bc00000, 0x000000008bc00000|100%| O|  |TAMS 0x000000008bc00000, 0x000000008bb00000| Untracked 
| 188|0x000000008bc00000, 0x000000008bd00000, 0x000000008bd00000|100%| O|  |TAMS 0x000000008bd00000, 0x000000008bc00000| Untracked 
| 189|0x000000008bd00000, 0x000000008be00000, 0x000000008be00000|100%| O|  |TAMS 0x000000008be00000, 0x000000008bd00000| Untracked 
| 190|0x000000008be00000, 0x000000008bf00000, 0x000000008bf00000|100%| O|  |TAMS 0x000000008bf00000, 0x000000008be00000| Untracked 
| 191|0x000000008bf00000, 0x000000008c000000, 0x000000008c000000|100%| O|  |TAMS 0x000000008c000000, 0x000000008bf00000| Untracked 
| 192|0x000000008c000000, 0x000000008c100000, 0x000000008c100000|100%| O|  |TAMS 0x000000008c100000, 0x000000008c000000| Untracked 
| 193|0x000000008c100000, 0x000000008c200000, 0x000000008c200000|100%| O|  |TAMS 0x000000008c200000, 0x000000008c100000| Untracked 
| 194|0x000000008c200000, 0x000000008c300000, 0x000000008c300000|100%| O|  |TAMS 0x000000008c300000, 0x000000008c200000| Untracked 
| 195|0x000000008c300000, 0x000000008c400000, 0x000000008c400000|100%| O|  |TAMS 0x000000008c400000, 0x000000008c300000| Untracked 
| 196|0x000000008c400000, 0x000000008c500000, 0x000000008c500000|100%|HS|  |TAMS 0x000000008c400000, 0x000000008c400000| Complete 
| 197|0x000000008c500000, 0x000000008c600000, 0x000000008c600000|100%|HC|  |TAMS 0x000000008c500000, 0x000000008c500000| Complete 
| 198|0x000000008c600000, 0x000000008c700000, 0x000000008c700000|100%| O|  |TAMS 0x000000008c700000, 0x000000008c600000| Untracked 
| 199|0x000000008c700000, 0x000000008c800000, 0x000000008c800000|100%| O|  |TAMS 0x000000008c800000, 0x000000008c700000| Untracked 
| 200|0x000000008c800000, 0x000000008c900000, 0x000000008c900000|100%| O|  |TAMS 0x000000008c900000, 0x000000008c800000| Untracked 
| 201|0x000000008c900000, 0x000000008ca00000, 0x000000008ca00000|100%| O|  |TAMS 0x000000008ca00000, 0x000000008c900000| Untracked 
| 202|0x000000008ca00000, 0x000000008cb00000, 0x000000008cb00000|100%| O|  |TAMS 0x000000008cb00000, 0x000000008ca00000| Untracked 
| 203|0x000000008cb00000, 0x000000008cc00000, 0x000000008cc00000|100%| O|  |TAMS 0x000000008cc00000, 0x000000008cb00000| Untracked 
| 204|0x000000008cc00000, 0x000000008cd00000, 0x000000008cd00000|100%| O|  |TAMS 0x000000008cd00000, 0x000000008cc00000| Untracked 
| 205|0x000000008cd00000, 0x000000008ce00000, 0x000000008ce00000|100%| O|  |TAMS 0x000000008ce00000, 0x000000008cd00000| Untracked 
| 206|0x000000008ce00000, 0x000000008cf00000, 0x000000008cf00000|100%| O|  |TAMS 0x000000008cf00000, 0x000000008ce00000| Untracked 
| 207|0x000000008cf00000, 0x000000008d000000, 0x000000008d000000|100%| O|  |TAMS 0x000000008d000000, 0x000000008cf00000| Untracked 
| 208|0x000000008d000000, 0x000000008d100000, 0x000000008d100000|100%| O|  |TAMS 0x000000008d100000, 0x000000008d000000| Untracked 
| 209|0x000000008d100000, 0x000000008d200000, 0x000000008d200000|100%| O|  |TAMS 0x000000008d200000, 0x000000008d100000| Untracked 
| 210|0x000000008d200000, 0x000000008d300000, 0x000000008d300000|100%| O|  |TAMS 0x000000008d300000, 0x000000008d200000| Untracked 
| 211|0x000000008d300000, 0x000000008d400000, 0x000000008d400000|100%| O|  |TAMS 0x000000008d400000, 0x000000008d300000| Untracked 
| 212|0x000000008d400000, 0x000000008d500000, 0x000000008d500000|100%| O|  |TAMS 0x000000008d500000, 0x000000008d400000| Untracked 
| 213|0x000000008d500000, 0x000000008d600000, 0x000000008d600000|100%| O|  |TAMS 0x000000008d600000, 0x000000008d500000| Untracked 
| 214|0x000000008d600000, 0x000000008d700000, 0x000000008d700000|100%| O|  |TAMS 0x000000008d700000, 0x000000008d600000| Untracked 
| 215|0x000000008d700000, 0x000000008d700000, 0x000000008d800000|  0%| F|  |TAMS 0x000000008d700000, 0x000000008d700000| Untracked 
| 216|0x000000008d800000, 0x000000008d800000, 0x000000008d900000|  0%| F|  |TAMS 0x000000008d800000, 0x000000008d800000| Untracked 
| 217|0x000000008d900000, 0x000000008d900000, 0x000000008da00000|  0%| F|  |TAMS 0x000000008d900000, 0x000000008d900000| Untracked 
| 218|0x000000008da00000, 0x000000008db00000, 0x000000008db00000|100%| O|  |TAMS 0x000000008db00000, 0x000000008da00000| Untracked 
| 219|0x000000008db00000, 0x000000008dc00000, 0x000000008dc00000|100%| O|  |TAMS 0x000000008dc00000, 0x000000008db00000| Untracked 
| 220|0x000000008dc00000, 0x000000008dd00000, 0x000000008dd00000|100%| O|  |TAMS 0x000000008dd00000, 0x000000008dc00000| Untracked 
| 221|0x000000008dd00000, 0x000000008dd00000, 0x000000008de00000|  0%| F|  |TAMS 0x000000008dd00000, 0x000000008dd00000| Untracked 
| 222|0x000000008de00000, 0x000000008de00000, 0x000000008df00000|  0%| F|  |TAMS 0x000000008de00000, 0x000000008de00000| Untracked 
| 223|0x000000008df00000, 0x000000008df00000, 0x000000008e000000|  0%| F|  |TAMS 0x000000008df00000, 0x000000008df00000| Untracked 
| 224|0x000000008e000000, 0x000000008e100000, 0x000000008e100000|100%| O|  |TAMS 0x000000008e100000, 0x000000008e000000| Untracked 
| 225|0x000000008e100000, 0x000000008e100000, 0x000000008e200000|  0%| F|  |TAMS 0x000000008e100000, 0x000000008e100000| Untracked 
| 226|0x000000008e200000, 0x000000008e300000, 0x000000008e300000|100%| O|  |TAMS 0x000000008e300000, 0x000000008e200000| Untracked 
| 227|0x000000008e300000, 0x000000008e400000, 0x000000008e400000|100%| O|  |TAMS 0x000000008e400000, 0x000000008e300000| Untracked 
| 228|0x000000008e400000, 0x000000008e400000, 0x000000008e500000|  0%| F|  |TAMS 0x000000008e400000, 0x000000008e400000| Untracked 
| 229|0x000000008e500000, 0x000000008e500000, 0x000000008e600000|  0%| F|  |TAMS 0x000000008e500000, 0x000000008e500000| Untracked 
| 230|0x000000008e600000, 0x000000008e700000, 0x000000008e700000|100%| O|  |TAMS 0x000000008e700000, 0x000000008e600000| Untracked 
| 231|0x000000008e700000, 0x000000008e800000, 0x000000008e800000|100%| O|  |TAMS 0x000000008e800000, 0x000000008e700000| Untracked 
| 232|0x000000008e800000, 0x000000008e900000, 0x000000008e900000|100%| O|  |TAMS 0x000000008e900000, 0x000000008e800000| Untracked 
| 233|0x000000008e900000, 0x000000008ea00000, 0x000000008ea00000|100%| O|  |TAMS 0x000000008ea00000, 0x000000008e900000| Untracked 
| 234|0x000000008ea00000, 0x000000008ea00000, 0x000000008eb00000|  0%| F|  |TAMS 0x000000008ea00000, 0x000000008ea00000| Untracked 
| 235|0x000000008eb00000, 0x000000008ec00000, 0x000000008ec00000|100%| O|  |TAMS 0x000000008ec00000, 0x000000008eb00000| Untracked 
| 236|0x000000008ec00000, 0x000000008ed00000, 0x000000008ed00000|100%| O|  |TAMS 0x000000008ed00000, 0x000000008ec00000| Untracked 
| 237|0x000000008ed00000, 0x000000008ee00000, 0x000000008ee00000|100%| O|  |TAMS 0x000000008ee00000, 0x000000008ed00000| Untracked 
| 238|0x000000008ee00000, 0x000000008ef00000, 0x000000008ef00000|100%| O|  |TAMS 0x000000008ef00000, 0x000000008ee00000| Untracked 
| 239|0x000000008ef00000, 0x000000008f000000, 0x000000008f000000|100%| O|  |TAMS 0x000000008f000000, 0x000000008ef00000| Untracked 
| 240|0x000000008f000000, 0x000000008f100000, 0x000000008f100000|100%| O|  |TAMS 0x000000008f000000, 0x000000008f000000| Untracked 
| 241|0x000000008f100000, 0x000000008f200000, 0x000000008f200000|100%| O|  |TAMS 0x000000008f200000, 0x000000008f100000| Untracked 
| 242|0x000000008f200000, 0x000000008f300000, 0x000000008f300000|100%| O|  |TAMS 0x000000008f300000, 0x000000008f200000| Untracked 
| 243|0x000000008f300000, 0x000000008f400000, 0x000000008f400000|100%| O|  |TAMS 0x000000008f400000, 0x000000008f300000| Untracked 
| 244|0x000000008f400000, 0x000000008f500000, 0x000000008f500000|100%| O|  |TAMS 0x000000008f500000, 0x000000008f400000| Untracked 
| 245|0x000000008f500000, 0x000000008f600000, 0x000000008f600000|100%| O|  |TAMS 0x000000008f600000, 0x000000008f500000| Untracked 
| 246|0x000000008f600000, 0x000000008f700000, 0x000000008f700000|100%| O|  |TAMS 0x000000008f700000, 0x000000008f600000| Untracked 
| 247|0x000000008f700000, 0x000000008f800000, 0x000000008f800000|100%| O|  |TAMS 0x000000008f800000, 0x000000008f700000| Untracked 
| 248|0x000000008f800000, 0x000000008f900000, 0x000000008f900000|100%| O|  |TAMS 0x000000008f900000, 0x000000008f800000| Untracked 
| 249|0x000000008f900000, 0x000000008fa00000, 0x000000008fa00000|100%| O|  |TAMS 0x000000008fa00000, 0x000000008f900000| Untracked 
| 250|0x000000008fa00000, 0x000000008fa00000, 0x000000008fb00000|  0%| F|  |TAMS 0x000000008fa00000, 0x000000008fa00000| Untracked 
| 251|0x000000008fb00000, 0x000000008fc00000, 0x000000008fc00000|100%| O|  |TAMS 0x000000008fc00000, 0x000000008fb00000| Untracked 
| 252|0x000000008fc00000, 0x000000008fd00000, 0x000000008fd00000|100%| O|  |TAMS 0x000000008fd00000, 0x000000008fc00000| Untracked 
| 253|0x000000008fd00000, 0x000000008fe00000, 0x000000008fe00000|100%| O|  |TAMS 0x000000008fd00000, 0x000000008fd00000| Untracked 
| 254|0x000000008fe00000, 0x000000008fe00000, 0x000000008ff00000|  0%| F|  |TAMS 0x000000008fe00000, 0x000000008fe00000| Untracked 
| 255|0x000000008ff00000, 0x0000000090000000, 0x0000000090000000|100%| O|  |TAMS 0x000000008ff00000, 0x000000008ff00000| Untracked 
| 256|0x0000000090000000, 0x0000000090100000, 0x0000000090100000|100%| O|  |TAMS 0x0000000090000000, 0x0000000090000000| Untracked 
| 257|0x0000000090100000, 0x0000000090200000, 0x0000000090200000|100%| O|  |TAMS 0x0000000090100000, 0x0000000090100000| Untracked 
| 258|0x0000000090200000, 0x0000000090300000, 0x0000000090300000|100%| O|  |TAMS 0x0000000090200000, 0x0000000090200000| Untracked 
| 259|0x0000000090300000, 0x0000000090400000, 0x0000000090400000|100%| O|  |TAMS 0x0000000090300000, 0x0000000090300000| Untracked 
| 260|0x0000000090400000, 0x0000000090500000, 0x0000000090500000|100%| O|  |TAMS 0x0000000090400000, 0x0000000090400000| Untracked 
| 261|0x0000000090500000, 0x0000000090600000, 0x0000000090600000|100%| O|  |TAMS 0x0000000090500000, 0x0000000090500000| Untracked 
| 262|0x0000000090600000, 0x0000000090700000, 0x0000000090700000|100%| O|  |TAMS 0x0000000090600000, 0x0000000090600000| Untracked 
| 263|0x0000000090700000, 0x0000000090800000, 0x0000000090800000|100%| O|  |TAMS 0x0000000090700000, 0x0000000090700000| Untracked 
| 264|0x0000000090800000, 0x0000000090900000, 0x0000000090900000|100%| O|  |TAMS 0x0000000090800000, 0x0000000090800000| Untracked 
| 265|0x0000000090900000, 0x0000000090a00000, 0x0000000090a00000|100%| O|  |TAMS 0x0000000090900000, 0x0000000090900000| Untracked 
| 266|0x0000000090a00000, 0x0000000090b00000, 0x0000000090b00000|100%| O|  |TAMS 0x0000000090a00000, 0x0000000090a00000| Untracked 
| 267|0x0000000090b00000, 0x0000000090b00000, 0x0000000090c00000|  0%| F|  |TAMS 0x0000000090b00000, 0x0000000090b00000| Untracked 
| 268|0x0000000090c00000, 0x0000000090c00000, 0x0000000090d00000|  0%| F|  |TAMS 0x0000000090c00000, 0x0000000090c00000| Untracked 
| 269|0x0000000090d00000, 0x0000000090d00000, 0x0000000090e00000|  0%| F|  |TAMS 0x0000000090d00000, 0x0000000090d00000| Untracked 
| 270|0x0000000090e00000, 0x0000000090e00000, 0x0000000090f00000|  0%| F|  |TAMS 0x0000000090e00000, 0x0000000090e00000| Untracked 
| 271|0x0000000090f00000, 0x0000000091000000, 0x0000000091000000|100%| O|  |TAMS 0x0000000090f00000, 0x0000000090f00000| Untracked 
| 272|0x0000000091000000, 0x0000000091000000, 0x0000000091100000|  0%| F|  |TAMS 0x0000000091000000, 0x0000000091000000| Untracked 
| 273|0x0000000091100000, 0x0000000091100000, 0x0000000091200000|  0%| F|  |TAMS 0x0000000091100000, 0x0000000091100000| Untracked 
| 274|0x0000000091200000, 0x0000000091200000, 0x0000000091300000|  0%| F|  |TAMS 0x0000000091200000, 0x0000000091200000| Untracked 
| 275|0x0000000091300000, 0x0000000091300000, 0x0000000091400000|  0%| F|  |TAMS 0x0000000091300000, 0x0000000091300000| Untracked 
| 276|0x0000000091400000, 0x0000000091400000, 0x0000000091500000|  0%| F|  |TAMS 0x0000000091400000, 0x0000000091400000| Untracked 
| 277|0x0000000091500000, 0x0000000091500000, 0x0000000091600000|  0%| F|  |TAMS 0x0000000091500000, 0x0000000091500000| Untracked 
| 278|0x0000000091600000, 0x0000000091600000, 0x0000000091700000|  0%| F|  |TAMS 0x0000000091600000, 0x0000000091600000| Untracked 
| 279|0x0000000091700000, 0x0000000091700000, 0x0000000091800000|  0%| F|  |TAMS 0x0000000091700000, 0x0000000091700000| Untracked 
| 280|0x0000000091800000, 0x0000000091800000, 0x0000000091900000|  0%| F|  |TAMS 0x0000000091800000, 0x0000000091800000| Untracked 
| 281|0x0000000091900000, 0x0000000091900000, 0x0000000091a00000|  0%| F|  |TAMS 0x0000000091900000, 0x0000000091900000| Untracked 
| 282|0x0000000091a00000, 0x0000000091a00000, 0x0000000091b00000|  0%| F|  |TAMS 0x0000000091a00000, 0x0000000091a00000| Untracked 
| 283|0x0000000091b00000, 0x0000000091b00000, 0x0000000091c00000|  0%| F|  |TAMS 0x0000000091b00000, 0x0000000091b00000| Untracked 
| 284|0x0000000091c00000, 0x0000000091c00000, 0x0000000091d00000|  0%| F|  |TAMS 0x0000000091c00000, 0x0000000091c00000| Untracked 
| 285|0x0000000091d00000, 0x0000000091d00000, 0x0000000091e00000|  0%| F|  |TAMS 0x0000000091d00000, 0x0000000091d00000| Untracked 
| 286|0x0000000091e00000, 0x0000000091e00000, 0x0000000091f00000|  0%| F|  |TAMS 0x0000000091e00000, 0x0000000091e00000| Untracked 
| 287|0x0000000091f00000, 0x0000000091f00000, 0x0000000092000000|  0%| F|  |TAMS 0x0000000091f00000, 0x0000000091f00000| Untracked 
| 288|0x0000000092000000, 0x0000000092000000, 0x0000000092100000|  0%| F|  |TAMS 0x0000000092000000, 0x0000000092000000| Untracked 
| 289|0x0000000092100000, 0x0000000092100000, 0x0000000092200000|  0%| F|  |TAMS 0x0000000092100000, 0x0000000092100000| Untracked 
| 290|0x0000000092200000, 0x0000000092200000, 0x0000000092300000|  0%| F|  |TAMS 0x0000000092200000, 0x0000000092200000| Untracked 
| 291|0x0000000092300000, 0x0000000092300000, 0x0000000092400000|  0%| F|  |TAMS 0x0000000092300000, 0x0000000092300000| Untracked 
| 292|0x0000000092400000, 0x0000000092400000, 0x0000000092500000|  0%| F|  |TAMS 0x0000000092400000, 0x0000000092400000| Untracked 
| 293|0x0000000092500000, 0x0000000092500000, 0x0000000092600000|  0%| F|  |TAMS 0x0000000092500000, 0x0000000092500000| Untracked 
| 294|0x0000000092600000, 0x0000000092600000, 0x0000000092700000|  0%| F|  |TAMS 0x0000000092600000, 0x0000000092600000| Untracked 
| 295|0x0000000092700000, 0x0000000092800000, 0x0000000092800000|100%| S|CS|TAMS 0x0000000092700000, 0x0000000092700000| Complete 
| 296|0x0000000092800000, 0x0000000092900000, 0x0000000092900000|100%| S|CS|TAMS 0x0000000092800000, 0x0000000092800000| Complete 
| 297|0x0000000092900000, 0x0000000092a00000, 0x0000000092a00000|100%| S|CS|TAMS 0x0000000092900000, 0x0000000092900000| Complete 
| 298|0x0000000092a00000, 0x0000000092b00000, 0x0000000092b00000|100%| S|CS|TAMS 0x0000000092a00000, 0x0000000092a00000| Complete 
| 299|0x0000000092b00000, 0x0000000092b00000, 0x0000000092c00000|  0%| F|  |TAMS 0x0000000092b00000, 0x0000000092b00000| Untracked 
| 300|0x0000000092c00000, 0x0000000092c00000, 0x0000000092d00000|  0%| F|  |TAMS 0x0000000092c00000, 0x0000000092c00000| Untracked 
| 301|0x0000000092d00000, 0x0000000092d00000, 0x0000000092e00000|  0%| F|  |TAMS 0x0000000092d00000, 0x0000000092d00000| Untracked 
| 302|0x0000000092e00000, 0x0000000092e00000, 0x0000000092f00000|  0%| F|  |TAMS 0x0000000092e00000, 0x0000000092e00000| Untracked 
| 303|0x0000000092f00000, 0x0000000092f00000, 0x0000000093000000|  0%| F|  |TAMS 0x0000000092f00000, 0x0000000092f00000| Untracked 
| 304|0x0000000093000000, 0x0000000093000000, 0x0000000093100000|  0%| F|  |TAMS 0x0000000093000000, 0x0000000093000000| Untracked 
| 305|0x0000000093100000, 0x0000000093100000, 0x0000000093200000|  0%| F|  |TAMS 0x0000000093100000, 0x0000000093100000| Untracked 
| 306|0x0000000093200000, 0x0000000093200000, 0x0000000093300000|  0%| F|  |TAMS 0x0000000093200000, 0x0000000093200000| Untracked 
| 307|0x0000000093300000, 0x0000000093300000, 0x0000000093400000|  0%| F|  |TAMS 0x0000000093300000, 0x0000000093300000| Untracked 
| 308|0x0000000093400000, 0x0000000093400000, 0x0000000093500000|  0%| F|  |TAMS 0x0000000093400000, 0x0000000093400000| Untracked 
| 309|0x0000000093500000, 0x0000000093500000, 0x0000000093600000|  0%| F|  |TAMS 0x0000000093500000, 0x0000000093500000| Untracked 
| 310|0x0000000093600000, 0x0000000093600000, 0x0000000093700000|  0%| F|  |TAMS 0x0000000093600000, 0x0000000093600000| Untracked 
| 311|0x0000000093700000, 0x0000000093700000, 0x0000000093800000|  0%| F|  |TAMS 0x0000000093700000, 0x0000000093700000| Untracked 
| 312|0x0000000093800000, 0x0000000093800000, 0x0000000093900000|  0%| F|  |TAMS 0x0000000093800000, 0x0000000093800000| Untracked 
| 313|0x0000000093900000, 0x0000000093900000, 0x0000000093a00000|  0%| F|  |TAMS 0x0000000093900000, 0x0000000093900000| Untracked 
| 314|0x0000000093a00000, 0x0000000093a00000, 0x0000000093b00000|  0%| F|  |TAMS 0x0000000093a00000, 0x0000000093a00000| Untracked 
| 315|0x0000000093b00000, 0x0000000093b00000, 0x0000000093c00000|  0%| F|  |TAMS 0x0000000093b00000, 0x0000000093b00000| Untracked 
| 316|0x0000000093c00000, 0x0000000093c00000, 0x0000000093d00000|  0%| F|  |TAMS 0x0000000093c00000, 0x0000000093c00000| Untracked 
| 317|0x0000000093d00000, 0x0000000093d00000, 0x0000000093e00000|  0%| F|  |TAMS 0x0000000093d00000, 0x0000000093d00000| Untracked 
| 318|0x0000000093e00000, 0x0000000093e00000, 0x0000000093f00000|  0%| F|  |TAMS 0x0000000093e00000, 0x0000000093e00000| Untracked 
| 319|0x0000000093f00000, 0x0000000093f00000, 0x0000000094000000|  0%| F|  |TAMS 0x0000000093f00000, 0x0000000093f00000| Untracked 
| 320|0x0000000094000000, 0x0000000094000000, 0x0000000094100000|  0%| F|  |TAMS 0x0000000094000000, 0x0000000094000000| Untracked 
| 321|0x0000000094100000, 0x0000000094100000, 0x0000000094200000|  0%| F|  |TAMS 0x0000000094100000, 0x0000000094100000| Untracked 
| 322|0x0000000094200000, 0x0000000094200000, 0x0000000094300000|  0%| F|  |TAMS 0x0000000094200000, 0x0000000094200000| Untracked 
| 323|0x0000000094300000, 0x0000000094300000, 0x0000000094400000|  0%| F|  |TAMS 0x0000000094300000, 0x0000000094300000| Untracked 
| 324|0x0000000094400000, 0x0000000094400000, 0x0000000094500000|  0%| F|  |TAMS 0x0000000094400000, 0x0000000094400000| Untracked 
| 325|0x0000000094500000, 0x0000000094500000, 0x0000000094600000|  0%| F|  |TAMS 0x0000000094500000, 0x0000000094500000| Untracked 
| 326|0x0000000094600000, 0x0000000094600000, 0x0000000094700000|  0%| F|  |TAMS 0x0000000094600000, 0x0000000094600000| Untracked 

Card table byte_map: [0x00000259ee920000,0x00000259eed20000] _byte_map_base: 0x00000259ee520000

Marking Bits (Prev, Next): (CMBitMap*) 0x00000259d6c04318, (CMBitMap*) 0x00000259d6c04350
 Prev Bits: [0x00000259ef120000, 0x00000259f1120000)
 Next Bits: [0x00000259f1120000, 0x00000259f3120000)

Polling page: 0x00000259d53c0000

Metaspace:

Usage:
  Non-class:    114.88 MB capacity,   112.49 MB ( 98%) used,     1.93 MB (  2%) free+waste,   460.50 KB ( <1%) overhead. 
      Class:     17.62 MB capacity,    16.26 MB ( 92%) used,     1.16 MB (  7%) free+waste,   204.13 KB (  1%) overhead. 
       Both:    132.49 MB capacity,   128.75 MB ( 97%) used,     3.09 MB (  2%) free+waste,   664.63 KB ( <1%) overhead. 

Virtual space:
  Non-class space:      116.00 MB reserved,     114.91 MB (>99%) committed 
      Class space:        1.00 GB reserved,      17.63 MB (  2%) committed 
             Both:        1.11 GB reserved,     132.54 MB ( 12%) committed 

Chunk freelists:
   Non-Class:  5.00 KB
       Class:  1.13 KB
        Both:  6.13 KB

CodeHeap 'non-profiled nmethods': size=120064Kb used=14734Kb max_used=14734Kb free=105329Kb
 bounds [0x00000259e69c0000, 0x00000259e7830000, 0x00000259edf00000]
CodeHeap 'profiled nmethods': size=120000Kb used=41834Kb max_used=41834Kb free=78166Kb
 bounds [0x00000259df490000, 0x00000259e1d90000, 0x00000259e69c0000]
CodeHeap 'non-nmethods': size=5696Kb used=2387Kb max_used=2454Kb free=3308Kb
 bounds [0x00000259def00000, 0x00000259df180000, 0x00000259df490000]
 total_blobs=28258 nmethods=18798 adapters=929
 compilation: enabled
              stopped_count=0, restarted_count=0
 full_count=0

Compilation events (10 events):
Event: 384.674 Thread 0x00000259f5778000 nmethod 21120 0x00000259e1d8b490 code [0x00000259e1d8b640, 0x00000259e1d8b798]
Event: 384.676 Thread 0x00000259f5773000 21122       4       com.android.tools.r8.graph.a1::I1 (11 bytes)
Event: 384.676 Thread 0x0000025981a1f000 21123       4       com.android.tools.r8.internal.vU::a (179 bytes)
Event: 384.677 Thread 0x00000259f5773000 nmethod 21122 0x00000259e7822d90 code [0x00000259e7822f20, 0x00000259e7822fd8]
Event: 384.679 Thread 0x00000259f5778000 21124       3       com.android.tools.r8.internal.vU::d (100 bytes)
Event: 384.680 Thread 0x00000259f5778000 nmethod 21124 0x00000259e1d8b890 code [0x00000259e1d8ba80, 0x00000259e1d8bfd0]
Event: 384.680 Thread 0x00000259f5778000 21125       3       com.android.tools.r8.internal.Zb::a (11 bytes)
Event: 384.681 Thread 0x00000259f5778000 nmethod 21125 0x00000259e1d8c210 code [0x00000259e1d8c3c0, 0x00000259e1d8c550]
Event: 384.682 Thread 0x00000259f5773000 21126   !   4       com.android.tools.r8.graph.e1::toString (17 bytes)
Event: 384.683 Thread 0x0000025981a1f000 nmethod 21123 0x00000259e7823110 code [0x00000259e78232c0, 0x00000259e7823768]

GC Heap History (10 events):
Event: 381.483 GC heap after
{Heap after GC invocations=101 (full 0):
 garbage-first heap   total 334848K, used 264506K [0x0000000080000000, 0x0000000100000000)
  region size 1024K, 3 young (3072K), 3 survivors (3072K)
 Metaspace       used 130959K, capacity 134725K, committed 134824K, reserved 1167360K
  class space    used 16548K, capacity 17908K, committed 17920K, reserved 1048576K
}
Event: 382.412 GC heap before
{Heap before GC invocations=101 (full 0):
 garbage-first heap   total 334848K, used 281914K [0x0000000080000000, 0x0000000100000000)
  region size 1024K, 20 young (20480K), 3 survivors (3072K)
 Metaspace       used 131118K, capacity 134887K, committed 135208K, reserved 1167360K
  class space    used 16572K, capacity 17936K, committed 18048K, reserved 1048576K
}
Event: 382.428 GC heap after
{Heap after GC invocations=102 (full 0):
 garbage-first heap   total 334848K, used 266429K [0x0000000080000000, 0x0000000100000000)
  region size 1024K, 3 young (3072K), 3 survivors (3072K)
 Metaspace       used 131118K, capacity 134887K, committed 135208K, reserved 1167360K
  class space    used 16572K, capacity 17936K, committed 18048K, reserved 1048576K
}
Event: 383.162 GC heap before
{Heap before GC invocations=102 (full 0):
 garbage-first heap   total 334848K, used 268477K [0x0000000080000000, 0x0000000100000000)
  region size 1024K, 20 young (20480K), 3 survivors (3072K)
 Metaspace       used 131467K, capacity 135262K, committed 135464K, reserved 1167360K
  class space    used 16613K, capacity 17995K, committed 18048K, reserved 1048576K
}
Event: 383.174 GC heap after
{Heap after GC invocations=103 (full 0):
 garbage-first heap   total 334848K, used 254773K [0x0000000080000000, 0x0000000100000000)
  region size 1024K, 3 young (3072K), 3 survivors (3072K)
 Metaspace       used 131467K, capacity 135262K, committed 135464K, reserved 1167360K
  class space    used 16613K, capacity 17995K, committed 18048K, reserved 1048576K
}
Event: 383.473 GC heap before
{Heap before GC invocations=104 (full 0):
 garbage-first heap   total 334848K, used 276277K [0x0000000080000000, 0x0000000100000000)
  region size 1024K, 24 young (24576K), 3 survivors (3072K)
 Metaspace       used 131775K, capacity 135606K, committed 135720K, reserved 1167360K
  class space    used 16644K, capacity 18039K, committed 18048K, reserved 1048576K
}
Event: 383.508 GC heap after
{Heap after GC invocations=105 (full 0):
 garbage-first heap   total 334848K, used 255600K [0x0000000080000000, 0x0000000100000000)
  region size 1024K, 1 young (1024K), 1 survivors (1024K)
 Metaspace       used 131775K, capacity 135606K, committed 135720K, reserved 1167360K
  class space    used 16644K, capacity 18039K, committed 18048K, reserved 1048576K
}
Event: 384.088 GC heap before
{Heap before GC invocations=105 (full 0):
 garbage-first heap   total 334848K, used 273008K [0x0000000080000000, 0x0000000100000000)
  region size 1024K, 16 young (16384K), 1 survivors (1024K)
 Metaspace       used 131800K, capacity 135607K, committed 135720K, reserved 1167360K
  class space    used 16644K, capacity 18039K, committed 18048K, reserved 1048576K
}
Event: 384.174 GC heap after
{Heap after GC invocations=106 (full 0):
 garbage-first heap   total 334848K, used 247110K [0x0000000080000000, 0x0000000100000000)
  region size 1024K, 2 young (2048K), 2 survivors (2048K)
 Metaspace       used 131800K, capacity 135607K, committed 135720K, reserved 1167360K
  class space    used 16644K, capacity 18039K, committed 18048K, reserved 1048576K
}
Event: 384.687 GC heap before
{Heap before GC invocations=106 (full 0):
 garbage-first heap   total 334848K, used 277830K [0x0000000080000000, 0x0000000100000000)
  region size 1024K, 28 young (28672K), 2 survivors (2048K)
 Metaspace       used 131840K, capacity 135671K, committed 135720K, reserved 1167360K
  class space    used 16647K, capacity 18039K, committed 18048K, reserved 1048576K
}

Deoptimization events (10 events):
Event: 384.012 Thread 0x0000025981a24000 Uncommon trap: reason=unstable_if action=reinterpret pc=0x00000259e77ef5fc method=com.android.tools.r8.internal.ug.a(C)Z @ 15 c2
Event: 384.194 Thread 0x0000025981a24000 Uncommon trap: reason=unstable_if action=reinterpret pc=0x00000259e77f9dd0 method=com.android.tools.r8.graph.s3.a(Lcom/android/tools/r8/graph/g;Lcom/android/tools/r8/internal/Iq;)V @ 14 c2
Event: 384.194 Thread 0x0000025981a24000 Uncommon trap: reason=unstable_if action=reinterpret pc=0x00000259e77f7f94 method=com.android.tools.r8.graph.s3.a(Lcom/android/tools/r8/graph/g;Lcom/android/tools/r8/internal/Iq;)V @ 14 c2
Event: 384.195 Thread 0x0000025981a24000 Uncommon trap: reason=unstable_if action=reinterpret pc=0x00000259e77fb584 method=com.android.tools.r8.graph.s3.a(Lcom/android/tools/r8/graph/g;Lcom/android/tools/r8/internal/Iq;)V @ 14 c2
Event: 384.228 Thread 0x0000025981a24000 Uncommon trap: reason=unstable_if action=reinterpret pc=0x00000259e77f32b8 method=com.android.tools.r8.graph.e1.a(Lcom/android/tools/r8/graph/e1;)I @ 83 c2
Event: 384.229 Thread 0x0000025981a24000 Uncommon trap: reason=unstable_if action=reinterpret pc=0x00000259e77ee85c method=com.android.tools.r8.graph.e1.a(Lcom/android/tools/r8/graph/e1;)I @ 83 c2
Event: 384.441 Thread 0x0000025981a24000 Uncommon trap: reason=speculate_class_check action=maybe_recompile pc=0x00000259e7816d68 method=com.android.tools.r8.graph.c0.t0()Z @ 1 c2
Event: 384.540 Thread 0x0000025981a24000 Uncommon trap: reason=unstable_if action=reinterpret pc=0x00000259e781eea0 method=com.android.tools.r8.internal.C60.a(I)Z @ 8 c2
Event: 384.540 Thread 0x0000025981a24000 Uncommon trap: reason=unstable_if action=reinterpret pc=0x00000259e7816e2c method=com.android.tools.r8.graph.P.w()Lcom/android/tools/r8/internal/Dh; @ 4 c2
Event: 384.540 Thread 0x0000025981a24000 Uncommon trap: reason=unstable_if action=reinterpret pc=0x00000259e7814918 method=com.android.tools.r8.graph.P.w()Lcom/android/tools/r8/internal/Dh; @ 4 c2

Classes redefined (0 events):
No events

Internal exceptions (10 events):
Event: 373.338 Thread 0x0000025981a26000 Exception <a 'java/lang/IncompatibleClassChangeError'{0x0000000090780550}: Found class java.lang.Object, but interface was expected> (0x0000000090780550) thrown at [t:/workspace/open/src/hotspot/share/interpreter/linkResolver.cpp, line 856]
Event: 379.451 Thread 0x0000025981a24000 Exception <a 'java/lang/NoSuchMethodError'{0x0000000090637de8}: java.lang.invoke.DirectMethodHandle$Holder.invokeStatic(Ljava/lang/Object;Ljava/lang/Object;Ljava/lang/Object;I)V> (0x0000000090637de8) thrown at [t:/workspace/open/src/hotspot/share/interpre
Event: 379.455 Thread 0x0000025981a24000 Exception <a 'java/lang/IncompatibleClassChangeError'{0x000000009063fcc0}: Found class java.lang.Object, but interface was expected> (0x000000009063fcc0) thrown at [t:/workspace/open/src/hotspot/share/interpreter/linkResolver.cpp, line 856]
Event: 380.700 Thread 0x0000025981a24000 Implicit null exception at 0x00000259e764a398 to 0x00000259e764a4f3
Event: 380.815 Thread 0x0000025981a24000 Exception <a 'java/lang/IncompatibleClassChangeError'{0x0000000094229438}: Found class java.lang.Object, but interface was expected> (0x0000000094229438) thrown at [t:/workspace/open/src/hotspot/share/interpreter/linkResolver.cpp, line 856]
Event: 380.870 Thread 0x0000025981a24000 Exception <a 'java/lang/NoSuchMethodError'{0x00000000942fc330}: java.lang.invoke.Invokers$Holder.linkToTargetMethod(Ljava/lang/Object;ILjava/lang/Object;Ljava/lang/Object;Ljava/lang/Object;Ljava/lang/Object;)Ljava/lang/Object;> (0x00000000942fc330) thrown
Event: 380.872 Thread 0x0000025981a24000 Exception <a 'java/lang/NoSuchMethodError'{0x0000000094107598}: java.lang.invoke.DirectMethodHandle$Holder.invokeStatic(Ljava/lang/Object;ILjava/lang/Object;Ljava/lang/Object;)Ljava/lang/Object;> (0x0000000094107598) thrown at [t:/workspace/open/src/hotsp
Event: 380.873 Thread 0x0000025981a24000 Exception <a 'java/lang/NoSuchMethodError'{0x000000009410b028}: java.lang.invoke.DirectMethodHandle$Holder.invokeSpecial(Ljava/lang/Object;Ljava/lang/Object;ILjava/lang/Object;Ljava/lang/Object;)Ljava/lang/Object;> (0x000000009410b028) thrown at [t:/works
Event: 381.082 Thread 0x0000025981a24000 Exception <a 'java/lang/NoSuchMethodError'{0x0000000093fcb710}: java.lang.invoke.DirectMethodHandle$Holder.invokeStatic(Ljava/lang/Object;Ljava/lang/Object;Ljava/lang/Object;Ljava/lang/Object;Ljava/lang/Object;Ljava/lang/Object;Ljava/lang/Object;Ljava/lan
Event: 381.189 Thread 0x0000025981a24000 Implicit null exception at 0x00000259e77611ef to 0x00000259e7761306

Events (10 events):
Event: 384.540 Thread 0x0000025981a24000 DEOPT UNPACKING pc=0x00000259def28eaf sp=0x000000fd512fd390 mode 2
Event: 384.670 loading class com/android/tools/r8/internal/vU
Event: 384.670 loading class com/android/tools/r8/internal/vU done
Event: 384.670 loading class com/android/tools/r8/internal/m1
Event: 384.670 loading class com/android/tools/r8/internal/m1 done
Event: 384.671 loading class com/android/tools/r8/internal/mU
Event: 384.671 loading class com/android/tools/r8/internal/mU done
Event: 384.671 loading class com/android/tools/r8/internal/HU
Event: 384.671 loading class com/android/tools/r8/internal/HU done
Event: 384.687 Executing VM operation: G1CollectForAllocation


Dynamic libraries:
0x00007ff604ef0000 - 0x00007ff604f37000 	C:\Program Files\Java\jdk-11.0.1\bin\java.exe
0x00007ffbc72d0000 - 0x00007ffbc74c8000 	C:\WINDOWS\SYSTEM32\ntdll.dll
0x00007ffbc5c40000 - 0x00007ffbc5cff000 	C:\WINDOWS\System32\KERNEL32.DLL
0x00007ffbc4dc0000 - 0x00007ffbc5092000 	C:\WINDOWS\System32\KERNELBASE.dll
0x00007ffbc5e00000 - 0x00007ffbc5eae000 	C:\WINDOWS\System32\ADVAPI32.dll
0x00007ffbc5320000 - 0x00007ffbc53be000 	C:\WINDOWS\System32\msvcrt.dll
0x00007ffbc5d00000 - 0x00007ffbc5d9c000 	C:\WINDOWS\System32\sechost.dll
0x00007ffbc7060000 - 0x00007ffbc7184000 	C:\WINDOWS\System32\RPCRT4.dll
0x00007ffbc53c0000 - 0x00007ffbc5561000 	C:\WINDOWS\System32\USER32.dll
0x00007ffbc4be0000 - 0x00007ffbc4c02000 	C:\WINDOWS\System32\win32u.dll
0x00007ffbc6f20000 - 0x00007ffbc6f4b000 	C:\WINDOWS\System32\GDI32.dll
0x00007ffbc5210000 - 0x00007ffbc531f000 	C:\WINDOWS\System32\gdi32full.dll
0x00007ffbc4b40000 - 0x00007ffbc4bdd000 	C:\WINDOWS\System32\msvcp_win.dll
0x00007ffbc49d0000 - 0x00007ffbc4ad0000 	C:\WINDOWS\System32\ucrtbase.dll
0x00007ffbb26f0000 - 0x00007ffbb298a000 	C:\WINDOWS\WinSxS\amd64_microsoft.windows.common-controls_6595b64144ccf1df_6.0.19041.1110_none_60b5254171f9507e\COMCTL32.dll
0x00007ffbbb390000 - 0x00007ffbbb39a000 	C:\WINDOWS\SYSTEM32\VERSION.dll
0x00007ffbc7190000 - 0x00007ffbc71c0000 	C:\WINDOWS\System32\IMM32.DLL
0x00007ffbbb1d0000 - 0x00007ffbbb1e6000 	C:\Program Files\Java\jdk-11.0.1\bin\vcruntime140.dll
0x00007ffb921a0000 - 0x00007ffb9224a000 	C:\Program Files\Java\jdk-11.0.1\bin\msvcp140.dll
0x00007ffb6efb0000 - 0x00007ffb6faf2000 	C:\Program Files\Java\jdk-11.0.1\bin\server\jvm.dll
0x00007ffbc5eb0000 - 0x00007ffbc5eb8000 	C:\WINDOWS\System32\PSAPI.DLL
0x00007ffbb3950000 - 0x00007ffbb3977000 	C:\WINDOWS\SYSTEM32\WINMM.dll
0x00007ffbbd360000 - 0x00007ffbbd369000 	C:\WINDOWS\SYSTEM32\WSOCK32.dll
0x00007ffbc5880000 - 0x00007ffbc58eb000 	C:\WINDOWS\System32\WS2_32.dll
0x00007ffbc2890000 - 0x00007ffbc28a2000 	C:\WINDOWS\SYSTEM32\kernel.appcore.dll
0x00007ffbbb150000 - 0x00007ffbbb161000 	C:\Program Files\Java\jdk-11.0.1\bin\verify.dll
0x00007ffbb1ad0000 - 0x00007ffbb1cb4000 	C:\WINDOWS\SYSTEM32\DBGHELP.DLL
0x00007ffbc12f0000 - 0x00007ffbc1325000 	C:\WINDOWS\SYSTEM32\dbgcore.DLL
0x00007ffbc5150000 - 0x00007ffbc51d2000 	C:\WINDOWS\System32\bcryptPrimitives.dll
0x00007ffbb7540000 - 0x00007ffbb7569000 	C:\Program Files\Java\jdk-11.0.1\bin\java.dll
0x00007ffbbb130000 - 0x00007ffbbb146000 	C:\Program Files\Java\jdk-11.0.1\bin\zip.dll
0x00007ffbc0130000 - 0x00007ffbc013a000 	C:\Program Files\Java\jdk-11.0.1\bin\jimage.dll
0x00007ffbc5f20000 - 0x00007ffbc6665000 	C:\WINDOWS\System32\SHELL32.dll
0x00007ffbc2a90000 - 0x00007ffbc3222000 	C:\WINDOWS\SYSTEM32\windows.storage.dll
0x00007ffbc6730000 - 0x00007ffbc6a85000 	C:\WINDOWS\System32\combase.dll
0x00007ffbc4430000 - 0x00007ffbc4460000 	C:\WINDOWS\SYSTEM32\Wldp.dll
0x00007ffbc6f50000 - 0x00007ffbc6ffd000 	C:\WINDOWS\System32\SHCORE.dll
0x00007ffbc7000000 - 0x00007ffbc7055000 	C:\WINDOWS\System32\shlwapi.dll
0x00007ffbc4910000 - 0x00007ffbc492f000 	C:\WINDOWS\SYSTEM32\profapi.dll
0x00007ffbb8920000 - 0x00007ffbb8939000 	C:\Program Files\Java\jdk-11.0.1\bin\net.dll
0x00007ffbbccf0000 - 0x00007ffbbcdfa000 	C:\WINDOWS\SYSTEM32\WINHTTP.dll
0x00007ffbc4120000 - 0x00007ffbc418a000 	C:\WINDOWS\system32\mswsock.dll
0x00007ffbb7520000 - 0x00007ffbb7533000 	C:\Program Files\Java\jdk-11.0.1\bin\nio.dll
0x00007ffbbb170000 - 0x00007ffbbb197000 	C:\Users\Admin\.gradle\native\e1d6ef7f7dcc3fd88c89a11ec53ec762bb8ba0a96d01ffa2cd45eb1d1d8dd5c5\windows-amd64\native-platform.dll
0x00007ffb7ff80000 - 0x00007ffb800c4000 	C:\Users\Admin\.gradle\native\0d407fdbe67a94daf76414ababcb853783967236a71b16ec16e742cd7a986fd3\windows-amd64\native-platform-file-events.dll
0x00007ffbbb810000 - 0x00007ffbbb819000 	C:\Program Files\Java\jdk-11.0.1\bin\management.dll
0x00007ffbbb370000 - 0x00007ffbbb37c000 	C:\Program Files\Java\jdk-11.0.1\bin\management_ext.dll
0x00007ffbc4390000 - 0x00007ffbc43a8000 	C:\WINDOWS\SYSTEM32\CRYPTSP.dll
0x00007ffbc39d0000 - 0x00007ffbc3a04000 	C:\WINDOWS\system32\rsaenh.dll
0x00007ffbc51e0000 - 0x00007ffbc5207000 	C:\WINDOWS\System32\bcrypt.dll
0x00007ffbc48d0000 - 0x00007ffbc48fe000 	C:\WINDOWS\SYSTEM32\USERENV.dll
0x00007ffbc4380000 - 0x00007ffbc438c000 	C:\WINDOWS\SYSTEM32\CRYPTBASE.dll
0x00007ffbc3da0000 - 0x00007ffbc3ddb000 	C:\WINDOWS\SYSTEM32\IPHLPAPI.DLL
0x00007ffbc5aa0000 - 0x00007ffbc5aa8000 	C:\WINDOWS\System32\NSI.dll
0x00007ffbbe3d0000 - 0x00007ffbbe3e7000 	C:\WINDOWS\SYSTEM32\dhcpcsvc6.DLL
0x00007ffbbdd80000 - 0x00007ffbbdd9d000 	C:\WINDOWS\SYSTEM32\dhcpcsvc.DLL
0x00007ffbc3de0000 - 0x00007ffbc3eab000 	C:\WINDOWS\SYSTEM32\DNSAPI.dll
0x00007ffbacc40000 - 0x00007ffbacc57000 	C:\WINDOWS\system32\napinsp.dll
0x00007ffbacc20000 - 0x00007ffbacc3b000 	C:\WINDOWS\system32\pnrpnsp.dll
0x00007ffbacc00000 - 0x00007ffbacc15000 	C:\WINDOWS\system32\wshbth.dll
0x00007ffbc01f0000 - 0x00007ffbc020d000 	C:\WINDOWS\system32\NLAapi.dll
0x00007ffbacbe0000 - 0x00007ffbacbf2000 	C:\WINDOWS\System32\winrnr.dll
0x00007ffbb6eb0000 - 0x00007ffbb6eba000 	C:\Windows\System32\rasadhlp.dll
0x00007ffbb7050000 - 0x00007ffbb70d0000 	C:\WINDOWS\System32\fwpuclnt.dll
0x00007ffbba9a0000 - 0x00007ffbba9a7000 	C:\Program Files\Java\jdk-11.0.1\bin\rmi.dll
0x00007ffbb5a20000 - 0x00007ffbb5a3e000 	C:\Users\Admin\AppData\Local\Temp\native-platform6824605745555913652dir\native-platform.dll
0x00007ffbc3a60000 - 0x00007ffbc3a93000 	C:\WINDOWS\SYSTEM32\ntmarta.dll

dbghelp: loaded successfully - version: 4.0.5 - missing functions: none
symbol engine: initialized successfully - sym options: 0x614 - pdb path: .;C:\Program Files\Java\jdk-11.0.1\bin;C:\WINDOWS\SYSTEM32;C:\WINDOWS\WinSxS\amd64_microsoft.windows.common-controls_6595b64144ccf1df_6.0.19041.1110_none_60b5254171f9507e;C:\Program Files\Java\jdk-11.0.1\bin\server;C:\Users\Admin\.gradle\native\e1d6ef7f7dcc3fd88c89a11ec53ec762bb8ba0a96d01ffa2cd45eb1d1d8dd5c5\windows-amd64;C:\Users\Admin\.gradle\native\0d407fdbe67a94daf76414ababcb853783967236a71b16ec16e742cd7a986fd3\windows-amd64;C:\Users\Admin\AppData\Local\Temp\native-platform6824605745555913652dir

VM Arguments:
jvm_args: --add-opens=java.base/java.util=ALL-UNNAMED --add-opens=java.base/java.lang=ALL-UNNAMED --add-opens=java.base/java.lang.invoke=ALL-UNNAMED --add-opens=java.base/java.util=ALL-UNNAMED --add-opens=java.prefs/java.util.prefs=ALL-UNNAMED --add-opens=java.prefs/java.util.prefs=ALL-UNNAMED --add-opens=java.base/java.nio.charset=ALL-UNNAMED --add-opens=java.base/java.net=ALL-UNNAMED --add-opens=java.base/java.util.concurrent.atomic=ALL-UNNAMED -Xmx2048m -Dfile.encoding=UTF-8 -Duser.country=SV -Duser.language=es -Duser.variant 
java_command: org.gradle.launcher.daemon.bootstrap.GradleDaemon 7.5
java_class_path (initial): C:\Users\Admin\.gradle\wrapper\dists\gradle-7.5-bin\f1w0cc9nuo0eivz97x2xlu9sv\gradle-7.5\lib\gradle-launcher-7.5.jar
Launcher Type: SUN_STANDARD

[Global flags]
     intx CICompilerCount                          = 3                                         {product} {ergonomic}
     uint ConcGCThreads                            = 1                                         {product} {ergonomic}
     uint G1ConcRefinementThreads                  = 4                                         {product} {ergonomic}
   size_t G1HeapRegionSize                         = 1048576                                   {product} {ergonomic}
    uintx GCDrainStackTargetSize                   = 64                                        {product} {ergonomic}
   size_t InitialHeapSize                          = 134217728                                 {product} {ergonomic}
   size_t MarkStackSize                            = 4194304                                   {product} {ergonomic}
   size_t MaxHeapSize                              = 2147483648                                {product} {command line}
   size_t MaxNewSize                               = 1287651328                                {product} {ergonomic}
   size_t MinHeapDeltaBytes                        = 1048576                                   {product} {ergonomic}
    uintx NonNMethodCodeHeapSize                   = 5830092                                {pd product} {ergonomic}
    uintx NonProfiledCodeHeapSize                  = 122914074                              {pd product} {ergonomic}
    uintx ProfiledCodeHeapSize                     = 122914074                              {pd product} {ergonomic}
    uintx ReservedCodeCacheSize                    = 251658240                              {pd product} {ergonomic}
     bool SegmentedCodeCache                       = true                                      {product} {ergonomic}
     bool UseCompressedClassPointers               = true                                 {lp64_product} {ergonomic}
     bool UseCompressedOops                        = true                                 {lp64_product} {ergonomic}
     bool UseG1GC                                  = true                                      {product} {ergonomic}
     bool UseLargePagesIndividualAllocation        = false                                  {pd product} {ergonomic}

Logging:
Log output configuration:
 #0: stdout all=warning uptime,level,tags
 #1: stderr all=off uptime,level,tags

Environment Variables:
JAVA_HOME=C:\Program Files\Java\jdk-11.0.1
PATH=C:\Program Files (x86)\Razer\ChromaBroadcast\bin;E:\Program Files\Razer\ChromaBroadcast\bin;C:\Program Files\nodejs\;C:\WINDOWS\system32\config\systemprofile\AppData\Local\Microsoft\WindowsApps;E:\Git\cmd;C:\Users\Admin\AppData\Local\Microsoft\WindowsApps;C:\Users\Admin\AppData\Local\atom\bin;C:\Users\Admin\AppData\Local\Programs\Microsoft VS Code\bin;C:\Program Files\sfdx\bin;C:\Users\Admin\AppData\Local\GitHubDesktop\bin;C:\Users\Admin\AppData\Local\Microsoft\WindowsApps;E:\Program Files\JetBrains\IntelliJ IDEA 2022.2\bin;;E:\Program Files\heroku\bin;E:\Program Files\Azure Data Studio\bin;C:\srcSQLlite\sqlite-tools-win32-x86-3410000;C:\Program Files\MongoDB\Server\6.0\data;C:\Program Files\MongoDB\Server\6.0\log;C:\Users\Admin\AppData\Local\Programs\Azure Data Studio\bin;C:\Program Files\nodejs;C:\Users\Admin\AppData\Roaming\npm
USERNAME=Admin
OS=Windows_NT
PROCESSOR_IDENTIFIER=Intel64 Family 6 Model 58 Stepping 9, GenuineIntel



---------------  S Y S T E M  ---------------

OS: Windows 10 , 64 bit Build 19041 (10.0.19041.2546)

CPU:total 4 (initial active 4) (2 cores per cpu, 2 threads per core) family 6 model 58 stepping 9, cmov, cx8, fxsr, mmx, sse, sse2, sse3, ssse3, sse4.1, sse4.2, popcnt, avx, aes, clmul, erms, ht, tsc, tscinvbit, tscinv

Memory: 4k page, system-wide physical 8071M (1089M free)
TotalPageFile size 10119M (AvailPageFile size 11M)
current process WorkingSet (physical memory assigned to process): 655M, peak: 655M
current process commit charge ("private bytes"): 718M, peak: 889M

vm_info: Java HotSpot(TM) 64-Bit Server VM (11.0.1+13-LTS) for windows-amd64 JRE (11.0.1+13-LTS), built on Oct  6 2018 13:20:16 by "mach5one" with MS VC++ 15.5 (VS2017)

END.
