#
# There is insufficient memory for the Java Runtime Environment to continue.
# Native memory allocation (malloc) failed to allocate 976816 bytes for Chunk::new
# Possible reasons:
#   The system is out of physical RAM or swap space
#   The process is running with CompressedOops enabled, and the Java Heap may be blocking the growth of the native heap
# Possible solutions:
#   Reduce memory load on the system
#   Increase physical memory or swap space
#   Check if swap backing store is full
#   Decrease Java heap size (-Xmx/-Xms)
#   Decrease number of Java threads
#   Decrease Java thread stack sizes (-Xss)
#   Set larger code cache with -XX:ReservedCodeCacheSize=
#   JVM is running with Unscaled Compressed Oops mode in which the Java heap is
#     placed in the first 4GB address space. The Java Heap base address is the
#     maximum limit for the native heap growth. Please use -XX:HeapBaseMinAddress
#     to set the Java Heap base and to place the Java Heap above 4GB virtual address.
# This output file may be truncated or incomplete.
#
#  Out of Memory Error (t:/workspace/open/src/hotspot/share/memory/arena.cpp:197), pid=1164, tid=11468
#
# JRE version: Java(TM) SE Runtime Environment (11.0.1+13) (build 11.0.1+13-LTS)
# Java VM: Java HotSpot(TM) 64-Bit Server VM (11.0.1+13-LTS, mixed mode, tiered, compressed oops, g1 gc, windows-amd64)
# No core dump will be written. Minidumps are not enabled by default on client versions of Windows
#

---------------  S U M M A R Y ------------

Command Line: --add-opens=java.base/java.util=ALL-UNNAMED --add-opens=java.base/java.lang=ALL-UNNAMED --add-opens=java.base/java.lang.invoke=ALL-UNNAMED --add-opens=java.base/java.util=ALL-UNNAMED --add-opens=java.prefs/java.util.prefs=ALL-UNNAMED --add-opens=java.prefs/java.util.prefs=ALL-UNNAMED --add-opens=java.base/java.nio.charset=ALL-UNNAMED --add-opens=java.base/java.net=ALL-UNNAMED --add-opens=java.base/java.util.concurrent.atomic=ALL-UNNAMED -Xmx2048m -Dfile.encoding=UTF-8 -Duser.country=SV -Duser.language=es -Duser.variant org.gradle.launcher.daemon.bootstrap.GradleDaemon 7.5

Host: Intel(R) Core(TM) i5-3320M CPU @ 2.60GHz, 4 cores, 7G,  Windows 10 , 64 bit Build 19041 (10.0.19041.2546)
Time: Tue Apr  4 23:52:54 2023 Hora estándar, América Central elapsed time: 128 seconds (0d 0h 2m 8s)

---------------  T H R E A D  ---------------

Current thread (0x000002756f1c6000):  JavaThread "C2 CompilerThread0" daemon [_thread_in_native, id=11468, stack(0x00000077ec000000,0x00000077ec100000)]


Current CompileTask:
C2: 128099 15714       4       org.gradle.internal.service.DefaultServiceRegistry$SingletonService::get (5 bytes)

Stack: [0x00000077ec000000,0x00000077ec100000]
Native frames: (J=compiled Java code, j=interpreted, Vv=VM code, C=native code)
V  [jvm.dll+0x63c21a]
V  [jvm.dll+0x7797df]
V  [jvm.dll+0x77adca]
V  [jvm.dll+0x77b483]
V  [jvm.dll+0x2627f8]
V  [jvm.dll+0xc5c71]
V  [jvm.dll+0xc61fc]
V  [jvm.dll+0x2d10f4]
V  [jvm.dll+0x55412f]
V  [jvm.dll+0x21e3c9]
V  [jvm.dll+0x21b846]
V  [jvm.dll+0x198390]
V  [jvm.dll+0x22a97f]
V  [jvm.dll+0x228f98]
V  [jvm.dll+0x73f03d]
V  [jvm.dll+0x63b2b2]
C  [ucrtbase.dll+0x21bb2]
C  [KERNEL32.DLL+0x17614]
C  [ntdll.dll+0x526a1]


---------------  P R O C E S S  ---------------

Threads class SMR info:
_java_thread_list=0x00000275780ff450, length=54, elements={
0x000002754ee38000, 0x000002756f1a4000, 0x000002756f1af800, 0x000002756fb72800,
0x000002756f1bf800, 0x000002756f1c6000, 0x000002756f1ca800, 0x000002756f1cd800,
0x000002756fca0000, 0x000002756fce1800, 0x000002757083d000, 0x00000275712ec800,
0x0000027570aef000, 0x0000027570c70800, 0x0000027571ac6800, 0x000002756f1e5800,
0x000002756f1e2000, 0x000002756f1e7000, 0x000002756f1e8000, 0x000002756f1e9000,
0x000002756f1e4000, 0x0000027572d4d000, 0x0000027572d4e000, 0x0000027572d48000,
0x0000027570d0f000, 0x0000027570d0a800, 0x00000275772c7800, 0x00000275772cd000,
0x00000275772cc800, 0x0000027579e80800, 0x0000027579e81000, 0x0000027579e82000,
0x0000027579e7c000, 0x0000027579e82800, 0x0000027579e7d000, 0x0000027579e87000,
0x0000027579e86000, 0x000002757a304000, 0x000002757a2fe800, 0x000002757a301000,
0x000002757a305000, 0x000002757a301800, 0x000002757a2ff800, 0x000002757a302800,
0x000002757a303800, 0x000002757a306000, 0x000002757a300000, 0x000002757a307800,
0x000002757a30b800, 0x0000027579c15800, 0x000002757a306800, 0x000002757a308800,
0x000002757a309000, 0x000002757a30c800
}

Java Threads: ( => current thread )
  0x000002754ee38000 JavaThread "main" [_thread_blocked, id=22400, stack(0x00000077eb500000,0x00000077eb600000)]
  0x000002756f1a4000 JavaThread "Reference Handler" daemon [_thread_blocked, id=19240, stack(0x00000077ebc00000,0x00000077ebd00000)]
  0x000002756f1af800 JavaThread "Finalizer" daemon [_thread_blocked, id=6716, stack(0x00000077ebd00000,0x00000077ebe00000)]
  0x000002756fb72800 JavaThread "Signal Dispatcher" daemon [_thread_blocked, id=13204, stack(0x00000077ebe00000,0x00000077ebf00000)]
  0x000002756f1bf800 JavaThread "Attach Listener" daemon [_thread_blocked, id=13744, stack(0x00000077ebf00000,0x00000077ec000000)]
=>0x000002756f1c6000 JavaThread "C2 CompilerThread0" daemon [_thread_in_native, id=11468, stack(0x00000077ec000000,0x00000077ec100000)]
  0x000002756f1ca800 JavaThread "C1 CompilerThread0" daemon [_thread_blocked, id=12416, stack(0x00000077ec100000,0x00000077ec200000)]
  0x000002756f1cd800 JavaThread "Sweeper thread" daemon [_thread_blocked, id=18740, stack(0x00000077ec200000,0x00000077ec300000)]
  0x000002756fca0000 JavaThread "Common-Cleaner" daemon [_thread_blocked, id=21584, stack(0x00000077ec300000,0x00000077ec400000)]
  0x000002756fce1800 JavaThread "Service Thread" daemon [_thread_blocked, id=8932, stack(0x00000077ec400000,0x00000077ec500000)]
  0x000002757083d000 JavaThread "Daemon health stats" [_thread_blocked, id=14512, stack(0x00000077ec600000,0x00000077ec700000)]
  0x00000275712ec800 JavaThread "Incoming local TCP Connector on port 58248" [_thread_in_native, id=13276, stack(0x00000077ec900000,0x00000077eca00000)]
  0x0000027570aef000 JavaThread "Daemon periodic checks" [_thread_blocked, id=15656, stack(0x00000077eca00000,0x00000077ecb00000)]
  0x0000027570c70800 JavaThread "Daemon" [_thread_blocked, id=14260, stack(0x00000077ecb00000,0x00000077ecc00000)]
  0x0000027571ac6800 JavaThread "Daemon worker" [_thread_blocked, id=9708, stack(0x00000077ece00000,0x00000077ecf00000)]
  0x000002756f1e5800 JavaThread "Cache worker for journal cache (C:\Users\Admin\.gradle\caches\journal-1)" [_thread_blocked, id=6520, stack(0x00000077ed200000,0x00000077ed300000)]
  0x000002756f1e2000 JavaThread "File lock request listener" [_thread_in_native, id=21588, stack(0x00000077ed300000,0x00000077ed400000)]
  0x000002756f1e7000 JavaThread "Cache worker for file hash cache (C:\Users\Admin\.gradle\caches\7.5\fileHashes)" [_thread_blocked, id=5968, stack(0x00000077ed500000,0x00000077ed600000)]
  0x000002756f1e8000 JavaThread "File watcher server" daemon [_thread_in_native, id=7888, stack(0x00000077ed700000,0x00000077ed800000)]
  0x000002756f1e9000 JavaThread "File watcher consumer" daemon [_thread_blocked, id=8384, stack(0x00000077ed800000,0x00000077ed900000)]
  0x000002756f1e4000 JavaThread "Cache worker for file content cache (C:\Users\Admin\.gradle\caches\7.5\fileContent)" [_thread_blocked, id=19216, stack(0x00000077eda00000,0x00000077edb00000)]
  0x0000027572d4d000 JavaThread "Cache worker for execution history cache (C:\Users\Admin\.gradle\caches\7.5\executionHistory)" [_thread_blocked, id=5692, stack(0x00000077edd00000,0x00000077ede00000)]
  0x0000027572d4e000 JavaThread "jar transforms" [_thread_blocked, id=16812, stack(0x00000077ede00000,0x00000077edf00000)]
  0x0000027572d48000 JavaThread "jar transforms Thread 2" [_thread_blocked, id=908, stack(0x00000077edf00000,0x00000077ee000000)]
  0x0000027570d0f000 JavaThread "jar transforms Thread 3" [_thread_blocked, id=14656, stack(0x00000077ee100000,0x00000077ee200000)]
  0x0000027570d0a800 JavaThread "jar transforms Thread 4" [_thread_blocked, id=4444, stack(0x00000077ee200000,0x00000077ee300000)]
  0x00000275772c7800 JavaThread "Memory manager" [_thread_blocked, id=18700, stack(0x00000077f0f00000,0x00000077f1000000)]
  0x00000275772cd000 JavaThread "pool-3-thread-1" [_thread_blocked, id=11928, stack(0x00000077f1200000,0x00000077f1300000)]
  0x00000275772cc800 JavaThread "included builds" [_thread_blocked, id=8100, stack(0x00000077f1400000,0x00000077f1500000)]
  0x0000027579e80800 JavaThread "RMI Scheduler(0)" daemon [_thread_blocked, id=11588, stack(0x00000077eb300000,0x00000077eb400000)]
  0x0000027579e81000 JavaThread "RMI GC Daemon" daemon [_thread_blocked, id=8800, stack(0x00000077f1900000,0x00000077f1a00000)]
  0x0000027579e82000 JavaThread "RMI TCP Accept-0" daemon [_thread_in_native, id=14864, stack(0x00000077f1a00000,0x00000077f1b00000)]
  0x0000027579e7c000 JavaThread "RMI Reaper" [_thread_blocked, id=20408, stack(0x00000077f1b00000,0x00000077f1c00000)]
  0x0000027579e82800 JavaThread "RMI TCP Connection(idle)" daemon [_thread_blocked, id=19268, stack(0x00000077f1c00000,0x00000077f1d00000)]
  0x0000027579e7d000 JavaThread "Cache worker for Java compile cache (C:\Users\Admin\.gradle\caches\7.5\javaCompile)" [_thread_blocked, id=15668, stack(0x00000077ed000000,0x00000077ed100000)]
  0x0000027579e87000 JavaThread "ForkJoinPool.commonPool-worker-3" daemon [_thread_blocked, id=12516, stack(0x00000077eb400000,0x00000077eb500000)]
  0x0000027579e86000 JavaThread "ForkJoinPool.commonPool-worker-5" daemon [_thread_blocked, id=14496, stack(0x00000077f2300000,0x00000077f2400000)]
  0x000002757a304000 JavaThread "ForkJoinPool.commonPool-worker-7" daemon [_thread_blocked, id=10200, stack(0x00000077f2400000,0x00000077f2500000)]
  0x000002757a2fe800 JavaThread "Handler for socket connection from /127.0.0.1:58248 to /127.0.0.1:58466" [_thread_in_native, id=6252, stack(0x00000077eb200000,0x00000077eb300000)]
  0x000002757a301000 JavaThread "Cancel handler" [_thread_blocked, id=11360, stack(0x00000077ecc00000,0x00000077ecd00000)]
  0x000002757a305000 JavaThread "Asynchronous log dispatcher for DefaultDaemonConnection: socket connection from /127.0.0.1:58248 to /127.0.0.1:58466" [_thread_blocked, id=8228, stack(0x00000077ecd00000,0x00000077ece00000)]
  0x000002757a301800 JavaThread "Stdin handler" [_thread_blocked, id=7516, stack(0x00000077ecf00000,0x00000077ed000000)]
  0x000002757a2ff800 JavaThread "Daemon client event forwarder" [_thread_blocked, id=18876, stack(0x00000077ed100000,0x00000077ed200000)]
  0x000002757a302800 JavaThread "Cache worker for checksums cache (E:\ProyectoCatedra2\.gradle\7.5\checksums)" [_thread_blocked, id=21496, stack(0x00000077ed600000,0x00000077ed700000)]
  0x000002757a303800 JavaThread "Cache worker for cache directory md-rule (C:\Users\Admin\.gradle\caches\7.5\md-rule)" [_thread_blocked, id=4052, stack(0x00000077ed900000,0x00000077eda00000)]
  0x000002757a306000 JavaThread "Cache worker for file hash cache (E:\ProyectoCatedra2\.gradle\7.5\fileHashes)" [_thread_blocked, id=972, stack(0x00000077edb00000,0x00000077edc00000)]
  0x000002757a300000 JavaThread "Cache worker for cache directory md-supplier (C:\Users\Admin\.gradle\caches\7.5\md-supplier)" [_thread_blocked, id=11684, stack(0x00000077edc00000,0x00000077edd00000)]
  0x000002757a307800 JavaThread "Cache worker for dependencies-accessors (E:\ProyectoCatedra2\.gradle\7.5\dependencies-accessors)" [_thread_blocked, id=11112, stack(0x00000077ee000000,0x00000077ee100000)]
  0x000002757a30b800 JavaThread "Cache worker for Build Output Cleanup Cache (E:\ProyectoCatedra2\.gradle\buildOutputCleanup)" [_thread_blocked, id=11964, stack(0x00000077ee300000,0x00000077ee400000)]
  0x0000027579c15800 JavaThread "C2 CompilerThread1" daemon [_thread_in_native, id=13828, stack(0x00000077ee400000,0x00000077ee500000)]
  0x000002757a306800 JavaThread "Unconstrained build operations" [_thread_blocked, id=21892, stack(0x00000077ee600000,0x00000077ee700000)]
  0x000002757a308800 JavaThread "Unconstrained build operations Thread 2" [_thread_in_vm, id=4492, stack(0x00000077ee700000,0x00000077ee800000)]
  0x000002757a309000 JavaThread "Unconstrained build operations Thread 3" [_thread_blocked, id=18736, stack(0x00000077ee800000,0x00000077ee900000)]
  0x000002757a30c800 JavaThread "Unconstrained build operations Thread 4" [_thread_blocked, id=9056, stack(0x00000077ee900000,0x00000077eea00000)]

Other Threads:
  0x000002756f1a0000 VMThread "VM Thread" [stack: 0x00000077ebb00000,0x00000077ebc00000] [id=21580]
  0x000002756fce4000 WatcherThread [stack: 0x00000077ec500000,0x00000077ec600000] [id=21572]
  0x000002754ee4f000 GCTaskThread "GC Thread#0" [stack: 0x00000077eb600000,0x00000077eb700000] [id=16520]
  0x000002756ff0f000 GCTaskThread "GC Thread#1" [stack: 0x00000077ec700000,0x00000077ec800000] [id=10120]
  0x000002756ff0f800 GCTaskThread "GC Thread#2" [stack: 0x00000077ec800000,0x00000077ec900000] [id=17008]
  0x0000027571cce000 GCTaskThread "GC Thread#3" [stack: 0x00000077ed400000,0x00000077ed500000] [id=9304]
  0x000002754ee80000 ConcurrentGCThread "G1 Main Marker" [stack: 0x00000077eb700000,0x00000077eb800000] [id=12320]
  0x000002754ee81000 ConcurrentGCThread "G1 Conc#0" [stack: 0x00000077eb800000,0x00000077eb900000] [id=20016]
  0x000002754ef0d800 ConcurrentGCThread "G1 Refine#0" [stack: 0x00000077eb900000,0x00000077eba00000] [id=21576]
  0x000002754ef0e800 ConcurrentGCThread "G1 Young RemSet Sampling" [stack: 0x00000077eba00000,0x00000077ebb00000] [id=11180]

Threads with active compile tasks:
C2 CompilerThread015714       4       org.gradle.internal.service.DefaultServiceRegistry$SingletonService::get (5 bytes)
C1 CompilerThread015905       3       org.gradle.api.internal.artifacts.ivyservice.resolveengine.artifact.DefaultArtifactSet::lambda$supplyLazilyResolvedArtifacts$2 (222 bytes)
C2 CompilerThread115804       4       com.esotericsoftware.kryo.io.Input::readString (127 bytes)

VM state:synchronizing (normal execution)

VM Mutex/Monitor currently owned by a thread:  ([mutex/lock_event])
[0x000002754ee33a00] Threads_lock - owner thread: 0x000002756f1a0000

Heap address: 0x0000000080000000, size: 2048 MB, Compressed Oops mode: 32-bit
Narrow klass base: 0x0000000000000000, Narrow klass shift: 3
Compressed class space size: 1073741824 Address: 0x0000000100000000

Heap:
 garbage-first heap   total 189440K, used 149772K [0x0000000080000000, 0x0000000100000000)
  region size 1024K, 20 young (20480K), 1 survivors (1024K)
 Metaspace       used 127775K, capacity 131629K, committed 131660K, reserved 1163264K
  class space    used 16759K, capacity 18224K, committed 18252K, reserved 1048576K
Heap Regions: E=young(eden), S=young(survivor), O=old, HS=humongous(starts), HC=humongous(continues), CS=collection set, F=free, A=archive, TAMS=top-at-mark-start (previous, next)
|   0|0x0000000080000000, 0x0000000080100000, 0x0000000080100000|100%|HS|  |TAMS 0x0000000080100000, 0x0000000080000000| Complete 
|   1|0x0000000080100000, 0x0000000080200000, 0x0000000080200000|100%|HC|  |TAMS 0x0000000080200000, 0x0000000080100000| Complete 
|   2|0x0000000080200000, 0x0000000080300000, 0x0000000080300000|100%|HC|  |TAMS 0x0000000080300000, 0x0000000080200000| Complete 
|   3|0x0000000080300000, 0x0000000080400000, 0x0000000080400000|100%| O|  |TAMS 0x0000000080400000, 0x0000000080300000| Untracked 
|   4|0x0000000080400000, 0x0000000080500000, 0x0000000080500000|100%| O|  |TAMS 0x0000000080500000, 0x0000000080400000| Untracked 
|   5|0x0000000080500000, 0x0000000080600000, 0x0000000080600000|100%| O|  |TAMS 0x0000000080600000, 0x0000000080500000| Untracked 
|   6|0x0000000080600000, 0x0000000080700000, 0x0000000080700000|100%| O|  |TAMS 0x0000000080700000, 0x0000000080600000| Untracked 
|   7|0x0000000080700000, 0x0000000080800000, 0x0000000080800000|100%| O|  |TAMS 0x0000000080800000, 0x0000000080700000| Untracked 
|   8|0x0000000080800000, 0x0000000080900000, 0x0000000080900000|100%| O|  |TAMS 0x0000000080900000, 0x0000000080800000| Untracked 
|   9|0x0000000080900000, 0x0000000080a00000, 0x0000000080a00000|100%| O|  |TAMS 0x0000000080a00000, 0x0000000080900000| Untracked 
|  10|0x0000000080a00000, 0x0000000080b00000, 0x0000000080b00000|100%| O|  |TAMS 0x0000000080b00000, 0x0000000080a00000| Untracked 
|  11|0x0000000080b00000, 0x0000000080c00000, 0x0000000080c00000|100%| O|  |TAMS 0x0000000080c00000, 0x0000000080b00000| Untracked 
|  12|0x0000000080c00000, 0x0000000080d00000, 0x0000000080d00000|100%| O|  |TAMS 0x0000000080d00000, 0x0000000080c00000| Untracked 
|  13|0x0000000080d00000, 0x0000000080e00000, 0x0000000080e00000|100%| O|  |TAMS 0x0000000080e00000, 0x0000000080d00000| Untracked 
|  14|0x0000000080e00000, 0x0000000080f00000, 0x0000000080f00000|100%| O|  |TAMS 0x0000000080f00000, 0x0000000080e00000| Untracked 
|  15|0x0000000080f00000, 0x0000000081000000, 0x0000000081000000|100%| O|  |TAMS 0x0000000081000000, 0x0000000080f00000| Untracked 
|  16|0x0000000081000000, 0x0000000081100000, 0x0000000081100000|100%|HS|  |TAMS 0x0000000081100000, 0x0000000081000000| Complete 
|  17|0x0000000081100000, 0x0000000081200000, 0x0000000081200000|100%| O|  |TAMS 0x0000000081200000, 0x0000000081100000| Untracked 
|  18|0x0000000081200000, 0x0000000081300000, 0x0000000081300000|100%| O|  |TAMS 0x0000000081300000, 0x0000000081200000| Untracked 
|  19|0x0000000081300000, 0x0000000081400000, 0x0000000081400000|100%| O|  |TAMS 0x0000000081400000, 0x0000000081300000| Untracked 
|  20|0x0000000081400000, 0x0000000081500000, 0x0000000081500000|100%| O|  |TAMS 0x0000000081500000, 0x0000000081400000| Untracked 
|  21|0x0000000081500000, 0x0000000081600000, 0x0000000081600000|100%| O|  |TAMS 0x0000000081600000, 0x0000000081500000| Untracked 
|  22|0x0000000081600000, 0x0000000081700000, 0x0000000081700000|100%| O|  |TAMS 0x0000000081700000, 0x0000000081600000| Untracked 
|  23|0x0000000081700000, 0x0000000081800000, 0x0000000081800000|100%| O|  |TAMS 0x0000000081800000, 0x0000000081700000| Untracked 
|  24|0x0000000081800000, 0x0000000081900000, 0x0000000081900000|100%| O|  |TAMS 0x0000000081900000, 0x0000000081800000| Untracked 
|  25|0x0000000081900000, 0x0000000081a00000, 0x0000000081a00000|100%| O|  |TAMS 0x0000000081a00000, 0x0000000081900000| Untracked 
|  26|0x0000000081a00000, 0x0000000081b00000, 0x0000000081b00000|100%| O|  |TAMS 0x0000000081b00000, 0x0000000081a00000| Untracked 
|  27|0x0000000081b00000, 0x0000000081c00000, 0x0000000081c00000|100%| O|  |TAMS 0x0000000081c00000, 0x0000000081b00000| Untracked 
|  28|0x0000000081c00000, 0x0000000081d00000, 0x0000000081d00000|100%|HS|  |TAMS 0x0000000081d00000, 0x0000000081c00000| Complete 
|  29|0x0000000081d00000, 0x0000000081e00000, 0x0000000081e00000|100%|HS|  |TAMS 0x0000000081e00000, 0x0000000081d00000| Complete 
|  30|0x0000000081e00000, 0x0000000081f00000, 0x0000000081f00000|100%|HC|  |TAMS 0x0000000081f00000, 0x0000000081e00000| Complete 
|  31|0x0000000081f00000, 0x0000000082000000, 0x0000000082000000|100%|HS|  |TAMS 0x0000000082000000, 0x0000000081f00000| Complete 
|  32|0x0000000082000000, 0x0000000082100000, 0x0000000082100000|100%|HC|  |TAMS 0x0000000082100000, 0x0000000082000000| Complete 
|  33|0x0000000082100000, 0x0000000082200000, 0x0000000082200000|100%|HC|  |TAMS 0x0000000082200000, 0x0000000082100000| Complete 
|  34|0x0000000082200000, 0x0000000082300000, 0x0000000082300000|100%|HC|  |TAMS 0x0000000082300000, 0x0000000082200000| Complete 
|  35|0x0000000082300000, 0x0000000082400000, 0x0000000082400000|100%| O|  |TAMS 0x0000000082400000, 0x0000000082300000| Untracked 
|  36|0x0000000082400000, 0x0000000082500000, 0x0000000082500000|100%| O|  |TAMS 0x0000000082500000, 0x0000000082400000| Untracked 
|  37|0x0000000082500000, 0x0000000082600000, 0x0000000082600000|100%| O|  |TAMS 0x0000000082600000, 0x0000000082500000| Untracked 
|  38|0x0000000082600000, 0x0000000082700000, 0x0000000082700000|100%| O|  |TAMS 0x0000000082700000, 0x0000000082600000| Untracked 
|  39|0x0000000082700000, 0x0000000082800000, 0x0000000082800000|100%| O|  |TAMS 0x0000000082800000, 0x0000000082700000| Untracked 
|  40|0x0000000082800000, 0x0000000082900000, 0x0000000082900000|100%| O|  |TAMS 0x0000000082900000, 0x0000000082800000| Untracked 
|  41|0x0000000082900000, 0x0000000082a00000, 0x0000000082a00000|100%| O|  |TAMS 0x0000000082a00000, 0x0000000082900000| Untracked 
|  42|0x0000000082a00000, 0x0000000082b00000, 0x0000000082b00000|100%| O|  |TAMS 0x0000000082b00000, 0x0000000082a00000| Untracked 
|  43|0x0000000082b00000, 0x0000000082c00000, 0x0000000082c00000|100%| O|  |TAMS 0x0000000082c00000, 0x0000000082b00000| Untracked 
|  44|0x0000000082c00000, 0x0000000082d00000, 0x0000000082d00000|100%| O|  |TAMS 0x0000000082d00000, 0x0000000082c00000| Untracked 
|  45|0x0000000082d00000, 0x0000000082e00000, 0x0000000082e00000|100%| O|  |TAMS 0x0000000082e00000, 0x0000000082d00000| Untracked 
|  46|0x0000000082e00000, 0x0000000082f00000, 0x0000000082f00000|100%| O|  |TAMS 0x0000000082f00000, 0x0000000082e00000| Untracked 
|  47|0x0000000082f00000, 0x0000000083000000, 0x0000000083000000|100%| O|  |TAMS 0x0000000083000000, 0x0000000082f00000| Untracked 
|  48|0x0000000083000000, 0x0000000083100000, 0x0000000083100000|100%| O|  |TAMS 0x0000000083100000, 0x0000000083000000| Untracked 
|  49|0x0000000083100000, 0x0000000083200000, 0x0000000083200000|100%| O|  |TAMS 0x0000000083200000, 0x0000000083100000| Untracked 
|  50|0x0000000083200000, 0x0000000083300000, 0x0000000083300000|100%| O|  |TAMS 0x0000000083300000, 0x0000000083200000| Untracked 
|  51|0x0000000083300000, 0x0000000083400000, 0x0000000083400000|100%| O|  |TAMS 0x0000000083400000, 0x0000000083300000| Untracked 
|  52|0x0000000083400000, 0x0000000083500000, 0x0000000083500000|100%| O|  |TAMS 0x0000000083500000, 0x0000000083400000| Untracked 
|  53|0x0000000083500000, 0x0000000083600000, 0x0000000083600000|100%| O|  |TAMS 0x0000000083600000, 0x0000000083500000| Untracked 
|  54|0x0000000083600000, 0x0000000083700000, 0x0000000083700000|100%| O|  |TAMS 0x0000000083700000, 0x0000000083600000| Untracked 
|  55|0x0000000083700000, 0x0000000083800000, 0x0000000083800000|100%| O|  |TAMS 0x0000000083800000, 0x0000000083700000| Untracked 
|  56|0x0000000083800000, 0x0000000083900000, 0x0000000083900000|100%| O|  |TAMS 0x0000000083900000, 0x0000000083800000| Untracked 
|  57|0x0000000083900000, 0x0000000083a00000, 0x0000000083a00000|100%| O|  |TAMS 0x0000000083a00000, 0x0000000083900000| Untracked 
|  58|0x0000000083a00000, 0x0000000083b00000, 0x0000000083b00000|100%| O|  |TAMS 0x0000000083b00000, 0x0000000083a00000| Untracked 
|  59|0x0000000083b00000, 0x0000000083c00000, 0x0000000083c00000|100%| O|  |TAMS 0x0000000083c00000, 0x0000000083b00000| Untracked 
|  60|0x0000000083c00000, 0x0000000083d00000, 0x0000000083d00000|100%| O|  |TAMS 0x0000000083d00000, 0x0000000083c00000| Untracked 
|  61|0x0000000083d00000, 0x0000000083e00000, 0x0000000083e00000|100%| O|  |TAMS 0x0000000083e00000, 0x0000000083d00000| Untracked 
|  62|0x0000000083e00000, 0x0000000083f00000, 0x0000000083f00000|100%| O|  |TAMS 0x0000000083f00000, 0x0000000083e00000| Untracked 
|  63|0x0000000083f00000, 0x0000000084000000, 0x0000000084000000|100%| O|  |TAMS 0x0000000084000000, 0x0000000083f00000| Untracked 
|  64|0x0000000084000000, 0x0000000084100000, 0x0000000084100000|100%| O|  |TAMS 0x0000000084100000, 0x0000000084000000| Untracked 
|  65|0x0000000084100000, 0x0000000084200000, 0x0000000084200000|100%| O|  |TAMS 0x0000000084200000, 0x0000000084100000| Untracked 
|  66|0x0000000084200000, 0x0000000084300000, 0x0000000084300000|100%| O|  |TAMS 0x0000000084300000, 0x0000000084200000| Untracked 
|  67|0x0000000084300000, 0x0000000084400000, 0x0000000084400000|100%| O|  |TAMS 0x0000000084400000, 0x0000000084300000| Untracked 
|  68|0x0000000084400000, 0x0000000084500000, 0x0000000084500000|100%| O|  |TAMS 0x0000000084500000, 0x0000000084400000| Untracked 
|  69|0x0000000084500000, 0x0000000084600000, 0x0000000084600000|100%| O|  |TAMS 0x0000000084600000, 0x0000000084500000| Untracked 
|  70|0x0000000084600000, 0x0000000084700000, 0x0000000084700000|100%| O|  |TAMS 0x0000000084700000, 0x0000000084600000| Untracked 
|  71|0x0000000084700000, 0x0000000084800000, 0x0000000084800000|100%| O|  |TAMS 0x0000000084800000, 0x0000000084700000| Untracked 
|  72|0x0000000084800000, 0x0000000084900000, 0x0000000084900000|100%| O|  |TAMS 0x0000000084900000, 0x0000000084800000| Untracked 
|  73|0x0000000084900000, 0x0000000084a00000, 0x0000000084a00000|100%| O|  |TAMS 0x0000000084a00000, 0x0000000084900000| Untracked 
|  74|0x0000000084a00000, 0x0000000084b00000, 0x0000000084b00000|100%| O|  |TAMS 0x0000000084b00000, 0x0000000084a00000| Untracked 
|  75|0x0000000084b00000, 0x0000000084c00000, 0x0000000084c00000|100%| O|  |TAMS 0x0000000084c00000, 0x0000000084b00000| Untracked 
|  76|0x0000000084c00000, 0x0000000084d00000, 0x0000000084d00000|100%| O|  |TAMS 0x0000000084d00000, 0x0000000084c00000| Untracked 
|  77|0x0000000084d00000, 0x0000000084e00000, 0x0000000084e00000|100%| O|  |TAMS 0x0000000084e00000, 0x0000000084d00000| Untracked 
|  78|0x0000000084e00000, 0x0000000084f00000, 0x0000000084f00000|100%| O|  |TAMS 0x0000000084f00000, 0x0000000084e00000| Untracked 
|  79|0x0000000084f00000, 0x0000000085000000, 0x0000000085000000|100%| O|  |TAMS 0x0000000085000000, 0x0000000084f00000| Untracked 
|  80|0x0000000085000000, 0x0000000085100000, 0x0000000085100000|100%| O|  |TAMS 0x0000000085100000, 0x0000000085000000| Untracked 
|  81|0x0000000085100000, 0x0000000085200000, 0x0000000085200000|100%| O|  |TAMS 0x0000000085200000, 0x0000000085100000| Untracked 
|  82|0x0000000085200000, 0x0000000085300000, 0x0000000085300000|100%| O|  |TAMS 0x0000000085300000, 0x0000000085200000| Untracked 
|  83|0x0000000085300000, 0x0000000085400000, 0x0000000085400000|100%| O|  |TAMS 0x0000000085400000, 0x0000000085300000| Untracked 
|  84|0x0000000085400000, 0x0000000085500000, 0x0000000085500000|100%| O|  |TAMS 0x0000000085500000, 0x0000000085400000| Untracked 
|  85|0x0000000085500000, 0x0000000085600000, 0x0000000085600000|100%| O|  |TAMS 0x0000000085600000, 0x0000000085500000| Untracked 
|  86|0x0000000085600000, 0x0000000085700000, 0x0000000085700000|100%| O|  |TAMS 0x0000000085700000, 0x0000000085600000| Untracked 
|  87|0x0000000085700000, 0x0000000085800000, 0x0000000085800000|100%| O|  |TAMS 0x0000000085800000, 0x0000000085700000| Untracked 
|  88|0x0000000085800000, 0x0000000085900000, 0x0000000085900000|100%| O|  |TAMS 0x0000000085900000, 0x0000000085800000| Untracked 
|  89|0x0000000085900000, 0x0000000085a00000, 0x0000000085a00000|100%| O|  |TAMS 0x0000000085a00000, 0x0000000085900000| Untracked 
|  90|0x0000000085a00000, 0x0000000085b00000, 0x0000000085b00000|100%| O|  |TAMS 0x0000000085b00000, 0x0000000085a00000| Untracked 
|  91|0x0000000085b00000, 0x0000000085c00000, 0x0000000085c00000|100%| O|  |TAMS 0x0000000085c00000, 0x0000000085b00000| Untracked 
|  92|0x0000000085c00000, 0x0000000085d00000, 0x0000000085d00000|100%| O|  |TAMS 0x0000000085d00000, 0x0000000085c00000| Untracked 
|  93|0x0000000085d00000, 0x0000000085e00000, 0x0000000085e00000|100%| O|  |TAMS 0x0000000085e00000, 0x0000000085d00000| Untracked 
|  94|0x0000000085e00000, 0x0000000085f00000, 0x0000000085f00000|100%| O|  |TAMS 0x0000000085f00000, 0x0000000085e00000| Untracked 
|  95|0x0000000085f00000, 0x0000000086000000, 0x0000000086000000|100%| O|  |TAMS 0x0000000086000000, 0x0000000085f00000| Untracked 
|  96|0x0000000086000000, 0x0000000086100000, 0x0000000086100000|100%| O|  |TAMS 0x0000000086100000, 0x0000000086000000| Untracked 
|  97|0x0000000086100000, 0x0000000086200000, 0x0000000086200000|100%| O|  |TAMS 0x0000000086200000, 0x0000000086100000| Untracked 
|  98|0x0000000086200000, 0x0000000086300000, 0x0000000086300000|100%| O|  |TAMS 0x0000000086300000, 0x0000000086200000| Untracked 
|  99|0x0000000086300000, 0x0000000086400000, 0x0000000086400000|100%| O|  |TAMS 0x0000000086400000, 0x0000000086300000| Untracked 
| 100|0x0000000086400000, 0x0000000086500000, 0x0000000086500000|100%| O|  |TAMS 0x0000000086500000, 0x0000000086400000| Untracked 
| 101|0x0000000086500000, 0x0000000086600000, 0x0000000086600000|100%| O|  |TAMS 0x0000000086600000, 0x0000000086500000| Untracked 
| 102|0x0000000086600000, 0x0000000086700000, 0x0000000086700000|100%| O|  |TAMS 0x0000000086700000, 0x0000000086600000| Untracked 
| 103|0x0000000086700000, 0x0000000086800000, 0x0000000086800000|100%| O|  |TAMS 0x0000000086800000, 0x0000000086700000| Untracked 
| 104|0x0000000086800000, 0x0000000086900000, 0x0000000086900000|100%| O|  |TAMS 0x0000000086900000, 0x0000000086800000| Untracked 
| 105|0x0000000086900000, 0x0000000086a00000, 0x0000000086a00000|100%| O|  |TAMS 0x0000000086a00000, 0x0000000086900000| Untracked 
| 106|0x0000000086a00000, 0x0000000086b00000, 0x0000000086b00000|100%| O|  |TAMS 0x0000000086b00000, 0x0000000086a00000| Untracked 
| 107|0x0000000086b00000, 0x0000000086c00000, 0x0000000086c00000|100%| O|  |TAMS 0x0000000086c00000, 0x0000000086b00000| Untracked 
| 108|0x0000000086c00000, 0x0000000086d00000, 0x0000000086d00000|100%| O|  |TAMS 0x0000000086d00000, 0x0000000086c00000| Untracked 
| 109|0x0000000086d00000, 0x0000000086e00000, 0x0000000086e00000|100%| O|  |TAMS 0x0000000086e00000, 0x0000000086d00000| Untracked 
| 110|0x0000000086e00000, 0x0000000086f00000, 0x0000000086f00000|100%| O|  |TAMS 0x0000000086f00000, 0x0000000086e00000| Untracked 
| 111|0x0000000086f00000, 0x0000000087000000, 0x0000000087000000|100%| O|  |TAMS 0x0000000087000000, 0x0000000086f00000| Untracked 
| 112|0x0000000087000000, 0x0000000087100000, 0x0000000087100000|100%| O|  |TAMS 0x0000000087100000, 0x0000000087000000| Untracked 
| 113|0x0000000087100000, 0x0000000087200000, 0x0000000087200000|100%| O|  |TAMS 0x0000000087200000, 0x0000000087100000| Untracked 
| 114|0x0000000087200000, 0x0000000087300000, 0x0000000087300000|100%| O|  |TAMS 0x0000000087300000, 0x0000000087200000| Untracked 
| 115|0x0000000087300000, 0x0000000087400000, 0x0000000087400000|100%| O|  |TAMS 0x0000000087400000, 0x0000000087300000| Untracked 
| 116|0x0000000087400000, 0x0000000087500000, 0x0000000087500000|100%| O|  |TAMS 0x0000000087500000, 0x0000000087400000| Untracked 
| 117|0x0000000087500000, 0x0000000087600000, 0x0000000087600000|100%| O|  |TAMS 0x0000000087600000, 0x0000000087500000| Untracked 
| 118|0x0000000087600000, 0x0000000087700000, 0x0000000087700000|100%| O|  |TAMS 0x0000000087700000, 0x0000000087600000| Untracked 
| 119|0x0000000087700000, 0x0000000087800000, 0x0000000087800000|100%| O|  |TAMS 0x0000000087800000, 0x0000000087700000| Untracked 
| 120|0x0000000087800000, 0x0000000087900000, 0x0000000087900000|100%| O|  |TAMS 0x0000000087900000, 0x0000000087800000| Untracked 
| 121|0x0000000087900000, 0x0000000087a00000, 0x0000000087a00000|100%| O|  |TAMS 0x0000000087a00000, 0x0000000087900000| Untracked 
| 122|0x0000000087a00000, 0x0000000087b00000, 0x0000000087b00000|100%| O|  |TAMS 0x0000000087b00000, 0x0000000087a00000| Untracked 
| 123|0x0000000087b00000, 0x0000000087c00000, 0x0000000087c00000|100%| O|  |TAMS 0x0000000087c00000, 0x0000000087b00000| Untracked 
| 124|0x0000000087c00000, 0x0000000087d00000, 0x0000000087d00000|100%| O|  |TAMS 0x0000000087d00000, 0x0000000087c00000| Untracked 
| 125|0x0000000087d00000, 0x0000000087e00000, 0x0000000087e00000|100%| O|  |TAMS 0x0000000087e00000, 0x0000000087d00000| Untracked 
| 126|0x0000000087e00000, 0x0000000087f00000, 0x0000000087f00000|100%| O|  |TAMS 0x0000000087f00000, 0x0000000087e00000| Untracked 
| 127|0x0000000087f00000, 0x0000000088000000, 0x0000000088000000|100%| O|  |TAMS 0x0000000087f51e00, 0x0000000087f00000| Untracked 
| 128|0x0000000088000000, 0x0000000088000000, 0x0000000088100000|  0%| F|  |TAMS 0x0000000088000000, 0x0000000088000000| Untracked 
| 129|0x0000000088100000, 0x0000000088100000, 0x0000000088200000|  0%| F|  |TAMS 0x0000000088100000, 0x0000000088100000| Untracked 
| 130|0x0000000088200000, 0x0000000088200000, 0x0000000088300000|  0%| F|  |TAMS 0x0000000088200000, 0x0000000088200000| Untracked 
| 131|0x0000000088300000, 0x0000000088300000, 0x0000000088400000|  0%| F|  |TAMS 0x0000000088300000, 0x0000000088300000| Untracked 
| 132|0x0000000088400000, 0x0000000088400000, 0x0000000088500000|  0%| F|  |TAMS 0x0000000088400000, 0x0000000088400000| Untracked 
| 133|0x0000000088500000, 0x0000000088500000, 0x0000000088600000|  0%| F|  |TAMS 0x0000000088500000, 0x0000000088500000| Untracked 
| 134|0x0000000088600000, 0x0000000088600000, 0x0000000088700000|  0%| F|  |TAMS 0x0000000088600000, 0x0000000088600000| Untracked 
| 135|0x0000000088700000, 0x0000000088700000, 0x0000000088800000|  0%| F|  |TAMS 0x0000000088700000, 0x0000000088700000| Untracked 
| 136|0x0000000088800000, 0x0000000088800000, 0x0000000088900000|  0%| F|  |TAMS 0x0000000088800000, 0x0000000088800000| Untracked 
| 137|0x0000000088900000, 0x0000000088900000, 0x0000000088a00000|  0%| F|  |TAMS 0x0000000088900000, 0x0000000088900000| Untracked 
| 138|0x0000000088a00000, 0x0000000088a00000, 0x0000000088b00000|  0%| F|  |TAMS 0x0000000088a00000, 0x0000000088a00000| Untracked 
| 139|0x0000000088b00000, 0x0000000088b00000, 0x0000000088c00000|  0%| F|  |TAMS 0x0000000088b00000, 0x0000000088b00000| Untracked 
| 140|0x0000000088c00000, 0x0000000088c00000, 0x0000000088d00000|  0%| F|  |TAMS 0x0000000088c00000, 0x0000000088c00000| Untracked 
| 141|0x0000000088d00000, 0x0000000088d00000, 0x0000000088e00000|  0%| F|  |TAMS 0x0000000088d00000, 0x0000000088d00000| Untracked 
| 142|0x0000000088e00000, 0x0000000088e80600, 0x0000000088f00000| 50%| O|  |TAMS 0x0000000088e00000, 0x0000000088e00000| Untracked 
| 143|0x0000000088f00000, 0x0000000088f00000, 0x0000000089000000|  0%| F|  |TAMS 0x0000000088f00000, 0x0000000088f00000| Untracked 
| 144|0x0000000089000000, 0x0000000089000000, 0x0000000089100000|  0%| F|  |TAMS 0x0000000089000000, 0x0000000089000000| Untracked 
| 145|0x0000000089100000, 0x0000000089100000, 0x0000000089200000|  0%| F|  |TAMS 0x0000000089100000, 0x0000000089100000| Untracked 
| 146|0x0000000089200000, 0x0000000089200000, 0x0000000089300000|  0%| F|  |TAMS 0x0000000089200000, 0x0000000089200000| Untracked 
| 147|0x0000000089300000, 0x0000000089300000, 0x0000000089400000|  0%| F|  |TAMS 0x0000000089300000, 0x0000000089300000| Untracked 
| 148|0x0000000089400000, 0x0000000089400000, 0x0000000089500000|  0%| F|  |TAMS 0x0000000089400000, 0x0000000089400000| Untracked 
| 149|0x0000000089500000, 0x0000000089500000, 0x0000000089600000|  0%| F|  |TAMS 0x0000000089500000, 0x0000000089500000| Untracked 
| 150|0x0000000089600000, 0x0000000089600000, 0x0000000089700000|  0%| F|  |TAMS 0x0000000089600000, 0x0000000089600000| Untracked 
| 151|0x0000000089700000, 0x0000000089700000, 0x0000000089800000|  0%| F|  |TAMS 0x0000000089700000, 0x0000000089700000| Untracked 
| 152|0x0000000089800000, 0x0000000089800000, 0x0000000089900000|  0%| F|  |TAMS 0x0000000089800000, 0x0000000089800000| Untracked 
| 153|0x0000000089900000, 0x0000000089900000, 0x0000000089a00000|  0%| F|  |TAMS 0x0000000089900000, 0x0000000089900000| Untracked 
| 154|0x0000000089a00000, 0x0000000089a00000, 0x0000000089b00000|  0%| F|  |TAMS 0x0000000089a00000, 0x0000000089a00000| Untracked 
| 155|0x0000000089b00000, 0x0000000089b00000, 0x0000000089c00000|  0%| F|  |TAMS 0x0000000089b00000, 0x0000000089b00000| Untracked 
| 156|0x0000000089c00000, 0x0000000089c00000, 0x0000000089d00000|  0%| F|  |TAMS 0x0000000089c00000, 0x0000000089c00000| Untracked 
| 157|0x0000000089d00000, 0x0000000089d00000, 0x0000000089e00000|  0%| F|  |TAMS 0x0000000089d00000, 0x0000000089d00000| Untracked 
| 158|0x0000000089e00000, 0x0000000089e00000, 0x0000000089f00000|  0%| F|  |TAMS 0x0000000089e00000, 0x0000000089e00000| Untracked 
| 159|0x0000000089f00000, 0x0000000089f00000, 0x000000008a000000|  0%| F|  |TAMS 0x0000000089f00000, 0x0000000089f00000| Untracked 
| 160|0x000000008a000000, 0x000000008a000000, 0x000000008a100000|  0%| F|  |TAMS 0x000000008a000000, 0x000000008a000000| Untracked 
| 161|0x000000008a100000, 0x000000008a1c2dd8, 0x000000008a200000| 76%| S|CS|TAMS 0x000000008a100000, 0x000000008a100000| Complete 
| 162|0x000000008a200000, 0x000000008a200000, 0x000000008a300000|  0%| F|  |TAMS 0x000000008a200000, 0x000000008a200000| Untracked 
| 163|0x000000008a300000, 0x000000008a300000, 0x000000008a400000|  0%| F|  |TAMS 0x000000008a300000, 0x000000008a300000| Untracked 
| 164|0x000000008a400000, 0x000000008a400000, 0x000000008a500000|  0%| F|  |TAMS 0x000000008a400000, 0x000000008a400000| Untracked 
| 165|0x000000008a500000, 0x000000008a500000, 0x000000008a600000|  0%| F|  |TAMS 0x000000008a500000, 0x000000008a500000| Untracked 
| 166|0x000000008a600000, 0x000000008a64fbb8, 0x000000008a700000| 31%| E|  |TAMS 0x000000008a600000, 0x000000008a600000| Complete 
| 167|0x000000008a700000, 0x000000008a800000, 0x000000008a800000|100%| E|CS|TAMS 0x000000008a700000, 0x000000008a700000| Complete 
| 168|0x000000008a800000, 0x000000008a900000, 0x000000008a900000|100%| E|CS|TAMS 0x000000008a800000, 0x000000008a800000| Complete 
| 169|0x000000008a900000, 0x000000008aa00000, 0x000000008aa00000|100%| E|CS|TAMS 0x000000008a900000, 0x000000008a900000| Complete 
| 170|0x000000008aa00000, 0x000000008ab00000, 0x000000008ab00000|100%| E|CS|TAMS 0x000000008aa00000, 0x000000008aa00000| Complete 
| 171|0x000000008ab00000, 0x000000008ac00000, 0x000000008ac00000|100%| E|CS|TAMS 0x000000008ab00000, 0x000000008ab00000| Complete 
| 172|0x000000008ac00000, 0x000000008ad00000, 0x000000008ad00000|100%| E|CS|TAMS 0x000000008ac00000, 0x000000008ac00000| Complete 
| 173|0x000000008ad00000, 0x000000008ae00000, 0x000000008ae00000|100%| E|CS|TAMS 0x000000008ad00000, 0x000000008ad00000| Complete 
| 174|0x000000008ae00000, 0x000000008af00000, 0x000000008af00000|100%| E|CS|TAMS 0x000000008ae00000, 0x000000008ae00000| Complete 
| 175|0x000000008af00000, 0x000000008b000000, 0x000000008b000000|100%| E|CS|TAMS 0x000000008af00000, 0x000000008af00000| Complete 
| 176|0x000000008b000000, 0x000000008b100000, 0x000000008b100000|100%| E|CS|TAMS 0x000000008b000000, 0x000000008b000000| Complete 
| 177|0x000000008b100000, 0x000000008b200000, 0x000000008b200000|100%| E|CS|TAMS 0x000000008b100000, 0x000000008b100000| Complete 
| 178|0x000000008b200000, 0x000000008b300000, 0x000000008b300000|100%| E|CS|TAMS 0x000000008b200000, 0x000000008b200000| Complete 
| 179|0x000000008b300000, 0x000000008b400000, 0x000000008b400000|100%| E|CS|TAMS 0x000000008b300000, 0x000000008b300000| Complete 
| 180|0x000000008b400000, 0x000000008b500000, 0x000000008b500000|100%| E|CS|TAMS 0x000000008b400000, 0x000000008b400000| Complete 
| 181|0x000000008b500000, 0x000000008b5ffff8, 0x000000008b600000| 99%| E|CS|TAMS 0x000000008b500000, 0x000000008b500000| Complete 
| 182|0x000000008b600000, 0x000000008b700000, 0x000000008b700000|100%| E|CS|TAMS 0x000000008b600000, 0x000000008b600000| Complete 
| 183|0x000000008b700000, 0x000000008b800000, 0x000000008b800000|100%| E|CS|TAMS 0x000000008b700000, 0x000000008b700000| Complete 
| 184|0x000000008b800000, 0x000000008b900000, 0x000000008b900000|100%| E|  |TAMS 0x000000008b800000, 0x000000008b800000| Complete 

Card table byte_map: [0x0000027568370000,0x0000027568770000] _byte_map_base: 0x0000027567f70000

Marking Bits (Prev, Next): (CMBitMap*) 0x000002754ee77408, (CMBitMap*) 0x000002754ee77440
 Prev Bits: [0x0000027568b70000, 0x000002756ab70000)
 Next Bits: [0x000002756ab70000, 0x000002756cb70000)

Polling page: 0x000002754ef20000

Metaspace:

Usage:
  Non-class:    110.75 MB capacity,   108.41 MB ( 98%) used,     1.89 MB (  2%) free+waste,   457.06 KB ( <1%) overhead. 
      Class:     17.80 MB capacity,    16.37 MB ( 92%) used,     1.23 MB (  7%) free+waste,   209.88 KB (  1%) overhead. 
       Both:    128.54 MB capacity,   124.78 MB ( 97%) used,     3.11 MB (  2%) free+waste,   666.94 KB ( <1%) overhead. 

Virtual space:
  Non-class space:      112.00 MB reserved,     110.75 MB ( 99%) committed 
      Class space:        1.00 GB reserved,      17.82 MB (  2%) committed 
             Both:        1.11 GB reserved,     128.57 MB ( 11%) committed 

Chunk freelists:
   Non-Class:  384 bytes
       Class:  2.00 KB
        Both:  2.38 KB

CodeHeap 'non-profiled nmethods': size=120064Kb used=9626Kb max_used=9626Kb free=110437Kb
 bounds [0x0000027560410000, 0x0000027560d80000, 0x0000027567950000]
CodeHeap 'profiled nmethods': size=120000Kb used=33792Kb max_used=33792Kb free=86207Kb
 bounds [0x0000027558ee0000, 0x000002755aff0000, 0x0000027560410000]
CodeHeap 'non-nmethods': size=5696Kb used=2397Kb max_used=2450Kb free=3299Kb
 bounds [0x0000027558950000, 0x0000027558bc0000, 0x0000027558ee0000]
 total_blobs=20804 nmethods=15183 adapters=942
 compilation: enabled
              stopped_count=0, restarted_count=0
 full_count=0

Compilation events (10 events):
Event: 127.979 Thread 0x000002756f1ca800 nmethod 15775 0x000002755af60f10 code [0x000002755af61240, 0x000002755af62640]
Event: 127.979 Thread 0x000002756f1ca800 15773       3       org.gradle.api.internal.artifacts.ivyservice.resolveengine.graph.builder.NodeState::getAllDependencies (10 bytes)
Event: 127.979 Thread 0x000002756f1ca800 nmethod 15773 0x000002755af62d10 code [0x000002755af62ee0, 0x000002755af63110]
Event: 127.979 Thread 0x000002756f1ca800 15776       3       org.gradle.api.internal.artifacts.ivyservice.resolutionstrategy.DefaultCachePolicy::missingModuleExpiry (9 bytes)
Event: 127.980 Thread 0x000002756f1ca800 nmethod 15776 0x000002755af63210 code [0x000002755af63400, 0x000002755af638c0]
Event: 127.984 Thread 0x000002756f1ca800 15777       3       org.gradle.api.internal.artifacts.ivyservice.ivyresolve.RepositoryChainComponentMetaDataResolver::isFetchingMetadataCheap (82 bytes)
Event: 127.985 Thread 0x000002756f1ca800 nmethod 15777 0x000002755af63a90 code [0x000002755af63ce0, 0x000002755af64830]
Event: 127.987 Thread 0x000002756f1ca800 15778       3       org.gradle.internal.component.model.AttributeConfigurationSelector::containsImplicitCapability (116 bytes)
Event: 127.988 Thread 0x000002756f1ca800 nmethod 15778 0x000002755af64a90 code [0x000002755af64d60, 0x000002755af65d10]
Event: 127.988 Thread 0x000002756f1ca800 15781       3       org.gradle.api.internal.artifacts.ivyservice.resolveengine.graph.builder.NodeState::isExcluded (95 bytes)

GC Heap History (10 events):
Event: 91.164 GC heap before
{Heap before GC invocations=69 (full 0):
 garbage-first heap   total 157696K, used 136602K [0x0000000080000000, 0x0000000100000000)
  region size 1024K, 10 young (10240K), 2 survivors (2048K)
 Metaspace       used 121365K, capacity 125043K, committed 125260K, reserved 1157120K
  class space    used 16084K, capacity 17470K, committed 17484K, reserved 1048576K
}
Event: 91.173 GC heap after
{Heap after GC invocations=70 (full 0):
 garbage-first heap   total 157696K, used 129740K [0x0000000080000000, 0x0000000100000000)
  region size 1024K, 2 young (2048K), 2 survivors (2048K)
 Metaspace       used 121365K, capacity 125043K, committed 125260K, reserved 1157120K
  class space    used 16084K, capacity 17470K, committed 17484K, reserved 1048576K
}
Event: 91.893 GC heap before
{Heap before GC invocations=71 (full 0):
 garbage-first heap   total 157696K, used 137932K [0x0000000080000000, 0x0000000100000000)
  region size 1024K, 10 young (10240K), 2 survivors (2048K)
 Metaspace       used 122037K, capacity 125663K, committed 125900K, reserved 1157120K
  class space    used 16177K, capacity 17585K, committed 17612K, reserved 1048576K
}
Event: 91.900 GC heap after
{Heap after GC invocations=72 (full 0):
 garbage-first heap   total 157696K, used 130484K [0x0000000080000000, 0x0000000100000000)
  region size 1024K, 2 young (2048K), 2 survivors (2048K)
 Metaspace       used 122037K, capacity 125663K, committed 125900K, reserved 1157120K
  class space    used 16177K, capacity 17585K, committed 17612K, reserved 1048576K
}
Event: 92.298 GC heap before
{Heap before GC invocations=72 (full 0):
 garbage-first heap   total 157696K, used 137652K [0x0000000080000000, 0x0000000100000000)
  region size 1024K, 10 young (10240K), 2 survivors (2048K)
 Metaspace       used 122599K, capacity 126352K, committed 126540K, reserved 1159168K
  class space    used 16237K, capacity 17675K, committed 17740K, reserved 1048576K
}
Event: 92.306 GC heap after
{Heap after GC invocations=73 (full 0):
 garbage-first heap   total 189440K, used 131714K [0x0000000080000000, 0x0000000100000000)
  region size 1024K, 2 young (2048K), 2 survivors (2048K)
 Metaspace       used 122599K, capacity 126352K, committed 126540K, reserved 1159168K
  class space    used 16237K, capacity 17675K, committed 17740K, reserved 1048576K
}
Event: 93.412 GC heap before
{Heap before GC invocations=74 (full 0):
 garbage-first heap   total 189440K, used 139906K [0x0000000080000000, 0x0000000100000000)
  region size 1024K, 12 young (12288K), 2 survivors (2048K)
 Metaspace       used 123385K, capacity 127185K, committed 127436K, reserved 1159168K
  class space    used 16357K, capacity 17807K, committed 17868K, reserved 1048576K
}
Event: 93.421 GC heap after
{Heap after GC invocations=75 (full 0):
 garbage-first heap   total 189440K, used 132207K [0x0000000080000000, 0x0000000100000000)
  region size 1024K, 2 young (2048K), 2 survivors (2048K)
 Metaspace       used 123385K, capacity 127185K, committed 127436K, reserved 1159168K
  class space    used 16357K, capacity 17807K, committed 17868K, reserved 1048576K
}
Event: 96.263 GC heap before
{Heap before GC invocations=76 (full 0):
 garbage-first heap   total 189440K, used 167023K [0x0000000080000000, 0x0000000100000000)
  region size 1024K, 23 young (23552K), 2 survivors (2048K)
 Metaspace       used 126545K, capacity 130387K, committed 130636K, reserved 1161216K
  class space    used 16686K, capacity 18146K, committed 18252K, reserved 1048576K
}
Event: 96.270 GC heap after
{Heap after GC invocations=77 (full 0):
 garbage-first heap   total 189440K, used 132364K [0x0000000080000000, 0x0000000100000000)
  region size 1024K, 1 young (1024K), 1 survivors (1024K)
 Metaspace       used 126545K, capacity 130387K, committed 130636K, reserved 1161216K
  class space    used 16686K, capacity 18146K, committed 18252K, reserved 1048576K
}

Deoptimization events (10 events):
Event: 127.828 Thread 0x0000027571ac6800 Uncommon trap: reason=unstable_if action=reinterpret pc=0x0000027560b769b0 method=org.gradle.cache.internal.DefaultCrossBuildInMemoryCacheFactory$AbstractCrossBuildInMemoryCache.getIfPresentWithoutLock(Ljava/lang/Object;)Ljava/lang/Object; @ 24 c2
Event: 127.843 Thread 0x0000027571ac6800 Uncommon trap: reason=unstable_if action=reinterpret pc=0x000002756090d4ac method=com.google.common.math.IntMath.log2(ILjava/math/RoundingMode;)I @ 15 c2
Event: 127.846 Thread 0x0000027571ac6800 Uncommon trap: reason=unstable_if action=reinterpret pc=0x0000027560a4eac0 method=org.gradle.tooling.internal.provider.runner.PluginApplicationTracker.started(Lorg/gradle/internal/operations/BuildOperationDescriptor;Lorg/gradle/internal/operations/Operati
Event: 127.857 Thread 0x0000027571ac6800 Uncommon trap: reason=unstable_if action=reinterpret pc=0x0000027560a41e4c method=jdk.internal.misc.Unsafe.convEndian(ZJ)J @ 4 c2
Event: 127.857 Thread 0x0000027571ac6800 Uncommon trap: reason=unstable_if action=reinterpret pc=0x0000027560ccbb54 method=jdk.internal.misc.Unsafe.convEndian(ZJ)J @ 4 c2
Event: 127.858 Thread 0x0000027571ac6800 Uncommon trap: reason=class_check action=maybe_recompile pc=0x0000027560b38ab8 method=com.google.common.cache.LocalCache$Segment.setValue(Lcom/google/common/cache/ReferenceEntry;Ljava/lang/Object;Ljava/lang/Object;J)V @ 51 c2
Event: 127.858 Thread 0x0000027571ac6800 Uncommon trap: reason=class_check action=maybe_recompile pc=0x0000027560b38ab8 method=com.google.common.cache.LocalCache$Segment.setValue(Lcom/google/common/cache/ReferenceEntry;Ljava/lang/Object;Ljava/lang/Object;J)V @ 51 c2
Event: 127.858 Thread 0x0000027571ac6800 Uncommon trap: reason=class_check action=maybe_recompile pc=0x0000027560b38ab8 method=com.google.common.cache.LocalCache$Segment.setValue(Lcom/google/common/cache/ReferenceEntry;Ljava/lang/Object;Ljava/lang/Object;J)V @ 51 c2
Event: 127.932 Thread 0x0000027571ac6800 Uncommon trap: reason=class_check action=maybe_recompile pc=0x0000027560ac569c method=org.gradle.cache.internal.LockOnDemandCrossProcessCacheAccess.incrementLockCount()V @ 97 c2
Event: 127.978 Thread 0x0000027571ac6800 Uncommon trap: reason=unstable_if action=reinterpret pc=0x00000275609ed6b4 method=org.gradle.internal.component.model.AttributeConfigurationSelector.containsImplicitCapability(Lorg/gradle/api/capabilities/CapabilitiesMetadata;Ljava/util/Collection;Ljava/l

Classes redefined (0 events):
No events

Internal exceptions (10 events):
Event: 92.424 Thread 0x0000027579e7a800 Exception <a 'java/lang/NoSuchMethodError'{0x000000008b5dc090}: java.lang.invoke.DirectMethodHandle$Holder.invokeSpecial(Ljava/lang/Object;Ljava/lang/Object;Ljava/lang/Object;Ljava/lang/Object;Ljava/lang/Object;Ljava/lang/Object;Ljava/lang/Object;Ljava/la
Event: 92.424 Thread 0x0000027579e7a800 Exception <a 'java/lang/NoSuchMethodError'{0x000000008b5df9c8}: java.lang.invoke.Invokers$Holder.linkToTargetMethod(Ljava/lang/Object;Ljava/lang/Object;Ljava/lang/Object;Ljava/lang/Object;Ljava/lang/Object;Ljava/lang/Object;ILjava/lang/Object;)Ljava/lang/
Event: 93.651 Thread 0x0000027579e7a800 Exception <a 'java/lang/NoSuchMethodError'{0x000000008b7ccc30}: java.lang.invoke.DirectMethodHandle$Holder.invokeVirtual(Ljava/lang/Object;Ljava/lang/Object;I)Ljava/lang/Object;> (0x000000008b7ccc30) thrown at [t:/workspace/open/src/hotspot/share/interpre
Event: 93.900 Thread 0x000002757a2fe800 Exception <a 'sun/nio/fs/WindowsException'{0x000000008b5455f8}> (0x000000008b5455f8) thrown at [t:/workspace/open/src/hotspot/share/prims/jni.cpp, line 615]
Event: 93.944 Thread 0x0000027571ac6800 Exception <a 'sun/nio/fs/WindowsException'{0x000000008b58fa88}> (0x000000008b58fa88) thrown at [t:/workspace/open/src/hotspot/share/prims/jni.cpp, line 615]
Event: 93.944 Thread 0x0000027571ac6800 Exception <a 'sun/nio/fs/WindowsException'{0x000000008b58fdb8}> (0x000000008b58fdb8) thrown at [t:/workspace/open/src/hotspot/share/prims/jni.cpp, line 615]
Event: 93.944 Thread 0x0000027571ac6800 Exception <a 'sun/nio/fs/WindowsException'{0x000000008b591678}> (0x000000008b591678) thrown at [t:/workspace/open/src/hotspot/share/prims/jni.cpp, line 615]
Event: 94.162 Thread 0x0000027571ac6800 Implicit null exception at 0x0000027560a5e62f to 0x0000027560a5e67e
Event: 94.183 Thread 0x0000027571ac6800 Implicit null exception at 0x0000027560bff79e to 0x0000027560c07452
Event: 127.695 Thread 0x0000027571ac6800 Implicit null exception at 0x0000027560ae3ecd to 0x0000027560ae443e

Events (10 events):
Event: 127.870 Executing VM operation: RevokeBias done
Event: 127.871 Thread 0x0000027571ac6800 DEOPT PACKING pc=0x00000275594a6056 sp=0x00000077ecefac70
Event: 127.871 Thread 0x0000027571ac6800 DEOPT UNPACKING pc=0x0000027558978cce sp=0x00000077ecefa150 mode 0
Event: 127.917 Thread 0x000002757a30b800 Thread added: 0x000002757a30b800
Event: 127.932 Thread 0x0000027571ac6800 Uncommon trap: trap_request=0xffffffde fr.pc=0x0000027560ac569c relative=0x00000000000009bc
Event: 127.932 Thread 0x0000027571ac6800 DEOPT PACKING pc=0x0000027560ac569c sp=0x00000077ecef6cc0
Event: 127.932 Thread 0x0000027571ac6800 DEOPT UNPACKING pc=0x0000027558978eaf sp=0x00000077ecef6ca0 mode 2
Event: 127.978 Thread 0x0000027571ac6800 Uncommon trap: trap_request=0xffffff4d fr.pc=0x00000275609ed6b4 relative=0x0000000000000234
Event: 127.978 Thread 0x0000027571ac6800 DEOPT PACKING pc=0x00000275609ed6b4 sp=0x00000077ecef8370
Event: 127.978 Thread 0x0000027571ac6800 DEOPT UNPACKING pc=0x0000027558978eaf sp=0x00000077ecef8308 mode 2


Dynamic libraries:
0x00007ff604ef0000 - 0x00007ff604f37000 	C:\Program Files\Java\jdk-11.0.1\bin\java.exe
0x00007ffbc72d0000 - 0x00007ffbc74c8000 	C:\WINDOWS\SYSTEM32\ntdll.dll
0x00007ffbc5c40000 - 0x00007ffbc5cff000 	C:\WINDOWS\System32\KERNEL32.DLL
0x00007ffbc4dc0000 - 0x00007ffbc5092000 	C:\WINDOWS\System32\KERNELBASE.dll
0x00007ffbc5e00000 - 0x00007ffbc5eae000 	C:\WINDOWS\System32\ADVAPI32.dll
0x00007ffbc5320000 - 0x00007ffbc53be000 	C:\WINDOWS\System32\msvcrt.dll
0x00007ffbc5d00000 - 0x00007ffbc5d9c000 	C:\WINDOWS\System32\sechost.dll
0x00007ffbc7060000 - 0x00007ffbc7184000 	C:\WINDOWS\System32\RPCRT4.dll
0x00007ffbc53c0000 - 0x00007ffbc5561000 	C:\WINDOWS\System32\USER32.dll
0x00007ffbc4be0000 - 0x00007ffbc4c02000 	C:\WINDOWS\System32\win32u.dll
0x00007ffbc6f20000 - 0x00007ffbc6f4b000 	C:\WINDOWS\System32\GDI32.dll
0x00007ffbc5210000 - 0x00007ffbc531f000 	C:\WINDOWS\System32\gdi32full.dll
0x00007ffbc4b40000 - 0x00007ffbc4bdd000 	C:\WINDOWS\System32\msvcp_win.dll
0x00007ffbc49d0000 - 0x00007ffbc4ad0000 	C:\WINDOWS\System32\ucrtbase.dll
0x00007ffbb26f0000 - 0x00007ffbb298a000 	C:\WINDOWS\WinSxS\amd64_microsoft.windows.common-controls_6595b64144ccf1df_6.0.19041.1110_none_60b5254171f9507e\COMCTL32.dll
0x00007ffbbb390000 - 0x00007ffbbb39a000 	C:\WINDOWS\SYSTEM32\VERSION.dll
0x00007ffbc7190000 - 0x00007ffbc71c0000 	C:\WINDOWS\System32\IMM32.DLL
0x00007ffbbb1d0000 - 0x00007ffbbb1e6000 	C:\Program Files\Java\jdk-11.0.1\bin\vcruntime140.dll
0x00007ffb921a0000 - 0x00007ffb9224a000 	C:\Program Files\Java\jdk-11.0.1\bin\msvcp140.dll
0x00007ffb6efb0000 - 0x00007ffb6faf2000 	C:\Program Files\Java\jdk-11.0.1\bin\server\jvm.dll
0x00007ffbc5eb0000 - 0x00007ffbc5eb8000 	C:\WINDOWS\System32\PSAPI.DLL
0x00007ffbb3950000 - 0x00007ffbb3977000 	C:\WINDOWS\SYSTEM32\WINMM.dll
0x00007ffbbd360000 - 0x00007ffbbd369000 	C:\WINDOWS\SYSTEM32\WSOCK32.dll
0x00007ffbc5880000 - 0x00007ffbc58eb000 	C:\WINDOWS\System32\WS2_32.dll
0x00007ffbc2890000 - 0x00007ffbc28a2000 	C:\WINDOWS\SYSTEM32\kernel.appcore.dll
0x00007ffbbb150000 - 0x00007ffbbb161000 	C:\Program Files\Java\jdk-11.0.1\bin\verify.dll
0x00007ffbb1ad0000 - 0x00007ffbb1cb4000 	C:\WINDOWS\SYSTEM32\DBGHELP.DLL
0x00007ffbc12f0000 - 0x00007ffbc1325000 	C:\WINDOWS\SYSTEM32\dbgcore.DLL
0x00007ffbc5150000 - 0x00007ffbc51d2000 	C:\WINDOWS\System32\bcryptPrimitives.dll
0x00007ffbb7540000 - 0x00007ffbb7569000 	C:\Program Files\Java\jdk-11.0.1\bin\java.dll
0x00007ffbbb130000 - 0x00007ffbbb146000 	C:\Program Files\Java\jdk-11.0.1\bin\zip.dll
0x00007ffbc0130000 - 0x00007ffbc013a000 	C:\Program Files\Java\jdk-11.0.1\bin\jimage.dll
0x00007ffbc5f20000 - 0x00007ffbc6665000 	C:\WINDOWS\System32\SHELL32.dll
0x00007ffbc2a90000 - 0x00007ffbc3222000 	C:\WINDOWS\SYSTEM32\windows.storage.dll
0x00007ffbc6730000 - 0x00007ffbc6a85000 	C:\WINDOWS\System32\combase.dll
0x00007ffbc4430000 - 0x00007ffbc4460000 	C:\WINDOWS\SYSTEM32\Wldp.dll
0x00007ffbc6f50000 - 0x00007ffbc6ffd000 	C:\WINDOWS\System32\SHCORE.dll
0x00007ffbc7000000 - 0x00007ffbc7055000 	C:\WINDOWS\System32\shlwapi.dll
0x00007ffbc4910000 - 0x00007ffbc492f000 	C:\WINDOWS\SYSTEM32\profapi.dll
0x00007ffbb8920000 - 0x00007ffbb8939000 	C:\Program Files\Java\jdk-11.0.1\bin\net.dll
0x00007ffbbccf0000 - 0x00007ffbbcdfa000 	C:\WINDOWS\SYSTEM32\WINHTTP.dll
0x00007ffbc4120000 - 0x00007ffbc418a000 	C:\WINDOWS\system32\mswsock.dll
0x00007ffbb7520000 - 0x00007ffbb7533000 	C:\Program Files\Java\jdk-11.0.1\bin\nio.dll
0x00007ffbbb170000 - 0x00007ffbbb197000 	C:\Users\Admin\.gradle\native\e1d6ef7f7dcc3fd88c89a11ec53ec762bb8ba0a96d01ffa2cd45eb1d1d8dd5c5\windows-amd64\native-platform.dll
0x00007ffb8f160000 - 0x00007ffb8f2a4000 	C:\Users\Admin\.gradle\native\0d407fdbe67a94daf76414ababcb853783967236a71b16ec16e742cd7a986fd3\windows-amd64\native-platform-file-events.dll
0x00007ffbbb810000 - 0x00007ffbbb819000 	C:\Program Files\Java\jdk-11.0.1\bin\management.dll
0x00007ffbbb370000 - 0x00007ffbbb37c000 	C:\Program Files\Java\jdk-11.0.1\bin\management_ext.dll
0x00007ffbc4390000 - 0x00007ffbc43a8000 	C:\WINDOWS\SYSTEM32\CRYPTSP.dll
0x00007ffbc39d0000 - 0x00007ffbc3a04000 	C:\WINDOWS\system32\rsaenh.dll
0x00007ffbc51e0000 - 0x00007ffbc5207000 	C:\WINDOWS\System32\bcrypt.dll
0x00007ffbc48d0000 - 0x00007ffbc48fe000 	C:\WINDOWS\SYSTEM32\USERENV.dll
0x00007ffbc4380000 - 0x00007ffbc438c000 	C:\WINDOWS\SYSTEM32\CRYPTBASE.dll
0x00007ffbc3da0000 - 0x00007ffbc3ddb000 	C:\WINDOWS\SYSTEM32\IPHLPAPI.DLL
0x00007ffbc5aa0000 - 0x00007ffbc5aa8000 	C:\WINDOWS\System32\NSI.dll
0x00007ffbbe3d0000 - 0x00007ffbbe3e7000 	C:\WINDOWS\SYSTEM32\dhcpcsvc6.DLL
0x00007ffbbdd80000 - 0x00007ffbbdd9d000 	C:\WINDOWS\SYSTEM32\dhcpcsvc.DLL
0x00007ffbc3de0000 - 0x00007ffbc3eab000 	C:\WINDOWS\SYSTEM32\DNSAPI.dll
0x00007ffbb5a10000 - 0x00007ffbb5a37000 	C:\Program Files\Java\jdk-11.0.1\bin\sunec.dll
0x00007ffbb6eb0000 - 0x00007ffbb6eba000 	C:\Windows\System32\rasadhlp.dll
0x00007ffbb7050000 - 0x00007ffbb70d0000 	C:\WINDOWS\System32\fwpuclnt.dll
0x00007ffbbaf90000 - 0x00007ffbbaf9d000 	C:\Program Files\Java\jdk-11.0.1\bin\sunmscapi.dll
0x00007ffbc4c60000 - 0x00007ffbc4db6000 	C:\WINDOWS\System32\CRYPT32.dll
0x00007ffbc44a0000 - 0x00007ffbc44c7000 	C:\WINDOWS\SYSTEM32\ncrypt.dll
0x00007ffbc4460000 - 0x00007ffbc449b000 	C:\WINDOWS\SYSTEM32\NTASN1.dll
0x00007ffbacc40000 - 0x00007ffbacc57000 	C:\WINDOWS\system32\napinsp.dll
0x00007ffbacc20000 - 0x00007ffbacc3b000 	C:\WINDOWS\system32\pnrpnsp.dll
0x00007ffbacc00000 - 0x00007ffbacc15000 	C:\WINDOWS\system32\wshbth.dll
0x00007ffbc01f0000 - 0x00007ffbc020d000 	C:\WINDOWS\system32\NLAapi.dll
0x00007ffbacbe0000 - 0x00007ffbacbf2000 	C:\WINDOWS\System32\winrnr.dll
0x00007ffbadae0000 - 0x00007ffbadafe000 	C:\Users\Admin\AppData\Local\Temp\native-platform8114354800682987898dir\native-platform.dll
0x00007ffbba9a0000 - 0x00007ffbba9a7000 	C:\Program Files\Java\jdk-11.0.1\bin\rmi.dll

dbghelp: loaded successfully - version: 4.0.5 - missing functions: none
symbol engine: initialized successfully - sym options: 0x614 - pdb path: .;C:\Program Files\Java\jdk-11.0.1\bin;C:\WINDOWS\SYSTEM32;C:\WINDOWS\WinSxS\amd64_microsoft.windows.common-controls_6595b64144ccf1df_6.0.19041.1110_none_60b5254171f9507e;C:\Program Files\Java\jdk-11.0.1\bin\server;C:\Users\Admin\.gradle\native\e1d6ef7f7dcc3fd88c89a11ec53ec762bb8ba0a96d01ffa2cd45eb1d1d8dd5c5\windows-amd64;C:\Users\Admin\.gradle\native\0d407fdbe67a94daf76414ababcb853783967236a71b16ec16e742cd7a986fd3\windows-amd64;C:\Users\Admin\AppData\Local\Temp\native-platform8114354800682987898dir

VM Arguments:
jvm_args: --add-opens=java.base/java.util=ALL-UNNAMED --add-opens=java.base/java.lang=ALL-UNNAMED --add-opens=java.base/java.lang.invoke=ALL-UNNAMED --add-opens=java.base/java.util=ALL-UNNAMED --add-opens=java.prefs/java.util.prefs=ALL-UNNAMED --add-opens=java.prefs/java.util.prefs=ALL-UNNAMED --add-opens=java.base/java.nio.charset=ALL-UNNAMED --add-opens=java.base/java.net=ALL-UNNAMED --add-opens=java.base/java.util.concurrent.atomic=ALL-UNNAMED -Xmx2048m -Dfile.encoding=UTF-8 -Duser.country=SV -Duser.language=es -Duser.variant 
java_command: org.gradle.launcher.daemon.bootstrap.GradleDaemon 7.5
java_class_path (initial): C:\Users\Admin\.gradle\wrapper\dists\gradle-7.5-bin\f1w0cc9nuo0eivz97x2xlu9sv\gradle-7.5\lib\gradle-launcher-7.5.jar
Launcher Type: SUN_STANDARD

[Global flags]
     intx CICompilerCount                          = 3                                         {product} {ergonomic}
     uint ConcGCThreads                            = 1                                         {product} {ergonomic}
     uint G1ConcRefinementThreads                  = 4                                         {product} {ergonomic}
   size_t G1HeapRegionSize                         = 1048576                                   {product} {ergonomic}
    uintx GCDrainStackTargetSize                   = 64                                        {product} {ergonomic}
   size_t InitialHeapSize                          = 134217728                                 {product} {ergonomic}
   size_t MarkStackSize                            = 4194304                                   {product} {ergonomic}
   size_t MaxHeapSize                              = 2147483648                                {product} {command line}
   size_t MaxNewSize                               = 1287651328                                {product} {ergonomic}
   size_t MinHeapDeltaBytes                        = 1048576                                   {product} {ergonomic}
    uintx NonNMethodCodeHeapSize                   = 5830092                                {pd product} {ergonomic}
    uintx NonProfiledCodeHeapSize                  = 122914074                              {pd product} {ergonomic}
    uintx ProfiledCodeHeapSize                     = 122914074                              {pd product} {ergonomic}
    uintx ReservedCodeCacheSize                    = 251658240                              {pd product} {ergonomic}
     bool SegmentedCodeCache                       = true                                      {product} {ergonomic}
     bool UseCompressedClassPointers               = true                                 {lp64_product} {ergonomic}
     bool UseCompressedOops                        = true                                 {lp64_product} {ergonomic}
     bool UseG1GC                                  = true                                      {product} {ergonomic}
     bool UseLargePagesIndividualAllocation        = false                                  {pd product} {ergonomic}

Logging:
Log output configuration:
 #0: stdout all=warning uptime,level,tags
 #1: stderr all=off uptime,level,tags

Environment Variables:
JAVA_HOME=C:\Program Files\Java\jdk-11.0.1
PATH=C:\Program Files (x86)\Razer\ChromaBroadcast\bin;E:\Program Files\Razer\ChromaBroadcast\bin;C:\Program Files\nodejs\;C:\WINDOWS\system32\config\systemprofile\AppData\Local\Microsoft\WindowsApps;E:\Git\cmd;C:\Users\Admin\AppData\Local\Microsoft\WindowsApps;C:\Users\Admin\AppData\Local\atom\bin;C:\Users\Admin\AppData\Local\Programs\Microsoft VS Code\bin;C:\Program Files\sfdx\bin;C:\Users\Admin\AppData\Local\GitHubDesktop\bin;C:\Users\Admin\AppData\Local\Microsoft\WindowsApps;E:\Program Files\JetBrains\IntelliJ IDEA 2022.2\bin;;E:\Program Files\heroku\bin;E:\Program Files\Azure Data Studio\bin;C:\srcSQLlite\sqlite-tools-win32-x86-3410000;C:\Program Files\MongoDB\Server\6.0\data;C:\Program Files\MongoDB\Server\6.0\log;C:\Users\Admin\AppData\Local\Programs\Azure Data Studio\bin;C:\Program Files\nodejs;C:\Users\Admin\AppData\Roaming\npm
USERNAME=Admin
OS=Windows_NT
PROCESSOR_IDENTIFIER=Intel64 Family 6 Model 58 Stepping 9, GenuineIntel



---------------  S Y S T E M  ---------------

OS: Windows 10 , 64 bit Build 19041 (10.0.19041.2546)

CPU:total 4 (initial active 4) (2 cores per cpu, 2 threads per core) family 6 model 58 stepping 9, cmov, cx8, fxsr, mmx, sse, sse2, sse3, ssse3, sse4.1, sse4.2, popcnt, avx, aes, clmul, erms, ht, tsc, tscinvbit, tscinv

Memory: 4k page, system-wide physical 8071M (610M free)
TotalPageFile size 10119M (AvailPageFile size 1M)
current process WorkingSet (physical memory assigned to process): 477M, peak: 495M
current process commit charge ("private bytes"): 526M, peak: 543M

vm_info: Java HotSpot(TM) 64-Bit Server VM (11.0.1+13-LTS) for windows-amd64 JRE (11.0.1+13-LTS), built on Oct  6 2018 13:20:16 by "mach5one" with MS VC++ 15.5 (VS2017)

END.
