#
# There is insufficient memory for the Java Runtime Environment to continue.
# Native memory allocation (mmap) failed to map 27262976 bytes for Failed to commit area from 0x0000000088000000 to 0x0000000089a00000 of length 27262976.
# Possible reasons:
#   The system is out of physical RAM or swap space
#   The process is running with CompressedOops enabled, and the Java Heap may be blocking the growth of the native heap
# Possible solutions:
#   Reduce memory load on the system
#   Increase physical memory or swap space
#   Check if swap backing store is full
#   Decrease Java heap size (-Xmx/-Xms)
#   Decrease number of Java threads
#   Decrease Java thread stack sizes (-Xss)
#   Set larger code cache with -XX:ReservedCodeCacheSize=
#   JVM is running with Unscaled Compressed Oops mode in which the Java heap is
#     placed in the first 4GB address space. The Java Heap base address is the
#     maximum limit for the native heap growth. Please use -XX:HeapBaseMinAddress
#     to set the Java Heap base and to place the Java Heap above 4GB virtual address.
# This output file may be truncated or incomplete.
#
#  Out of Memory Error (t:/workspace/open/src/hotspot/os/windows/os_windows.cpp:3269), pid=9136, tid=18896
#
# JRE version: Java(TM) SE Runtime Environment (11.0.1+13) (build 11.0.1+13-LTS)
# Java VM: Java HotSpot(TM) 64-Bit Server VM (11.0.1+13-LTS, mixed mode, tiered, compressed oops, g1 gc, windows-amd64)
# No core dump will be written. Minidumps are not enabled by default on client versions of Windows
#

---------------  S U M M A R Y ------------

Command Line: --add-opens=java.base/java.util=ALL-UNNAMED --add-opens=java.base/java.lang=ALL-UNNAMED --add-opens=java.base/java.lang.invoke=ALL-UNNAMED --add-opens=java.base/java.util=ALL-UNNAMED --add-opens=java.prefs/java.util.prefs=ALL-UNNAMED --add-opens=java.prefs/java.util.prefs=ALL-UNNAMED --add-opens=java.base/java.nio.charset=ALL-UNNAMED --add-opens=java.base/java.net=ALL-UNNAMED --add-opens=java.base/java.util.concurrent.atomic=ALL-UNNAMED -Xmx2048m -Dfile.encoding=UTF-8 -Duser.country=SV -Duser.language=es -Duser.variant org.gradle.launcher.daemon.bootstrap.GradleDaemon 7.5

Host: Intel(R) Core(TM) i5-3320M CPU @ 2.60GHz, 4 cores, 7G,  Windows 10 , 64 bit Build 19041 (10.0.19041.2546)
Time: Wed Apr  5 00:00:48 2023 Hora estándar, América Central elapsed time: 15 seconds (0d 0h 0m 15s)

---------------  T H R E A D  ---------------

Current thread (0x000001eb6765d000):  VMThread "VM Thread" [stack: 0x0000000acd100000,0x0000000acd200000] [id=18896]

Stack: [0x0000000acd100000,0x0000000acd200000]
[error occurred during error reporting (printing stack bounds), id 0xc0000005, EXCEPTION_ACCESS_VIOLATION (0xc0000005) at pc=0x000001eb50e10bad]

Native frames: (J=compiled Java code, j=interpreted, Vv=VM code, C=native code)
V  [jvm.dll+0x63c21a]
V  [jvm.dll+0x7797df]
V  [jvm.dll+0x77adca]
V  [jvm.dll+0x77b3e5]
V  [jvm.dll+0x77b39b]
V  [jvm.dll+0x63b916]
V  [jvm.dll+0x63bce8]
C  [ntdll.dll+0xa241f]
C  [ntdll.dll+0x514a4]
C  [ntdll.dll+0xa0f4e]
C  0x000001eb50e10bad

VM_Operation (0x0000000ace4f68d0): G1CollectForAllocation, mode: safepoint, requested by thread 0x000001eb6a83f800


---------------  P R O C E S S  ---------------

Threads class SMR info:
_java_thread_list=0x000001eb6d96ef60, length=35, elements={
0x000001eb47305000, 0x000001eb67661800, 0x000001eb6766e000, 0x000001eb68022800,
0x000001eb6767f000, 0x000001eb67683800, 0x000001eb6768a800, 0x000001eb67696800,
0x000001eb68152000, 0x000001eb6817d000, 0x000001eb6a478000, 0x000001eb68f70800,
0x000001eb6a957800, 0x000001eb69753800, 0x000001eb696ea800, 0x000001eb6995f000,
0x000001eb6a83f800, 0x000001eb698cb800, 0x000001eb69b3c800, 0x000001eb6808e000,
0x000001eb6808f000, 0x000001eb6808a000, 0x000001eb6808b000, 0x000001eb6808b800,
0x000001eb6808c800, 0x000001eb6808d800, 0x000001eb68089000, 0x000001eb6808f800,
0x000001eb6a0e5800, 0x000001eb6a0e6800, 0x000001eb6a0e5000, 0x000001eb6a0ed000,
0x000001eb6a0e7800, 0x000001eb6a0ea800, 0x000001eb6a0eb800
}

Java Threads: ( => current thread )
  0x000001eb47305000 JavaThread "main" [_thread_blocked, id=20084, stack(0x0000000accb00000,0x0000000accc00000)]
  0x000001eb67661800 JavaThread "Reference Handler" daemon [_thread_blocked, id=5236, stack(0x0000000acd200000,0x0000000acd300000)]
  0x000001eb6766e000 JavaThread "Finalizer" daemon [_thread_blocked, id=18452, stack(0x0000000acd300000,0x0000000acd400000)]
  0x000001eb68022800 JavaThread "Signal Dispatcher" daemon [_thread_blocked, id=17464, stack(0x0000000acd400000,0x0000000acd500000)]
  0x000001eb6767f000 JavaThread "Attach Listener" daemon [_thread_blocked, id=21544, stack(0x0000000acd500000,0x0000000acd600000)]
  0x000001eb67683800 JavaThread "C2 CompilerThread0" daemon [_thread_blocked, id=20380, stack(0x0000000acd600000,0x0000000acd700000)]
  0x000001eb6768a800 JavaThread "C1 CompilerThread0" daemon [_thread_blocked, id=10904, stack(0x0000000acd700000,0x0000000acd800000)]
  0x000001eb67696800 JavaThread "Sweeper thread" daemon [_thread_blocked, id=20132, stack(0x0000000acd800000,0x0000000acd900000)]
  0x000001eb68152000 JavaThread "Common-Cleaner" daemon [_thread_blocked, id=22264, stack(0x0000000acd900000,0x0000000acda00000)]
  0x000001eb6817d000 JavaThread "Service Thread" daemon [_thread_blocked, id=12224, stack(0x0000000acda00000,0x0000000acdb00000)]
  0x000001eb6a478000 JavaThread "Daemon health stats" [_thread_blocked, id=18412, stack(0x0000000acdf00000,0x0000000ace000000)]
  0x000001eb68f70800 JavaThread "Incoming local TCP Connector on port 59172" [_thread_in_native, id=15616, stack(0x0000000acde00000,0x0000000acdf00000)]
  0x000001eb6a957800 JavaThread "Daemon periodic checks" [_thread_blocked, id=5324, stack(0x0000000ace000000,0x0000000ace100000)]
  0x000001eb69753800 JavaThread "Daemon" [_thread_blocked, id=21732, stack(0x0000000ace100000,0x0000000ace200000)]
  0x000001eb696ea800 JavaThread "Handler for socket connection from /127.0.0.1:59172 to /127.0.0.1:59174" [_thread_in_native, id=9908, stack(0x0000000ace200000,0x0000000ace300000)]
  0x000001eb6995f000 JavaThread "Cancel handler" [_thread_blocked, id=22392, stack(0x0000000ace300000,0x0000000ace400000)]
  0x000001eb6a83f800 JavaThread "Daemon worker" [_thread_blocked, id=1460, stack(0x0000000ace400000,0x0000000ace500000)]
  0x000001eb698cb800 JavaThread "Asynchronous log dispatcher for DefaultDaemonConnection: socket connection from /127.0.0.1:59172 to /127.0.0.1:59174" [_thread_blocked, id=17540, stack(0x0000000ace500000,0x0000000ace600000)]
  0x000001eb69b3c800 JavaThread "Stdin handler" [_thread_blocked, id=18492, stack(0x0000000ace600000,0x0000000ace700000)]
  0x000001eb6808e000 JavaThread "Daemon client event forwarder" [_thread_blocked, id=15948, stack(0x0000000ace700000,0x0000000ace800000)]
  0x000001eb6808f000 JavaThread "Cache worker for journal cache (C:\Users\Admin\.gradle\caches\journal-1)" [_thread_blocked, id=19036, stack(0x0000000ace800000,0x0000000ace900000)]
  0x000001eb6808a000 JavaThread "File lock request listener" [_thread_in_native, id=13372, stack(0x0000000ace900000,0x0000000acea00000)]
  0x000001eb6808b000 JavaThread "Cache worker for file hash cache (C:\Users\Admin\.gradle\caches\7.5\fileHashes)" [_thread_blocked, id=17968, stack(0x0000000aceb00000,0x0000000acec00000)]
  0x000001eb6808b800 JavaThread "File watcher server" daemon [_thread_in_native, id=7356, stack(0x0000000acec00000,0x0000000aced00000)]
  0x000001eb6808c800 JavaThread "File watcher consumer" daemon [_thread_blocked, id=10300, stack(0x0000000aced00000,0x0000000acee00000)]
  0x000001eb6808d800 JavaThread "Cache worker for checksums cache (E:\ProyectoCatedra2\.gradle\7.5\checksums)" [_thread_blocked, id=12028, stack(0x0000000acee00000,0x0000000acef00000)]
  0x000001eb68089000 JavaThread "Cache worker for cache directory md-rule (C:\Users\Admin\.gradle\caches\7.5\md-rule)" [_thread_blocked, id=17176, stack(0x0000000acef00000,0x0000000acf000000)]
  0x000001eb6808f800 JavaThread "Cache worker for file content cache (C:\Users\Admin\.gradle\caches\7.5\fileContent)" [_thread_blocked, id=5524, stack(0x0000000acf000000,0x0000000acf100000)]
  0x000001eb6a0e5800 JavaThread "Cache worker for file hash cache (E:\ProyectoCatedra2\.gradle\7.5\fileHashes)" [_thread_blocked, id=18108, stack(0x0000000acf100000,0x0000000acf200000)]
  0x000001eb6a0e6800 JavaThread "Cache worker for cache directory md-supplier (C:\Users\Admin\.gradle\caches\7.5\md-supplier)" [_thread_blocked, id=21656, stack(0x0000000acf200000,0x0000000acf300000)]
  0x000001eb6a0e5000 JavaThread "Cache worker for execution history cache (C:\Users\Admin\.gradle\caches\7.5\executionHistory)" [_thread_blocked, id=1560, stack(0x0000000acf300000,0x0000000acf400000)]
  0x000001eb6a0ed000 JavaThread "jar transforms" [_thread_blocked, id=7772, stack(0x0000000acf400000,0x0000000acf500000)]
  0x000001eb6a0e7800 JavaThread "jar transforms Thread 2" [_thread_blocked, id=19024, stack(0x0000000acf500000,0x0000000acf600000)]
  0x000001eb6a0ea800 JavaThread "C2 CompilerThread1" daemon [_thread_blocked, id=19552, stack(0x0000000acf600000,0x0000000acf700000)]
  0x000001eb6a0eb800 JavaThread "jar transforms Thread 3" [_thread_blocked, id=16272, stack(0x0000000acf700000,0x0000000acf800000)]

Other Threads:
=>0x000001eb6765d000 VMThread "VM Thread" [stack: 0x0000000acd100000,0x0000000acd200000] [id=18896]
  0x000001eb6818f000 WatcherThread [stack: 0x0000000acdb00000,0x0000000acdc00000] [id=16520]
  0x000001eb4731c800 GCTaskThread "GC Thread#0" [stack: 0x0000000accc00000,0x0000000accd00000] [id=15860]
  0x000001eb68993000 GCTaskThread "GC Thread#1" [stack: 0x0000000acdc00000,0x0000000acdd00000] [id=7516]
  0x000001eb6851c800 GCTaskThread "GC Thread#2" [stack: 0x0000000acdd00000,0x0000000acde00000] [id=13828]
  0x000001eb699ea000 GCTaskThread "GC Thread#3" [stack: 0x0000000acea00000,0x0000000aceb00000] [id=21684]
  0x000001eb4734e000 ConcurrentGCThread "G1 Main Marker" [stack: 0x0000000accd00000,0x0000000acce00000] [id=17300]
  0x000001eb4734f000 ConcurrentGCThread "G1 Conc#0" [stack: 0x0000000acce00000,0x0000000accf00000] [id=13764]
  0x000001eb473da000 ConcurrentGCThread "G1 Refine#0" [stack: 0x0000000accf00000,0x0000000acd000000] [id=7708]
  0x000001eb473db800 ConcurrentGCThread "G1 Young RemSet Sampling" [stack: 0x0000000acd000000,0x0000000acd100000] [id=17820]

Threads with active compile tasks:
C2 CompilerThread03519       4       org.codehaus.groovy.runtime.metaclass.MetaMethodIndex::addMethodToList (131 bytes)
C1 CompilerThread03552       3       java.beans.FeatureDescriptor::getReturnType (21 bytes)
C2 CompilerThread13544       4       java.util.StringJoiner::compactElts (93 bytes)

VM state:at safepoint (normal execution)

VM Mutex/Monitor currently owned by a thread:  ([mutex/lock_event])
[0x000001eb47304440] Threads_lock - owner thread: 0x000001eb6765d000
[0x000001eb47303d80] Heap_lock - owner thread: 0x000001eb6a83f800

Heap address: 0x0000000080000000, size: 2048 MB, Compressed Oops mode: 32-bit
Narrow klass base: 0x0000000000000000, Narrow klass shift: 3
Compressed class space size: 1073741824 Address: 0x0000000100000000

Heap:
 garbage-first heap   total 157696K, used 28847K [0x0000000080000000, 0x0000000100000000)
  region size 1024K, 7 young (7168K), 7 survivors (7168K)
 Metaspace       used 40587K, capacity 41656K, committed 41728K, reserved 1085440K
  class space    used 5195K, capacity 5581K, committed 5632K, reserved 1048576K
Heap Regions: E=young(eden), S=young(survivor), O=old, HS=humongous(starts), HC=humongous(continues), CS=collection set, F=free, A=archive, TAMS=top-at-mark-start (previous, next)
|   0|0x0000000080000000, 0x0000000080100000, 0x0000000080100000|100%|HS|  |TAMS 0x0000000080100000, 0x0000000080000000| Complete 
|   1|0x0000000080100000, 0x0000000080200000, 0x0000000080200000|100%|HC|  |TAMS 0x0000000080200000, 0x0000000080100000| Complete 
|   2|0x0000000080200000, 0x0000000080300000, 0x0000000080300000|100%|HC|  |TAMS 0x0000000080300000, 0x0000000080200000| Complete 
|   3|0x0000000080300000, 0x0000000080400000, 0x0000000080400000|100%| O|  |TAMS 0x0000000080400000, 0x0000000080300000| Untracked 
|   4|0x0000000080400000, 0x0000000080500000, 0x0000000080500000|100%| O|  |TAMS 0x0000000080500000, 0x0000000080400000| Untracked 
|   5|0x0000000080500000, 0x0000000080600000, 0x0000000080600000|100%| O|  |TAMS 0x0000000080600000, 0x0000000080500000| Untracked 
|   6|0x0000000080600000, 0x0000000080700000, 0x0000000080700000|100%| O|  |TAMS 0x0000000080700000, 0x0000000080600000| Untracked 
|   7|0x0000000080700000, 0x0000000080800000, 0x0000000080800000|100%| O|  |TAMS 0x0000000080800000, 0x0000000080700000| Untracked 
|   8|0x0000000080800000, 0x0000000080900000, 0x0000000080900000|100%| O|  |TAMS 0x0000000080900000, 0x0000000080800000| Untracked 
|   9|0x0000000080900000, 0x0000000080a00000, 0x0000000080a00000|100%| O|  |TAMS 0x0000000080a00000, 0x0000000080900000| Untracked 
|  10|0x0000000080a00000, 0x0000000080b00000, 0x0000000080b00000|100%| O|  |TAMS 0x0000000080b00000, 0x0000000080a00000| Untracked 
|  11|0x0000000080b00000, 0x0000000080c00000, 0x0000000080c00000|100%| O|  |TAMS 0x0000000080c00000, 0x0000000080b00000| Untracked 
|  12|0x0000000080c00000, 0x0000000080d00000, 0x0000000080d00000|100%| O|  |TAMS 0x0000000080d00000, 0x0000000080c00000| Untracked 
|  13|0x0000000080d00000, 0x0000000080e00000, 0x0000000080e00000|100%| O|  |TAMS 0x0000000080e00000, 0x0000000080d00000| Untracked 
|  14|0x0000000080e00000, 0x0000000080f00000, 0x0000000080f00000|100%| O|  |TAMS 0x0000000080f00000, 0x0000000080e00000| Untracked 
|  15|0x0000000080f00000, 0x0000000081000000, 0x0000000081000000|100%| O|  |TAMS 0x0000000081000000, 0x0000000080f00000| Untracked 
|  16|0x0000000081000000, 0x0000000081100000, 0x0000000081100000|100%| O|  |TAMS 0x00000000810cec00, 0x0000000081000000| Untracked 
|  17|0x0000000081100000, 0x0000000081100000, 0x0000000081200000|  0%| F|  |TAMS 0x0000000081100000, 0x0000000081100000| Untracked 
|  18|0x0000000081200000, 0x0000000081200000, 0x0000000081300000|  0%| F|  |TAMS 0x0000000081200000, 0x0000000081200000| Untracked 
|  19|0x0000000081300000, 0x0000000081300000, 0x0000000081400000|  0%| F|  |TAMS 0x0000000081300000, 0x0000000081300000| Untracked 
|  20|0x0000000081400000, 0x0000000081500000, 0x0000000081500000|100%| O|  |TAMS 0x0000000081400000, 0x0000000081400000| Untracked 
|  21|0x0000000081500000, 0x0000000081600000, 0x0000000081600000|100%| O|  |TAMS 0x0000000081500000, 0x0000000081500000| Untracked 
|  22|0x0000000081600000, 0x0000000081700000, 0x0000000081700000|100%| O|  |TAMS 0x0000000081600000, 0x0000000081600000| Untracked 
|  23|0x0000000081700000, 0x0000000081800000, 0x0000000081800000|100%| O|  |TAMS 0x0000000081700000, 0x0000000081700000| Untracked 
|  24|0x0000000081800000, 0x000000008182bc00, 0x0000000081900000| 17%| O|  |TAMS 0x0000000081800000, 0x0000000081800000| Untracked 
|  25|0x0000000081900000, 0x0000000081900000, 0x0000000081a00000|  0%| F|  |TAMS 0x0000000081900000, 0x0000000081900000| Untracked 
|  26|0x0000000081a00000, 0x0000000081a00000, 0x0000000081b00000|  0%| F|  |TAMS 0x0000000081a00000, 0x0000000081a00000| Untracked 
|  27|0x0000000081b00000, 0x0000000081b00000, 0x0000000081c00000|  0%| F|  |TAMS 0x0000000081b00000, 0x0000000081b00000| Untracked 
|  28|0x0000000081c00000, 0x0000000081c00000, 0x0000000081d00000|  0%| F|  |TAMS 0x0000000081c00000, 0x0000000081c00000| Untracked 
|  29|0x0000000081d00000, 0x0000000081d00000, 0x0000000081e00000|  0%| F|  |TAMS 0x0000000081d00000, 0x0000000081d00000| Untracked 
|  30|0x0000000081e00000, 0x0000000081e00000, 0x0000000081f00000|  0%| F|  |TAMS 0x0000000081e00000, 0x0000000081e00000| Untracked 
|  31|0x0000000081f00000, 0x0000000081f00000, 0x0000000082000000|  0%| F|  |TAMS 0x0000000081f00000, 0x0000000081f00000| Untracked 
|  32|0x0000000082000000, 0x0000000082000000, 0x0000000082100000|  0%| F|  |TAMS 0x0000000082000000, 0x0000000082000000| Untracked 
|  33|0x0000000082100000, 0x0000000082100000, 0x0000000082200000|  0%| F|  |TAMS 0x0000000082100000, 0x0000000082100000| Untracked 
|  34|0x0000000082200000, 0x0000000082200000, 0x0000000082300000|  0%| F|  |TAMS 0x0000000082200000, 0x0000000082200000| Untracked 
|  35|0x0000000082300000, 0x0000000082300000, 0x0000000082400000|  0%| F|  |TAMS 0x0000000082300000, 0x0000000082300000| Untracked 
|  36|0x0000000082400000, 0x0000000082400000, 0x0000000082500000|  0%| F|  |TAMS 0x0000000082400000, 0x0000000082400000| Untracked 
|  37|0x0000000082500000, 0x0000000082500000, 0x0000000082600000|  0%| F|  |TAMS 0x0000000082500000, 0x0000000082500000| Untracked 
|  38|0x0000000082600000, 0x0000000082600000, 0x0000000082700000|  0%| F|  |TAMS 0x0000000082600000, 0x0000000082600000| Untracked 
|  39|0x0000000082700000, 0x0000000082700000, 0x0000000082800000|  0%| F|  |TAMS 0x0000000082700000, 0x0000000082700000| Untracked 
|  40|0x0000000082800000, 0x0000000082800000, 0x0000000082900000|  0%| F|  |TAMS 0x0000000082800000, 0x0000000082800000| Untracked 
|  41|0x0000000082900000, 0x0000000082900000, 0x0000000082a00000|  0%| F|  |TAMS 0x0000000082900000, 0x0000000082900000| Untracked 
|  42|0x0000000082a00000, 0x0000000082a00000, 0x0000000082b00000|  0%| F|  |TAMS 0x0000000082a00000, 0x0000000082a00000| Untracked 
|  43|0x0000000082b00000, 0x0000000082b00000, 0x0000000082c00000|  0%| F|  |TAMS 0x0000000082b00000, 0x0000000082b00000| Untracked 
|  44|0x0000000082c00000, 0x0000000082c00000, 0x0000000082d00000|  0%| F|  |TAMS 0x0000000082c00000, 0x0000000082c00000| Untracked 
|  45|0x0000000082d00000, 0x0000000082d00000, 0x0000000082e00000|  0%| F|  |TAMS 0x0000000082d00000, 0x0000000082d00000| Untracked 
|  46|0x0000000082e00000, 0x0000000082e00000, 0x0000000082f00000|  0%| F|  |TAMS 0x0000000082e00000, 0x0000000082e00000| Untracked 
|  47|0x0000000082f00000, 0x0000000082f00000, 0x0000000083000000|  0%| F|  |TAMS 0x0000000082f00000, 0x0000000082f00000| Untracked 
|  48|0x0000000083000000, 0x0000000083000000, 0x0000000083100000|  0%| F|  |TAMS 0x0000000083000000, 0x0000000083000000| Untracked 
|  49|0x0000000083100000, 0x0000000083100000, 0x0000000083200000|  0%| F|  |TAMS 0x0000000083100000, 0x0000000083100000| Untracked 
|  50|0x0000000083200000, 0x0000000083200000, 0x0000000083300000|  0%| F|  |TAMS 0x0000000083200000, 0x0000000083200000| Untracked 
|  51|0x0000000083300000, 0x0000000083300000, 0x0000000083400000|  0%| F|  |TAMS 0x0000000083300000, 0x0000000083300000| Untracked 
|  52|0x0000000083400000, 0x0000000083400000, 0x0000000083500000|  0%| F|  |TAMS 0x0000000083400000, 0x0000000083400000| Untracked 
|  53|0x0000000083500000, 0x0000000083500000, 0x0000000083600000|  0%| F|  |TAMS 0x0000000083500000, 0x0000000083500000| Untracked 
|  54|0x0000000083600000, 0x0000000083600000, 0x0000000083700000|  0%| F|  |TAMS 0x0000000083600000, 0x0000000083600000| Untracked 
|  55|0x0000000083700000, 0x0000000083700000, 0x0000000083800000|  0%| F|  |TAMS 0x0000000083700000, 0x0000000083700000| Untracked 
|  56|0x0000000083800000, 0x0000000083800000, 0x0000000083900000|  0%| F|  |TAMS 0x0000000083800000, 0x0000000083800000| Untracked 
|  57|0x0000000083900000, 0x0000000083900000, 0x0000000083a00000|  0%| F|  |TAMS 0x0000000083900000, 0x0000000083900000| Untracked 
|  58|0x0000000083a00000, 0x0000000083a00000, 0x0000000083b00000|  0%| F|  |TAMS 0x0000000083a00000, 0x0000000083a00000| Untracked 
|  59|0x0000000083b00000, 0x0000000083b00000, 0x0000000083c00000|  0%| F|  |TAMS 0x0000000083b00000, 0x0000000083b00000| Untracked 
|  60|0x0000000083c00000, 0x0000000083c00000, 0x0000000083d00000|  0%| F|  |TAMS 0x0000000083c00000, 0x0000000083c00000| Untracked 
|  61|0x0000000083d00000, 0x0000000083d00000, 0x0000000083e00000|  0%| F|  |TAMS 0x0000000083d00000, 0x0000000083d00000| Untracked 
|  62|0x0000000083e00000, 0x0000000083e00000, 0x0000000083f00000|  0%| F|  |TAMS 0x0000000083e00000, 0x0000000083e00000| Untracked 
|  63|0x0000000083f00000, 0x0000000083f00000, 0x0000000084000000|  0%| F|  |TAMS 0x0000000083f00000, 0x0000000083f00000| Untracked 
|  64|0x0000000084000000, 0x0000000084000000, 0x0000000084100000|  0%| F|  |TAMS 0x0000000084000000, 0x0000000084000000| Untracked 
|  65|0x0000000084100000, 0x0000000084100000, 0x0000000084200000|  0%| F|  |TAMS 0x0000000084100000, 0x0000000084100000| Untracked 
|  66|0x0000000084200000, 0x0000000084300000, 0x0000000084300000|100%| S|CS|TAMS 0x0000000084200000, 0x0000000084200000| Complete 
|  67|0x0000000084300000, 0x0000000084400000, 0x0000000084400000|100%| S|CS|TAMS 0x0000000084300000, 0x0000000084300000| Complete 
|  68|0x0000000084400000, 0x0000000084500000, 0x0000000084500000|100%| S|CS|TAMS 0x0000000084400000, 0x0000000084400000| Complete 
|  69|0x0000000084500000, 0x0000000084600000, 0x0000000084600000|100%| S|CS|TAMS 0x0000000084500000, 0x0000000084500000| Complete 
|  70|0x0000000084600000, 0x0000000084700000, 0x0000000084700000|100%| S|CS|TAMS 0x0000000084600000, 0x0000000084600000| Complete 
|  71|0x0000000084700000, 0x0000000084800000, 0x0000000084800000|100%| S|CS|TAMS 0x0000000084700000, 0x0000000084700000| Complete 
|  72|0x0000000084800000, 0x0000000084900000, 0x0000000084900000|100%| S|CS|TAMS 0x0000000084800000, 0x0000000084800000| Complete 
|  73|0x0000000084900000, 0x0000000084900000, 0x0000000084a00000|  0%| F|  |TAMS 0x0000000084900000, 0x0000000084900000| Untracked 
|  74|0x0000000084a00000, 0x0000000084a00000, 0x0000000084b00000|  0%| F|  |TAMS 0x0000000084a00000, 0x0000000084a00000| Untracked 
|  75|0x0000000084b00000, 0x0000000084b00000, 0x0000000084c00000|  0%| F|  |TAMS 0x0000000084b00000, 0x0000000084b00000| Untracked 
|  76|0x0000000084c00000, 0x0000000084c00000, 0x0000000084d00000|  0%| F|  |TAMS 0x0000000084c00000, 0x0000000084c00000| Untracked 
|  77|0x0000000084d00000, 0x0000000084d00000, 0x0000000084e00000|  0%| F|  |TAMS 0x0000000084d00000, 0x0000000084d00000| Untracked 
|  78|0x0000000084e00000, 0x0000000084e00000, 0x0000000084f00000|  0%| F|  |TAMS 0x0000000084e00000, 0x0000000084e00000| Untracked 
|  79|0x0000000084f00000, 0x0000000084f00000, 0x0000000085000000|  0%| F|  |TAMS 0x0000000084f00000, 0x0000000084f00000| Untracked 
|  80|0x0000000085000000, 0x0000000085000000, 0x0000000085100000|  0%| F|  |TAMS 0x0000000085000000, 0x0000000085000000| Untracked 
|  81|0x0000000085100000, 0x0000000085100000, 0x0000000085200000|  0%| F|  |TAMS 0x0000000085100000, 0x0000000085100000| Untracked 
|  82|0x0000000085200000, 0x0000000085200000, 0x0000000085300000|  0%| F|  |TAMS 0x0000000085200000, 0x0000000085200000| Untracked 
|  83|0x0000000085300000, 0x0000000085300000, 0x0000000085400000|  0%| F|  |TAMS 0x0000000085300000, 0x0000000085300000| Untracked 
|  84|0x0000000085400000, 0x0000000085400000, 0x0000000085500000|  0%| F|  |TAMS 0x0000000085400000, 0x0000000085400000| Untracked 
|  85|0x0000000085500000, 0x0000000085500000, 0x0000000085600000|  0%| F|  |TAMS 0x0000000085500000, 0x0000000085500000| Untracked 
|  86|0x0000000085600000, 0x0000000085600000, 0x0000000085700000|  0%| F|  |TAMS 0x0000000085600000, 0x0000000085600000| Untracked 
|  87|0x0000000085700000, 0x0000000085700000, 0x0000000085800000|  0%| F|  |TAMS 0x0000000085700000, 0x0000000085700000| Untracked 
|  88|0x0000000085800000, 0x0000000085800000, 0x0000000085900000|  0%| F|  |TAMS 0x0000000085800000, 0x0000000085800000| Untracked 
|  89|0x0000000085900000, 0x0000000085900000, 0x0000000085a00000|  0%| F|  |TAMS 0x0000000085900000, 0x0000000085900000| Untracked 
|  90|0x0000000085a00000, 0x0000000085a00000, 0x0000000085b00000|  0%| F|  |TAMS 0x0000000085a00000, 0x0000000085a00000| Untracked 
|  91|0x0000000085b00000, 0x0000000085b00000, 0x0000000085c00000|  0%| F|  |TAMS 0x0000000085b00000, 0x0000000085b00000| Untracked 
|  92|0x0000000085c00000, 0x0000000085c00000, 0x0000000085d00000|  0%| F|  |TAMS 0x0000000085c00000, 0x0000000085c00000| Untracked 
|  93|0x0000000085d00000, 0x0000000085d00000, 0x0000000085e00000|  0%| F|  |TAMS 0x0000000085d00000, 0x0000000085d00000| Untracked 
|  94|0x0000000085e00000, 0x0000000085e00000, 0x0000000085f00000|  0%| F|  |TAMS 0x0000000085e00000, 0x0000000085e00000| Untracked 
|  95|0x0000000085f00000, 0x0000000085f00000, 0x0000000086000000|  0%| F|  |TAMS 0x0000000085f00000, 0x0000000085f00000| Untracked 
|  96|0x0000000086000000, 0x0000000086000000, 0x0000000086100000|  0%| F|  |TAMS 0x0000000086000000, 0x0000000086000000| Untracked 
|  97|0x0000000086100000, 0x0000000086100000, 0x0000000086200000|  0%| F|  |TAMS 0x0000000086100000, 0x0000000086100000| Untracked 
|  98|0x0000000086200000, 0x0000000086200000, 0x0000000086300000|  0%| F|  |TAMS 0x0000000086200000, 0x0000000086200000| Untracked 
|  99|0x0000000086300000, 0x0000000086300000, 0x0000000086400000|  0%| F|  |TAMS 0x0000000086300000, 0x0000000086300000| Untracked 
| 100|0x0000000086400000, 0x0000000086400000, 0x0000000086500000|  0%| F|  |TAMS 0x0000000086400000, 0x0000000086400000| Untracked 
| 101|0x0000000086500000, 0x0000000086500000, 0x0000000086600000|  0%| F|  |TAMS 0x0000000086500000, 0x0000000086500000| Untracked 
| 102|0x0000000086600000, 0x0000000086600000, 0x0000000086700000|  0%| F|  |TAMS 0x0000000086600000, 0x0000000086600000| Untracked 
| 103|0x0000000086700000, 0x0000000086700000, 0x0000000086800000|  0%| F|  |TAMS 0x0000000086700000, 0x0000000086700000| Untracked 
| 104|0x0000000086800000, 0x0000000086800000, 0x0000000086900000|  0%| F|  |TAMS 0x0000000086800000, 0x0000000086800000| Untracked 
| 105|0x0000000086900000, 0x0000000086900000, 0x0000000086a00000|  0%| F|  |TAMS 0x0000000086900000, 0x0000000086900000| Untracked 
| 106|0x0000000086a00000, 0x0000000086a00000, 0x0000000086b00000|  0%| F|  |TAMS 0x0000000086a00000, 0x0000000086a00000| Untracked 
| 107|0x0000000086b00000, 0x0000000086b00000, 0x0000000086c00000|  0%| F|  |TAMS 0x0000000086b00000, 0x0000000086b00000| Untracked 
| 108|0x0000000086c00000, 0x0000000086c00000, 0x0000000086d00000|  0%| F|  |TAMS 0x0000000086c00000, 0x0000000086c00000| Untracked 
| 109|0x0000000086d00000, 0x0000000086d00000, 0x0000000086e00000|  0%| F|  |TAMS 0x0000000086d00000, 0x0000000086d00000| Untracked 
| 110|0x0000000086e00000, 0x0000000086e00000, 0x0000000086f00000|  0%| F|  |TAMS 0x0000000086e00000, 0x0000000086e00000| Untracked 
| 111|0x0000000086f00000, 0x0000000086f00000, 0x0000000087000000|  0%| F|  |TAMS 0x0000000086f00000, 0x0000000086f00000| Untracked 
| 112|0x0000000087000000, 0x0000000087000000, 0x0000000087100000|  0%| F|  |TAMS 0x0000000087000000, 0x0000000087000000| Untracked 
| 113|0x0000000087100000, 0x0000000087100000, 0x0000000087200000|  0%| F|  |TAMS 0x0000000087100000, 0x0000000087100000| Untracked 
| 114|0x0000000087200000, 0x0000000087200000, 0x0000000087300000|  0%| F|  |TAMS 0x0000000087200000, 0x0000000087200000| Untracked 
| 115|0x0000000087300000, 0x0000000087300000, 0x0000000087400000|  0%| F|  |TAMS 0x0000000087300000, 0x0000000087300000| Untracked 
| 116|0x0000000087400000, 0x0000000087400000, 0x0000000087500000|  0%| F|  |TAMS 0x0000000087400000, 0x0000000087400000| Untracked 
| 117|0x0000000087500000, 0x0000000087500000, 0x0000000087600000|  0%| F|  |TAMS 0x0000000087500000, 0x0000000087500000| Untracked 
| 118|0x0000000087600000, 0x0000000087600000, 0x0000000087700000|  0%| F|  |TAMS 0x0000000087600000, 0x0000000087600000| Untracked 
| 119|0x0000000087700000, 0x0000000087700000, 0x0000000087800000|  0%| F|  |TAMS 0x0000000087700000, 0x0000000087700000| Untracked 
| 120|0x0000000087800000, 0x0000000087800000, 0x0000000087900000|  0%| F|  |TAMS 0x0000000087800000, 0x0000000087800000| Untracked 
| 121|0x0000000087900000, 0x0000000087900000, 0x0000000087a00000|  0%| F|  |TAMS 0x0000000087900000, 0x0000000087900000| Untracked 
| 122|0x0000000087a00000, 0x0000000087a00000, 0x0000000087b00000|  0%| F|  |TAMS 0x0000000087a00000, 0x0000000087a00000| Untracked 
| 123|0x0000000087b00000, 0x0000000087b00000, 0x0000000087c00000|  0%| F|  |TAMS 0x0000000087b00000, 0x0000000087b00000| Untracked 
| 124|0x0000000087c00000, 0x0000000087c00000, 0x0000000087d00000|  0%| F|  |TAMS 0x0000000087c00000, 0x0000000087c00000| Untracked 
| 125|0x0000000087d00000, 0x0000000087d00000, 0x0000000087e00000|  0%| F|  |TAMS 0x0000000087d00000, 0x0000000087d00000| Untracked 
| 126|0x0000000087e00000, 0x0000000087e00000, 0x0000000087f00000|  0%| F|  |TAMS 0x0000000087e00000, 0x0000000087e00000| Untracked 
| 127|0x0000000087f00000, 0x0000000087f00000, 0x0000000088000000|  0%| F|  |TAMS 0x0000000087f00000, 0x0000000087f00000| Untracked 

Card table byte_map: [0x000001eb60830000,0x000001eb60c30000] _byte_map_base: 0x000001eb60430000

Marking Bits (Prev, Next): (CMBitMap*) 0x000001eb47345308, (CMBitMap*) 0x000001eb47345340
 Prev Bits: [0x000001eb61030000, 0x000001eb63030000)
 Next Bits: [0x000001eb63030000, 0x000001eb65030000)

Polling page: 0x000001eb47190000

Metaspace:

Usage:
  Non-class:     35.23 MB capacity,    34.56 MB ( 98%) used,   583.67 KB (  2%) free+waste,    99.00 KB ( <1%) overhead. 
      Class:      5.45 MB capacity,     5.07 MB ( 93%) used,   337.73 KB (  6%) free+waste,    47.94 KB ( <1%) overhead. 
       Both:     40.68 MB capacity,    39.64 MB ( 97%) used,   921.41 KB (  2%) free+waste,   146.94 KB ( <1%) overhead. 

Virtual space:
  Non-class space:       36.00 MB reserved,      35.25 MB ( 98%) committed 
      Class space:        1.00 GB reserved,       5.50 MB ( <1%) committed 
             Both:        1.04 GB reserved,      40.75 MB (  4%) committed 

Chunk freelists:
   Non-Class:  2.63 KB
       Class:  2.38 KB
        Both:  5.00 KB

CodeHeap 'non-profiled nmethods': size=120064Kb used=1863Kb max_used=1863Kb free=118200Kb
 bounds [0x000001eb588d0000, 0x000001eb58b40000, 0x000001eb5fe10000]
CodeHeap 'profiled nmethods': size=120000Kb used=7149Kb max_used=7149Kb free=112850Kb
 bounds [0x000001eb513a0000, 0x000001eb51aa0000, 0x000001eb588d0000]
CodeHeap 'non-nmethods': size=5696Kb used=2206Kb max_used=2234Kb free=3489Kb
 bounds [0x000001eb50e10000, 0x000001eb51080000, 0x000001eb513a0000]
 total_blobs=5187 nmethods=3294 adapters=681
 compilation: enabled
              stopped_count=0, restarted_count=0
 full_count=0

Compilation events (10 events):
Event: 15.703 Thread 0x000001eb6768a800 nmethod 3548 0x000001eb51a9c890 code [0x000001eb51a9ca60, 0x000001eb51a9cc90]
Event: 15.703 Thread 0x000001eb6768a800 3549       3       java.util.TreeMap$EntryIterator::next (5 bytes)
Event: 15.703 Thread 0x000001eb6768a800 nmethod 3549 0x000001eb51a9cd90 code [0x000001eb51a9cf60, 0x000001eb51a9d150]
Event: 15.703 Thread 0x000001eb6768a800 3550       3       java.util.TreeMap$EntryIterator::next (5 bytes)
Event: 15.703 Thread 0x000001eb6768a800 nmethod 3550 0x000001eb51a9d210 code [0x000001eb51a9d3c0, 0x000001eb51a9d550]
Event: 15.703 Thread 0x000001eb6768a800 3551       3       java.beans.FeatureDescriptor::setTransient (30 bytes)
Event: 15.704 Thread 0x000001eb6768a800 nmethod 3551 0x000001eb51a9d610 code [0x000001eb51a9d8a0, 0x000001eb51a9e4d0]
Event: 15.704 Thread 0x000001eb6768a800 3553       3       com.sun.beans.TypeResolver::resolveInClass (9 bytes)
Event: 15.706 Thread 0x000001eb6768a800 nmethod 3553 0x000001eb51a9e910 code [0x000001eb51a9eb60, 0x000001eb51a9f3e0]
Event: 15.706 Thread 0x000001eb6768a800 3552       3       java.beans.FeatureDescriptor::getReturnType (21 bytes)

GC Heap History (10 events):
Event: 7.227 GC heap after
{Heap after GC invocations=4 (full 0):
 garbage-first heap   total 131072K, used 17331K [0x0000000080000000, 0x0000000100000000)
  region size 1024K, 7 young (7168K), 7 survivors (7168K)
 Metaspace       used 18506K, capacity 18922K, committed 19072K, reserved 1067008K
  class space    used 2203K, capacity 2316K, committed 2432K, reserved 1048576K
}
Event: 8.106 GC heap before
{Heap before GC invocations=4 (full 0):
 garbage-first heap   total 131072K, used 38835K [0x0000000080000000, 0x0000000100000000)
  region size 1024K, 29 young (29696K), 7 survivors (7168K)
 Metaspace       used 20742K, capacity 21148K, committed 21248K, reserved 1067008K
  class space    used 2545K, capacity 2716K, committed 2816K, reserved 1048576K
}
Event: 8.121 GC heap after
{Heap after GC invocations=5 (full 0):
 garbage-first heap   total 131072K, used 18197K [0x0000000080000000, 0x0000000100000000)
  region size 1024K, 1 young (1024K), 1 survivors (1024K)
 Metaspace       used 20742K, capacity 21148K, committed 21248K, reserved 1067008K
  class space    used 2545K, capacity 2716K, committed 2816K, reserved 1048576K
}
Event: 10.350 GC heap before
{Heap before GC invocations=6 (full 0):
 garbage-first heap   total 131072K, used 68373K [0x0000000080000000, 0x0000000100000000)
  region size 1024K, 50 young (51200K), 1 survivors (1024K)
 Metaspace       used 26041K, capacity 26720K, committed 27008K, reserved 1073152K
  class space    used 3418K, capacity 3646K, committed 3712K, reserved 1048576K
}
Event: 10.356 GC heap after
{Heap after GC invocations=7 (full 0):
 garbage-first heap   total 131072K, used 19886K [0x0000000080000000, 0x0000000100000000)
  region size 1024K, 3 young (3072K), 3 survivors (3072K)
 Metaspace       used 26041K, capacity 26720K, committed 27008K, reserved 1073152K
  class space    used 3418K, capacity 3646K, committed 3712K, reserved 1048576K
}
Event: 11.694 GC heap before
{Heap before GC invocations=7 (full 0):
 garbage-first heap   total 131072K, used 73134K [0x0000000080000000, 0x0000000100000000)
  region size 1024K, 55 young (56320K), 3 survivors (3072K)
 Metaspace       used 30822K, capacity 31580K, committed 31872K, reserved 1077248K
  class space    used 4168K, capacity 4421K, committed 4480K, reserved 1048576K
}
Event: 11.703 GC heap after
{Heap after GC invocations=8 (full 0):
 garbage-first heap   total 131072K, used 21290K [0x0000000080000000, 0x0000000100000000)
  region size 1024K, 4 young (4096K), 4 survivors (4096K)
 Metaspace       used 30822K, capacity 31580K, committed 31872K, reserved 1077248K
  class space    used 4168K, capacity 4421K, committed 4480K, reserved 1048576K
}
Event: 13.952 GC heap before
{Heap before GC invocations=8 (full 0):
 garbage-first heap   total 131072K, used 39722K [0x0000000080000000, 0x0000000100000000)
  region size 1024K, 23 young (23552K), 4 survivors (4096K)
 Metaspace       used 34936K, capacity 35783K, committed 35840K, reserved 1081344K
  class space    used 4612K, capacity 4952K, committed 4992K, reserved 1048576K
}
Event: 13.971 GC heap after
{Heap after GC invocations=9 (full 0):
 garbage-first heap   total 131072K, used 23355K [0x0000000080000000, 0x0000000100000000)
  region size 1024K, 6 young (6144K), 6 survivors (6144K)
 Metaspace       used 34936K, capacity 35783K, committed 35840K, reserved 1081344K
  class space    used 4612K, capacity 4952K, committed 4992K, reserved 1048576K
}
Event: 15.707 GC heap before
{Heap before GC invocations=10 (full 0):
 garbage-first heap   total 131072K, used 75579K [0x0000000080000000, 0x0000000100000000)
  region size 1024K, 55 young (56320K), 6 survivors (6144K)
 Metaspace       used 40587K, capacity 41656K, committed 41728K, reserved 1085440K
  class space    used 5195K, capacity 5581K, committed 5632K, reserved 1048576K
}

Deoptimization events (10 events):
Event: 15.213 Thread 0x000001eb6a83f800 Uncommon trap: reason=class_check action=maybe_recompile pc=0x000001eb58a75160 method=java.util.regex.Pattern$Start.match(Ljava/util/regex/Matcher;ILjava/lang/CharSequence;)Z @ 44 c2
Event: 15.214 Thread 0x000001eb6a83f800 Uncommon trap: reason=class_check action=maybe_recompile pc=0x000001eb58a75160 method=java.util.regex.Pattern$Start.match(Ljava/util/regex/Matcher;ILjava/lang/CharSequence;)Z @ 44 c2
Event: 15.391 Thread 0x000001eb6a83f800 Uncommon trap: reason=profile_predicate action=maybe_recompile pc=0x000001eb58a84664 method=java.lang.PublicMethods$MethodList.filter([Ljava/lang/reflect/Method;Ljava/lang/String;[Ljava/lang/Class;Z)Ljava/lang/PublicMethods$MethodList; @ 21 c2
Event: 15.391 Thread 0x000001eb6a83f800 Uncommon trap: reason=profile_predicate action=maybe_recompile pc=0x000001eb58a84664 method=java.lang.PublicMethods$MethodList.filter([Ljava/lang/reflect/Method;Ljava/lang/String;[Ljava/lang/Class;Z)Ljava/lang/PublicMethods$MethodList; @ 21 c2
Event: 15.414 Thread 0x000001eb6a83f800 Uncommon trap: reason=class_check action=maybe_recompile pc=0x000001eb58a75160 method=java.util.regex.Pattern$Start.match(Ljava/util/regex/Matcher;ILjava/lang/CharSequence;)Z @ 44 c2
Event: 15.414 Thread 0x000001eb6a83f800 Uncommon trap: reason=class_check action=maybe_recompile pc=0x000001eb58a75160 method=java.util.regex.Pattern$Start.match(Ljava/util/regex/Matcher;ILjava/lang/CharSequence;)Z @ 44 c2
Event: 15.423 Thread 0x000001eb6a83f800 Uncommon trap: reason=class_check action=maybe_recompile pc=0x000001eb58a5a0a0 method=java.util.regex.Pattern$Start.match(Ljava/util/regex/Matcher;ILjava/lang/CharSequence;)Z @ 44 c2
Event: 15.517 Thread 0x000001eb6a83f800 Uncommon trap: reason=profile_predicate action=maybe_recompile pc=0x000001eb58a84664 method=java.lang.PublicMethods$MethodList.filter([Ljava/lang/reflect/Method;Ljava/lang/String;[Ljava/lang/Class;Z)Ljava/lang/PublicMethods$MethodList; @ 21 c2
Event: 15.519 Thread 0x000001eb6a83f800 Uncommon trap: reason=profile_predicate action=maybe_recompile pc=0x000001eb58a84664 method=java.lang.PublicMethods$MethodList.filter([Ljava/lang/reflect/Method;Ljava/lang/String;[Ljava/lang/Class;Z)Ljava/lang/PublicMethods$MethodList; @ 21 c2
Event: 15.611 Thread 0x000001eb6a83f800 Uncommon trap: reason=unstable_if action=reinterpret pc=0x000001eb589b9dd0 method=java.util.HashMap.putVal(ILjava/lang/Object;Ljava/lang/Object;ZZ)Ljava/lang/Object; @ 162 c2

Classes redefined (0 events):
No events

Internal exceptions (10 events):
Event: 15.662 Thread 0x000001eb6a83f800 Exception <a 'java/lang/ClassNotFoundException'{0x0000000084bed0d0}: settings_cf0kb3l3g5faed52vfnvmhemlBeanInfo> (0x0000000084bed0d0) thrown at [t:/workspace/open/src/hotspot/share/classfile/systemDictionary.cpp, line 231]
Event: 15.662 Thread 0x000001eb6a83f800 Exception <a 'java/lang/ClassNotFoundException'{0x0000000084a03908}: org/gradle/initialization/SettingsScriptBeanInfo> (0x0000000084a03908) thrown at [t:/workspace/open/src/hotspot/share/classfile/systemDictionary.cpp, line 231]
Event: 15.663 Thread 0x000001eb6a83f800 Exception <a 'java/lang/ClassNotFoundException'{0x0000000084a1b360}: org/gradle/plugin/use/internal/PluginsAwareScriptBeanInfo> (0x0000000084a1b360) thrown at [t:/workspace/open/src/hotspot/share/classfile/systemDictionary.cpp, line 231]
Event: 15.664 Thread 0x000001eb6a83f800 Exception <a 'java/lang/ClassNotFoundException'{0x0000000084a340f8}: org/gradle/plugin/use/internal/PluginsAwareScriptCustomizer> (0x0000000084a340f8) thrown at [t:/workspace/open/src/hotspot/share/classfile/systemDictionary.cpp, line 231]
Event: 15.666 Thread 0x000001eb6a83f800 Exception <a 'java/lang/ClassNotFoundException'{0x0000000084a52018}: org/gradle/initialization/SettingsScriptCustomizer> (0x0000000084a52018) thrown at [t:/workspace/open/src/hotspot/share/classfile/systemDictionary.cpp, line 231]
Event: 15.667 Thread 0x000001eb6a83f800 Exception <a 'java/lang/ClassNotFoundException'{0x0000000084a65148}: settings_cf0kb3l3g5faed52vfnvmhemlCustomizer> (0x0000000084a65148) thrown at [t:/workspace/open/src/hotspot/share/classfile/systemDictionary.cpp, line 231]
Event: 15.683 Thread 0x000001eb6a83f800 Exception <a 'java/lang/ClassNotFoundException'{0x0000000084910c90}: org/gradle/initialization/DefaultSettings_DecoratedBeanInfo> (0x0000000084910c90) thrown at [t:/workspace/open/src/hotspot/share/classfile/systemDictionary.cpp, line 231]
Event: 15.691 Thread 0x000001eb6a83f800 Exception <a 'java/lang/ClassNotFoundException'{0x0000000084934bc8}: org/gradle/initialization/DefaultSettingsBeanInfo> (0x0000000084934bc8) thrown at [t:/workspace/open/src/hotspot/share/classfile/systemDictionary.cpp, line 231]
Event: 15.692 Thread 0x000001eb6a83f800 Exception <a 'java/lang/ClassNotFoundException'{0x00000000849599e8}: org/gradle/initialization/DefaultSettingsCustomizer> (0x00000000849599e8) thrown at [t:/workspace/open/src/hotspot/share/classfile/systemDictionary.cpp, line 231]
Event: 15.699 Thread 0x000001eb6a83f800 Exception <a 'java/lang/ClassNotFoundException'{0x00000000849aee98}: org/gradle/initialization/DefaultSettings_DecoratedCustomizer> (0x00000000849aee98) thrown at [t:/workspace/open/src/hotspot/share/classfile/systemDictionary.cpp, line 231]

Events (10 events):
Event: 15.695 loading class org/gradle/api/initialization/ConfigurableIncludedBuild done
Event: 15.698 loading class org/gradle/initialization/DefaultSettings_DecoratedCustomizer
Event: 15.698 loading class org/gradle/initialization/DefaultSettings_DecoratedCustomizer done
Event: 15.698 loading class org/gradle/initialization/DefaultSettings_DecoratedCustomizer
Event: 15.698 loading class org/gradle/initialization/DefaultSettings_DecoratedCustomizer done
Event: 15.698 loading class org/gradle/initialization/DefaultSettings_DecoratedCustomizer
Event: 15.698 loading class org/gradle/initialization/DefaultSettings_DecoratedCustomizer done
Event: 15.699 loading class org/gradle/initialization/DefaultSettings_DecoratedCustomizer
Event: 15.699 loading class org/gradle/initialization/DefaultSettings_DecoratedCustomizer done
Event: 15.707 Executing VM operation: G1CollectForAllocation


Dynamic libraries:
0x00007ff604ef0000 - 0x00007ff604f37000 	C:\Program Files\Java\jdk-11.0.1\bin\java.exe
0x00007ffbc72d0000 - 0x00007ffbc74c8000 	C:\WINDOWS\SYSTEM32\ntdll.dll
0x00007ffbc5c40000 - 0x00007ffbc5cff000 	C:\WINDOWS\System32\KERNEL32.DLL
0x00007ffbc4dc0000 - 0x00007ffbc5092000 	C:\WINDOWS\System32\KERNELBASE.dll
0x00007ffbc5e00000 - 0x00007ffbc5eae000 	C:\WINDOWS\System32\ADVAPI32.dll
0x00007ffbc5320000 - 0x00007ffbc53be000 	C:\WINDOWS\System32\msvcrt.dll
0x00007ffbc5d00000 - 0x00007ffbc5d9c000 	C:\WINDOWS\System32\sechost.dll
0x00007ffbc7060000 - 0x00007ffbc7184000 	C:\WINDOWS\System32\RPCRT4.dll
0x00007ffbc53c0000 - 0x00007ffbc5561000 	C:\WINDOWS\System32\USER32.dll
0x00007ffbc4be0000 - 0x00007ffbc4c02000 	C:\WINDOWS\System32\win32u.dll
0x00007ffbc6f20000 - 0x00007ffbc6f4b000 	C:\WINDOWS\System32\GDI32.dll
0x00007ffbc5210000 - 0x00007ffbc531f000 	C:\WINDOWS\System32\gdi32full.dll
0x00007ffbc4b40000 - 0x00007ffbc4bdd000 	C:\WINDOWS\System32\msvcp_win.dll
0x00007ffbc49d0000 - 0x00007ffbc4ad0000 	C:\WINDOWS\System32\ucrtbase.dll
0x00007ffbb26f0000 - 0x00007ffbb298a000 	C:\WINDOWS\WinSxS\amd64_microsoft.windows.common-controls_6595b64144ccf1df_6.0.19041.1110_none_60b5254171f9507e\COMCTL32.dll
0x00007ffbbb390000 - 0x00007ffbbb39a000 	C:\WINDOWS\SYSTEM32\VERSION.dll
0x00007ffbc7190000 - 0x00007ffbc71c0000 	C:\WINDOWS\System32\IMM32.DLL
0x00007ffbbb1d0000 - 0x00007ffbbb1e6000 	C:\Program Files\Java\jdk-11.0.1\bin\vcruntime140.dll
0x00007ffb921a0000 - 0x00007ffb9224a000 	C:\Program Files\Java\jdk-11.0.1\bin\msvcp140.dll
0x00007ffb6efb0000 - 0x00007ffb6faf2000 	C:\Program Files\Java\jdk-11.0.1\bin\server\jvm.dll
0x00007ffbc5eb0000 - 0x00007ffbc5eb8000 	C:\WINDOWS\System32\PSAPI.DLL
0x00007ffbbd360000 - 0x00007ffbbd369000 	C:\WINDOWS\SYSTEM32\WSOCK32.dll
0x00007ffbc5880000 - 0x00007ffbc58eb000 	C:\WINDOWS\System32\WS2_32.dll
0x00007ffbb3950000 - 0x00007ffbb3977000 	C:\WINDOWS\SYSTEM32\WINMM.dll
0x00007ffbc2890000 - 0x00007ffbc28a2000 	C:\WINDOWS\SYSTEM32\kernel.appcore.dll
0x00007ffbbb150000 - 0x00007ffbbb161000 	C:\Program Files\Java\jdk-11.0.1\bin\verify.dll
0x00007ffbb1ad0000 - 0x00007ffbb1cb4000 	C:\WINDOWS\SYSTEM32\DBGHELP.DLL
0x00007ffbc12f0000 - 0x00007ffbc1325000 	C:\WINDOWS\SYSTEM32\dbgcore.DLL
0x00007ffbc5150000 - 0x00007ffbc51d2000 	C:\WINDOWS\System32\bcryptPrimitives.dll
0x00007ffbb7540000 - 0x00007ffbb7569000 	C:\Program Files\Java\jdk-11.0.1\bin\java.dll
0x00007ffbbb130000 - 0x00007ffbbb146000 	C:\Program Files\Java\jdk-11.0.1\bin\zip.dll
0x00007ffbc0130000 - 0x00007ffbc013a000 	C:\Program Files\Java\jdk-11.0.1\bin\jimage.dll
0x00007ffbc5f20000 - 0x00007ffbc6665000 	C:\WINDOWS\System32\SHELL32.dll
0x00007ffbc2a90000 - 0x00007ffbc3222000 	C:\WINDOWS\SYSTEM32\windows.storage.dll
0x00007ffbc6730000 - 0x00007ffbc6a85000 	C:\WINDOWS\System32\combase.dll
0x00007ffbc4430000 - 0x00007ffbc4460000 	C:\WINDOWS\SYSTEM32\Wldp.dll
0x00007ffbc6f50000 - 0x00007ffbc6ffd000 	C:\WINDOWS\System32\SHCORE.dll
0x00007ffbc7000000 - 0x00007ffbc7055000 	C:\WINDOWS\System32\shlwapi.dll
0x00007ffbc4910000 - 0x00007ffbc492f000 	C:\WINDOWS\SYSTEM32\profapi.dll
0x00007ffbb8920000 - 0x00007ffbb8939000 	C:\Program Files\Java\jdk-11.0.1\bin\net.dll
0x00007ffbbccf0000 - 0x00007ffbbcdfa000 	C:\WINDOWS\SYSTEM32\WINHTTP.dll
0x00007ffbc4120000 - 0x00007ffbc418a000 	C:\WINDOWS\system32\mswsock.dll
0x00007ffbb7520000 - 0x00007ffbb7533000 	C:\Program Files\Java\jdk-11.0.1\bin\nio.dll
0x00007ffbb5630000 - 0x00007ffbb5657000 	C:\Users\Admin\.gradle\native\e1d6ef7f7dcc3fd88c89a11ec53ec762bb8ba0a96d01ffa2cd45eb1d1d8dd5c5\windows-amd64\native-platform.dll
0x00007ffb79c90000 - 0x00007ffb79dd4000 	C:\Users\Admin\.gradle\native\0d407fdbe67a94daf76414ababcb853783967236a71b16ec16e742cd7a986fd3\windows-amd64\native-platform-file-events.dll
0x00007ffbbb810000 - 0x00007ffbbb819000 	C:\Program Files\Java\jdk-11.0.1\bin\management.dll
0x00007ffbbb370000 - 0x00007ffbbb37c000 	C:\Program Files\Java\jdk-11.0.1\bin\management_ext.dll
0x00007ffbc4390000 - 0x00007ffbc43a8000 	C:\WINDOWS\SYSTEM32\CRYPTSP.dll
0x00007ffbc39d0000 - 0x00007ffbc3a04000 	C:\WINDOWS\system32\rsaenh.dll
0x00007ffbc51e0000 - 0x00007ffbc5207000 	C:\WINDOWS\System32\bcrypt.dll
0x00007ffbc48d0000 - 0x00007ffbc48fe000 	C:\WINDOWS\SYSTEM32\USERENV.dll
0x00007ffbc4380000 - 0x00007ffbc438c000 	C:\WINDOWS\SYSTEM32\CRYPTBASE.dll
0x00007ffbc3da0000 - 0x00007ffbc3ddb000 	C:\WINDOWS\SYSTEM32\IPHLPAPI.DLL
0x00007ffbc5aa0000 - 0x00007ffbc5aa8000 	C:\WINDOWS\System32\NSI.dll
0x00007ffbbe3d0000 - 0x00007ffbbe3e7000 	C:\WINDOWS\SYSTEM32\dhcpcsvc6.DLL
0x00007ffbbdd80000 - 0x00007ffbbdd9d000 	C:\WINDOWS\SYSTEM32\dhcpcsvc.DLL
0x00007ffbc3de0000 - 0x00007ffbc3eab000 	C:\WINDOWS\SYSTEM32\DNSAPI.dll

dbghelp: loaded successfully - version: 4.0.5 - missing functions: none
symbol engine: initialized successfully - sym options: 0x614 - pdb path: .;C:\Program Files\Java\jdk-11.0.1\bin;C:\WINDOWS\SYSTEM32;C:\WINDOWS\WinSxS\amd64_microsoft.windows.common-controls_6595b64144ccf1df_6.0.19041.1110_none_60b5254171f9507e;C:\Program Files\Java\jdk-11.0.1\bin\server;C:\Users\Admin\.gradle\native\e1d6ef7f7dcc3fd88c89a11ec53ec762bb8ba0a96d01ffa2cd45eb1d1d8dd5c5\windows-amd64;C:\Users\Admin\.gradle\native\0d407fdbe67a94daf76414ababcb853783967236a71b16ec16e742cd7a986fd3\windows-amd64

VM Arguments:
jvm_args: --add-opens=java.base/java.util=ALL-UNNAMED --add-opens=java.base/java.lang=ALL-UNNAMED --add-opens=java.base/java.lang.invoke=ALL-UNNAMED --add-opens=java.base/java.util=ALL-UNNAMED --add-opens=java.prefs/java.util.prefs=ALL-UNNAMED --add-opens=java.prefs/java.util.prefs=ALL-UNNAMED --add-opens=java.base/java.nio.charset=ALL-UNNAMED --add-opens=java.base/java.net=ALL-UNNAMED --add-opens=java.base/java.util.concurrent.atomic=ALL-UNNAMED -Xmx2048m -Dfile.encoding=UTF-8 -Duser.country=SV -Duser.language=es -Duser.variant 
java_command: org.gradle.launcher.daemon.bootstrap.GradleDaemon 7.5
java_class_path (initial): C:\Users\Admin\.gradle\wrapper\dists\gradle-7.5-bin\f1w0cc9nuo0eivz97x2xlu9sv\gradle-7.5\lib\gradle-launcher-7.5.jar
Launcher Type: SUN_STANDARD

[Global flags]
     intx CICompilerCount                          = 3                                         {product} {ergonomic}
     uint ConcGCThreads                            = 1                                         {product} {ergonomic}
     uint G1ConcRefinementThreads                  = 4                                         {product} {ergonomic}
   size_t G1HeapRegionSize                         = 1048576                                   {product} {ergonomic}
    uintx GCDrainStackTargetSize                   = 64                                        {product} {ergonomic}
   size_t InitialHeapSize                          = 134217728                                 {product} {ergonomic}
   size_t MarkStackSize                            = 4194304                                   {product} {ergonomic}
   size_t MaxHeapSize                              = 2147483648                                {product} {command line}
   size_t MaxNewSize                               = 1287651328                                {product} {ergonomic}
   size_t MinHeapDeltaBytes                        = 1048576                                   {product} {ergonomic}
    uintx NonNMethodCodeHeapSize                   = 5830092                                {pd product} {ergonomic}
    uintx NonProfiledCodeHeapSize                  = 122914074                              {pd product} {ergonomic}
    uintx ProfiledCodeHeapSize                     = 122914074                              {pd product} {ergonomic}
    uintx ReservedCodeCacheSize                    = 251658240                              {pd product} {ergonomic}
     bool SegmentedCodeCache                       = true                                      {product} {ergonomic}
     bool UseCompressedClassPointers               = true                                 {lp64_product} {ergonomic}
     bool UseCompressedOops                        = true                                 {lp64_product} {ergonomic}
     bool UseG1GC                                  = true                                      {product} {ergonomic}
     bool UseLargePagesIndividualAllocation        = false                                  {pd product} {ergonomic}

Logging:
Log output configuration:
 #0: stdout all=warning uptime,level,tags
 #1: stderr all=off uptime,level,tags

Environment Variables:
JAVA_HOME=C:\Program Files\Java\jdk-11.0.1
PATH=C:\Program Files (x86)\Razer\ChromaBroadcast\bin;E:\Program Files\Razer\ChromaBroadcast\bin;C:\Program Files\nodejs\;C:\WINDOWS\system32\config\systemprofile\AppData\Local\Microsoft\WindowsApps;E:\Git\cmd;C:\Users\Admin\AppData\Local\Microsoft\WindowsApps;C:\Users\Admin\AppData\Local\atom\bin;C:\Users\Admin\AppData\Local\Programs\Microsoft VS Code\bin;C:\Program Files\sfdx\bin;C:\Users\Admin\AppData\Local\GitHubDesktop\bin;C:\Users\Admin\AppData\Local\Microsoft\WindowsApps;E:\Program Files\JetBrains\IntelliJ IDEA 2022.2\bin;;E:\Program Files\heroku\bin;E:\Program Files\Azure Data Studio\bin;C:\srcSQLlite\sqlite-tools-win32-x86-3410000;C:\Program Files\MongoDB\Server\6.0\data;C:\Program Files\MongoDB\Server\6.0\log;C:\Users\Admin\AppData\Local\Programs\Azure Data Studio\bin;C:\Program Files\nodejs;C:\Users\Admin\AppData\Roaming\npm
USERNAME=Admin
OS=Windows_NT
PROCESSOR_IDENTIFIER=Intel64 Family 6 Model 58 Stepping 9, GenuineIntel



---------------  S Y S T E M  ---------------

OS: Windows 10 , 64 bit Build 19041 (10.0.19041.2546)

CPU:total 4 (initial active 4) (2 cores per cpu, 2 threads per core) family 6 model 58 stepping 9, cmov, cx8, fxsr, mmx, sse, sse2, sse3, ssse3, sse4.1, sse4.2, popcnt, avx, aes, clmul, erms, ht, tsc, tscinvbit, tscinv

Memory: 4k page, system-wide physical 8071M (831M free)
TotalPageFile size 10119M (AvailPageFile size 34M)
current process WorkingSet (physical memory assigned to process): 202M, peak: 223M
current process commit charge ("private bytes"): 279M, peak: 323M

vm_info: Java HotSpot(TM) 64-Bit Server VM (11.0.1+13-LTS) for windows-amd64 JRE (11.0.1+13-LTS), built on Oct  6 2018 13:20:16 by "mach5one" with MS VC++ 15.5 (VS2017)

END.
