#
# There is insufficient memory for the Java Runtime Environment to continue.
# Native memory allocation (malloc) failed to allocate 1439056 bytes for Chunk::new
# Possible reasons:
#   The system is out of physical RAM or swap space
#   The process is running with CompressedOops enabled, and the Java Heap may be blocking the growth of the native heap
# Possible solutions:
#   Reduce memory load on the system
#   Increase physical memory or swap space
#   Check if swap backing store is full
#   Decrease Java heap size (-Xmx/-Xms)
#   Decrease number of Java threads
#   Decrease Java thread stack sizes (-Xss)
#   Set larger code cache with -XX:ReservedCodeCacheSize=
#   JVM is running with Unscaled Compressed Oops mode in which the Java heap is
#     placed in the first 4GB address space. The Java Heap base address is the
#     maximum limit for the native heap growth. Please use -XX:HeapBaseMinAddress
#     to set the Java Heap base and to place the Java Heap above 4GB virtual address.
# This output file may be truncated or incomplete.
#
#  Out of Memory Error (t:/workspace/open/src/hotspot/share/memory/arena.cpp:197), pid=21676, tid=20820
#
# JRE version: Java(TM) SE Runtime Environment (11.0.1+13) (build 11.0.1+13-LTS)
# Java VM: Java HotSpot(TM) 64-Bit Server VM (11.0.1+13-LTS, mixed mode, tiered, compressed oops, g1 gc, windows-amd64)
# No core dump will be written. Minidumps are not enabled by default on client versions of Windows
#

---------------  S U M M A R Y ------------

Command Line: --add-opens=java.base/java.util=ALL-UNNAMED --add-opens=java.base/java.lang=ALL-UNNAMED --add-opens=java.base/java.lang.invoke=ALL-UNNAMED --add-opens=java.base/java.util=ALL-UNNAMED --add-opens=java.prefs/java.util.prefs=ALL-UNNAMED --add-opens=java.prefs/java.util.prefs=ALL-UNNAMED --add-opens=java.base/java.nio.charset=ALL-UNNAMED --add-opens=java.base/java.net=ALL-UNNAMED --add-opens=java.base/java.util.concurrent.atomic=ALL-UNNAMED -Xmx2048m -Dfile.encoding=UTF-8 -Duser.country=SV -Duser.language=es -Duser.variant org.gradle.launcher.daemon.bootstrap.GradleDaemon 7.5

Host: Intel(R) Core(TM) i5-3320M CPU @ 2.60GHz, 4 cores, 7G,  Windows 10 , 64 bit Build 19041 (10.0.19041.2546)
Time: Wed Apr  5 00:15:59 2023 Hora estándar, América Central elapsed time: 7 seconds (0d 0h 0m 7s)

---------------  T H R E A D  ---------------

Current thread (0x0000023222ec5800):  JavaThread "C2 CompilerThread0" daemon [_thread_in_native, id=20820, stack(0x000000a18c300000,0x000000a18c400000)]


Current CompileTask:
C2:   7326 2374       4       java.net.URLClassLoader$1::run (5 bytes)

Stack: [0x000000a18c300000,0x000000a18c400000]
Native frames: (J=compiled Java code, j=interpreted, Vv=VM code, C=native code)
V  [jvm.dll+0x63c21a]
V  [jvm.dll+0x7797df]
V  [jvm.dll+0x77adca]
V  [jvm.dll+0x77b483]
V  [jvm.dll+0x2627f8]
V  [jvm.dll+0xc5c71]
V  [jvm.dll+0xc61fc]
V  [jvm.dll+0x36f862]
V  [jvm.dll+0x1ad5af]
V  [jvm.dll+0x21c8d2]
V  [jvm.dll+0x21b96a]
V  [jvm.dll+0x198390]
V  [jvm.dll+0x22a97f]
V  [jvm.dll+0x228f98]
V  [jvm.dll+0x73f03d]
V  [jvm.dll+0x63b2b2]
C  [ucrtbase.dll+0x21bb2]
C  [KERNEL32.DLL+0x17614]
C  [ntdll.dll+0x526a1]


---------------  P R O C E S S  ---------------

Threads class SMR info:
_java_thread_list=0x00000232253ad880, length=30, elements={
0x0000023202b35000, 0x0000023222ea7800, 0x0000023222eb3000, 0x0000023223873800,
0x0000023222ebf000, 0x0000023222ec5800, 0x0000023222ed4000, 0x0000023222ed6800,
0x000002322399f800, 0x00000232239eb800, 0x0000023225cdc800, 0x00000232265a5800,
0x0000023224d70800, 0x00000232260c8000, 0x000002322645d800, 0x0000023224e57000,
0x0000023225021800, 0x00000232265ba800, 0x000002322635a000, 0x0000023226a86800,
0x000002322627c000, 0x000002322627a800, 0x0000023226279800, 0x000002322627e000,
0x000002322627b800, 0x0000023226279000, 0x000002322627d000, 0x0000023226278000,
0x000002322627e800, 0x0000023223b25800
}

Java Threads: ( => current thread )
  0x0000023202b35000 JavaThread "main" [_thread_blocked, id=13528, stack(0x000000a18b800000,0x000000a18b900000)]
  0x0000023222ea7800 JavaThread "Reference Handler" daemon [_thread_blocked, id=10588, stack(0x000000a18bf00000,0x000000a18c000000)]
  0x0000023222eb3000 JavaThread "Finalizer" daemon [_thread_blocked, id=7524, stack(0x000000a18c000000,0x000000a18c100000)]
  0x0000023223873800 JavaThread "Signal Dispatcher" daemon [_thread_blocked, id=22388, stack(0x000000a18c100000,0x000000a18c200000)]
  0x0000023222ebf000 JavaThread "Attach Listener" daemon [_thread_blocked, id=17768, stack(0x000000a18c200000,0x000000a18c300000)]
=>0x0000023222ec5800 JavaThread "C2 CompilerThread0" daemon [_thread_in_native, id=20820, stack(0x000000a18c300000,0x000000a18c400000)]
  0x0000023222ed4000 JavaThread "C1 CompilerThread0" daemon [_thread_blocked, id=8636, stack(0x000000a18c400000,0x000000a18c500000)]
  0x0000023222ed6800 JavaThread "Sweeper thread" daemon [_thread_blocked, id=19388, stack(0x000000a18c500000,0x000000a18c600000)]
  0x000002322399f800 JavaThread "Common-Cleaner" daemon [_thread_blocked, id=5092, stack(0x000000a18c600000,0x000000a18c700000)]
  0x00000232239eb800 JavaThread "Service Thread" daemon [_thread_blocked, id=10760, stack(0x000000a18c700000,0x000000a18c800000)]
  0x0000023225cdc800 JavaThread "Daemon health stats" [_thread_blocked, id=22024, stack(0x000000a18cc00000,0x000000a18cd00000)]
  0x00000232265a5800 JavaThread "Incoming local TCP Connector on port 60698" [_thread_in_native, id=13320, stack(0x000000a18c900000,0x000000a18ca00000)]
  0x0000023224d70800 JavaThread "Daemon periodic checks" [_thread_blocked, id=14964, stack(0x000000a18cd00000,0x000000a18ce00000)]
  0x00000232260c8000 JavaThread "Daemon" [_thread_blocked, id=13584, stack(0x000000a18ce00000,0x000000a18cf00000)]
  0x000002322645d800 JavaThread "Handler for socket connection from /127.0.0.1:60698 to /127.0.0.1:60699" [_thread_in_native, id=1560, stack(0x000000a18cf00000,0x000000a18d000000)]
  0x0000023224e57000 JavaThread "Cancel handler" [_thread_blocked, id=12472, stack(0x000000a18d000000,0x000000a18d100000)]
  0x0000023225021800 JavaThread "Daemon worker" [_thread_in_vm, id=5072, stack(0x000000a18d100000,0x000000a18d200000)]
  0x00000232265ba800 JavaThread "Asynchronous log dispatcher for DefaultDaemonConnection: socket connection from /127.0.0.1:60698 to /127.0.0.1:60699" [_thread_blocked, id=16704, stack(0x000000a18d200000,0x000000a18d300000)]
  0x000002322635a000 JavaThread "Stdin handler" [_thread_blocked, id=19068, stack(0x000000a18d300000,0x000000a18d400000)]
  0x0000023226a86800 JavaThread "Daemon client event forwarder" [_thread_blocked, id=16304, stack(0x000000a18d400000,0x000000a18d500000)]
  0x000002322627c000 JavaThread "Cache worker for journal cache (C:\Users\Admin\.gradle\caches\journal-1)" [_thread_blocked, id=21280, stack(0x000000a18d600000,0x000000a18d700000)]
  0x000002322627a800 JavaThread "File lock request listener" [_thread_in_native, id=17312, stack(0x000000a18d700000,0x000000a18d800000)]
  0x0000023226279800 JavaThread "Cache worker for file hash cache (C:\Users\Admin\.gradle\caches\7.5\fileHashes)" [_thread_blocked, id=14512, stack(0x000000a18d800000,0x000000a18d900000)]
  0x000002322627e000 JavaThread "File watcher server" daemon [_thread_in_native, id=19160, stack(0x000000a18d900000,0x000000a18da00000)]
  0x000002322627b800 JavaThread "File watcher consumer" daemon [_thread_blocked, id=21152, stack(0x000000a18da00000,0x000000a18db00000)]
  0x0000023226279000 JavaThread "C2 CompilerThread1" daemon [_thread_in_native, id=16452, stack(0x000000a18db00000,0x000000a18dc00000)]
  0x000002322627d000 JavaThread "jar transforms" [_thread_blocked, id=18248, stack(0x000000a18dc00000,0x000000a18dd00000)]
  0x0000023226278000 JavaThread "jar transforms Thread 2" [_thread_blocked, id=19836, stack(0x000000a18dd00000,0x000000a18de00000)]
  0x000002322627e800 JavaThread "jar transforms Thread 3" [_thread_blocked, id=21352, stack(0x000000a18de00000,0x000000a18df00000)]
  0x0000023223b25800 JavaThread "jar transforms Thread 4" [_thread_blocked, id=3112, stack(0x000000a18df00000,0x000000a18e000000)]

Other Threads:
  0x0000023222e9d000 VMThread "VM Thread" [stack: 0x000000a18be00000,0x000000a18bf00000] [id=16768]
  0x00000232239ed800 WatcherThread [stack: 0x000000a18c800000,0x000000a18c900000] [id=21612]
  0x0000023202b4c000 GCTaskThread "GC Thread#0" [stack: 0x000000a18b900000,0x000000a18ba00000] [id=8984]
  0x000002322438c000 GCTaskThread "GC Thread#1" [stack: 0x000000a18ca00000,0x000000a18cb00000] [id=18876]
  0x0000023224512000 GCTaskThread "GC Thread#2" [stack: 0x000000a18cb00000,0x000000a18cc00000] [id=19924]
  0x0000023226d88800 GCTaskThread "GC Thread#3" [stack: 0x000000a18d500000,0x000000a18d600000] [id=7816]
  0x0000023202b7b800 ConcurrentGCThread "G1 Main Marker" [stack: 0x000000a18ba00000,0x000000a18bb00000] [id=4736]
  0x0000023202b7d000 ConcurrentGCThread "G1 Conc#0" [stack: 0x000000a18bb00000,0x000000a18bc00000] [id=7696]
  0x0000023202c0b000 ConcurrentGCThread "G1 Refine#0" [stack: 0x000000a18bc00000,0x000000a18bd00000] [id=19552]
  0x0000023202c0c000 ConcurrentGCThread "G1 Young RemSet Sampling" [stack: 0x000000a18bd00000,0x000000a18be00000] [id=4712]

Threads with active compile tasks:
C2 CompilerThread02374       4       java.net.URLClassLoader$1::run (5 bytes)
C2 CompilerThread12375   !   4       java.net.URLClassLoader$1::run (63 bytes)

VM state:not at safepoint (normal execution)

VM Mutex/Monitor currently owned by a thread: None

Heap address: 0x0000000080000000, size: 2048 MB, Compressed Oops mode: 32-bit
Narrow klass base: 0x0000000000000000, Narrow klass shift: 3
Compressed class space size: 1073741824 Address: 0x0000000100000000

Heap:
 garbage-first heap   total 131072K, used 45351K [0x0000000080000000, 0x0000000100000000)
  region size 1024K, 23 young (23552K), 5 survivors (5120K)
 Metaspace       used 27463K, capacity 28281K, committed 28464K, reserved 1073152K
  class space    used 3639K, capacity 3965K, committed 3968K, reserved 1048576K
Heap Regions: E=young(eden), S=young(survivor), O=old, HS=humongous(starts), HC=humongous(continues), CS=collection set, F=free, A=archive, TAMS=top-at-mark-start (previous, next)
|   0|0x0000000080000000, 0x0000000080100000, 0x0000000080100000|100%|HS|  |TAMS 0x0000000080100000, 0x0000000080000000| Complete 
|   1|0x0000000080100000, 0x0000000080200000, 0x0000000080200000|100%|HC|  |TAMS 0x0000000080200000, 0x0000000080100000| Complete 
|   2|0x0000000080200000, 0x0000000080300000, 0x0000000080300000|100%|HC|  |TAMS 0x0000000080300000, 0x0000000080200000| Complete 
|   3|0x0000000080300000, 0x0000000080400000, 0x0000000080400000|100%| O|  |TAMS 0x0000000080400000, 0x0000000080300000| Untracked 
|   4|0x0000000080400000, 0x0000000080500000, 0x0000000080500000|100%| O|  |TAMS 0x0000000080500000, 0x0000000080400000| Untracked 
|   5|0x0000000080500000, 0x0000000080600000, 0x0000000080600000|100%| O|  |TAMS 0x0000000080600000, 0x0000000080500000| Untracked 
|   6|0x0000000080600000, 0x0000000080700000, 0x0000000080700000|100%| O|  |TAMS 0x0000000080700000, 0x0000000080600000| Untracked 
|   7|0x0000000080700000, 0x0000000080800000, 0x0000000080800000|100%| O|  |TAMS 0x0000000080800000, 0x0000000080700000| Untracked 
|   8|0x0000000080800000, 0x0000000080900000, 0x0000000080900000|100%| O|  |TAMS 0x0000000080900000, 0x0000000080800000| Untracked 
|   9|0x0000000080900000, 0x0000000080a00000, 0x0000000080a00000|100%| O|  |TAMS 0x0000000080a00000, 0x0000000080900000| Untracked 
|  10|0x0000000080a00000, 0x0000000080b00000, 0x0000000080b00000|100%| O|  |TAMS 0x0000000080b00000, 0x0000000080a00000| Untracked 
|  11|0x0000000080b00000, 0x0000000080c00000, 0x0000000080c00000|100%| O|  |TAMS 0x0000000080c00000, 0x0000000080b00000| Untracked 
|  12|0x0000000080c00000, 0x0000000080d00000, 0x0000000080d00000|100%| O|  |TAMS 0x0000000080d00000, 0x0000000080c00000| Untracked 
|  13|0x0000000080d00000, 0x0000000080e00000, 0x0000000080e00000|100%| O|  |TAMS 0x0000000080e00000, 0x0000000080d00000| Untracked 
|  14|0x0000000080e00000, 0x0000000080e11400, 0x0000000080f00000|  6%| O|  |TAMS 0x0000000080e11400, 0x0000000080e00000| Untracked 
|  15|0x0000000080f00000, 0x0000000081000000, 0x0000000081000000|100%|HS|  |TAMS 0x0000000080f00000, 0x0000000080f00000| Complete 
|  16|0x0000000081000000, 0x0000000081100000, 0x0000000081100000|100%|HC|  |TAMS 0x0000000081000000, 0x0000000081000000| Complete 
|  17|0x0000000081100000, 0x0000000081200000, 0x0000000081200000|100%|HS|  |TAMS 0x0000000081100000, 0x0000000081100000| Complete 
|  18|0x0000000081200000, 0x0000000081300000, 0x0000000081300000|100%|HC|  |TAMS 0x0000000081200000, 0x0000000081200000| Complete 
|  19|0x0000000081300000, 0x0000000081400000, 0x0000000081400000|100%|HC|  |TAMS 0x0000000081300000, 0x0000000081300000| Complete 
|  20|0x0000000081400000, 0x0000000081500000, 0x0000000081500000|100%|HS|  |TAMS 0x0000000081400000, 0x0000000081400000| Complete 
|  21|0x0000000081500000, 0x0000000081600000, 0x0000000081600000|100%|HC|  |TAMS 0x0000000081500000, 0x0000000081500000| Complete 
|  22|0x0000000081600000, 0x0000000081700000, 0x0000000081700000|100%|HC|  |TAMS 0x0000000081600000, 0x0000000081600000| Complete 
|  23|0x0000000081700000, 0x0000000081800000, 0x0000000081800000|100%|HC|  |TAMS 0x0000000081700000, 0x0000000081700000| Complete 
|  24|0x0000000081800000, 0x0000000081900000, 0x0000000081900000|100%|HC|  |TAMS 0x0000000081800000, 0x0000000081800000| Complete 
|  25|0x0000000081900000, 0x0000000081900000, 0x0000000081a00000|  0%| F|  |TAMS 0x0000000081900000, 0x0000000081900000| Untracked 
|  26|0x0000000081a00000, 0x0000000081a00000, 0x0000000081b00000|  0%| F|  |TAMS 0x0000000081a00000, 0x0000000081a00000| Untracked 
|  27|0x0000000081b00000, 0x0000000081b00000, 0x0000000081c00000|  0%| F|  |TAMS 0x0000000081b00000, 0x0000000081b00000| Untracked 
|  28|0x0000000081c00000, 0x0000000081c00000, 0x0000000081d00000|  0%| F|  |TAMS 0x0000000081c00000, 0x0000000081c00000| Untracked 
|  29|0x0000000081d00000, 0x0000000081d00000, 0x0000000081e00000|  0%| F|  |TAMS 0x0000000081d00000, 0x0000000081d00000| Untracked 
|  30|0x0000000081e00000, 0x0000000081e00000, 0x0000000081f00000|  0%| F|  |TAMS 0x0000000081e00000, 0x0000000081e00000| Untracked 
|  31|0x0000000081f00000, 0x0000000081f00000, 0x0000000082000000|  0%| F|  |TAMS 0x0000000081f00000, 0x0000000081f00000| Untracked 
|  32|0x0000000082000000, 0x0000000082000000, 0x0000000082100000|  0%| F|  |TAMS 0x0000000082000000, 0x0000000082000000| Untracked 
|  33|0x0000000082100000, 0x0000000082100000, 0x0000000082200000|  0%| F|  |TAMS 0x0000000082100000, 0x0000000082100000| Untracked 
|  34|0x0000000082200000, 0x0000000082200000, 0x0000000082300000|  0%| F|  |TAMS 0x0000000082200000, 0x0000000082200000| Untracked 
|  35|0x0000000082300000, 0x0000000082300000, 0x0000000082400000|  0%| F|  |TAMS 0x0000000082300000, 0x0000000082300000| Untracked 
|  36|0x0000000082400000, 0x0000000082400000, 0x0000000082500000|  0%| F|  |TAMS 0x0000000082400000, 0x0000000082400000| Untracked 
|  37|0x0000000082500000, 0x0000000082500000, 0x0000000082600000|  0%| F|  |TAMS 0x0000000082500000, 0x0000000082500000| Untracked 
|  38|0x0000000082600000, 0x0000000082600000, 0x0000000082700000|  0%| F|  |TAMS 0x0000000082600000, 0x0000000082600000| Untracked 
|  39|0x0000000082700000, 0x0000000082700000, 0x0000000082800000|  0%| F|  |TAMS 0x0000000082700000, 0x0000000082700000| Untracked 
|  40|0x0000000082800000, 0x0000000082800000, 0x0000000082900000|  0%| F|  |TAMS 0x0000000082800000, 0x0000000082800000| Untracked 
|  41|0x0000000082900000, 0x0000000082900000, 0x0000000082a00000|  0%| F|  |TAMS 0x0000000082900000, 0x0000000082900000| Untracked 
|  42|0x0000000082a00000, 0x0000000082a00000, 0x0000000082b00000|  0%| F|  |TAMS 0x0000000082a00000, 0x0000000082a00000| Untracked 
|  43|0x0000000082b00000, 0x0000000082b00000, 0x0000000082c00000|  0%| F|  |TAMS 0x0000000082b00000, 0x0000000082b00000| Untracked 
|  44|0x0000000082c00000, 0x0000000082c00000, 0x0000000082d00000|  0%| F|  |TAMS 0x0000000082c00000, 0x0000000082c00000| Untracked 
|  45|0x0000000082d00000, 0x0000000082d00000, 0x0000000082e00000|  0%| F|  |TAMS 0x0000000082d00000, 0x0000000082d00000| Untracked 
|  46|0x0000000082e00000, 0x0000000082e00000, 0x0000000082f00000|  0%| F|  |TAMS 0x0000000082e00000, 0x0000000082e00000| Untracked 
|  47|0x0000000082f00000, 0x0000000082f00000, 0x0000000083000000|  0%| F|  |TAMS 0x0000000082f00000, 0x0000000082f00000| Untracked 
|  48|0x0000000083000000, 0x0000000083000000, 0x0000000083100000|  0%| F|  |TAMS 0x0000000083000000, 0x0000000083000000| Untracked 
|  49|0x0000000083100000, 0x0000000083100000, 0x0000000083200000|  0%| F|  |TAMS 0x0000000083100000, 0x0000000083100000| Untracked 
|  50|0x0000000083200000, 0x0000000083200000, 0x0000000083300000|  0%| F|  |TAMS 0x0000000083200000, 0x0000000083200000| Untracked 
|  51|0x0000000083300000, 0x0000000083300000, 0x0000000083400000|  0%| F|  |TAMS 0x0000000083300000, 0x0000000083300000| Untracked 
|  52|0x0000000083400000, 0x0000000083400000, 0x0000000083500000|  0%| F|  |TAMS 0x0000000083400000, 0x0000000083400000| Untracked 
|  53|0x0000000083500000, 0x0000000083500000, 0x0000000083600000|  0%| F|  |TAMS 0x0000000083500000, 0x0000000083500000| Untracked 
|  54|0x0000000083600000, 0x0000000083600000, 0x0000000083700000|  0%| F|  |TAMS 0x0000000083600000, 0x0000000083600000| Untracked 
|  55|0x0000000083700000, 0x0000000083700000, 0x0000000083800000|  0%| F|  |TAMS 0x0000000083700000, 0x0000000083700000| Untracked 
|  56|0x0000000083800000, 0x0000000083800000, 0x0000000083900000|  0%| F|  |TAMS 0x0000000083800000, 0x0000000083800000| Untracked 
|  57|0x0000000083900000, 0x0000000083900000, 0x0000000083a00000|  0%| F|  |TAMS 0x0000000083900000, 0x0000000083900000| Untracked 
|  58|0x0000000083a00000, 0x0000000083a00000, 0x0000000083b00000|  0%| F|  |TAMS 0x0000000083a00000, 0x0000000083a00000| Untracked 
|  59|0x0000000083b00000, 0x0000000083b00000, 0x0000000083c00000|  0%| F|  |TAMS 0x0000000083b00000, 0x0000000083b00000| Untracked 
|  60|0x0000000083c00000, 0x0000000083c00000, 0x0000000083d00000|  0%| F|  |TAMS 0x0000000083c00000, 0x0000000083c00000| Untracked 
|  61|0x0000000083d00000, 0x0000000083d00000, 0x0000000083e00000|  0%| F|  |TAMS 0x0000000083d00000, 0x0000000083d00000| Untracked 
|  62|0x0000000083e00000, 0x0000000083e00000, 0x0000000083f00000|  0%| F|  |TAMS 0x0000000083e00000, 0x0000000083e00000| Untracked 
|  63|0x0000000083f00000, 0x0000000083f00000, 0x0000000084000000|  0%| F|  |TAMS 0x0000000083f00000, 0x0000000083f00000| Untracked 
|  64|0x0000000084000000, 0x0000000084000000, 0x0000000084100000|  0%| F|  |TAMS 0x0000000084000000, 0x0000000084000000| Untracked 
|  65|0x0000000084100000, 0x0000000084100000, 0x0000000084200000|  0%| F|  |TAMS 0x0000000084100000, 0x0000000084100000| Untracked 
|  66|0x0000000084200000, 0x0000000084200000, 0x0000000084300000|  0%| F|  |TAMS 0x0000000084200000, 0x0000000084200000| Untracked 
|  67|0x0000000084300000, 0x0000000084300000, 0x0000000084400000|  0%| F|  |TAMS 0x0000000084300000, 0x0000000084300000| Untracked 
|  68|0x0000000084400000, 0x0000000084400000, 0x0000000084500000|  0%| F|  |TAMS 0x0000000084400000, 0x0000000084400000| Untracked 
|  69|0x0000000084500000, 0x0000000084500000, 0x0000000084600000|  0%| F|  |TAMS 0x0000000084500000, 0x0000000084500000| Untracked 
|  70|0x0000000084600000, 0x0000000084600000, 0x0000000084700000|  0%| F|  |TAMS 0x0000000084600000, 0x0000000084600000| Untracked 
|  71|0x0000000084700000, 0x0000000084700000, 0x0000000084800000|  0%| F|  |TAMS 0x0000000084700000, 0x0000000084700000| Untracked 
|  72|0x0000000084800000, 0x0000000084800000, 0x0000000084900000|  0%| F|  |TAMS 0x0000000084800000, 0x0000000084800000| Untracked 
|  73|0x0000000084900000, 0x0000000084900000, 0x0000000084a00000|  0%| F|  |TAMS 0x0000000084900000, 0x0000000084900000| Untracked 
|  74|0x0000000084a00000, 0x0000000084a00000, 0x0000000084b00000|  0%| F|  |TAMS 0x0000000084a00000, 0x0000000084a00000| Untracked 
|  75|0x0000000084b00000, 0x0000000084b38b00, 0x0000000084c00000| 22%| S|CS|TAMS 0x0000000084b00000, 0x0000000084b00000| Complete 
|  76|0x0000000084c00000, 0x0000000084d00000, 0x0000000084d00000|100%| S|CS|TAMS 0x0000000084c00000, 0x0000000084c00000| Complete 
|  77|0x0000000084d00000, 0x0000000084e00000, 0x0000000084e00000|100%| S|CS|TAMS 0x0000000084d00000, 0x0000000084d00000| Complete 
|  78|0x0000000084e00000, 0x0000000084f00000, 0x0000000084f00000|100%| S|CS|TAMS 0x0000000084e00000, 0x0000000084e00000| Complete 
|  79|0x0000000084f00000, 0x0000000085000000, 0x0000000085000000|100%| S|CS|TAMS 0x0000000084f00000, 0x0000000084f00000| Complete 
|  80|0x0000000085000000, 0x0000000085000000, 0x0000000085100000|  0%| F|  |TAMS 0x0000000085000000, 0x0000000085000000| Untracked 
|  81|0x0000000085100000, 0x0000000085100000, 0x0000000085200000|  0%| F|  |TAMS 0x0000000085100000, 0x0000000085100000| Untracked 
|  82|0x0000000085200000, 0x0000000085200000, 0x0000000085300000|  0%| F|  |TAMS 0x0000000085200000, 0x0000000085200000| Untracked 
|  83|0x0000000085300000, 0x0000000085300000, 0x0000000085400000|  0%| F|  |TAMS 0x0000000085300000, 0x0000000085300000| Untracked 
|  84|0x0000000085400000, 0x0000000085400000, 0x0000000085500000|  0%| F|  |TAMS 0x0000000085400000, 0x0000000085400000| Untracked 
|  85|0x0000000085500000, 0x0000000085500000, 0x0000000085600000|  0%| F|  |TAMS 0x0000000085500000, 0x0000000085500000| Untracked 
|  86|0x0000000085600000, 0x0000000085600000, 0x0000000085700000|  0%| F|  |TAMS 0x0000000085600000, 0x0000000085600000| Untracked 
|  87|0x0000000085700000, 0x0000000085700000, 0x0000000085800000|  0%| F|  |TAMS 0x0000000085700000, 0x0000000085700000| Untracked 
|  88|0x0000000085800000, 0x0000000085800000, 0x0000000085900000|  0%| F|  |TAMS 0x0000000085800000, 0x0000000085800000| Untracked 
|  89|0x0000000085900000, 0x0000000085900000, 0x0000000085a00000|  0%| F|  |TAMS 0x0000000085900000, 0x0000000085900000| Untracked 
|  90|0x0000000085a00000, 0x0000000085a00000, 0x0000000085b00000|  0%| F|  |TAMS 0x0000000085a00000, 0x0000000085a00000| Untracked 
|  91|0x0000000085b00000, 0x0000000085b00000, 0x0000000085c00000|  0%| F|  |TAMS 0x0000000085b00000, 0x0000000085b00000| Untracked 
|  92|0x0000000085c00000, 0x0000000085c00000, 0x0000000085d00000|  0%| F|  |TAMS 0x0000000085c00000, 0x0000000085c00000| Untracked 
|  93|0x0000000085d00000, 0x0000000085d00000, 0x0000000085e00000|  0%| F|  |TAMS 0x0000000085d00000, 0x0000000085d00000| Untracked 
|  94|0x0000000085e00000, 0x0000000085e00000, 0x0000000085f00000|  0%| F|  |TAMS 0x0000000085e00000, 0x0000000085e00000| Untracked 
|  95|0x0000000085f00000, 0x0000000085f00000, 0x0000000086000000|  0%| F|  |TAMS 0x0000000085f00000, 0x0000000085f00000| Untracked 
|  96|0x0000000086000000, 0x0000000086000000, 0x0000000086100000|  0%| F|  |TAMS 0x0000000086000000, 0x0000000086000000| Untracked 
|  97|0x0000000086100000, 0x0000000086100000, 0x0000000086200000|  0%| F|  |TAMS 0x0000000086100000, 0x0000000086100000| Untracked 
|  98|0x0000000086200000, 0x0000000086200000, 0x0000000086300000|  0%| F|  |TAMS 0x0000000086200000, 0x0000000086200000| Untracked 
|  99|0x0000000086300000, 0x0000000086300000, 0x0000000086400000|  0%| F|  |TAMS 0x0000000086300000, 0x0000000086300000| Untracked 
| 100|0x0000000086400000, 0x0000000086400000, 0x0000000086500000|  0%| F|  |TAMS 0x0000000086400000, 0x0000000086400000| Untracked 
| 101|0x0000000086500000, 0x0000000086500000, 0x0000000086600000|  0%| F|  |TAMS 0x0000000086500000, 0x0000000086500000| Untracked 
| 102|0x0000000086600000, 0x0000000086600000, 0x0000000086700000|  0%| F|  |TAMS 0x0000000086600000, 0x0000000086600000| Untracked 
| 103|0x0000000086700000, 0x0000000086700000, 0x0000000086800000|  0%| F|  |TAMS 0x0000000086700000, 0x0000000086700000| Untracked 
| 104|0x0000000086800000, 0x0000000086800000, 0x0000000086900000|  0%| F|  |TAMS 0x0000000086800000, 0x0000000086800000| Untracked 
| 105|0x0000000086900000, 0x0000000086900000, 0x0000000086a00000|  0%| F|  |TAMS 0x0000000086900000, 0x0000000086900000| Untracked 
| 106|0x0000000086a00000, 0x0000000086a00000, 0x0000000086b00000|  0%| F|  |TAMS 0x0000000086a00000, 0x0000000086a00000| Untracked 
| 107|0x0000000086b00000, 0x0000000086b00000, 0x0000000086c00000|  0%| F|  |TAMS 0x0000000086b00000, 0x0000000086b00000| Untracked 
| 108|0x0000000086c00000, 0x0000000086c00000, 0x0000000086d00000|  0%| F|  |TAMS 0x0000000086c00000, 0x0000000086c00000| Untracked 
| 109|0x0000000086d00000, 0x0000000086d00000, 0x0000000086e00000|  0%| F|  |TAMS 0x0000000086d00000, 0x0000000086d00000| Untracked 
| 110|0x0000000086e00000, 0x0000000086e7cad8, 0x0000000086f00000| 48%| E|  |TAMS 0x0000000086e00000, 0x0000000086e00000| Complete 
| 111|0x0000000086f00000, 0x0000000087000000, 0x0000000087000000|100%| E|CS|TAMS 0x0000000086f00000, 0x0000000086f00000| Complete 
| 112|0x0000000087000000, 0x0000000087100000, 0x0000000087100000|100%| E|CS|TAMS 0x0000000087000000, 0x0000000087000000| Complete 
| 113|0x0000000087100000, 0x0000000087200000, 0x0000000087200000|100%| E|  |TAMS 0x0000000087100000, 0x0000000087100000| Complete 
| 114|0x0000000087200000, 0x0000000087300000, 0x0000000087300000|100%| E|CS|TAMS 0x0000000087200000, 0x0000000087200000| Complete 
| 115|0x0000000087300000, 0x0000000087400000, 0x0000000087400000|100%| E|CS|TAMS 0x0000000087300000, 0x0000000087300000| Complete 
| 116|0x0000000087400000, 0x0000000087500000, 0x0000000087500000|100%| E|CS|TAMS 0x0000000087400000, 0x0000000087400000| Complete 
| 117|0x0000000087500000, 0x0000000087600000, 0x0000000087600000|100%| E|CS|TAMS 0x0000000087500000, 0x0000000087500000| Complete 
| 118|0x0000000087600000, 0x0000000087700000, 0x0000000087700000|100%| E|CS|TAMS 0x0000000087600000, 0x0000000087600000| Complete 
| 119|0x0000000087700000, 0x0000000087800000, 0x0000000087800000|100%| E|CS|TAMS 0x0000000087700000, 0x0000000087700000| Complete 
| 120|0x0000000087800000, 0x0000000087900000, 0x0000000087900000|100%| E|CS|TAMS 0x0000000087800000, 0x0000000087800000| Complete 
| 121|0x0000000087900000, 0x0000000087a00000, 0x0000000087a00000|100%| E|CS|TAMS 0x0000000087900000, 0x0000000087900000| Complete 
| 122|0x0000000087a00000, 0x0000000087b00000, 0x0000000087b00000|100%| E|CS|TAMS 0x0000000087a00000, 0x0000000087a00000| Complete 
| 123|0x0000000087b00000, 0x0000000087c00000, 0x0000000087c00000|100%| E|CS|TAMS 0x0000000087b00000, 0x0000000087b00000| Complete 
| 124|0x0000000087c00000, 0x0000000087d00000, 0x0000000087d00000|100%| E|CS|TAMS 0x0000000087c00000, 0x0000000087c00000| Complete 
| 125|0x0000000087d00000, 0x0000000087e00000, 0x0000000087e00000|100%| E|CS|TAMS 0x0000000087d00000, 0x0000000087d00000| Complete 
| 126|0x0000000087e00000, 0x0000000087f00000, 0x0000000087f00000|100%| E|CS|TAMS 0x0000000087e00000, 0x0000000087e00000| Complete 
| 127|0x0000000087f00000, 0x0000000088000000, 0x0000000088000000|100%| E|CS|TAMS 0x0000000087f00000, 0x0000000087f00000| Complete 

Card table byte_map: [0x000002321c070000,0x000002321c470000] _byte_map_base: 0x000002321bc70000

Marking Bits (Prev, Next): (CMBitMap*) 0x0000023202b72bb0, (CMBitMap*) 0x0000023202b72b78
 Prev Bits: [0x000002321e870000, 0x0000023220870000)
 Next Bits: [0x000002321c870000, 0x000002321e870000)

Polling page: 0x0000023202c20000

Metaspace:

Usage:
  Non-class:     23.75 MB capacity,    23.27 MB ( 98%) used,   429.27 KB (  2%) free+waste,    62.69 KB ( <1%) overhead. 
      Class:      3.87 MB capacity,     3.55 MB ( 92%) used,   293.34 KB (  7%) free+waste,    32.38 KB ( <1%) overhead. 
       Both:     27.62 MB capacity,    26.82 MB ( 97%) used,   722.62 KB (  3%) free+waste,    95.06 KB ( <1%) overhead. 

Virtual space:
  Non-class space:       24.00 MB reserved,      23.92 MB (>99%) committed 
      Class space:        1.00 GB reserved,       3.88 MB ( <1%) committed 
             Both:        1.02 GB reserved,      27.80 MB (  3%) committed 

Chunk freelists:
   Non-Class:  0 bytes
       Class:  384 bytes
        Both:  384 bytes

CodeHeap 'non-profiled nmethods': size=120064Kb used=1159Kb max_used=1159Kb free=118904Kb
 bounds [0x0000023214100000, 0x0000023214370000, 0x000002321b640000]
CodeHeap 'profiled nmethods': size=120000Kb used=4917Kb max_used=4917Kb free=115082Kb
 bounds [0x000002320cbd0000, 0x000002320d0b0000, 0x0000023214100000]
CodeHeap 'non-nmethods': size=5696Kb used=1168Kb max_used=1190Kb free=4527Kb
 bounds [0x000002320c640000, 0x000002320c8b0000, 0x000002320cbd0000]
 total_blobs=3558 nmethods=2291 adapters=421
 compilation: enabled
              stopped_count=0, restarted_count=0
 full_count=0

Compilation events (10 events):
Event: 7.134 Thread 0x0000023222ed4000 2491       3       java.io.ObjectStreamClass::requireInitialized (18 bytes)
Event: 7.134 Thread 0x0000023222ed4000 nmethod 2491 0x000002320d099e10 code [0x000002320d099fe0, 0x000002320d09a250]
Event: 7.252 Thread 0x0000023222ed4000 2492       3       java.util.zip.ZipFile$Source::initCEN (606 bytes)
Event: 7.258 Thread 0x0000023222ed4000 nmethod 2492 0x000002320d09a310 code [0x000002320d09a900, 0x000002320d09df60]
Event: 7.274 Thread 0x0000023222ed4000 2493       1       java.lang.reflect.Field::getType (5 bytes)
Event: 7.274 Thread 0x0000023222ed4000 nmethod 2493 0x0000023214221a90 code [0x0000023214221c40, 0x0000023214221d58]
Event: 7.275 Thread 0x0000023222ed4000 2494       3       java.lang.Class::searchMethods (104 bytes)
Event: 7.276 Thread 0x0000023222ed4000 nmethod 2494 0x000002320d09f710 code [0x000002320d09f980, 0x000002320d0a0420]
Event: 7.276 Thread 0x0000023222ed4000 2495       3       java.util.StringJoiner::getChars (15 bytes)
Event: 7.277 Thread 0x0000023222ed4000 nmethod 2495 0x000002320d0a0810 code [0x000002320d0a09e0, 0x000002320d0a0c90]

GC Heap History (10 events):
Event: 1.208 GC heap before
{Heap before GC invocations=0 (full 0):
 garbage-first heap   total 131072K, used 16384K [0x0000000080000000, 0x0000000100000000)
  region size 1024K, 14 young (14336K), 0 survivors (0K)
 Metaspace       used 6666K, capacity 6861K, committed 7168K, reserved 1056768K
  class space    used 579K, capacity 650K, committed 768K, reserved 1048576K
}
Event: 1.236 GC heap after
{Heap after GC invocations=1 (full 0):
 garbage-first heap   total 131072K, used 3827K [0x0000000080000000, 0x0000000100000000)
  region size 1024K, 2 young (2048K), 2 survivors (2048K)
 Metaspace       used 6666K, capacity 6861K, committed 7168K, reserved 1056768K
  class space    used 579K, capacity 650K, committed 768K, reserved 1048576K
}
Event: 3.394 GC heap before
{Heap before GC invocations=1 (full 0):
 garbage-first heap   total 131072K, used 73459K [0x0000000080000000, 0x0000000100000000)
  region size 1024K, 67 young (68608K), 2 survivors (2048K)
 Metaspace       used 12329K, capacity 12628K, committed 12800K, reserved 1060864K
  class space    used 1358K, capacity 1448K, committed 1536K, reserved 1048576K
}
Event: 3.405 GC heap after
{Heap after GC invocations=2 (full 0):
 garbage-first heap   total 131072K, used 14776K [0x0000000080000000, 0x0000000100000000)
  region size 1024K, 9 young (9216K), 9 survivors (9216K)
 Metaspace       used 12329K, capacity 12628K, committed 12800K, reserved 1060864K
  class space    used 1358K, capacity 1448K, committed 1536K, reserved 1048576K
}
Event: 5.043 GC heap before
{Heap before GC invocations=2 (full 0):
 garbage-first heap   total 131072K, used 37304K [0x0000000080000000, 0x0000000100000000)
  region size 1024K, 31 young (31744K), 9 survivors (9216K)
 Metaspace       used 18128K, capacity 18561K, committed 18688K, reserved 1064960K
  class space    used 2145K, capacity 2290K, committed 2304K, reserved 1048576K
}
Event: 5.056 GC heap after
{Heap after GC invocations=3 (full 0):
 garbage-first heap   total 131072K, used 16400K [0x0000000080000000, 0x0000000100000000)
  region size 1024K, 2 young (2048K), 2 survivors (2048K)
 Metaspace       used 18128K, capacity 18561K, committed 18688K, reserved 1064960K
  class space    used 2145K, capacity 2290K, committed 2304K, reserved 1048576K
}
Event: 5.455 GC heap before
{Heap before GC invocations=3 (full 0):
 garbage-first heap   total 131072K, used 36880K [0x0000000080000000, 0x0000000100000000)
  region size 1024K, 23 young (23552K), 2 survivors (2048K)
 Metaspace       used 20736K, capacity 21215K, committed 21296K, reserved 1069056K
  class space    used 2539K, capacity 2665K, committed 2688K, reserved 1048576K
}
Event: 5.461 GC heap after
{Heap after GC invocations=4 (full 0):
 garbage-first heap   total 131072K, used 17057K [0x0000000080000000, 0x0000000100000000)
  region size 1024K, 3 young (3072K), 3 survivors (3072K)
 Metaspace       used 20736K, capacity 21215K, committed 21296K, reserved 1069056K
  class space    used 2539K, capacity 2665K, committed 2688K, reserved 1048576K
}
Event: 6.527 GC heap before
{Heap before GC invocations=5 (full 0):
 garbage-first heap   total 131072K, used 63137K [0x0000000080000000, 0x0000000100000000)
  region size 1024K, 48 young (49152K), 3 survivors (3072K)
 Metaspace       used 25360K, capacity 25981K, committed 26288K, reserved 1073152K
  class space    used 3304K, capacity 3495K, committed 3584K, reserved 1048576K
}
Event: 6.535 GC heap after
{Heap after GC invocations=6 (full 0):
 garbage-first heap   total 131072K, used 18727K [0x0000000080000000, 0x0000000100000000)
  region size 1024K, 5 young (5120K), 5 survivors (5120K)
 Metaspace       used 25360K, capacity 25981K, committed 26288K, reserved 1073152K
  class space    used 3304K, capacity 3495K, committed 3584K, reserved 1048576K
}

Deoptimization events (10 events):
Event: 6.182 Thread 0x0000023225021800 Uncommon trap: reason=unstable_if action=reinterpret pc=0x000002321414dd04 method=java.util.concurrent.ConcurrentHashMap.get(Ljava/lang/Object;)Ljava/lang/Object; @ 76 c2
Event: 6.687 Thread 0x0000023225021800 Uncommon trap: reason=predicate action=maybe_recompile pc=0x0000023214212124 method=com.google.common.base.CharMatcher.indexIn(Ljava/lang/CharSequence;I)I @ 19 c2
Event: 6.785 Thread 0x0000023225021800 Uncommon trap: reason=unstable_if action=reinterpret pc=0x0000023214156f6c method=java.net.URI.match(CJJ)Z @ 19 c2
Event: 6.785 Thread 0x0000023225021800 Uncommon trap: reason=unstable_if action=reinterpret pc=0x00000232141221e8 method=java.net.URI.match(CJJ)Z @ 19 c2
Event: 6.953 Thread 0x0000023226278000 Uncommon trap: reason=unstable_if action=reinterpret pc=0x00000232141fa0d0 method=java.util.concurrent.ConcurrentHashMap.putVal(Ljava/lang/Object;Ljava/lang/Object;Z)Ljava/lang/Object; @ 97 c2
Event: 7.010 Thread 0x0000023225021800 Uncommon trap: reason=bimorphic_or_optimized_type_check action=maybe_recompile pc=0x00000232141f10fc method=java.lang.ClassLoader.loadClass(Ljava/lang/String;Z)Ljava/lang/Class; @ 38 c2
Event: 7.025 Thread 0x0000023225021800 Uncommon trap: reason=bimorphic_or_optimized_type_check action=maybe_recompile pc=0x00000232141f10fc method=java.lang.ClassLoader.loadClass(Ljava/lang/String;Z)Ljava/lang/Class; @ 38 c2
Event: 7.026 Thread 0x0000023225021800 Uncommon trap: reason=bimorphic_or_optimized_type_check action=maybe_recompile pc=0x00000232141f10fc method=java.lang.ClassLoader.loadClass(Ljava/lang/String;Z)Ljava/lang/Class; @ 38 c2
Event: 7.026 Thread 0x0000023225021800 Uncommon trap: reason=bimorphic_or_optimized_type_check action=maybe_recompile pc=0x00000232141f10fc method=java.lang.ClassLoader.loadClass(Ljava/lang/String;Z)Ljava/lang/Class; @ 38 c2
Event: 7.054 Thread 0x0000023225021800 Uncommon trap: reason=unstable_if action=reinterpret pc=0x0000023214191d24 method=java.util.zip.ZipFile$Source.initCEN(I)V @ 530 c2

Classes redefined (0 events):
No events

Internal exceptions (10 events):
Event: 6.733 Thread 0x0000023225021800 Exception <a 'java/lang/NoSuchMethodError'{0x0000000087758dd8}: java.lang.invoke.DirectMethodHandle$Holder.invokeVirtual(Ljava/lang/Object;Ljava/lang/Object;Ljava/lang/Object;)Ljava/lang/Object;> (0x0000000087758dd8) thrown at [t:/workspace/open/src/hotsp
Event: 6.739 Thread 0x0000023225021800 Exception <a 'java/lang/NoSuchMethodError'{0x0000000087780e50}: java.lang.invoke.DirectMethodHandle$Holder.invokeVirtual(Ljava/lang/Object;Ljava/lang/Object;Ljava/lang/Object;)I> (0x0000000087780e50) thrown at [t:/workspace/open/src/hotspot/share/interpre
Event: 6.806 Thread 0x0000023226279800 Exception <a 'java/lang/NoSuchMethodError'{0x000000008740a2f0}: java.lang.invoke.DirectMethodHandle$Holder.invokeSpecial(Ljava/lang/Object;Ljava/lang/Object;)V> (0x000000008740a2f0) thrown at [t:/workspace/open/src/hotspot/share/interpreter/linkResolver.c
Event: 6.869 Thread 0x0000023225021800 Exception <a 'java/lang/NoSuchMethodError'{0x00000000874e01c8}: java.lang.invoke.DirectMethodHandle$Holder.invokeInterface(Ljava/lang/Object;Ljava/lang/Object;)I> (0x00000000874e01c8) thrown at [t:/workspace/open/src/hotspot/share/interpreter/linkResolver
Event: 6.878 Thread 0x0000023225021800 Exception <a 'java/lang/NoSuchMethodError'{0x00000000873171c0}: java.lang.invoke.DirectMethodHandle$Holder.invokeStatic(Ljava/lang/Object;Ljava/lang/Object;ILjava/lang/Object;)Ljava/lang/Object;> (0x00000000873171c0) thrown at [t:/workspace/open/src/hotsp
Event: 6.879 Thread 0x0000023225021800 Exception <a 'java/lang/NoSuchMethodError'{0x0000000087320fb0}: java.lang.invoke.Invokers$Holder.linkToTargetMethod(Ljava/lang/Object;ILjava/lang/Object;Ljava/lang/Object;)Ljava/lang/Object;> (0x0000000087320fb0) thrown at [t:/workspace/open/src/hotspot/s
Event: 7.030 Thread 0x0000023225021800 Exception <a 'java/lang/NoSuchMethodError'{0x0000000087039ae8}: <clinit>> (0x0000000087039ae8) thrown at [t:/workspace/open/src/hotspot/share/prims/jni.cpp, line 1364]
Event: 7.039 Thread 0x0000023225021800 Exception <a 'java/lang/NoSuchMethodError'{0x0000000087090a90}: <clinit>> (0x0000000087090a90) thrown at [t:/workspace/open/src/hotspot/share/prims/jni.cpp, line 1364]
Event: 7.054 Thread 0x0000023225021800 Implicit null exception at 0x0000023214190ce7 to 0x0000023214191d0e
Event: 7.136 Thread 0x0000023225021800 Exception <a 'java/lang/NoSuchMethodError'{0x0000000086f773d8}: <clinit>> (0x0000000086f773d8) thrown at [t:/workspace/open/src/hotspot/share/prims/jni.cpp, line 1364]

Events (10 events):
Event: 7.128 loading class org/jetbrains/plugins/gradle/model/ProjectImportModelProvider
Event: 7.128 loading class org/jetbrains/plugins/gradle/model/ProjectImportModelProvider done
Event: 7.135 loading class org/jetbrains/plugins/gradle/model/ProjectImportAction$NoopConverter
Event: 7.135 loading class org/jetbrains/plugins/gradle/model/ProjectImportAction$NoopConverter done
Event: 7.186 loading class com/android/tools/idea/gradle/project/sync/AndroidExtraModelProvider
Event: 7.186 loading class com/android/tools/idea/gradle/project/sync/AndroidExtraModelProvider done
Event: 7.272 loading class com/android/tools/idea/gradle/project/sync/SyncActionOptions
Event: 7.272 loading class com/android/tools/idea/gradle/project/sync/SyncActionOptions done
Event: 7.273 loading class com/android/tools/idea/gradle/project/sync/AndroidExtraModelProviderImpl
Event: 7.273 loading class com/android/tools/idea/gradle/project/sync/AndroidExtraModelProviderImpl done


Dynamic libraries:
0x00007ff604ef0000 - 0x00007ff604f37000 	C:\Program Files\Java\jdk-11.0.1\bin\java.exe
0x00007ffbc72d0000 - 0x00007ffbc74c8000 	C:\WINDOWS\SYSTEM32\ntdll.dll
0x00007ffbc5c40000 - 0x00007ffbc5cff000 	C:\WINDOWS\System32\KERNEL32.DLL
0x00007ffbc4dc0000 - 0x00007ffbc5092000 	C:\WINDOWS\System32\KERNELBASE.dll
0x00007ffbc5e00000 - 0x00007ffbc5eae000 	C:\WINDOWS\System32\ADVAPI32.dll
0x00007ffbc5320000 - 0x00007ffbc53be000 	C:\WINDOWS\System32\msvcrt.dll
0x00007ffbc5d00000 - 0x00007ffbc5d9c000 	C:\WINDOWS\System32\sechost.dll
0x00007ffbc7060000 - 0x00007ffbc7184000 	C:\WINDOWS\System32\RPCRT4.dll
0x00007ffbc53c0000 - 0x00007ffbc5561000 	C:\WINDOWS\System32\USER32.dll
0x00007ffbc4be0000 - 0x00007ffbc4c02000 	C:\WINDOWS\System32\win32u.dll
0x00007ffbc6f20000 - 0x00007ffbc6f4b000 	C:\WINDOWS\System32\GDI32.dll
0x00007ffbc5210000 - 0x00007ffbc531f000 	C:\WINDOWS\System32\gdi32full.dll
0x00007ffbc4b40000 - 0x00007ffbc4bdd000 	C:\WINDOWS\System32\msvcp_win.dll
0x00007ffbc49d0000 - 0x00007ffbc4ad0000 	C:\WINDOWS\System32\ucrtbase.dll
0x00007ffbb26f0000 - 0x00007ffbb298a000 	C:\WINDOWS\WinSxS\amd64_microsoft.windows.common-controls_6595b64144ccf1df_6.0.19041.1110_none_60b5254171f9507e\COMCTL32.dll
0x00007ffbbb390000 - 0x00007ffbbb39a000 	C:\WINDOWS\SYSTEM32\VERSION.dll
0x00007ffbc7190000 - 0x00007ffbc71c0000 	C:\WINDOWS\System32\IMM32.DLL
0x00007ffbbb810000 - 0x00007ffbbb826000 	C:\Program Files\Java\jdk-11.0.1\bin\vcruntime140.dll
0x00007ffb921a0000 - 0x00007ffb9224a000 	C:\Program Files\Java\jdk-11.0.1\bin\msvcp140.dll
0x00007ffb6fb70000 - 0x00007ffb706b2000 	C:\Program Files\Java\jdk-11.0.1\bin\server\jvm.dll
0x00007ffbc5eb0000 - 0x00007ffbc5eb8000 	C:\WINDOWS\System32\PSAPI.DLL
0x00007ffbbd360000 - 0x00007ffbbd369000 	C:\WINDOWS\SYSTEM32\WSOCK32.dll
0x00007ffbc5880000 - 0x00007ffbc58eb000 	C:\WINDOWS\System32\WS2_32.dll
0x00007ffbb3950000 - 0x00007ffbb3977000 	C:\WINDOWS\SYSTEM32\WINMM.dll
0x00007ffbc2890000 - 0x00007ffbc28a2000 	C:\WINDOWS\SYSTEM32\kernel.appcore.dll
0x00007ffbbb370000 - 0x00007ffbbb381000 	C:\Program Files\Java\jdk-11.0.1\bin\verify.dll
0x00007ffbb1ad0000 - 0x00007ffbb1cb4000 	C:\WINDOWS\SYSTEM32\DBGHELP.DLL
0x00007ffbc12f0000 - 0x00007ffbc1325000 	C:\WINDOWS\SYSTEM32\dbgcore.DLL
0x00007ffbc5150000 - 0x00007ffbc51d2000 	C:\WINDOWS\System32\bcryptPrimitives.dll
0x00007ffbbb010000 - 0x00007ffbbb039000 	C:\Program Files\Java\jdk-11.0.1\bin\java.dll
0x00007ffbbb1d0000 - 0x00007ffbbb1e6000 	C:\Program Files\Java\jdk-11.0.1\bin\zip.dll
0x00007ffbc0130000 - 0x00007ffbc013a000 	C:\Program Files\Java\jdk-11.0.1\bin\jimage.dll
0x00007ffbc5f20000 - 0x00007ffbc6665000 	C:\WINDOWS\System32\SHELL32.dll
0x00007ffbc2a90000 - 0x00007ffbc3222000 	C:\WINDOWS\SYSTEM32\windows.storage.dll
0x00007ffbc6730000 - 0x00007ffbc6a85000 	C:\WINDOWS\System32\combase.dll
0x00007ffbc4430000 - 0x00007ffbc4460000 	C:\WINDOWS\SYSTEM32\Wldp.dll
0x00007ffbc6f50000 - 0x00007ffbc6ffd000 	C:\WINDOWS\System32\SHCORE.dll
0x00007ffbc7000000 - 0x00007ffbc7055000 	C:\WINDOWS\System32\shlwapi.dll
0x00007ffbc4910000 - 0x00007ffbc492f000 	C:\WINDOWS\SYSTEM32\profapi.dll
0x00007ffbb8920000 - 0x00007ffbb8939000 	C:\Program Files\Java\jdk-11.0.1\bin\net.dll
0x00007ffbbccf0000 - 0x00007ffbbcdfa000 	C:\WINDOWS\SYSTEM32\WINHTTP.dll
0x00007ffbc4120000 - 0x00007ffbc418a000 	C:\WINDOWS\system32\mswsock.dll
0x00007ffbb7550000 - 0x00007ffbb7563000 	C:\Program Files\Java\jdk-11.0.1\bin\nio.dll
0x00007ffbbb170000 - 0x00007ffbbb197000 	C:\Users\Admin\.gradle\native\e1d6ef7f7dcc3fd88c89a11ec53ec762bb8ba0a96d01ffa2cd45eb1d1d8dd5c5\windows-amd64\native-platform.dll
0x00007ffb8f190000 - 0x00007ffb8f2d4000 	C:\Users\Admin\.gradle\native\0d407fdbe67a94daf76414ababcb853783967236a71b16ec16e742cd7a986fd3\windows-amd64\native-platform-file-events.dll
0x00007ffbbc0c0000 - 0x00007ffbbc0c9000 	C:\Program Files\Java\jdk-11.0.1\bin\management.dll
0x00007ffbbb0f0000 - 0x00007ffbbb0fc000 	C:\Program Files\Java\jdk-11.0.1\bin\management_ext.dll
0x00007ffbc4390000 - 0x00007ffbc43a8000 	C:\WINDOWS\SYSTEM32\CRYPTSP.dll
0x00007ffbc39d0000 - 0x00007ffbc3a04000 	C:\WINDOWS\system32\rsaenh.dll
0x00007ffbc51e0000 - 0x00007ffbc5207000 	C:\WINDOWS\System32\bcrypt.dll
0x00007ffbc48d0000 - 0x00007ffbc48fe000 	C:\WINDOWS\SYSTEM32\USERENV.dll
0x00007ffbc4380000 - 0x00007ffbc438c000 	C:\WINDOWS\SYSTEM32\CRYPTBASE.dll
0x00007ffbc3da0000 - 0x00007ffbc3ddb000 	C:\WINDOWS\SYSTEM32\IPHLPAPI.DLL
0x00007ffbc5aa0000 - 0x00007ffbc5aa8000 	C:\WINDOWS\System32\NSI.dll
0x00007ffbbe3d0000 - 0x00007ffbbe3e7000 	C:\WINDOWS\SYSTEM32\dhcpcsvc6.DLL
0x00007ffbbdd80000 - 0x00007ffbbdd9d000 	C:\WINDOWS\SYSTEM32\dhcpcsvc.DLL
0x00007ffbc3de0000 - 0x00007ffbc3eab000 	C:\WINDOWS\SYSTEM32\DNSAPI.dll

dbghelp: loaded successfully - version: 4.0.5 - missing functions: none
symbol engine: initialized successfully - sym options: 0x614 - pdb path: .;C:\Program Files\Java\jdk-11.0.1\bin;C:\WINDOWS\SYSTEM32;C:\WINDOWS\WinSxS\amd64_microsoft.windows.common-controls_6595b64144ccf1df_6.0.19041.1110_none_60b5254171f9507e;C:\Program Files\Java\jdk-11.0.1\bin\server;C:\Users\Admin\.gradle\native\e1d6ef7f7dcc3fd88c89a11ec53ec762bb8ba0a96d01ffa2cd45eb1d1d8dd5c5\windows-amd64;C:\Users\Admin\.gradle\native\0d407fdbe67a94daf76414ababcb853783967236a71b16ec16e742cd7a986fd3\windows-amd64

VM Arguments:
jvm_args: --add-opens=java.base/java.util=ALL-UNNAMED --add-opens=java.base/java.lang=ALL-UNNAMED --add-opens=java.base/java.lang.invoke=ALL-UNNAMED --add-opens=java.base/java.util=ALL-UNNAMED --add-opens=java.prefs/java.util.prefs=ALL-UNNAMED --add-opens=java.prefs/java.util.prefs=ALL-UNNAMED --add-opens=java.base/java.nio.charset=ALL-UNNAMED --add-opens=java.base/java.net=ALL-UNNAMED --add-opens=java.base/java.util.concurrent.atomic=ALL-UNNAMED -Xmx2048m -Dfile.encoding=UTF-8 -Duser.country=SV -Duser.language=es -Duser.variant 
java_command: org.gradle.launcher.daemon.bootstrap.GradleDaemon 7.5
java_class_path (initial): C:\Users\Admin\.gradle\wrapper\dists\gradle-7.5-bin\f1w0cc9nuo0eivz97x2xlu9sv\gradle-7.5\lib\gradle-launcher-7.5.jar
Launcher Type: SUN_STANDARD

[Global flags]
     intx CICompilerCount                          = 3                                         {product} {ergonomic}
     uint ConcGCThreads                            = 1                                         {product} {ergonomic}
     uint G1ConcRefinementThreads                  = 4                                         {product} {ergonomic}
   size_t G1HeapRegionSize                         = 1048576                                   {product} {ergonomic}
    uintx GCDrainStackTargetSize                   = 64                                        {product} {ergonomic}
   size_t InitialHeapSize                          = 134217728                                 {product} {ergonomic}
   size_t MarkStackSize                            = 4194304                                   {product} {ergonomic}
   size_t MaxHeapSize                              = 2147483648                                {product} {command line}
   size_t MaxNewSize                               = 1287651328                                {product} {ergonomic}
   size_t MinHeapDeltaBytes                        = 1048576                                   {product} {ergonomic}
    uintx NonNMethodCodeHeapSize                   = 5830092                                {pd product} {ergonomic}
    uintx NonProfiledCodeHeapSize                  = 122914074                              {pd product} {ergonomic}
    uintx ProfiledCodeHeapSize                     = 122914074                              {pd product} {ergonomic}
    uintx ReservedCodeCacheSize                    = 251658240                              {pd product} {ergonomic}
     bool SegmentedCodeCache                       = true                                      {product} {ergonomic}
     bool UseCompressedClassPointers               = true                                 {lp64_product} {ergonomic}
     bool UseCompressedOops                        = true                                 {lp64_product} {ergonomic}
     bool UseG1GC                                  = true                                      {product} {ergonomic}
     bool UseLargePagesIndividualAllocation        = false                                  {pd product} {ergonomic}

Logging:
Log output configuration:
 #0: stdout all=warning uptime,level,tags
 #1: stderr all=off uptime,level,tags

Environment Variables:
JAVA_HOME=C:\Program Files\Java\jdk-11.0.1
PATH=C:\Program Files (x86)\Razer\ChromaBroadcast\bin;E:\Program Files\Razer\ChromaBroadcast\bin;C:\Program Files\nodejs\;C:\WINDOWS\system32\config\systemprofile\AppData\Local\Microsoft\WindowsApps;E:\Git\cmd;C:\Users\Admin\AppData\Local\Microsoft\WindowsApps;C:\Users\Admin\AppData\Local\atom\bin;C:\Users\Admin\AppData\Local\Programs\Microsoft VS Code\bin;C:\Program Files\sfdx\bin;C:\Users\Admin\AppData\Local\GitHubDesktop\bin;C:\Users\Admin\AppData\Local\Microsoft\WindowsApps;E:\Program Files\JetBrains\IntelliJ IDEA 2022.2\bin;;E:\Program Files\heroku\bin;E:\Program Files\Azure Data Studio\bin;C:\srcSQLlite\sqlite-tools-win32-x86-3410000;C:\Program Files\MongoDB\Server\6.0\data;C:\Program Files\MongoDB\Server\6.0\log;C:\Users\Admin\AppData\Local\Programs\Azure Data Studio\bin;C:\Program Files\nodejs;C:\Users\Admin\AppData\Roaming\npm
USERNAME=Admin
OS=Windows_NT
PROCESSOR_IDENTIFIER=Intel64 Family 6 Model 58 Stepping 9, GenuineIntel



---------------  S Y S T E M  ---------------

OS: Windows 10 , 64 bit Build 19041 (10.0.19041.2546)

CPU:total 4 (initial active 4) (2 cores per cpu, 2 threads per core) family 6 model 58 stepping 9, cmov, cx8, fxsr, mmx, sse, sse2, sse3, ssse3, sse4.1, sse4.2, popcnt, avx, aes, clmul, erms, ht, tsc, tscinvbit, tscinv

Memory: 4k page, system-wide physical 8071M (1035M free)
TotalPageFile size 10119M (AvailPageFile size 9M)
current process WorkingSet (physical memory assigned to process): 227M, peak: 229M
current process commit charge ("private bytes"): 292M, peak: 295M

vm_info: Java HotSpot(TM) 64-Bit Server VM (11.0.1+13-LTS) for windows-amd64 JRE (11.0.1+13-LTS), built on Oct  6 2018 13:20:16 by "mach5one" with MS VC++ 15.5 (VS2017)

END.
