#
# There is insufficient memory for the Java Runtime Environment to continue.
# Native memory allocation (malloc) failed to allocate 653616 bytes for Chunk::new
# Possible reasons:
#   The system is out of physical RAM or swap space
#   The process is running with CompressedOops enabled, and the Java Heap may be blocking the growth of the native heap
# Possible solutions:
#   Reduce memory load on the system
#   Increase physical memory or swap space
#   Check if swap backing store is full
#   Decrease Java heap size (-Xmx/-Xms)
#   Decrease number of Java threads
#   Decrease Java thread stack sizes (-Xss)
#   Set larger code cache with -XX:ReservedCodeCacheSize=
#   JVM is running with Unscaled Compressed Oops mode in which the Java heap is
#     placed in the first 4GB address space. The Java Heap base address is the
#     maximum limit for the native heap growth. Please use -XX:HeapBaseMinAddress
#     to set the Java Heap base and to place the Java Heap above 4GB virtual address.
# This output file may be truncated or incomplete.
#
#  Out of Memory Error (t:/workspace/open/src/hotspot/share/memory/arena.cpp:197), pid=20812, tid=20208
#
# JRE version: Java(TM) SE Runtime Environment (11.0.1+13) (build 11.0.1+13-LTS)
# Java VM: Java HotSpot(TM) 64-Bit Server VM (11.0.1+13-LTS, mixed mode, tiered, compressed oops, g1 gc, windows-amd64)
# No core dump will be written. Minidumps are not enabled by default on client versions of Windows
#

---------------  S U M M A R Y ------------

Command Line: --add-opens=java.base/java.util=ALL-UNNAMED --add-opens=java.base/java.lang=ALL-UNNAMED --add-opens=java.base/java.lang.invoke=ALL-UNNAMED --add-opens=java.base/java.util=ALL-UNNAMED --add-opens=java.prefs/java.util.prefs=ALL-UNNAMED --add-opens=java.prefs/java.util.prefs=ALL-UNNAMED --add-opens=java.base/java.nio.charset=ALL-UNNAMED --add-opens=java.base/java.net=ALL-UNNAMED --add-opens=java.base/java.util.concurrent.atomic=ALL-UNNAMED -Xmx2048m -Dfile.encoding=UTF-8 -Duser.country=SV -Duser.language=es -Duser.variant org.gradle.launcher.daemon.bootstrap.GradleDaemon 7.5

Host: Intel(R) Core(TM) i5-3320M CPU @ 2.60GHz, 4 cores, 7G,  Windows 10 , 64 bit Build 19041 (10.0.19041.2546)
Time: Wed Apr  5 00:14:40 2023 Hora estándar, América Central elapsed time: 22 seconds (0d 0h 0m 22s)

---------------  T H R E A D  ---------------

Current thread (0x00000177ff1fe800):  JavaThread "C2 CompilerThread1" daemon [_thread_in_native, id=20208, stack(0x0000004217800000,0x0000004217900000)]


Current CompileTask:
C2:  22686 8308   !   4       org.codehaus.groovy.reflection.stdclasses.CachedSAMClass::hasUsableImplementation (72 bytes)

Stack: [0x0000004217800000,0x0000004217900000]
Native frames: (J=compiled Java code, j=interpreted, Vv=VM code, C=native code)
V  [jvm.dll+0x63c21a]
V  [jvm.dll+0x7797df]
V  [jvm.dll+0x77adca]
V  [jvm.dll+0x77b483]
V  [jvm.dll+0x2627f8]
V  [jvm.dll+0xc5c71]
V  [jvm.dll+0xc61fc]
V  [jvm.dll+0x36f8a7]
V  [jvm.dll+0x1ad459]
V  [jvm.dll+0x21c8d2]
V  [jvm.dll+0x21b96a]
V  [jvm.dll+0x198390]
V  [jvm.dll+0x22a97f]
V  [jvm.dll+0x228f98]
V  [jvm.dll+0x73f03d]
V  [jvm.dll+0x63b2b2]
C  [ucrtbase.dll+0x21bb2]
C  [KERNEL32.DLL+0x17614]
C  [ntdll.dll+0x526a1]


---------------  P R O C E S S  ---------------

Threads class SMR info:
_java_thread_list=0x0000017780bb22a0, length=79, elements={
0x00000177da3c8000, 0x00000177f8f84800, 0x00000177f8f90000, 0x00000177f9952800,
0x00000177f8fa1000, 0x00000177f8fa6000, 0x00000177f8fab000, 0x00000177f8fae800,
0x00000177f9a80000, 0x00000177f9ac2800, 0x00000177fb708000, 0x00000177f9b56800,
0x00000177faf86000, 0x00000177fb19b000, 0x00000177fb94d800, 0x00000177fb996000,
0x00000177fa9e4000, 0x00000177fb8d2800, 0x00000177fb8d3800, 0x00000177fbbb5000,
0x00000177fbb03000, 0x00000177fbb04000, 0x00000177fbb02800, 0x00000177fbb05000,
0x00000177fbb05800, 0x00000177fbb06800, 0x00000177fbb07800, 0x00000177fbb01800,
0x00000177fbb08000, 0x00000177ff3df800, 0x00000177ff3e6000, 0x00000177ff3e2000,
0x00000177ff3e3000, 0x00000177ff3e5000, 0x00000177ff3e0800, 0x00000177ff1fe800,
0x00000177ff3e1000, 0x00000177ff3e4800, 0x00000177ff8f8000, 0x00000177ff8f5800,
0x00000177ff8f4000, 0x00000177ff8f3000, 0x00000177ff8f6800, 0x00000177ff8f7000,
0x00000177ff8f2800, 0x00000177ff8f9800, 0x00000177ff8fa800, 0x00000177ff8f9000,
0x00000177ff8f4800, 0x00000177ff900000, 0x00000177ff901000, 0x00000177ff8fb800,
0x00000177ff8fc000, 0x00000177ff8fd000, 0x00000177ff8fd800, 0x00000177ff8fe800,
0x00000177ff8ff800, 0x00000177ff586800, 0x00000177ff585000, 0x00000177ff588000,
0x00000177ff58a000, 0x00000177ff589000, 0x00000177ff584000, 0x00000177ff58a800,
0x00000177ff585800, 0x00000177ff587800, 0x00000177ff92c800, 0x00000177ff92b000,
0x00000177ff92c000, 0x00000177ff92f000, 0x00000177ff92d800, 0x00000177ff92e800,
0x00000177ff930000, 0x00000177ff92a800, 0x00000177ff932800, 0x00000177ff936800,
0x00000177ff933000, 0x00000177ff931800, 0x00000177ff934000
}

Java Threads: ( => current thread )
  0x00000177da3c8000 JavaThread "main" [_thread_blocked, id=17268, stack(0x0000004214b00000,0x0000004214c00000)]
  0x00000177f8f84800 JavaThread "Reference Handler" daemon [_thread_blocked, id=7804, stack(0x0000004215200000,0x0000004215300000)]
  0x00000177f8f90000 JavaThread "Finalizer" daemon [_thread_blocked, id=5196, stack(0x0000004215300000,0x0000004215400000)]
  0x00000177f9952800 JavaThread "Signal Dispatcher" daemon [_thread_blocked, id=21872, stack(0x0000004215400000,0x0000004215500000)]
  0x00000177f8fa1000 JavaThread "Attach Listener" daemon [_thread_blocked, id=18200, stack(0x0000004215500000,0x0000004215600000)]
  0x00000177f8fa6000 JavaThread "C2 CompilerThread0" daemon [_thread_in_native, id=1292, stack(0x0000004215600000,0x0000004215700000)]
  0x00000177f8fab000 JavaThread "C1 CompilerThread0" daemon [_thread_blocked, id=13184, stack(0x0000004215700000,0x0000004215800000)]
  0x00000177f8fae800 JavaThread "Sweeper thread" daemon [_thread_blocked, id=9432, stack(0x0000004215800000,0x0000004215900000)]
  0x00000177f9a80000 JavaThread "Common-Cleaner" daemon [_thread_blocked, id=448, stack(0x0000004215900000,0x0000004215a00000)]
  0x00000177f9ac2800 JavaThread "Service Thread" daemon [_thread_blocked, id=4992, stack(0x0000004215a00000,0x0000004215b00000)]
  0x00000177fb708000 JavaThread "Daemon health stats" [_thread_blocked, id=17684, stack(0x0000004215f00000,0x0000004216000000)]
  0x00000177f9b56800 JavaThread "Incoming local TCP Connector on port 60550" [_thread_in_native, id=22176, stack(0x0000004215c00000,0x0000004215d00000)]
  0x00000177faf86000 JavaThread "Daemon periodic checks" [_thread_blocked, id=9572, stack(0x0000004216000000,0x0000004216100000)]
  0x00000177fb19b000 JavaThread "Daemon" [_thread_blocked, id=7712, stack(0x0000004216100000,0x0000004216200000)]
  0x00000177fb94d800 JavaThread "Handler for socket connection from /127.0.0.1:60550 to /127.0.0.1:60551" [_thread_in_native, id=11044, stack(0x0000004216200000,0x0000004216300000)]
  0x00000177fb996000 JavaThread "Cancel handler" [_thread_blocked, id=8608, stack(0x0000004216400000,0x0000004216500000)]
  0x00000177fa9e4000 JavaThread "Daemon worker" [_thread_in_vm, id=1584, stack(0x0000004216500000,0x0000004216600000)]
  0x00000177fb8d2800 JavaThread "Asynchronous log dispatcher for DefaultDaemonConnection: socket connection from /127.0.0.1:60550 to /127.0.0.1:60551" [_thread_blocked, id=22404, stack(0x0000004216600000,0x0000004216700000)]
  0x00000177fb8d3800 JavaThread "Stdin handler" [_thread_blocked, id=13900, stack(0x0000004216700000,0x0000004216800000)]
  0x00000177fbbb5000 JavaThread "Daemon client event forwarder" [_thread_blocked, id=16180, stack(0x0000004216800000,0x0000004216900000)]
  0x00000177fbb03000 JavaThread "Cache worker for journal cache (C:\Users\Admin\.gradle\caches\journal-1)" [_thread_blocked, id=14008, stack(0x0000004216900000,0x0000004216a00000)]
  0x00000177fbb04000 JavaThread "File lock request listener" [_thread_in_native, id=15356, stack(0x0000004216a00000,0x0000004216b00000)]
  0x00000177fbb02800 JavaThread "Cache worker for file hash cache (C:\Users\Admin\.gradle\caches\7.5\fileHashes)" [_thread_blocked, id=8160, stack(0x0000004216b00000,0x0000004216c00000)]
  0x00000177fbb05000 JavaThread "File watcher server" daemon [_thread_in_native, id=18884, stack(0x0000004216d00000,0x0000004216e00000)]
  0x00000177fbb05800 JavaThread "File watcher consumer" daemon [_thread_blocked, id=10900, stack(0x0000004216e00000,0x0000004216f00000)]
  0x00000177fbb06800 JavaThread "jar transforms" [_thread_blocked, id=15316, stack(0x0000004216f00000,0x0000004217000000)]
  0x00000177fbb07800 JavaThread "jar transforms Thread 2" [_thread_blocked, id=21508, stack(0x0000004217000000,0x0000004217100000)]
  0x00000177fbb01800 JavaThread "jar transforms Thread 3" [_thread_blocked, id=9652, stack(0x0000004217100000,0x0000004217200000)]
  0x00000177fbb08000 JavaThread "jar transforms Thread 4" [_thread_blocked, id=13996, stack(0x0000004217200000,0x0000004217300000)]
  0x00000177ff3df800 JavaThread "Cache worker for checksums cache (E:\ProyectoCatedra2\.gradle\7.5\checksums)" [_thread_blocked, id=20392, stack(0x0000004216c00000,0x0000004216d00000)]
  0x00000177ff3e6000 JavaThread "Cache worker for cache directory md-rule (C:\Users\Admin\.gradle\caches\7.5\md-rule)" [_thread_blocked, id=7100, stack(0x0000004217300000,0x0000004217400000)]
  0x00000177ff3e2000 JavaThread "Cache worker for file content cache (C:\Users\Admin\.gradle\caches\7.5\fileContent)" [_thread_blocked, id=20664, stack(0x0000004217400000,0x0000004217500000)]
  0x00000177ff3e3000 JavaThread "Cache worker for file hash cache (E:\ProyectoCatedra2\.gradle\7.5\fileHashes)" [_thread_blocked, id=21796, stack(0x0000004217500000,0x0000004217600000)]
  0x00000177ff3e5000 JavaThread "Cache worker for cache directory md-supplier (C:\Users\Admin\.gradle\caches\7.5\md-supplier)" [_thread_blocked, id=7444, stack(0x0000004217600000,0x0000004217700000)]
  0x00000177ff3e0800 JavaThread "Cache worker for execution history cache (C:\Users\Admin\.gradle\caches\7.5\executionHistory)" [_thread_blocked, id=18856, stack(0x0000004217700000,0x0000004217800000)]
=>0x00000177ff1fe800 JavaThread "C2 CompilerThread1" daemon [_thread_in_native, id=20208, stack(0x0000004217800000,0x0000004217900000)]
  0x00000177ff3e1000 JavaThread "Cache worker for dependencies-accessors (E:\ProyectoCatedra2\.gradle\7.5\dependencies-accessors)" [_thread_blocked, id=15144, stack(0x0000004217900000,0x0000004217a00000)]
  0x00000177ff3e4800 JavaThread "Cache worker for Build Output Cleanup Cache (E:\ProyectoCatedra2\.gradle\buildOutputCleanup)" [_thread_blocked, id=20448, stack(0x0000004217a00000,0x0000004217b00000)]
  0x00000177ff8f8000 JavaThread "Unconstrained build operations" [_thread_blocked, id=10020, stack(0x0000004217b00000,0x0000004217c00000)]
  0x00000177ff8f5800 JavaThread "Unconstrained build operations Thread 2" [_thread_blocked, id=17216, stack(0x0000004217c00000,0x0000004217d00000)]
  0x00000177ff8f4000 JavaThread "Unconstrained build operations Thread 3" [_thread_blocked, id=12908, stack(0x0000004217d00000,0x0000004217e00000)]
  0x00000177ff8f3000 JavaThread "Unconstrained build operations Thread 4" [_thread_blocked, id=21568, stack(0x0000004217e00000,0x0000004217f00000)]
  0x00000177ff8f6800 JavaThread "Unconstrained build operations Thread 5" [_thread_blocked, id=11584, stack(0x0000004217f00000,0x0000004218000000)]
  0x00000177ff8f7000 JavaThread "Unconstrained build operations Thread 6" [_thread_blocked, id=1132, stack(0x0000004218000000,0x0000004218100000)]
  0x00000177ff8f2800 JavaThread "Unconstrained build operations Thread 7" [_thread_blocked, id=22088, stack(0x0000004218100000,0x0000004218200000)]
  0x00000177ff8f9800 JavaThread "Unconstrained build operations Thread 8" [_thread_blocked, id=20500, stack(0x0000004218200000,0x0000004218300000)]
  0x00000177ff8fa800 JavaThread "Unconstrained build operations Thread 9" [_thread_blocked, id=16944, stack(0x0000004218300000,0x0000004218400000)]
  0x00000177ff8f9000 JavaThread "Unconstrained build operations Thread 10" [_thread_blocked, id=16412, stack(0x0000004218400000,0x0000004218500000)]
  0x00000177ff8f4800 JavaThread "Unconstrained build operations Thread 11" [_thread_blocked, id=8512, stack(0x0000004218500000,0x0000004218600000)]
  0x00000177ff900000 JavaThread "Unconstrained build operations Thread 12" [_thread_blocked, id=21556, stack(0x0000004218600000,0x0000004218700000)]
  0x00000177ff901000 JavaThread "Unconstrained build operations Thread 13" [_thread_blocked, id=8604, stack(0x0000004218700000,0x0000004218800000)]
  0x00000177ff8fb800 JavaThread "Unconstrained build operations Thread 14" [_thread_blocked, id=7964, stack(0x0000004218800000,0x0000004218900000)]
  0x00000177ff8fc000 JavaThread "Unconstrained build operations Thread 15" [_thread_blocked, id=14444, stack(0x0000004218900000,0x0000004218a00000)]
  0x00000177ff8fd000 JavaThread "Unconstrained build operations Thread 16" [_thread_blocked, id=18304, stack(0x0000004218a00000,0x0000004218b00000)]
  0x00000177ff8fd800 JavaThread "Unconstrained build operations Thread 17" [_thread_blocked, id=2084, stack(0x0000004218b00000,0x0000004218c00000)]
  0x00000177ff8fe800 JavaThread "Unconstrained build operations Thread 18" [_thread_blocked, id=17168, stack(0x0000004218c00000,0x0000004218d00000)]
  0x00000177ff8ff800 JavaThread "Unconstrained build operations Thread 19" [_thread_blocked, id=18332, stack(0x0000004218d00000,0x0000004218e00000)]
  0x00000177ff586800 JavaThread "Unconstrained build operations Thread 20" [_thread_blocked, id=14788, stack(0x0000004218e00000,0x0000004218f00000)]
  0x00000177ff585000 JavaThread "Unconstrained build operations Thread 21" [_thread_blocked, id=5676, stack(0x0000004218f00000,0x0000004219000000)]
  0x00000177ff588000 JavaThread "Unconstrained build operations Thread 22" [_thread_blocked, id=21572, stack(0x0000004219000000,0x0000004219100000)]
  0x00000177ff58a000 JavaThread "Unconstrained build operations Thread 23" [_thread_blocked, id=12148, stack(0x0000004219100000,0x0000004219200000)]
  0x00000177ff589000 JavaThread "Unconstrained build operations Thread 24" [_thread_blocked, id=12984, stack(0x0000004219200000,0x0000004219300000)]
  0x00000177ff584000 JavaThread "Unconstrained build operations Thread 25" [_thread_blocked, id=12624, stack(0x0000004219300000,0x0000004219400000)]
  0x00000177ff58a800 JavaThread "Unconstrained build operations Thread 26" [_thread_blocked, id=7608, stack(0x0000004219400000,0x0000004219500000)]
  0x00000177ff585800 JavaThread "Unconstrained build operations Thread 27" [_thread_blocked, id=15496, stack(0x0000004219500000,0x0000004219600000)]
  0x00000177ff587800 JavaThread "Unconstrained build operations Thread 28" [_thread_blocked, id=7884, stack(0x0000004219600000,0x0000004219700000)]
  0x00000177ff92c800 JavaThread "Unconstrained build operations Thread 29" [_thread_blocked, id=11576, stack(0x0000004219700000,0x0000004219800000)]
  0x00000177ff92b000 JavaThread "Unconstrained build operations Thread 30" [_thread_blocked, id=21592, stack(0x0000004219800000,0x0000004219900000)]
  0x00000177ff92c000 JavaThread "Unconstrained build operations Thread 31" [_thread_blocked, id=11572, stack(0x0000004219900000,0x0000004219a00000)]
  0x00000177ff92f000 JavaThread "Unconstrained build operations Thread 32" [_thread_blocked, id=11304, stack(0x0000004219a00000,0x0000004219b00000)]
  0x00000177ff92d800 JavaThread "Unconstrained build operations Thread 33" [_thread_blocked, id=16320, stack(0x0000004219b00000,0x0000004219c00000)]
  0x00000177ff92e800 JavaThread "Unconstrained build operations Thread 34" [_thread_blocked, id=10292, stack(0x0000004219c00000,0x0000004219d00000)]
  0x00000177ff930000 JavaThread "Unconstrained build operations Thread 35" [_thread_blocked, id=17284, stack(0x0000004219d00000,0x0000004219e00000)]
  0x00000177ff92a800 JavaThread "Unconstrained build operations Thread 36" [_thread_blocked, id=2836, stack(0x0000004219e00000,0x0000004219f00000)]
  0x00000177ff932800 JavaThread "Unconstrained build operations Thread 37" [_thread_blocked, id=12552, stack(0x0000004219f00000,0x000000421a000000)]
  0x00000177ff936800 JavaThread "Unconstrained build operations Thread 38" [_thread_blocked, id=11528, stack(0x000000421a000000,0x000000421a100000)]
  0x00000177ff933000 JavaThread "Unconstrained build operations Thread 39" [_thread_blocked, id=16648, stack(0x000000421a100000,0x000000421a200000)]
  0x00000177ff931800 JavaThread "Unconstrained build operations Thread 40" [_thread_blocked, id=20092, stack(0x000000421a200000,0x000000421a300000)]
  0x00000177ff934000 JavaThread "Memory manager" [_thread_blocked, id=9440, stack(0x000000421a300000,0x000000421a400000)]

Other Threads:
  0x00000177f8f7e800 VMThread "VM Thread" [stack: 0x0000004215100000,0x0000004215200000] [id=11928]
  0x00000177f9ac5800 WatcherThread [stack: 0x0000004215b00000,0x0000004215c00000] [id=15092]
  0x00000177da3de000 GCTaskThread "GC Thread#0" [stack: 0x0000004214c00000,0x0000004214d00000] [id=20180]
  0x00000177f9e96000 GCTaskThread "GC Thread#1" [stack: 0x0000004215d00000,0x0000004215e00000] [id=21200]
  0x00000177fa091000 GCTaskThread "GC Thread#2" [stack: 0x0000004215e00000,0x0000004215f00000] [id=2032]
  0x00000177fbebd800 GCTaskThread "GC Thread#3" [stack: 0x0000004216300000,0x0000004216400000] [id=9120]
  0x00000177da410800 ConcurrentGCThread "G1 Main Marker" [stack: 0x0000004214d00000,0x0000004214e00000] [id=1524]
  0x00000177da411800 ConcurrentGCThread "G1 Conc#0" [stack: 0x0000004214e00000,0x0000004214f00000] [id=11520]
  0x00000177da49c800 ConcurrentGCThread "G1 Refine#0" [stack: 0x0000004214f00000,0x0000004215000000] [id=17064]
  0x00000177da49d800 ConcurrentGCThread "G1 Young RemSet Sampling" [stack: 0x0000004215000000,0x0000004215100000] [id=11988]

Threads with active compile tasks:
C2 CompilerThread08318       4       java.beans.Introspector::addMethod (196 bytes)
C2 CompilerThread18308   !   4       org.codehaus.groovy.reflection.stdclasses.CachedSAMClass::hasUsableImplementation (72 bytes)

VM state:not at safepoint (normal execution)

VM Mutex/Monitor currently owned by a thread: None

Heap address: 0x0000000080000000, size: 2048 MB, Compressed Oops mode: 32-bit
Narrow klass base: 0x0000000000000000, Narrow klass shift: 3
Compressed class space size: 1073741824 Address: 0x0000000100000000

Heap:
 garbage-first heap   total 227328K, used 151968K [0x0000000080000000, 0x0000000100000000)
  region size 1024K, 23 young (23552K), 2 survivors (2048K)
 Metaspace       used 78162K, capacity 80464K, committed 80560K, reserved 1118208K
  class space    used 10078K, capacity 10920K, committed 11008K, reserved 1048576K
Heap Regions: E=young(eden), S=young(survivor), O=old, HS=humongous(starts), HC=humongous(continues), CS=collection set, F=free, A=archive, TAMS=top-at-mark-start (previous, next)
|   0|0x0000000080000000, 0x0000000080100000, 0x0000000080100000|100%|HS|  |TAMS 0x0000000080100000, 0x0000000080000000| Complete 
|   1|0x0000000080100000, 0x0000000080200000, 0x0000000080200000|100%|HC|  |TAMS 0x0000000080200000, 0x0000000080100000| Complete 
|   2|0x0000000080200000, 0x0000000080300000, 0x0000000080300000|100%|HC|  |TAMS 0x0000000080300000, 0x0000000080200000| Complete 
|   3|0x0000000080300000, 0x0000000080400000, 0x0000000080400000|100%| O|  |TAMS 0x0000000080400000, 0x0000000080300000| Untracked 
|   4|0x0000000080400000, 0x0000000080500000, 0x0000000080500000|100%| O|  |TAMS 0x0000000080500000, 0x0000000080400000| Untracked 
|   5|0x0000000080500000, 0x0000000080600000, 0x0000000080600000|100%| O|  |TAMS 0x0000000080600000, 0x0000000080500000| Untracked 
|   6|0x0000000080600000, 0x0000000080700000, 0x0000000080700000|100%| O|  |TAMS 0x0000000080700000, 0x0000000080600000| Untracked 
|   7|0x0000000080700000, 0x0000000080800000, 0x0000000080800000|100%| O|  |TAMS 0x0000000080800000, 0x0000000080700000| Untracked 
|   8|0x0000000080800000, 0x0000000080900000, 0x0000000080900000|100%| O|  |TAMS 0x0000000080900000, 0x0000000080800000| Untracked 
|   9|0x0000000080900000, 0x0000000080a00000, 0x0000000080a00000|100%| O|  |TAMS 0x0000000080a00000, 0x0000000080900000| Untracked 
|  10|0x0000000080a00000, 0x0000000080b00000, 0x0000000080b00000|100%| O|  |TAMS 0x0000000080b00000, 0x0000000080a00000| Untracked 
|  11|0x0000000080b00000, 0x0000000080c00000, 0x0000000080c00000|100%| O|  |TAMS 0x0000000080c00000, 0x0000000080b00000| Untracked 
|  12|0x0000000080c00000, 0x0000000080d00000, 0x0000000080d00000|100%| O|  |TAMS 0x0000000080d00000, 0x0000000080c00000| Untracked 
|  13|0x0000000080d00000, 0x0000000080e00000, 0x0000000080e00000|100%| O|  |TAMS 0x0000000080e00000, 0x0000000080d00000| Untracked 
|  14|0x0000000080e00000, 0x0000000080f00000, 0x0000000080f00000|100%| O|  |TAMS 0x0000000080f00000, 0x0000000080e00000| Untracked 
|  15|0x0000000080f00000, 0x0000000081000000, 0x0000000081000000|100%| O|  |TAMS 0x0000000081000000, 0x0000000080f00000| Untracked 
|  16|0x0000000081000000, 0x0000000081100000, 0x0000000081100000|100%|HS|  |TAMS 0x0000000081100000, 0x0000000081000000| Complete 
|  17|0x0000000081100000, 0x0000000081200000, 0x0000000081200000|100%|HC|  |TAMS 0x0000000081200000, 0x0000000081100000| Complete 
|  18|0x0000000081200000, 0x0000000081300000, 0x0000000081300000|100%|HS|  |TAMS 0x0000000081300000, 0x0000000081200000| Complete 
|  19|0x0000000081300000, 0x0000000081400000, 0x0000000081400000|100%|HC|  |TAMS 0x0000000081400000, 0x0000000081300000| Complete 
|  20|0x0000000081400000, 0x0000000081500000, 0x0000000081500000|100%|HC|  |TAMS 0x0000000081500000, 0x0000000081400000| Complete 
|  21|0x0000000081500000, 0x0000000081600000, 0x0000000081600000|100%|HS|  |TAMS 0x0000000081600000, 0x0000000081500000| Complete 
|  22|0x0000000081600000, 0x0000000081700000, 0x0000000081700000|100%|HC|  |TAMS 0x0000000081700000, 0x0000000081600000| Complete 
|  23|0x0000000081700000, 0x0000000081800000, 0x0000000081800000|100%|HC|  |TAMS 0x0000000081800000, 0x0000000081700000| Complete 
|  24|0x0000000081800000, 0x0000000081900000, 0x0000000081900000|100%|HS|  |TAMS 0x0000000081900000, 0x0000000081800000| Complete 
|  25|0x0000000081900000, 0x0000000081a00000, 0x0000000081a00000|100%|HC|  |TAMS 0x0000000081a00000, 0x0000000081900000| Complete 
|  26|0x0000000081a00000, 0x0000000081b00000, 0x0000000081b00000|100%|HS|  |TAMS 0x0000000081b00000, 0x0000000081a00000| Complete 
|  27|0x0000000081b00000, 0x0000000081c00000, 0x0000000081c00000|100%|HC|  |TAMS 0x0000000081c00000, 0x0000000081b00000| Complete 
|  28|0x0000000081c00000, 0x0000000081d00000, 0x0000000081d00000|100%|HC|  |TAMS 0x0000000081d00000, 0x0000000081c00000| Complete 
|  29|0x0000000081d00000, 0x0000000081e00000, 0x0000000081e00000|100%|HC|  |TAMS 0x0000000081e00000, 0x0000000081d00000| Complete 
|  30|0x0000000081e00000, 0x0000000081f00000, 0x0000000081f00000|100%|HC|  |TAMS 0x0000000081f00000, 0x0000000081e00000| Complete 
|  31|0x0000000081f00000, 0x0000000082000000, 0x0000000082000000|100%|HC|  |TAMS 0x0000000082000000, 0x0000000081f00000| Complete 
|  32|0x0000000082000000, 0x0000000082100000, 0x0000000082100000|100%|HC|  |TAMS 0x0000000082100000, 0x0000000082000000| Complete 
|  33|0x0000000082100000, 0x0000000082200000, 0x0000000082200000|100%|HC|  |TAMS 0x0000000082200000, 0x0000000082100000| Complete 
|  34|0x0000000082200000, 0x0000000082300000, 0x0000000082300000|100%|HC|  |TAMS 0x0000000082300000, 0x0000000082200000| Complete 
|  35|0x0000000082300000, 0x0000000082400000, 0x0000000082400000|100%|HC|  |TAMS 0x0000000082400000, 0x0000000082300000| Complete 
|  36|0x0000000082400000, 0x0000000082500000, 0x0000000082500000|100%|HS|  |TAMS 0x0000000082500000, 0x0000000082400000| Complete 
|  37|0x0000000082500000, 0x0000000082600000, 0x0000000082600000|100%|HC|  |TAMS 0x0000000082600000, 0x0000000082500000| Complete 
|  38|0x0000000082600000, 0x0000000082700000, 0x0000000082700000|100%|HS|  |TAMS 0x0000000082700000, 0x0000000082600000| Complete 
|  39|0x0000000082700000, 0x0000000082800000, 0x0000000082800000|100%|HC|  |TAMS 0x0000000082800000, 0x0000000082700000| Complete 
|  40|0x0000000082800000, 0x0000000082900000, 0x0000000082900000|100%|HC|  |TAMS 0x0000000082900000, 0x0000000082800000| Complete 
|  41|0x0000000082900000, 0x0000000082a00000, 0x0000000082a00000|100%|HC|  |TAMS 0x0000000082a00000, 0x0000000082900000| Complete 
|  42|0x0000000082a00000, 0x0000000082b00000, 0x0000000082b00000|100%|HC|  |TAMS 0x0000000082b00000, 0x0000000082a00000| Complete 
|  43|0x0000000082b00000, 0x0000000082c00000, 0x0000000082c00000|100%| O|  |TAMS 0x0000000082c00000, 0x0000000082b00000| Untracked 
|  44|0x0000000082c00000, 0x0000000082d00000, 0x0000000082d00000|100%| O|  |TAMS 0x0000000082d00000, 0x0000000082c00000| Untracked 
|  45|0x0000000082d00000, 0x0000000082e00000, 0x0000000082e00000|100%| O|  |TAMS 0x0000000082e00000, 0x0000000082d00000| Untracked 
|  46|0x0000000082e00000, 0x0000000082f00000, 0x0000000082f00000|100%| O|  |TAMS 0x0000000082f00000, 0x0000000082e00000| Untracked 
|  47|0x0000000082f00000, 0x0000000083000000, 0x0000000083000000|100%| O|  |TAMS 0x0000000083000000, 0x0000000082f00000| Untracked 
|  48|0x0000000083000000, 0x0000000083100000, 0x0000000083100000|100%| O|  |TAMS 0x0000000083100000, 0x0000000083000000| Untracked 
|  49|0x0000000083100000, 0x0000000083200000, 0x0000000083200000|100%| O|  |TAMS 0x0000000083200000, 0x0000000083100000| Untracked 
|  50|0x0000000083200000, 0x0000000083300000, 0x0000000083300000|100%| O|  |TAMS 0x0000000083300000, 0x0000000083200000| Untracked 
|  51|0x0000000083300000, 0x0000000083400000, 0x0000000083400000|100%| O|  |TAMS 0x0000000083400000, 0x0000000083300000| Untracked 
|  52|0x0000000083400000, 0x0000000083500000, 0x0000000083500000|100%| O|  |TAMS 0x0000000083500000, 0x0000000083400000| Untracked 
|  53|0x0000000083500000, 0x0000000083600000, 0x0000000083600000|100%| O|  |TAMS 0x0000000083600000, 0x0000000083500000| Untracked 
|  54|0x0000000083600000, 0x0000000083700000, 0x0000000083700000|100%|HS|  |TAMS 0x0000000083700000, 0x0000000083600000| Complete 
|  55|0x0000000083700000, 0x0000000083800000, 0x0000000083800000|100%|HC|  |TAMS 0x0000000083800000, 0x0000000083700000| Complete 
|  56|0x0000000083800000, 0x0000000083900000, 0x0000000083900000|100%| O|  |TAMS 0x0000000083900000, 0x0000000083800000| Untracked 
|  57|0x0000000083900000, 0x0000000083a00000, 0x0000000083a00000|100%| O|  |TAMS 0x0000000083a00000, 0x0000000083900000| Untracked 
|  58|0x0000000083a00000, 0x0000000083b00000, 0x0000000083b00000|100%| O|  |TAMS 0x0000000083b00000, 0x0000000083a00000| Untracked 
|  59|0x0000000083b00000, 0x0000000083c00000, 0x0000000083c00000|100%| O|  |TAMS 0x0000000083c00000, 0x0000000083b00000| Untracked 
|  60|0x0000000083c00000, 0x0000000083d00000, 0x0000000083d00000|100%| O|  |TAMS 0x0000000083d00000, 0x0000000083c00000| Untracked 
|  61|0x0000000083d00000, 0x0000000083e00000, 0x0000000083e00000|100%| O|  |TAMS 0x0000000083e00000, 0x0000000083d00000| Untracked 
|  62|0x0000000083e00000, 0x0000000083f00000, 0x0000000083f00000|100%|HS|  |TAMS 0x0000000083f00000, 0x0000000083e00000| Complete 
|  63|0x0000000083f00000, 0x0000000084000000, 0x0000000084000000|100%|HC|  |TAMS 0x0000000084000000, 0x0000000083f00000| Complete 
|  64|0x0000000084000000, 0x0000000084100000, 0x0000000084100000|100%|HC|  |TAMS 0x0000000084100000, 0x0000000084000000| Complete 
|  65|0x0000000084100000, 0x0000000084200000, 0x0000000084200000|100%|HC|  |TAMS 0x0000000084200000, 0x0000000084100000| Complete 
|  66|0x0000000084200000, 0x0000000084300000, 0x0000000084300000|100%|HC|  |TAMS 0x0000000084300000, 0x0000000084200000| Complete 
|  67|0x0000000084300000, 0x0000000084400000, 0x0000000084400000|100%|HC|  |TAMS 0x0000000084400000, 0x0000000084300000| Complete 
|  68|0x0000000084400000, 0x0000000084500000, 0x0000000084500000|100%|HC|  |TAMS 0x0000000084500000, 0x0000000084400000| Complete 
|  69|0x0000000084500000, 0x0000000084600000, 0x0000000084600000|100%|HC|  |TAMS 0x0000000084600000, 0x0000000084500000| Complete 
|  70|0x0000000084600000, 0x0000000084700000, 0x0000000084700000|100%|HC|  |TAMS 0x0000000084700000, 0x0000000084600000| Complete 
|  71|0x0000000084700000, 0x0000000084800000, 0x0000000084800000|100%|HC|  |TAMS 0x0000000084800000, 0x0000000084700000| Complete 
|  72|0x0000000084800000, 0x0000000084900000, 0x0000000084900000|100%|HS|  |TAMS 0x0000000084900000, 0x0000000084800000| Complete 
|  73|0x0000000084900000, 0x0000000084a00000, 0x0000000084a00000|100%|HC|  |TAMS 0x0000000084a00000, 0x0000000084900000| Complete 
|  74|0x0000000084a00000, 0x0000000084b00000, 0x0000000084b00000|100%|HC|  |TAMS 0x0000000084b00000, 0x0000000084a00000| Complete 
|  75|0x0000000084b00000, 0x0000000084c00000, 0x0000000084c00000|100%|HS|  |TAMS 0x0000000084c00000, 0x0000000084b00000| Complete 
|  76|0x0000000084c00000, 0x0000000084d00000, 0x0000000084d00000|100%|HC|  |TAMS 0x0000000084d00000, 0x0000000084c00000| Complete 
|  77|0x0000000084d00000, 0x0000000084e00000, 0x0000000084e00000|100%|HS|  |TAMS 0x0000000084e00000, 0x0000000084d00000| Complete 
|  78|0x0000000084e00000, 0x0000000084f00000, 0x0000000084f00000|100%|HC|  |TAMS 0x0000000084f00000, 0x0000000084e00000| Complete 
|  79|0x0000000084f00000, 0x0000000085000000, 0x0000000085000000|100%|HC|  |TAMS 0x0000000085000000, 0x0000000084f00000| Complete 
|  80|0x0000000085000000, 0x0000000085100000, 0x0000000085100000|100%| O|  |TAMS 0x0000000085100000, 0x0000000085000000| Untracked 
|  81|0x0000000085100000, 0x0000000085200000, 0x0000000085200000|100%| O|  |TAMS 0x0000000085200000, 0x0000000085100000| Untracked 
|  82|0x0000000085200000, 0x0000000085300000, 0x0000000085300000|100%| O|  |TAMS 0x0000000085300000, 0x0000000085200000| Untracked 
|  83|0x0000000085300000, 0x0000000085400000, 0x0000000085400000|100%| O|  |TAMS 0x0000000085400000, 0x0000000085300000| Untracked 
|  84|0x0000000085400000, 0x0000000085500000, 0x0000000085500000|100%| O|  |TAMS 0x0000000085500000, 0x0000000085400000| Untracked 
|  85|0x0000000085500000, 0x0000000085600000, 0x0000000085600000|100%|HS|  |TAMS 0x0000000085600000, 0x0000000085500000| Complete 
|  86|0x0000000085600000, 0x0000000085700000, 0x0000000085700000|100%|HC|  |TAMS 0x0000000085700000, 0x0000000085600000| Complete 
|  87|0x0000000085700000, 0x0000000085800000, 0x0000000085800000|100%|HC|  |TAMS 0x0000000085800000, 0x0000000085700000| Complete 
|  88|0x0000000085800000, 0x0000000085900000, 0x0000000085900000|100%|HC|  |TAMS 0x0000000085900000, 0x0000000085800000| Complete 
|  89|0x0000000085900000, 0x0000000085a00000, 0x0000000085a00000|100%|HC|  |TAMS 0x0000000085a00000, 0x0000000085900000| Complete 
|  90|0x0000000085a00000, 0x0000000085b00000, 0x0000000085b00000|100%| O|  |TAMS 0x0000000085b00000, 0x0000000085a00000| Untracked 
|  91|0x0000000085b00000, 0x0000000085c00000, 0x0000000085c00000|100%| O|  |TAMS 0x0000000085c00000, 0x0000000085b00000| Untracked 
|  92|0x0000000085c00000, 0x0000000085d00000, 0x0000000085d00000|100%| O|  |TAMS 0x0000000085d00000, 0x0000000085c00000| Untracked 
|  93|0x0000000085d00000, 0x0000000085e00000, 0x0000000085e00000|100%| O|  |TAMS 0x0000000085e00000, 0x0000000085d00000| Untracked 
|  94|0x0000000085e00000, 0x0000000085f00000, 0x0000000085f00000|100%| O|  |TAMS 0x0000000085f00000, 0x0000000085e00000| Untracked 
|  95|0x0000000085f00000, 0x0000000086000000, 0x0000000086000000|100%| O|  |TAMS 0x0000000086000000, 0x0000000085f00000| Untracked 
|  96|0x0000000086000000, 0x0000000086100000, 0x0000000086100000|100%| O|  |TAMS 0x0000000086100000, 0x0000000086000000| Untracked 
|  97|0x0000000086100000, 0x0000000086200000, 0x0000000086200000|100%| O|  |TAMS 0x0000000086200000, 0x0000000086100000| Untracked 
|  98|0x0000000086200000, 0x0000000086300000, 0x0000000086300000|100%|HS|  |TAMS 0x0000000086300000, 0x0000000086200000| Complete 
|  99|0x0000000086300000, 0x0000000086400000, 0x0000000086400000|100%|HS|  |TAMS 0x0000000086400000, 0x0000000086300000| Complete 
| 100|0x0000000086400000, 0x0000000086500000, 0x0000000086500000|100%|HS|  |TAMS 0x0000000086500000, 0x0000000086400000| Complete 
| 101|0x0000000086500000, 0x0000000086600000, 0x0000000086600000|100%|HC|  |TAMS 0x0000000086600000, 0x0000000086500000| Complete 
| 102|0x0000000086600000, 0x0000000086700000, 0x0000000086700000|100%|HS|  |TAMS 0x0000000086700000, 0x0000000086600000| Complete 
| 103|0x0000000086700000, 0x0000000086800000, 0x0000000086800000|100%|HC|  |TAMS 0x0000000086800000, 0x0000000086700000| Complete 
| 104|0x0000000086800000, 0x0000000086900000, 0x0000000086900000|100%|HC|  |TAMS 0x0000000086900000, 0x0000000086800000| Complete 
| 105|0x0000000086900000, 0x0000000086a00000, 0x0000000086a00000|100%|HC|  |TAMS 0x0000000086a00000, 0x0000000086900000| Complete 
| 106|0x0000000086a00000, 0x0000000086b00000, 0x0000000086b00000|100%| O|  |TAMS 0x0000000086b00000, 0x0000000086a00000| Untracked 
| 107|0x0000000086b00000, 0x0000000086c00000, 0x0000000086c00000|100%| O|  |TAMS 0x0000000086c00000, 0x0000000086b00000| Untracked 
| 108|0x0000000086c00000, 0x0000000086d00000, 0x0000000086d00000|100%| O|  |TAMS 0x0000000086d00000, 0x0000000086c00000| Untracked 
| 109|0x0000000086d00000, 0x0000000086e00000, 0x0000000086e00000|100%| O|  |TAMS 0x0000000086e00000, 0x0000000086d00000| Untracked 
| 110|0x0000000086e00000, 0x0000000086f00000, 0x0000000086f00000|100%| O|  |TAMS 0x0000000086f00000, 0x0000000086e00000| Untracked 
| 111|0x0000000086f00000, 0x0000000087000000, 0x0000000087000000|100%| O|  |TAMS 0x0000000087000000, 0x0000000086f00000| Untracked 
| 112|0x0000000087000000, 0x0000000087100000, 0x0000000087100000|100%| O|  |TAMS 0x0000000087100000, 0x0000000087000000| Untracked 
| 113|0x0000000087100000, 0x0000000087200000, 0x0000000087200000|100%| O|  |TAMS 0x0000000087200000, 0x0000000087100000| Untracked 
| 114|0x0000000087200000, 0x0000000087300000, 0x0000000087300000|100%| O|  |TAMS 0x0000000087300000, 0x0000000087200000| Untracked 
| 115|0x0000000087300000, 0x0000000087400000, 0x0000000087400000|100%| O|  |TAMS 0x0000000087400000, 0x0000000087300000| Untracked 
| 116|0x0000000087400000, 0x0000000087500000, 0x0000000087500000|100%| O|  |TAMS 0x0000000087500000, 0x0000000087400000| Untracked 
| 117|0x0000000087500000, 0x0000000087600000, 0x0000000087600000|100%| O|  |TAMS 0x0000000087600000, 0x0000000087500000| Untracked 
| 118|0x0000000087600000, 0x0000000087700000, 0x0000000087700000|100%| O|  |TAMS 0x0000000087700000, 0x0000000087600000| Untracked 
| 119|0x0000000087700000, 0x0000000087800000, 0x0000000087800000|100%| O|  |TAMS 0x0000000087800000, 0x0000000087700000| Untracked 
| 120|0x0000000087800000, 0x0000000087900000, 0x0000000087900000|100%| O|  |TAMS 0x0000000087900000, 0x0000000087800000| Untracked 
| 121|0x0000000087900000, 0x0000000087a00000, 0x0000000087a00000|100%| O|  |TAMS 0x0000000087a00000, 0x0000000087900000| Untracked 
| 122|0x0000000087a00000, 0x0000000087b00000, 0x0000000087b00000|100%| O|  |TAMS 0x0000000087a60e00, 0x0000000087a00000| Untracked 
| 123|0x0000000087b00000, 0x0000000087c00000, 0x0000000087c00000|100%| O|  |TAMS 0x0000000087b00000, 0x0000000087b00000| Untracked 
| 124|0x0000000087c00000, 0x0000000087d00000, 0x0000000087d00000|100%| O|  |TAMS 0x0000000087d00000, 0x0000000087c00000| Untracked 
| 125|0x0000000087d00000, 0x0000000087e00000, 0x0000000087e00000|100%| O|  |TAMS 0x0000000087d00000, 0x0000000087d00000| Untracked 
| 126|0x0000000087e00000, 0x0000000087ebfc00, 0x0000000087f00000| 74%| O|  |TAMS 0x0000000087e00000, 0x0000000087e00000| Untracked 
| 127|0x0000000087f00000, 0x0000000087f00000, 0x0000000088000000|  0%| F|  |TAMS 0x0000000087f00000, 0x0000000087f00000| Untracked 
| 128|0x0000000088000000, 0x0000000088000000, 0x0000000088100000|  0%| F|  |TAMS 0x0000000088000000, 0x0000000088000000| Untracked 
| 129|0x0000000088100000, 0x0000000088100000, 0x0000000088200000|  0%| F|  |TAMS 0x0000000088100000, 0x0000000088100000| Untracked 
| 130|0x0000000088200000, 0x0000000088200000, 0x0000000088300000|  0%| F|  |TAMS 0x0000000088200000, 0x0000000088200000| Untracked 
| 131|0x0000000088300000, 0x0000000088300000, 0x0000000088400000|  0%| F|  |TAMS 0x0000000088300000, 0x0000000088300000| Untracked 
| 132|0x0000000088400000, 0x0000000088400000, 0x0000000088500000|  0%| F|  |TAMS 0x0000000088400000, 0x0000000088400000| Untracked 
| 133|0x0000000088500000, 0x0000000088500000, 0x0000000088600000|  0%| F|  |TAMS 0x0000000088500000, 0x0000000088500000| Untracked 
| 134|0x0000000088600000, 0x0000000088600000, 0x0000000088700000|  0%| F|  |TAMS 0x0000000088600000, 0x0000000088600000| Untracked 
| 135|0x0000000088700000, 0x0000000088700000, 0x0000000088800000|  0%| F|  |TAMS 0x0000000088700000, 0x0000000088700000| Untracked 
| 136|0x0000000088800000, 0x0000000088800000, 0x0000000088900000|  0%| F|  |TAMS 0x0000000088800000, 0x0000000088800000| Untracked 
| 137|0x0000000088900000, 0x0000000088900000, 0x0000000088a00000|  0%| F|  |TAMS 0x0000000088900000, 0x0000000088900000| Untracked 
| 138|0x0000000088a00000, 0x0000000088a00000, 0x0000000088b00000|  0%| F|  |TAMS 0x0000000088a00000, 0x0000000088a00000| Untracked 
| 139|0x0000000088b00000, 0x0000000088b00000, 0x0000000088c00000|  0%| F|  |TAMS 0x0000000088b00000, 0x0000000088b00000| Untracked 
| 140|0x0000000088c00000, 0x0000000088c00000, 0x0000000088d00000|  0%| F|  |TAMS 0x0000000088c00000, 0x0000000088c00000| Untracked 
| 141|0x0000000088d00000, 0x0000000088d00000, 0x0000000088e00000|  0%| F|  |TAMS 0x0000000088d00000, 0x0000000088d00000| Untracked 
| 142|0x0000000088e00000, 0x0000000088e00000, 0x0000000088f00000|  0%| F|  |TAMS 0x0000000088e00000, 0x0000000088e00000| Untracked 
| 143|0x0000000088f00000, 0x0000000088f00000, 0x0000000089000000|  0%| F|  |TAMS 0x0000000088f00000, 0x0000000088f00000| Untracked 
| 144|0x0000000089000000, 0x0000000089000000, 0x0000000089100000|  0%| F|  |TAMS 0x0000000089000000, 0x0000000089000000| Untracked 
| 145|0x0000000089100000, 0x0000000089100000, 0x0000000089200000|  0%| F|  |TAMS 0x0000000089100000, 0x0000000089100000| Untracked 
| 146|0x0000000089200000, 0x0000000089200000, 0x0000000089300000|  0%| F|  |TAMS 0x0000000089200000, 0x0000000089200000| Untracked 
| 147|0x0000000089300000, 0x0000000089300000, 0x0000000089400000|  0%| F|  |TAMS 0x0000000089300000, 0x0000000089300000| Untracked 
| 148|0x0000000089400000, 0x0000000089400000, 0x0000000089500000|  0%| F|  |TAMS 0x0000000089400000, 0x0000000089400000| Untracked 
| 149|0x0000000089500000, 0x0000000089500000, 0x0000000089600000|  0%| F|  |TAMS 0x0000000089500000, 0x0000000089500000| Untracked 
| 150|0x0000000089600000, 0x0000000089600000, 0x0000000089700000|  0%| F|  |TAMS 0x0000000089600000, 0x0000000089600000| Untracked 
| 151|0x0000000089700000, 0x0000000089700000, 0x0000000089800000|  0%| F|  |TAMS 0x0000000089700000, 0x0000000089700000| Untracked 
| 152|0x0000000089800000, 0x0000000089800000, 0x0000000089900000|  0%| F|  |TAMS 0x0000000089800000, 0x0000000089800000| Untracked 
| 153|0x0000000089900000, 0x0000000089900000, 0x0000000089a00000|  0%| F|  |TAMS 0x0000000089900000, 0x0000000089900000| Untracked 
| 154|0x0000000089a00000, 0x0000000089aa84e0, 0x0000000089b00000| 65%| S|CS|TAMS 0x0000000089a00000, 0x0000000089a00000| Complete 
| 155|0x0000000089b00000, 0x0000000089c00000, 0x0000000089c00000|100%| S|CS|TAMS 0x0000000089b00000, 0x0000000089b00000| Complete 
| 156|0x0000000089c00000, 0x0000000089c00000, 0x0000000089d00000|  0%| F|  |TAMS 0x0000000089c00000, 0x0000000089c00000| Untracked 
| 157|0x0000000089d00000, 0x0000000089d00000, 0x0000000089e00000|  0%| F|  |TAMS 0x0000000089d00000, 0x0000000089d00000| Untracked 
| 158|0x0000000089e00000, 0x0000000089e00000, 0x0000000089f00000|  0%| F|  |TAMS 0x0000000089e00000, 0x0000000089e00000| Untracked 
| 159|0x0000000089f00000, 0x0000000089f00000, 0x000000008a000000|  0%| F|  |TAMS 0x0000000089f00000, 0x0000000089f00000| Untracked 
| 160|0x000000008a000000, 0x000000008a000000, 0x000000008a100000|  0%| F|  |TAMS 0x000000008a000000, 0x000000008a000000| Untracked 
| 161|0x000000008a100000, 0x000000008a100000, 0x000000008a200000|  0%| F|  |TAMS 0x000000008a100000, 0x000000008a100000| Untracked 
| 162|0x000000008a200000, 0x000000008a200000, 0x000000008a300000|  0%| F|  |TAMS 0x000000008a200000, 0x000000008a200000| Untracked 
| 163|0x000000008a300000, 0x000000008a300000, 0x000000008a400000|  0%| F|  |TAMS 0x000000008a300000, 0x000000008a300000| Untracked 
| 164|0x000000008a400000, 0x000000008a400000, 0x000000008a500000|  0%| F|  |TAMS 0x000000008a400000, 0x000000008a400000| Untracked 
| 165|0x000000008a500000, 0x000000008a500000, 0x000000008a600000|  0%| F|  |TAMS 0x000000008a500000, 0x000000008a500000| Untracked 
| 166|0x000000008a600000, 0x000000008a600000, 0x000000008a700000|  0%| F|  |TAMS 0x000000008a600000, 0x000000008a600000| Untracked 
| 167|0x000000008a700000, 0x000000008a700000, 0x000000008a800000|  0%| F|  |TAMS 0x000000008a700000, 0x000000008a700000| Untracked 
| 168|0x000000008a800000, 0x000000008a800000, 0x000000008a900000|  0%| F|  |TAMS 0x000000008a800000, 0x000000008a800000| Untracked 
| 169|0x000000008a900000, 0x000000008a900000, 0x000000008aa00000|  0%| F|  |TAMS 0x000000008a900000, 0x000000008a900000| Untracked 
| 170|0x000000008aa00000, 0x000000008aa00000, 0x000000008ab00000|  0%| F|  |TAMS 0x000000008aa00000, 0x000000008aa00000| Untracked 
| 171|0x000000008ab00000, 0x000000008ab00000, 0x000000008ac00000|  0%| F|  |TAMS 0x000000008ab00000, 0x000000008ab00000| Untracked 
| 172|0x000000008ac00000, 0x000000008ac00000, 0x000000008ad00000|  0%| F|  |TAMS 0x000000008ac00000, 0x000000008ac00000| Untracked 
| 173|0x000000008ad00000, 0x000000008ad00000, 0x000000008ae00000|  0%| F|  |TAMS 0x000000008ad00000, 0x000000008ad00000| Untracked 
| 174|0x000000008ae00000, 0x000000008ae00000, 0x000000008af00000|  0%| F|  |TAMS 0x000000008ae00000, 0x000000008ae00000| Untracked 
| 175|0x000000008af00000, 0x000000008af00000, 0x000000008b000000|  0%| F|  |TAMS 0x000000008af00000, 0x000000008af00000| Untracked 
| 176|0x000000008b000000, 0x000000008b000000, 0x000000008b100000|  0%| F|  |TAMS 0x000000008b000000, 0x000000008b000000| Untracked 
| 177|0x000000008b100000, 0x000000008b100000, 0x000000008b200000|  0%| F|  |TAMS 0x000000008b100000, 0x000000008b100000| Untracked 
| 178|0x000000008b200000, 0x000000008b200000, 0x000000008b300000|  0%| F|  |TAMS 0x000000008b200000, 0x000000008b200000| Untracked 
| 179|0x000000008b300000, 0x000000008b300000, 0x000000008b400000|  0%| F|  |TAMS 0x000000008b300000, 0x000000008b300000| Untracked 
| 180|0x000000008b400000, 0x000000008b400000, 0x000000008b500000|  0%| F|  |TAMS 0x000000008b400000, 0x000000008b400000| Untracked 
| 181|0x000000008b500000, 0x000000008b500000, 0x000000008b600000|  0%| F|  |TAMS 0x000000008b500000, 0x000000008b500000| Untracked 
| 182|0x000000008b600000, 0x000000008b600000, 0x000000008b700000|  0%| F|  |TAMS 0x000000008b600000, 0x000000008b600000| Untracked 
| 183|0x000000008b700000, 0x000000008b700000, 0x000000008b800000|  0%| F|  |TAMS 0x000000008b700000, 0x000000008b700000| Untracked 
| 184|0x000000008b800000, 0x000000008b800000, 0x000000008b900000|  0%| F|  |TAMS 0x000000008b800000, 0x000000008b800000| Untracked 
| 185|0x000000008b900000, 0x000000008b900000, 0x000000008ba00000|  0%| F|  |TAMS 0x000000008b900000, 0x000000008b900000| Untracked 
| 186|0x000000008ba00000, 0x000000008ba00000, 0x000000008bb00000|  0%| F|  |TAMS 0x000000008ba00000, 0x000000008ba00000| Untracked 
| 187|0x000000008bb00000, 0x000000008bb00000, 0x000000008bc00000|  0%| F|  |TAMS 0x000000008bb00000, 0x000000008bb00000| Untracked 
| 188|0x000000008bc00000, 0x000000008bc00000, 0x000000008bd00000|  0%| F|  |TAMS 0x000000008bc00000, 0x000000008bc00000| Untracked 
| 189|0x000000008bd00000, 0x000000008bd00000, 0x000000008be00000|  0%| F|  |TAMS 0x000000008bd00000, 0x000000008bd00000| Untracked 
| 190|0x000000008be00000, 0x000000008be00000, 0x000000008bf00000|  0%| F|  |TAMS 0x000000008be00000, 0x000000008be00000| Untracked 
| 191|0x000000008bf00000, 0x000000008bf00000, 0x000000008c000000|  0%| F|  |TAMS 0x000000008bf00000, 0x000000008bf00000| Untracked 
| 192|0x000000008c000000, 0x000000008c000000, 0x000000008c100000|  0%| F|  |TAMS 0x000000008c000000, 0x000000008c000000| Untracked 
| 193|0x000000008c100000, 0x000000008c100000, 0x000000008c200000|  0%| F|  |TAMS 0x000000008c100000, 0x000000008c100000| Untracked 
| 194|0x000000008c200000, 0x000000008c200000, 0x000000008c300000|  0%| F|  |TAMS 0x000000008c200000, 0x000000008c200000| Untracked 
| 195|0x000000008c300000, 0x000000008c300000, 0x000000008c400000|  0%| F|  |TAMS 0x000000008c300000, 0x000000008c300000| Untracked 
| 196|0x000000008c400000, 0x000000008c400000, 0x000000008c500000|  0%| F|  |TAMS 0x000000008c400000, 0x000000008c400000| Untracked 
| 197|0x000000008c500000, 0x000000008c500000, 0x000000008c600000|  0%| F|  |TAMS 0x000000008c500000, 0x000000008c500000| Untracked 
| 198|0x000000008c600000, 0x000000008c600000, 0x000000008c700000|  0%| F|  |TAMS 0x000000008c600000, 0x000000008c600000| Untracked 
| 199|0x000000008c700000, 0x000000008c700000, 0x000000008c800000|  0%| F|  |TAMS 0x000000008c700000, 0x000000008c700000| Untracked 
| 200|0x000000008c800000, 0x000000008c800000, 0x000000008c900000|  0%| F|  |TAMS 0x000000008c800000, 0x000000008c800000| Untracked 
| 201|0x000000008c900000, 0x000000008ca00000, 0x000000008ca00000|100%| E|  |TAMS 0x000000008c900000, 0x000000008c900000| Complete 
| 202|0x000000008ca00000, 0x000000008cb00000, 0x000000008cb00000|100%| E|CS|TAMS 0x000000008ca00000, 0x000000008ca00000| Complete 
| 203|0x000000008cb00000, 0x000000008cc00000, 0x000000008cc00000|100%| E|CS|TAMS 0x000000008cb00000, 0x000000008cb00000| Complete 
| 204|0x000000008cc00000, 0x000000008cd00000, 0x000000008cd00000|100%| E|CS|TAMS 0x000000008cc00000, 0x000000008cc00000| Complete 
| 205|0x000000008cd00000, 0x000000008ce00000, 0x000000008ce00000|100%| E|CS|TAMS 0x000000008cd00000, 0x000000008cd00000| Complete 
| 206|0x000000008ce00000, 0x000000008cf00000, 0x000000008cf00000|100%| E|CS|TAMS 0x000000008ce00000, 0x000000008ce00000| Complete 
| 207|0x000000008cf00000, 0x000000008d000000, 0x000000008d000000|100%| E|CS|TAMS 0x000000008cf00000, 0x000000008cf00000| Complete 
| 208|0x000000008d000000, 0x000000008d100000, 0x000000008d100000|100%| E|CS|TAMS 0x000000008d000000, 0x000000008d000000| Complete 
| 209|0x000000008d100000, 0x000000008d200000, 0x000000008d200000|100%| E|CS|TAMS 0x000000008d100000, 0x000000008d100000| Complete 
| 210|0x000000008d200000, 0x000000008d300000, 0x000000008d300000|100%| E|CS|TAMS 0x000000008d200000, 0x000000008d200000| Complete 
| 211|0x000000008d300000, 0x000000008d400000, 0x000000008d400000|100%| E|CS|TAMS 0x000000008d300000, 0x000000008d300000| Complete 
| 212|0x000000008d400000, 0x000000008d500000, 0x000000008d500000|100%| E|CS|TAMS 0x000000008d400000, 0x000000008d400000| Complete 
| 213|0x000000008d500000, 0x000000008d600000, 0x000000008d600000|100%| E|CS|TAMS 0x000000008d500000, 0x000000008d500000| Complete 
| 214|0x000000008d600000, 0x000000008d700000, 0x000000008d700000|100%| E|CS|TAMS 0x000000008d600000, 0x000000008d600000| Complete 
| 215|0x000000008d700000, 0x000000008d800000, 0x000000008d800000|100%| E|CS|TAMS 0x000000008d700000, 0x000000008d700000| Complete 
| 216|0x000000008d800000, 0x000000008d900000, 0x000000008d900000|100%| E|CS|TAMS 0x000000008d800000, 0x000000008d800000| Complete 
| 217|0x000000008d900000, 0x000000008da00000, 0x000000008da00000|100%| E|CS|TAMS 0x000000008d900000, 0x000000008d900000| Complete 
| 218|0x000000008da00000, 0x000000008db00000, 0x000000008db00000|100%| E|CS|TAMS 0x000000008da00000, 0x000000008da00000| Complete 
| 219|0x000000008db00000, 0x000000008dc00000, 0x000000008dc00000|100%| E|CS|TAMS 0x000000008db00000, 0x000000008db00000| Complete 
| 220|0x000000008dc00000, 0x000000008dd00000, 0x000000008dd00000|100%| E|CS|TAMS 0x000000008dc00000, 0x000000008dc00000| Complete 
| 221|0x000000008dd00000, 0x000000008de00000, 0x000000008de00000|100%| E|CS|TAMS 0x000000008dd00000, 0x000000008dd00000| Complete 

Card table byte_map: [0x00000177f2150000,0x00000177f2550000] _byte_map_base: 0x00000177f1d50000

Marking Bits (Prev, Next): (CMBitMap*) 0x00000177da407850, (CMBitMap*) 0x00000177da407818
 Prev Bits: [0x00000177f4950000, 0x00000177f6950000)
 Next Bits: [0x00000177f2950000, 0x00000177f4950000)

Polling page: 0x00000177da4b0000

Metaspace:

Usage:
  Non-class:     67.91 MB capacity,    66.52 MB ( 98%) used,     1.19 MB (  2%) free+waste,   215.50 KB ( <1%) overhead. 
      Class:     10.66 MB capacity,     9.85 MB ( 92%) used,   731.16 KB (  7%) free+waste,   102.19 KB ( <1%) overhead. 
       Both:     78.58 MB capacity,    76.37 MB ( 97%) used,     1.90 MB (  2%) free+waste,   317.69 KB ( <1%) overhead. 

Virtual space:
  Non-class space:       68.00 MB reserved,      67.92 MB (>99%) committed 
      Class space:        1.00 GB reserved,      10.75 MB (  1%) committed 
             Both:        1.07 GB reserved,      78.67 MB (  7%) committed 

Chunk freelists:
   Non-Class:  1.00 KB
       Class:  3.00 KB
        Both:  4.00 KB

CodeHeap 'non-profiled nmethods': size=120064Kb used=4946Kb max_used=4946Kb free=115117Kb
 bounds [0x00000177ea1e0000, 0x00000177ea6c0000, 0x00000177f1720000]
CodeHeap 'profiled nmethods': size=120000Kb used=17705Kb max_used=17705Kb free=102294Kb
 bounds [0x00000177e2cb0000, 0x00000177e3e00000, 0x00000177ea1e0000]
CodeHeap 'non-nmethods': size=5696Kb used=2294Kb max_used=2331Kb free=3401Kb
 bounds [0x00000177e2720000, 0x00000177e2990000, 0x00000177e2cb0000]
 total_blobs=11144 nmethods=8100 adapters=805
 compilation: enabled
              stopped_count=0, restarted_count=0
 full_count=0

Compilation events (10 events):
Event: 22.572 Thread 0x00000177f8fab000 8374       3       org.gradle.internal.typeconversion.NotationConverterToNotationParserAdapter$ResultImpl::<init> (5 bytes)
Event: 22.572 Thread 0x00000177f8fab000 nmethod 8374 0x00000177e3dde210 code [0x00000177e3dde3c0, 0x00000177e3dde5d8]
Event: 22.583 Thread 0x00000177f8fab000 8375   !   3       jdk.internal.loader.BuiltinClassLoader::findMiscResource (118 bytes)
Event: 22.585 Thread 0x00000177f8fab000 nmethod 8375 0x00000177e3dde710 code [0x00000177e3dde9c0, 0x00000177e3ddfb60]
Event: 22.596 Thread 0x00000177f8fab000 8376       3       org.gradle.api.internal.plugins.DefaultPluginRegistry$PluginIdLookupCacheKey::hashCode (23 bytes)
Event: 22.596 Thread 0x00000177f8fab000 nmethod 8376 0x00000177e3de0010 code [0x00000177e3de01e0, 0x00000177e3de04e0]
Event: 22.621 Thread 0x00000177f8fab000 8377       3       java.lang.invoke.Invokers::maybeCustomize (28 bytes)
Event: 22.621 Thread 0x00000177f8fab000 nmethod 8377 0x00000177e3de0610 code [0x00000177e3de07e0, 0x00000177e3de0a30]
Event: 22.621 Thread 0x00000177f8fab000 8378       3       java.lang.invoke.MethodType::genericMethodType (95 bytes)
Event: 22.622 Thread 0x00000177f8fab000 nmethod 8378 0x00000177e3de0b10 code [0x00000177e3de0dc0, 0x00000177e3de1b80]

GC Heap History (10 events):
Event: 19.946 GC heap before
{Heap before GC invocations=34 (full 0):
 garbage-first heap   total 189440K, used 160212K [0x0000000080000000, 0x0000000100000000)
  region size 1024K, 34 young (34816K), 4 survivors (4096K)
 Metaspace       used 70256K, capacity 72216K, committed 72496K, reserved 1112064K
  class space    used 9065K, capacity 9815K, committed 9856K, reserved 1048576K
}
Event: 19.955 GC heap after
{Heap after GC invocations=35 (full 0):
 garbage-first heap   total 189440K, used 124711K [0x0000000080000000, 0x0000000100000000)
  region size 1024K, 5 young (5120K), 5 survivors (5120K)
 Metaspace       used 70256K, capacity 72216K, committed 72496K, reserved 1112064K
  class space    used 9065K, capacity 9815K, committed 9856K, reserved 1048576K
}
Event: 20.576 GC heap before
{Heap before GC invocations=35 (full 0):
 garbage-first heap   total 189440K, used 155431K [0x0000000080000000, 0x0000000100000000)
  region size 1024K, 35 young (35840K), 5 survivors (5120K)
 Metaspace       used 72417K, capacity 74525K, committed 74800K, reserved 1114112K
  class space    used 9354K, capacity 10086K, committed 10112K, reserved 1048576K
}
Event: 20.586 GC heap after
{Heap after GC invocations=36 (full 0):
 garbage-first heap   total 189440K, used 126718K [0x0000000080000000, 0x0000000100000000)
  region size 1024K, 3 young (3072K), 3 survivors (3072K)
 Metaspace       used 72417K, capacity 74525K, committed 74800K, reserved 1114112K
  class space    used 9354K, capacity 10086K, committed 10112K, reserved 1048576K
}
Event: 21.475 GC heap before
{Heap before GC invocations=37 (full 0):
 garbage-first heap   total 189440K, used 157438K [0x0000000080000000, 0x0000000100000000)
  region size 1024K, 33 young (33792K), 3 survivors (3072K)
 Metaspace       used 75269K, capacity 77328K, committed 77616K, reserved 1116160K
  class space    used 9728K, capacity 10503K, committed 10624K, reserved 1048576K
}
Event: 21.482 GC heap after
{Heap after GC invocations=38 (full 0):
 garbage-first heap   total 189440K, used 127452K [0x0000000080000000, 0x0000000100000000)
  region size 1024K, 3 young (3072K), 3 survivors (3072K)
 Metaspace       used 75269K, capacity 77328K, committed 77616K, reserved 1116160K
  class space    used 9728K, capacity 10503K, committed 10624K, reserved 1048576K
}
Event: 21.941 GC heap before
{Heap before GC invocations=38 (full 0):
 garbage-first heap   total 189440K, used 159196K [0x0000000080000000, 0x0000000100000000)
  region size 1024K, 34 young (34816K), 3 survivors (3072K)
 Metaspace       used 76512K, capacity 78565K, committed 78768K, reserved 1118208K
  class space    used 9871K, capacity 10650K, committed 10752K, reserved 1048576K
}
Event: 21.951 GC heap after
{Heap after GC invocations=39 (full 0):
 garbage-first heap   total 189440K, used 130343K [0x0000000080000000, 0x0000000100000000)
  region size 1024K, 4 young (4096K), 4 survivors (4096K)
 Metaspace       used 76512K, capacity 78565K, committed 78768K, reserved 1118208K
  class space    used 9871K, capacity 10650K, committed 10752K, reserved 1048576K
}
Event: 22.408 GC heap before
{Heap before GC invocations=40 (full 0):
 garbage-first heap   total 189440K, used 160039K [0x0000000080000000, 0x0000000100000000)
  region size 1024K, 33 young (33792K), 4 survivors (4096K)
 Metaspace       used 76735K, capacity 78928K, committed 79024K, reserved 1118208K
  class space    used 9902K, capacity 10728K, committed 10752K, reserved 1048576K
}
Event: 22.418 GC heap after
{Heap after GC invocations=41 (full 0):
 garbage-first heap   total 227328K, used 131488K [0x0000000080000000, 0x0000000100000000)
  region size 1024K, 2 young (2048K), 2 survivors (2048K)
 Metaspace       used 76735K, capacity 78928K, committed 79024K, reserved 1118208K
  class space    used 9902K, capacity 10728K, committed 10752K, reserved 1048576K
}

Deoptimization events (10 events):
Event: 21.143 Thread 0x00000177fa9e4000 Uncommon trap: reason=unstable_if action=reinterpret pc=0x00000177ea2089e0 method=java.lang.String.replace(CC)Ljava/lang/String; @ 2 c2
Event: 21.731 Thread 0x00000177fa9e4000 Uncommon trap: reason=class_check action=maybe_recompile pc=0x00000177ea6295f8 method=groovy.lang.MetaMethod.isStatic()Z @ 1 c2
Event: 21.731 Thread 0x00000177fa9e4000 Uncommon trap: reason=class_check action=maybe_recompile pc=0x00000177ea6295f8 method=groovy.lang.MetaMethod.isStatic()Z @ 1 c2
Event: 21.732 Thread 0x00000177fa9e4000 Uncommon trap: reason=bimorphic_or_optimized_type_check action=maybe_recompile pc=0x00000177ea47888c method=groovy.lang.MetaClassImpl.filterPropertyMethod(Ljava/lang/Object;ZZ)Ljava/lang/Object; @ 165 c2
Event: 21.762 Thread 0x00000177fa9e4000 Uncommon trap: reason=unstable_if action=reinterpret pc=0x00000177ea45c1b0 method=com.sun.beans.introspect.MethodInfo$MethodOrder.compare(Ljava/lang/reflect/Method;Ljava/lang/reflect/Method;)I @ 124 c2
Event: 21.811 Thread 0x00000177fa9e4000 Uncommon trap: reason=unstable_if action=reinterpret pc=0x00000177ea38beac method=java.util.StringJoiner.add(Ljava/lang/CharSequence;)Ljava/util/StringJoiner; @ 33 c2
Event: 21.838 Thread 0x00000177fa9e4000 Uncommon trap: reason=unstable_if action=reinterpret pc=0x00000177ea4788d8 method=groovy.lang.MetaClassImpl.filterPropertyMethod(Ljava/lang/Object;ZZ)Ljava/lang/Object; @ 60 c2
Event: 21.961 Thread 0x00000177fa9e4000 Uncommon trap: reason=class_check action=maybe_recompile pc=0x00000177ea204750 method=java.lang.String.equals(Ljava/lang/Object;)Z @ 8 c2
Event: 22.369 Thread 0x00000177fa9e4000 Uncommon trap: reason=null_check action=make_not_entrant pc=0x00000177ea6b0edc method=java.lang.PublicMethods$MethodList.getMostSpecific()Ljava/lang/reflect/Method; @ 41 c2
Event: 22.371 Thread 0x00000177fa9e4000 Uncommon trap: reason=null_check action=make_not_entrant pc=0x00000177ea6b303c method=java.lang.PublicMethods$MethodList.getMostSpecific()Ljava/lang/reflect/Method; @ 41 c2

Classes redefined (0 events):
No events

Internal exceptions (10 events):
Event: 22.469 Thread 0x00000177fa9e4000 Exception <a 'java/lang/ClassNotFoundException'{0x000000008d84dd90}: org/gradle/api/JavaVersionBeanInfo> (0x000000008d84dd90) thrown at [t:/workspace/open/src/hotspot/share/classfile/systemDictionary.cpp, line 231]
Event: 22.472 Thread 0x00000177fa9e4000 Exception <a 'java/lang/ClassNotFoundException'{0x000000008d880960}: org/gradle/api/JavaVersionCustomizer> (0x000000008d880960) thrown at [t:/workspace/open/src/hotspot/share/classfile/systemDictionary.cpp, line 231]
Event: 22.478 Thread 0x00000177fa9e4000 Exception <a 'java/lang/ClassNotFoundException'{0x000000008d8f1918}: com/android/build/gradle/internal/CompileOptions$AgpDecorated_DecoratedBeanInfo> (0x000000008d8f1918) thrown at [t:/workspace/open/src/hotspot/share/classfile/systemDictionary.cpp, line 
Event: 22.479 Thread 0x00000177fa9e4000 Exception <a 'java/lang/ClassNotFoundException'{0x000000008d712d80}: com/android/build/gradle/internal/CompileOptions$AgpDecoratedBeanInfo> (0x000000008d712d80) thrown at [t:/workspace/open/src/hotspot/share/classfile/systemDictionary.cpp, line 231]
Event: 22.480 Thread 0x00000177fa9e4000 Exception <a 'java/lang/ClassNotFoundException'{0x000000008d731410}: com/android/build/gradle/internal/CompileOptionsBeanInfo> (0x000000008d731410) thrown at [t:/workspace/open/src/hotspot/share/classfile/systemDictionary.cpp, line 231]
Event: 22.480 Thread 0x00000177fa9e4000 Exception <a 'java/lang/ClassNotFoundException'{0x000000008d750150}: com/android/build/gradle/internal/CompileOptionsCustomizer> (0x000000008d750150) thrown at [t:/workspace/open/src/hotspot/share/classfile/systemDictionary.cpp, line 231]
Event: 22.482 Thread 0x00000177fa9e4000 Exception <a 'java/lang/ClassNotFoundException'{0x000000008d77d588}: com/android/build/gradle/internal/CompileOptions$AgpDecoratedCustomizer> (0x000000008d77d588) thrown at [t:/workspace/open/src/hotspot/share/classfile/systemDictionary.cpp, line 231]
Event: 22.483 Thread 0x00000177fa9e4000 Exception <a 'java/lang/ClassNotFoundException'{0x000000008d7ae998}: com/android/build/gradle/internal/CompileOptions$AgpDecorated_DecoratedCustomizer> (0x000000008d7ae998) thrown at [t:/workspace/open/src/hotspot/share/classfile/systemDictionary.cpp, lin
Event: 22.490 Thread 0x00000177fa9e4000 Exception <a 'java/lang/ClassNotFoundException'{0x000000008d641588}: org/jetbrains/kotlin/gradle/plugin/AndroidProjectHandler$configureTarget$kotlinOptions$1BeanInfo> (0x000000008d641588) thrown at [t:/workspace/open/src/hotspot/share/classfile/systemDict
Event: 22.491 Thread 0x00000177fa9e4000 Exception <a 'java/lang/ClassNotFoundException'{0x000000008d667be0}: org/jetbrains/kotlin/gradle/plugin/AndroidProjectHandler$configureTarget$kotlinOptions$1Customizer> (0x000000008d667be0) thrown at [t:/workspace/open/src/hotspot/share/classfile/systemDi

Events (10 events):
Event: 22.679 loading class com/android/build/api/variant/impl/ApplicationVariantBuilderImpl$dependenciesInfo$2
Event: 22.679 loading class com/android/build/api/variant/impl/ApplicationVariantBuilderImpl$dependenciesInfo$2 done
Event: 22.680 loading class com/android/build/gradle/internal/core/dsl/impl/ComponentDslInfoImpl$postProcessingOptions$2$1
Event: 22.680 loading class com/android/build/gradle/internal/core/dsl/impl/ComponentDslInfoImpl$postProcessingOptions$2$1 done
Event: 22.681 loading class com/android/build/gradle/internal/core/PostProcessingOptions
Event: 22.681 loading class com/android/build/gradle/internal/core/PostProcessingOptions done
Event: 22.682 loading class com/android/build/gradle/internal/profile/AnalyticsResourceManager$getVariantBuilder$projectData$1
Event: 22.682 loading class com/android/build/gradle/internal/profile/AnalyticsResourceManager$getVariantBuilder$projectData$1 done
Event: 22.683 loading class com/android/build/gradle/internal/profile/AnalyticsResourceManager$getVariantBuilder$1
Event: 22.683 loading class com/android/build/gradle/internal/profile/AnalyticsResourceManager$getVariantBuilder$1 done


Dynamic libraries:
0x00007ff604ef0000 - 0x00007ff604f37000 	C:\Program Files\Java\jdk-11.0.1\bin\java.exe
0x00007ffbc72d0000 - 0x00007ffbc74c8000 	C:\WINDOWS\SYSTEM32\ntdll.dll
0x00007ffbc5c40000 - 0x00007ffbc5cff000 	C:\WINDOWS\System32\KERNEL32.DLL
0x00007ffbc4dc0000 - 0x00007ffbc5092000 	C:\WINDOWS\System32\KERNELBASE.dll
0x00007ffbc5e00000 - 0x00007ffbc5eae000 	C:\WINDOWS\System32\ADVAPI32.dll
0x00007ffbc5320000 - 0x00007ffbc53be000 	C:\WINDOWS\System32\msvcrt.dll
0x00007ffbc5d00000 - 0x00007ffbc5d9c000 	C:\WINDOWS\System32\sechost.dll
0x00007ffbc7060000 - 0x00007ffbc7184000 	C:\WINDOWS\System32\RPCRT4.dll
0x00007ffbc53c0000 - 0x00007ffbc5561000 	C:\WINDOWS\System32\USER32.dll
0x00007ffbc4be0000 - 0x00007ffbc4c02000 	C:\WINDOWS\System32\win32u.dll
0x00007ffbc6f20000 - 0x00007ffbc6f4b000 	C:\WINDOWS\System32\GDI32.dll
0x00007ffbc5210000 - 0x00007ffbc531f000 	C:\WINDOWS\System32\gdi32full.dll
0x00007ffbc4b40000 - 0x00007ffbc4bdd000 	C:\WINDOWS\System32\msvcp_win.dll
0x00007ffbc49d0000 - 0x00007ffbc4ad0000 	C:\WINDOWS\System32\ucrtbase.dll
0x00007ffbb26f0000 - 0x00007ffbb298a000 	C:\WINDOWS\WinSxS\amd64_microsoft.windows.common-controls_6595b64144ccf1df_6.0.19041.1110_none_60b5254171f9507e\COMCTL32.dll
0x00007ffbbb390000 - 0x00007ffbbb39a000 	C:\WINDOWS\SYSTEM32\VERSION.dll
0x00007ffbc7190000 - 0x00007ffbc71c0000 	C:\WINDOWS\System32\IMM32.DLL
0x00007ffbbb810000 - 0x00007ffbbb826000 	C:\Program Files\Java\jdk-11.0.1\bin\vcruntime140.dll
0x00007ffb921a0000 - 0x00007ffb9224a000 	C:\Program Files\Java\jdk-11.0.1\bin\msvcp140.dll
0x00007ffb6fb70000 - 0x00007ffb706b2000 	C:\Program Files\Java\jdk-11.0.1\bin\server\jvm.dll
0x00007ffbc5eb0000 - 0x00007ffbc5eb8000 	C:\WINDOWS\System32\PSAPI.DLL
0x00007ffbbd360000 - 0x00007ffbbd369000 	C:\WINDOWS\SYSTEM32\WSOCK32.dll
0x00007ffbb3950000 - 0x00007ffbb3977000 	C:\WINDOWS\SYSTEM32\WINMM.dll
0x00007ffbc5880000 - 0x00007ffbc58eb000 	C:\WINDOWS\System32\WS2_32.dll
0x00007ffbc2890000 - 0x00007ffbc28a2000 	C:\WINDOWS\SYSTEM32\kernel.appcore.dll
0x00007ffbbb370000 - 0x00007ffbbb381000 	C:\Program Files\Java\jdk-11.0.1\bin\verify.dll
0x00007ffbb1ad0000 - 0x00007ffbb1cb4000 	C:\WINDOWS\SYSTEM32\DBGHELP.DLL
0x00007ffbc12f0000 - 0x00007ffbc1325000 	C:\WINDOWS\SYSTEM32\dbgcore.DLL
0x00007ffbc5150000 - 0x00007ffbc51d2000 	C:\WINDOWS\System32\bcryptPrimitives.dll
0x00007ffbbb010000 - 0x00007ffbbb039000 	C:\Program Files\Java\jdk-11.0.1\bin\java.dll
0x00007ffbbb1d0000 - 0x00007ffbbb1e6000 	C:\Program Files\Java\jdk-11.0.1\bin\zip.dll
0x00007ffbc0130000 - 0x00007ffbc013a000 	C:\Program Files\Java\jdk-11.0.1\bin\jimage.dll
0x00007ffbc5f20000 - 0x00007ffbc6665000 	C:\WINDOWS\System32\SHELL32.dll
0x00007ffbc2a90000 - 0x00007ffbc3222000 	C:\WINDOWS\SYSTEM32\windows.storage.dll
0x00007ffbc6730000 - 0x00007ffbc6a85000 	C:\WINDOWS\System32\combase.dll
0x00007ffbc4430000 - 0x00007ffbc4460000 	C:\WINDOWS\SYSTEM32\Wldp.dll
0x00007ffbc6f50000 - 0x00007ffbc6ffd000 	C:\WINDOWS\System32\SHCORE.dll
0x00007ffbc7000000 - 0x00007ffbc7055000 	C:\WINDOWS\System32\shlwapi.dll
0x00007ffbc4910000 - 0x00007ffbc492f000 	C:\WINDOWS\SYSTEM32\profapi.dll
0x00007ffbb8920000 - 0x00007ffbb8939000 	C:\Program Files\Java\jdk-11.0.1\bin\net.dll
0x00007ffbbccf0000 - 0x00007ffbbcdfa000 	C:\WINDOWS\SYSTEM32\WINHTTP.dll
0x00007ffbc4120000 - 0x00007ffbc418a000 	C:\WINDOWS\system32\mswsock.dll
0x00007ffbb7550000 - 0x00007ffbb7563000 	C:\Program Files\Java\jdk-11.0.1\bin\nio.dll
0x00007ffbbb170000 - 0x00007ffbbb197000 	C:\Users\Admin\.gradle\native\e1d6ef7f7dcc3fd88c89a11ec53ec762bb8ba0a96d01ffa2cd45eb1d1d8dd5c5\windows-amd64\native-platform.dll
0x00007ffb8f190000 - 0x00007ffb8f2d4000 	C:\Users\Admin\.gradle\native\0d407fdbe67a94daf76414ababcb853783967236a71b16ec16e742cd7a986fd3\windows-amd64\native-platform-file-events.dll
0x00007ffbbc0c0000 - 0x00007ffbbc0c9000 	C:\Program Files\Java\jdk-11.0.1\bin\management.dll
0x00007ffbbb0f0000 - 0x00007ffbbb0fc000 	C:\Program Files\Java\jdk-11.0.1\bin\management_ext.dll
0x00007ffbc4390000 - 0x00007ffbc43a8000 	C:\WINDOWS\SYSTEM32\CRYPTSP.dll
0x00007ffbc39d0000 - 0x00007ffbc3a04000 	C:\WINDOWS\system32\rsaenh.dll
0x00007ffbc51e0000 - 0x00007ffbc5207000 	C:\WINDOWS\System32\bcrypt.dll
0x00007ffbc48d0000 - 0x00007ffbc48fe000 	C:\WINDOWS\SYSTEM32\USERENV.dll
0x00007ffbc4380000 - 0x00007ffbc438c000 	C:\WINDOWS\SYSTEM32\CRYPTBASE.dll
0x00007ffbc3da0000 - 0x00007ffbc3ddb000 	C:\WINDOWS\SYSTEM32\IPHLPAPI.DLL
0x00007ffbc5aa0000 - 0x00007ffbc5aa8000 	C:\WINDOWS\System32\NSI.dll
0x00007ffbbe3d0000 - 0x00007ffbbe3e7000 	C:\WINDOWS\SYSTEM32\dhcpcsvc6.DLL
0x00007ffbbdd80000 - 0x00007ffbbdd9d000 	C:\WINDOWS\SYSTEM32\dhcpcsvc.DLL
0x00007ffbc3de0000 - 0x00007ffbc3eab000 	C:\WINDOWS\SYSTEM32\DNSAPI.dll

dbghelp: loaded successfully - version: 4.0.5 - missing functions: none
symbol engine: initialized successfully - sym options: 0x614 - pdb path: .;C:\Program Files\Java\jdk-11.0.1\bin;C:\WINDOWS\SYSTEM32;C:\WINDOWS\WinSxS\amd64_microsoft.windows.common-controls_6595b64144ccf1df_6.0.19041.1110_none_60b5254171f9507e;C:\Program Files\Java\jdk-11.0.1\bin\server;C:\Users\Admin\.gradle\native\e1d6ef7f7dcc3fd88c89a11ec53ec762bb8ba0a96d01ffa2cd45eb1d1d8dd5c5\windows-amd64;C:\Users\Admin\.gradle\native\0d407fdbe67a94daf76414ababcb853783967236a71b16ec16e742cd7a986fd3\windows-amd64

VM Arguments:
jvm_args: --add-opens=java.base/java.util=ALL-UNNAMED --add-opens=java.base/java.lang=ALL-UNNAMED --add-opens=java.base/java.lang.invoke=ALL-UNNAMED --add-opens=java.base/java.util=ALL-UNNAMED --add-opens=java.prefs/java.util.prefs=ALL-UNNAMED --add-opens=java.prefs/java.util.prefs=ALL-UNNAMED --add-opens=java.base/java.nio.charset=ALL-UNNAMED --add-opens=java.base/java.net=ALL-UNNAMED --add-opens=java.base/java.util.concurrent.atomic=ALL-UNNAMED -Xmx2048m -Dfile.encoding=UTF-8 -Duser.country=SV -Duser.language=es -Duser.variant 
java_command: org.gradle.launcher.daemon.bootstrap.GradleDaemon 7.5
java_class_path (initial): C:\Users\Admin\.gradle\wrapper\dists\gradle-7.5-bin\f1w0cc9nuo0eivz97x2xlu9sv\gradle-7.5\lib\gradle-launcher-7.5.jar
Launcher Type: SUN_STANDARD

[Global flags]
     intx CICompilerCount                          = 3                                         {product} {ergonomic}
     uint ConcGCThreads                            = 1                                         {product} {ergonomic}
     uint G1ConcRefinementThreads                  = 4                                         {product} {ergonomic}
   size_t G1HeapRegionSize                         = 1048576                                   {product} {ergonomic}
    uintx GCDrainStackTargetSize                   = 64                                        {product} {ergonomic}
   size_t InitialHeapSize                          = 134217728                                 {product} {ergonomic}
   size_t MarkStackSize                            = 4194304                                   {product} {ergonomic}
   size_t MaxHeapSize                              = 2147483648                                {product} {command line}
   size_t MaxNewSize                               = 1287651328                                {product} {ergonomic}
   size_t MinHeapDeltaBytes                        = 1048576                                   {product} {ergonomic}
    uintx NonNMethodCodeHeapSize                   = 5830092                                {pd product} {ergonomic}
    uintx NonProfiledCodeHeapSize                  = 122914074                              {pd product} {ergonomic}
    uintx ProfiledCodeHeapSize                     = 122914074                              {pd product} {ergonomic}
    uintx ReservedCodeCacheSize                    = 251658240                              {pd product} {ergonomic}
     bool SegmentedCodeCache                       = true                                      {product} {ergonomic}
     bool UseCompressedClassPointers               = true                                 {lp64_product} {ergonomic}
     bool UseCompressedOops                        = true                                 {lp64_product} {ergonomic}
     bool UseG1GC                                  = true                                      {product} {ergonomic}
     bool UseLargePagesIndividualAllocation        = false                                  {pd product} {ergonomic}

Logging:
Log output configuration:
 #0: stdout all=warning uptime,level,tags
 #1: stderr all=off uptime,level,tags

Environment Variables:
JAVA_HOME=C:\Program Files\Java\jdk-11.0.1
PATH=C:\Program Files (x86)\Razer\ChromaBroadcast\bin;E:\Program Files\Razer\ChromaBroadcast\bin;C:\Program Files\nodejs\;C:\WINDOWS\system32\config\systemprofile\AppData\Local\Microsoft\WindowsApps;E:\Git\cmd;C:\Users\Admin\AppData\Local\Microsoft\WindowsApps;C:\Users\Admin\AppData\Local\atom\bin;C:\Users\Admin\AppData\Local\Programs\Microsoft VS Code\bin;C:\Program Files\sfdx\bin;C:\Users\Admin\AppData\Local\GitHubDesktop\bin;C:\Users\Admin\AppData\Local\Microsoft\WindowsApps;E:\Program Files\JetBrains\IntelliJ IDEA 2022.2\bin;;E:\Program Files\heroku\bin;E:\Program Files\Azure Data Studio\bin;C:\srcSQLlite\sqlite-tools-win32-x86-3410000;C:\Program Files\MongoDB\Server\6.0\data;C:\Program Files\MongoDB\Server\6.0\log;C:\Users\Admin\AppData\Local\Programs\Azure Data Studio\bin;C:\Program Files\nodejs;C:\Users\Admin\AppData\Roaming\npm
USERNAME=Admin
OS=Windows_NT
PROCESSOR_IDENTIFIER=Intel64 Family 6 Model 58 Stepping 9, GenuineIntel



---------------  S Y S T E M  ---------------

OS: Windows 10 , 64 bit Build 19041 (10.0.19041.2546)

CPU:total 4 (initial active 4) (2 cores per cpu, 2 threads per core) family 6 model 58 stepping 9, cmov, cx8, fxsr, mmx, sse, sse2, sse3, ssse3, sse4.1, sse4.2, popcnt, avx, aes, clmul, erms, ht, tsc, tscinvbit, tscinv

Memory: 4k page, system-wide physical 8071M (1018M free)
TotalPageFile size 10119M (AvailPageFile size 5M)
current process WorkingSet (physical memory assigned to process): 435M, peak: 435M
current process commit charge ("private bytes"): 489M, peak: 491M

vm_info: Java HotSpot(TM) 64-Bit Server VM (11.0.1+13-LTS) for windows-amd64 JRE (11.0.1+13-LTS), built on Oct  6 2018 13:20:16 by "mach5one" with MS VC++ 15.5 (VS2017)

END.
