#
# There is insufficient memory for the Java Runtime Environment to continue.
# Native memory allocation (mmap) failed to map 33554432 bytes for Failed to commit area from 0x0000000089f00000 to 0x000000008bf00000 of length 33554432.
# Possible reasons:
#   The system is out of physical RAM or swap space
#   The process is running with CompressedOops enabled, and the Java Heap may be blocking the growth of the native heap
# Possible solutions:
#   Reduce memory load on the system
#   Increase physical memory or swap space
#   Check if swap backing store is full
#   Decrease Java heap size (-Xmx/-Xms)
#   Decrease number of Java threads
#   Decrease Java thread stack sizes (-Xss)
#   Set larger code cache with -XX:ReservedCodeCacheSize=
#   JVM is running with Unscaled Compressed Oops mode in which the Java heap is
#     placed in the first 4GB address space. The Java Heap base address is the
#     maximum limit for the native heap growth. Please use -XX:HeapBaseMinAddress
#     to set the Java Heap base and to place the Java Heap above 4GB virtual address.
# This output file may be truncated or incomplete.
#
#  Out of Memory Error (t:/workspace/open/src/hotspot/os/windows/os_windows.cpp:3269), pid=12292, tid=20828
#
# JRE version: Java(TM) SE Runtime Environment (11.0.1+13) (build 11.0.1+13-LTS)
# Java VM: Java HotSpot(TM) 64-Bit Server VM (11.0.1+13-LTS, mixed mode, tiered, compressed oops, g1 gc, windows-amd64)
# No core dump will be written. Minidumps are not enabled by default on client versions of Windows
#

---------------  S U M M A R Y ------------

Command Line: --add-opens=java.base/java.util=ALL-UNNAMED --add-opens=java.base/java.lang=ALL-UNNAMED --add-opens=java.base/java.lang.invoke=ALL-UNNAMED --add-opens=java.base/java.util=ALL-UNNAMED --add-opens=java.prefs/java.util.prefs=ALL-UNNAMED --add-opens=java.prefs/java.util.prefs=ALL-UNNAMED --add-opens=java.base/java.nio.charset=ALL-UNNAMED --add-opens=java.base/java.net=ALL-UNNAMED --add-opens=java.base/java.util.concurrent.atomic=ALL-UNNAMED -Xmx2048m -Dfile.encoding=UTF-8 -Duser.country=SV -Duser.language=es -Duser.variant org.gradle.launcher.daemon.bootstrap.GradleDaemon 7.5

Host: Intel(R) Core(TM) i5-3320M CPU @ 2.60GHz, 4 cores, 7G,  Windows 10 , 64 bit Build 19041 (10.0.19041.2546)
Time: Wed Apr  5 00:15:42 2023 Hora estándar, América Central elapsed time: 15 seconds (0d 0h 0m 15s)

---------------  T H R E A D  ---------------

Current thread (0x0000020a35ae1000):  VMThread "VM Thread" [stack: 0x0000008284800000,0x0000008284900000] [id=20828]

Stack: [0x0000008284800000,0x0000008284900000]
[error occurred during error reporting (printing stack bounds), id 0xc0000005, EXCEPTION_ACCESS_VIOLATION (0xc0000005) at pc=0x0000020a1f2d0bad]

Native frames: (J=compiled Java code, j=interpreted, Vv=VM code, C=native code)
V  [jvm.dll+0x63c21a]
V  [jvm.dll+0x7797df]
V  [jvm.dll+0x77adca]
V  [jvm.dll+0x77b3e5]
V  [jvm.dll+0x77b39b]
V  [jvm.dll+0x63b916]
V  [jvm.dll+0x63bce8]
C  [ntdll.dll+0xa241f]
C  [ntdll.dll+0x514a4]
C  [ntdll.dll+0xa0f4e]
C  0x0000020a1f2d0bad

VM_Operation (0x0000008285bf3fa0): G1CollectForAllocation, mode: safepoint, requested by thread 0x0000020a38d14800


---------------  P R O C E S S  ---------------

Threads class SMR info:
_java_thread_list=0x0000020a390c3a90, length=78, elements={
0x0000020a16f94800, 0x0000020a35ae5800, 0x0000020a35af1000, 0x0000020a364a2800,
0x0000020a35b02000, 0x0000020a35b07800, 0x0000020a35b0c000, 0x0000020a35b0e800,
0x0000020a365d6000, 0x0000020a36630800, 0x0000020a376a6000, 0x0000020a36851000,
0x0000020a38028000, 0x0000020a3717a800, 0x0000020a38800000, 0x0000020a38d14000,
0x0000020a38d14800, 0x0000020a3798a000, 0x0000020a39120000, 0x0000020a3854c000,
0x0000020a3880b800, 0x0000020a38810800, 0x0000020a3880c000, 0x0000020a372b6800,
0x0000020a3880a800, 0x0000020a3880d000, 0x0000020a3880e000, 0x0000020a3880e800,
0x0000020a3880f800, 0x0000020a38811000, 0x0000020a3a142800, 0x0000020a3a148000,
0x0000020a3a145800, 0x0000020a3a146800, 0x0000020a3a147000, 0x0000020a3a145000,
0x0000020a3a144000, 0x0000020a3a14e000, 0x0000020a3a14b800, 0x0000020a3a14d000,
0x0000020a3a14e800, 0x0000020a3a150000, 0x0000020a3a14f800, 0x0000020a3a14c000,
0x0000020a3a14a800, 0x0000020a3a151000, 0x0000020a3a1c1800, 0x0000020a3a1c3000,
0x0000020a3a1c0000, 0x0000020a3a1c6800, 0x0000020a3a1c0800, 0x0000020a3a1c7000,
0x0000020a3a1c5800, 0x0000020a3a1c8000, 0x0000020a3a1c2800, 0x0000020a3a1c9000,
0x0000020a3a1c9800, 0x0000020a3a1c4000, 0x0000020a3a1ca800, 0x0000020a3a1c4800,
0x0000020a3a1cb800, 0x0000020a3a1cc000, 0x0000020a3a1cd000, 0x0000020a3a1cd800,
0x0000020a3a1ce800, 0x0000020a37897000, 0x0000020a37894800, 0x0000020a37895800,
0x0000020a37896000, 0x0000020a37898000, 0x0000020a37892000, 0x0000020a37898800,
0x0000020a37893000, 0x0000020a37899800, 0x0000020a37893800, 0x0000020a3789f000,
0x0000020a378a0000, 0x0000020a3789d800
}

Java Threads: ( => current thread )
  0x0000020a16f94800 JavaThread "main" [_thread_blocked, id=20184, stack(0x0000008284200000,0x0000008284300000)]
  0x0000020a35ae5800 JavaThread "Reference Handler" daemon [_thread_blocked, id=6760, stack(0x0000008284900000,0x0000008284a00000)]
  0x0000020a35af1000 JavaThread "Finalizer" daemon [_thread_blocked, id=14144, stack(0x0000008284a00000,0x0000008284b00000)]
  0x0000020a364a2800 JavaThread "Signal Dispatcher" daemon [_thread_blocked, id=11680, stack(0x0000008284b00000,0x0000008284c00000)]
  0x0000020a35b02000 JavaThread "Attach Listener" daemon [_thread_blocked, id=21860, stack(0x0000008284c00000,0x0000008284d00000)]
  0x0000020a35b07800 JavaThread "C2 CompilerThread0" daemon [_thread_in_native, id=13204, stack(0x0000008284d00000,0x0000008284e00000)]
  0x0000020a35b0c000 JavaThread "C1 CompilerThread0" daemon [_thread_blocked, id=19992, stack(0x0000008284e00000,0x0000008284f00000)]
  0x0000020a35b0e800 JavaThread "Sweeper thread" daemon [_thread_blocked, id=18088, stack(0x0000008284f00000,0x0000008285000000)]
  0x0000020a365d6000 JavaThread "Common-Cleaner" daemon [_thread_blocked, id=17244, stack(0x0000008285000000,0x0000008285100000)]
  0x0000020a36630800 JavaThread "Service Thread" daemon [_thread_blocked, id=10580, stack(0x0000008285100000,0x0000008285200000)]
  0x0000020a376a6000 JavaThread "Daemon health stats" [_thread_blocked, id=11180, stack(0x0000008285600000,0x0000008285700000)]
  0x0000020a36851000 JavaThread "Incoming local TCP Connector on port 60657" [_thread_in_native, id=17508, stack(0x0000008285300000,0x0000008285400000)]
  0x0000020a38028000 JavaThread "Daemon periodic checks" [_thread_blocked, id=19464, stack(0x0000008285700000,0x0000008285800000)]
  0x0000020a3717a800 JavaThread "Daemon" [_thread_blocked, id=9240, stack(0x0000008285800000,0x0000008285900000)]
  0x0000020a38800000 JavaThread "Handler for socket connection from /127.0.0.1:60657 to /127.0.0.1:60658" [_thread_in_native, id=16616, stack(0x0000008285900000,0x0000008285a00000)]
  0x0000020a38d14000 JavaThread "Cancel handler" [_thread_blocked, id=14344, stack(0x0000008285a00000,0x0000008285b00000)]
  0x0000020a38d14800 JavaThread "Daemon worker" [_thread_blocked, id=6552, stack(0x0000008285b00000,0x0000008285c00000)]
  0x0000020a3798a000 JavaThread "Asynchronous log dispatcher for DefaultDaemonConnection: socket connection from /127.0.0.1:60657 to /127.0.0.1:60658" [_thread_blocked, id=17496, stack(0x0000008285c00000,0x0000008285d00000)]
  0x0000020a39120000 JavaThread "Stdin handler" [_thread_blocked, id=972, stack(0x0000008285d00000,0x0000008285e00000)]
  0x0000020a3854c000 JavaThread "Daemon client event forwarder" [_thread_blocked, id=18528, stack(0x0000008285e00000,0x0000008285f00000)]
  0x0000020a3880b800 JavaThread "Cache worker for journal cache (C:\Users\Admin\.gradle\caches\journal-1)" [_thread_blocked, id=5300, stack(0x0000008286000000,0x0000008286100000)]
  0x0000020a38810800 JavaThread "File lock request listener" [_thread_in_native, id=16660, stack(0x0000008286100000,0x0000008286200000)]
  0x0000020a3880c000 JavaThread "Cache worker for file hash cache (C:\Users\Admin\.gradle\caches\7.5\fileHashes)" [_thread_blocked, id=19672, stack(0x0000008286200000,0x0000008286300000)]
  0x0000020a372b6800 JavaThread "C2 CompilerThread1" daemon [_thread_blocked, id=14448, stack(0x0000008286300000,0x0000008286400000)]
  0x0000020a3880a800 JavaThread "File watcher server" daemon [_thread_in_native, id=16832, stack(0x0000008286400000,0x0000008286500000)]
  0x0000020a3880d000 JavaThread "File watcher consumer" daemon [_thread_blocked, id=11540, stack(0x0000008286500000,0x0000008286600000)]
  0x0000020a3880e000 JavaThread "jar transforms" [_thread_blocked, id=21388, stack(0x0000008286600000,0x0000008286700000)]
  0x0000020a3880e800 JavaThread "jar transforms Thread 2" [_thread_blocked, id=4276, stack(0x0000008286700000,0x0000008286800000)]
  0x0000020a3880f800 JavaThread "jar transforms Thread 3" [_thread_blocked, id=8528, stack(0x0000008286800000,0x0000008286900000)]
  0x0000020a38811000 JavaThread "jar transforms Thread 4" [_thread_blocked, id=21944, stack(0x0000008286900000,0x0000008286a00000)]
  0x0000020a3a142800 JavaThread "Cache worker for checksums cache (E:\ProyectoCatedra2\.gradle\7.5\checksums)" [_thread_blocked, id=22432, stack(0x0000008286a00000,0x0000008286b00000)]
  0x0000020a3a148000 JavaThread "Cache worker for cache directory md-rule (C:\Users\Admin\.gradle\caches\7.5\md-rule)" [_thread_blocked, id=6384, stack(0x0000008286b00000,0x0000008286c00000)]
  0x0000020a3a145800 JavaThread "Cache worker for file content cache (C:\Users\Admin\.gradle\caches\7.5\fileContent)" [_thread_blocked, id=17304, stack(0x0000008286c00000,0x0000008286d00000)]
  0x0000020a3a146800 JavaThread "Cache worker for file hash cache (E:\ProyectoCatedra2\.gradle\7.5\fileHashes)" [_thread_blocked, id=10668, stack(0x0000008286d00000,0x0000008286e00000)]
  0x0000020a3a147000 JavaThread "Cache worker for cache directory md-supplier (C:\Users\Admin\.gradle\caches\7.5\md-supplier)" [_thread_blocked, id=6252, stack(0x0000008286e00000,0x0000008286f00000)]
  0x0000020a3a145000 JavaThread "Cache worker for execution history cache (C:\Users\Admin\.gradle\caches\7.5\executionHistory)" [_thread_blocked, id=20140, stack(0x0000008286f00000,0x0000008287000000)]
  0x0000020a3a144000 JavaThread "Cache worker for dependencies-accessors (E:\ProyectoCatedra2\.gradle\7.5\dependencies-accessors)" [_thread_blocked, id=9952, stack(0x0000008287000000,0x0000008287100000)]
  0x0000020a3a14e000 JavaThread "Cache worker for Build Output Cleanup Cache (E:\ProyectoCatedra2\.gradle\buildOutputCleanup)" [_thread_blocked, id=10092, stack(0x0000008287100000,0x0000008287200000)]
  0x0000020a3a14b800 JavaThread "Unconstrained build operations" [_thread_blocked, id=12116, stack(0x0000008287200000,0x0000008287300000)]
  0x0000020a3a14d000 JavaThread "Unconstrained build operations Thread 2" [_thread_blocked, id=17532, stack(0x0000008287300000,0x0000008287400000)]
  0x0000020a3a14e800 JavaThread "Unconstrained build operations Thread 3" [_thread_blocked, id=21260, stack(0x0000008287400000,0x0000008287500000)]
  0x0000020a3a150000 JavaThread "Unconstrained build operations Thread 4" [_thread_blocked, id=10380, stack(0x0000008287500000,0x0000008287600000)]
  0x0000020a3a14f800 JavaThread "Unconstrained build operations Thread 5" [_thread_blocked, id=13972, stack(0x0000008287600000,0x0000008287700000)]
  0x0000020a3a14c000 JavaThread "Unconstrained build operations Thread 6" [_thread_blocked, id=1848, stack(0x0000008287700000,0x0000008287800000)]
  0x0000020a3a14a800 JavaThread "Unconstrained build operations Thread 7" [_thread_blocked, id=20776, stack(0x0000008287800000,0x0000008287900000)]
  0x0000020a3a151000 JavaThread "Unconstrained build operations Thread 8" [_thread_blocked, id=19028, stack(0x0000008287900000,0x0000008287a00000)]
  0x0000020a3a1c1800 JavaThread "Unconstrained build operations Thread 9" [_thread_blocked, id=15324, stack(0x0000008287a00000,0x0000008287b00000)]
  0x0000020a3a1c3000 JavaThread "Unconstrained build operations Thread 10" [_thread_blocked, id=22228, stack(0x0000008287b00000,0x0000008287c00000)]
  0x0000020a3a1c0000 JavaThread "Unconstrained build operations Thread 11" [_thread_blocked, id=10940, stack(0x0000008287c00000,0x0000008287d00000)]
  0x0000020a3a1c6800 JavaThread "Unconstrained build operations Thread 12" [_thread_blocked, id=3788, stack(0x0000008287d00000,0x0000008287e00000)]
  0x0000020a3a1c0800 JavaThread "Unconstrained build operations Thread 13" [_thread_blocked, id=9336, stack(0x0000008287e00000,0x0000008287f00000)]
  0x0000020a3a1c7000 JavaThread "Unconstrained build operations Thread 14" [_thread_blocked, id=2792, stack(0x0000008287f00000,0x0000008288000000)]
  0x0000020a3a1c5800 JavaThread "Unconstrained build operations Thread 15" [_thread_blocked, id=21964, stack(0x0000008288000000,0x0000008288100000)]
  0x0000020a3a1c8000 JavaThread "Unconstrained build operations Thread 16" [_thread_blocked, id=8524, stack(0x0000008288100000,0x0000008288200000)]
  0x0000020a3a1c2800 JavaThread "Unconstrained build operations Thread 17" [_thread_blocked, id=18448, stack(0x0000008288200000,0x0000008288300000)]
  0x0000020a3a1c9000 JavaThread "Unconstrained build operations Thread 18" [_thread_blocked, id=12724, stack(0x0000008288300000,0x0000008288400000)]
  0x0000020a3a1c9800 JavaThread "Unconstrained build operations Thread 19" [_thread_blocked, id=19616, stack(0x0000008288400000,0x0000008288500000)]
  0x0000020a3a1c4000 JavaThread "Unconstrained build operations Thread 20" [_thread_blocked, id=22408, stack(0x0000008288500000,0x0000008288600000)]
  0x0000020a3a1ca800 JavaThread "Unconstrained build operations Thread 21" [_thread_blocked, id=20260, stack(0x0000008288600000,0x0000008288700000)]
  0x0000020a3a1c4800 JavaThread "Unconstrained build operations Thread 22" [_thread_blocked, id=11468, stack(0x0000008288700000,0x0000008288800000)]
  0x0000020a3a1cb800 JavaThread "Unconstrained build operations Thread 23" [_thread_blocked, id=10928, stack(0x0000008288800000,0x0000008288900000)]
  0x0000020a3a1cc000 JavaThread "Unconstrained build operations Thread 24" [_thread_blocked, id=10568, stack(0x0000008288900000,0x0000008288a00000)]
  0x0000020a3a1cd000 JavaThread "Unconstrained build operations Thread 25" [_thread_blocked, id=16152, stack(0x0000008288a00000,0x0000008288b00000)]
  0x0000020a3a1cd800 JavaThread "Unconstrained build operations Thread 26" [_thread_blocked, id=18952, stack(0x0000008288b00000,0x0000008288c00000)]
  0x0000020a3a1ce800 JavaThread "Unconstrained build operations Thread 27" [_thread_blocked, id=14412, stack(0x0000008288c00000,0x0000008288d00000)]
  0x0000020a37897000 JavaThread "Unconstrained build operations Thread 28" [_thread_blocked, id=12184, stack(0x0000008288d00000,0x0000008288e00000)]
  0x0000020a37894800 JavaThread "Unconstrained build operations Thread 29" [_thread_blocked, id=2960, stack(0x0000008288e00000,0x0000008288f00000)]
  0x0000020a37895800 JavaThread "Unconstrained build operations Thread 30" [_thread_blocked, id=5356, stack(0x0000008288f00000,0x0000008289000000)]
  0x0000020a37896000 JavaThread "Unconstrained build operations Thread 31" [_thread_blocked, id=6716, stack(0x0000008289000000,0x0000008289100000)]
  0x0000020a37898000 JavaThread "Unconstrained build operations Thread 32" [_thread_blocked, id=22212, stack(0x0000008289100000,0x0000008289200000)]
  0x0000020a37892000 JavaThread "Unconstrained build operations Thread 33" [_thread_blocked, id=8228, stack(0x0000008289200000,0x0000008289300000)]
  0x0000020a37898800 JavaThread "Unconstrained build operations Thread 34" [_thread_blocked, id=8384, stack(0x0000008289300000,0x0000008289400000)]
  0x0000020a37893000 JavaThread "Unconstrained build operations Thread 35" [_thread_blocked, id=1120, stack(0x0000008289400000,0x0000008289500000)]
  0x0000020a37899800 JavaThread "Unconstrained build operations Thread 36" [_thread_blocked, id=1688, stack(0x0000008289500000,0x0000008289600000)]
  0x0000020a37893800 JavaThread "Unconstrained build operations Thread 37" [_thread_blocked, id=18312, stack(0x0000008289600000,0x0000008289700000)]
  0x0000020a3789f000 JavaThread "Unconstrained build operations Thread 38" [_thread_blocked, id=792, stack(0x0000008289700000,0x0000008289800000)]
  0x0000020a378a0000 JavaThread "Unconstrained build operations Thread 39" [_thread_blocked, id=21852, stack(0x0000008289800000,0x0000008289900000)]
  0x0000020a3789d800 JavaThread "Unconstrained build operations Thread 40" [_thread_blocked, id=17716, stack(0x0000008289900000,0x0000008289a00000)]

Other Threads:
=>0x0000020a35ae1000 VMThread "VM Thread" [stack: 0x0000008284800000,0x0000008284900000] [id=20828]
  0x0000020a36633800 WatcherThread [stack: 0x0000008285200000,0x0000008285300000] [id=18324]
  0x0000020a16fac000 GCTaskThread "GC Thread#0" [stack: 0x0000008284300000,0x0000008284400000] [id=21632]
  0x0000020a36a42000 GCTaskThread "GC Thread#1" [stack: 0x0000008285400000,0x0000008285500000] [id=16316]
  0x0000020a36a0d000 GCTaskThread "GC Thread#2" [stack: 0x0000008285500000,0x0000008285600000] [id=16588]
  0x0000020a386b0000 GCTaskThread "GC Thread#3" [stack: 0x0000008285f00000,0x0000008286000000] [id=19660]
  0x0000020a16fdd000 ConcurrentGCThread "G1 Main Marker" [stack: 0x0000008284400000,0x0000008284500000] [id=2984]
  0x0000020a16fde000 ConcurrentGCThread "G1 Conc#0" [stack: 0x0000008284500000,0x0000008284600000] [id=15236]
  0x0000020a1706c800 ConcurrentGCThread "G1 Refine#0" [stack: 0x0000008284600000,0x0000008284700000] [id=15848]
  0x0000020a1706e000 ConcurrentGCThread "G1 Young RemSet Sampling" [stack: 0x0000008284700000,0x0000008284800000] [id=18540]

Threads with active compile tasks:
C2 CompilerThread06106       4       groovyjarjarantlr4.v4.runtime.atn.ParserATNSimulator::closure (784 bytes)
C2 CompilerThread16177       4       java.util.HashMap::getNode (148 bytes)

VM state:at safepoint (normal execution)

VM Mutex/Monitor currently owned by a thread:  ([mutex/lock_event])
[0x0000020a16f92ad0] Threads_lock - owner thread: 0x0000020a35ae1000
[0x0000020a16f920b0] Heap_lock - owner thread: 0x0000020a38d14800

Heap address: 0x0000000080000000, size: 2048 MB, Compressed Oops mode: 32-bit
Narrow klass base: 0x0000000000000000, Narrow klass shift: 3
Compressed class space size: 1073741824 Address: 0x0000000100000000

Heap:
 garbage-first heap   total 195584K, used 101885K [0x0000000080000000, 0x0000000100000000)
  region size 1024K, 5 young (5120K), 5 survivors (5120K)
 Metaspace       used 55331K, capacity 57009K, committed 57264K, reserved 1099776K
  class space    used 7255K, capacity 7887K, committed 7936K, reserved 1048576K
Heap Regions: E=young(eden), S=young(survivor), O=old, HS=humongous(starts), HC=humongous(continues), CS=collection set, F=free, A=archive, TAMS=top-at-mark-start (previous, next)
|   0|0x0000000080000000, 0x0000000080100000, 0x0000000080100000|100%|HS|  |TAMS 0x0000000080100000, 0x0000000080000000| Complete 
|   1|0x0000000080100000, 0x0000000080200000, 0x0000000080200000|100%|HC|  |TAMS 0x0000000080200000, 0x0000000080100000| Complete 
|   2|0x0000000080200000, 0x0000000080300000, 0x0000000080300000|100%|HC|  |TAMS 0x0000000080300000, 0x0000000080200000| Complete 
|   3|0x0000000080300000, 0x0000000080400000, 0x0000000080400000|100%| O|  |TAMS 0x0000000080400000, 0x0000000080300000| Untracked 
|   4|0x0000000080400000, 0x0000000080500000, 0x0000000080500000|100%| O|  |TAMS 0x0000000080500000, 0x0000000080400000| Untracked 
|   5|0x0000000080500000, 0x0000000080600000, 0x0000000080600000|100%| O|  |TAMS 0x0000000080600000, 0x0000000080500000| Untracked 
|   6|0x0000000080600000, 0x0000000080700000, 0x0000000080700000|100%| O|  |TAMS 0x0000000080700000, 0x0000000080600000| Untracked 
|   7|0x0000000080700000, 0x0000000080800000, 0x0000000080800000|100%| O|  |TAMS 0x0000000080800000, 0x0000000080700000| Untracked 
|   8|0x0000000080800000, 0x0000000080900000, 0x0000000080900000|100%| O|  |TAMS 0x0000000080900000, 0x0000000080800000| Untracked 
|   9|0x0000000080900000, 0x0000000080a00000, 0x0000000080a00000|100%| O|  |TAMS 0x0000000080a00000, 0x0000000080900000| Untracked 
|  10|0x0000000080a00000, 0x0000000080b00000, 0x0000000080b00000|100%| O|  |TAMS 0x0000000080b00000, 0x0000000080a00000| Untracked 
|  11|0x0000000080b00000, 0x0000000080c00000, 0x0000000080c00000|100%| O|  |TAMS 0x0000000080c00000, 0x0000000080b00000| Untracked 
|  12|0x0000000080c00000, 0x0000000080d00000, 0x0000000080d00000|100%| O|  |TAMS 0x0000000080d00000, 0x0000000080c00000| Untracked 
|  13|0x0000000080d00000, 0x0000000080e00000, 0x0000000080e00000|100%| O|  |TAMS 0x0000000080e00000, 0x0000000080d00000| Untracked 
|  14|0x0000000080e00000, 0x0000000080f00000, 0x0000000080f00000|100%| O|  |TAMS 0x0000000080f00000, 0x0000000080e00000| Untracked 
|  15|0x0000000080f00000, 0x0000000081000000, 0x0000000081000000|100%| O|  |TAMS 0x0000000081000000, 0x0000000080f00000| Untracked 
|  16|0x0000000081000000, 0x0000000081100000, 0x0000000081100000|100%|HS|  |TAMS 0x0000000081100000, 0x0000000081000000| Complete 
|  17|0x0000000081100000, 0x0000000081200000, 0x0000000081200000|100%|HC|  |TAMS 0x0000000081200000, 0x0000000081100000| Complete 
|  18|0x0000000081200000, 0x0000000081300000, 0x0000000081300000|100%|HS|  |TAMS 0x0000000081300000, 0x0000000081200000| Complete 
|  19|0x0000000081300000, 0x0000000081400000, 0x0000000081400000|100%|HC|  |TAMS 0x0000000081400000, 0x0000000081300000| Complete 
|  20|0x0000000081400000, 0x0000000081500000, 0x0000000081500000|100%|HC|  |TAMS 0x0000000081500000, 0x0000000081400000| Complete 
|  21|0x0000000081500000, 0x0000000081600000, 0x0000000081600000|100%|HS|  |TAMS 0x0000000081600000, 0x0000000081500000| Complete 
|  22|0x0000000081600000, 0x0000000081700000, 0x0000000081700000|100%|HC|  |TAMS 0x0000000081700000, 0x0000000081600000| Complete 
|  23|0x0000000081700000, 0x0000000081800000, 0x0000000081800000|100%|HC|  |TAMS 0x0000000081800000, 0x0000000081700000| Complete 
|  24|0x0000000081800000, 0x0000000081900000, 0x0000000081900000|100%|HS|  |TAMS 0x0000000081900000, 0x0000000081800000| Complete 
|  25|0x0000000081900000, 0x0000000081a00000, 0x0000000081a00000|100%|HC|  |TAMS 0x0000000081a00000, 0x0000000081900000| Complete 
|  26|0x0000000081a00000, 0x0000000081b00000, 0x0000000081b00000|100%|HS|  |TAMS 0x0000000081b00000, 0x0000000081a00000| Complete 
|  27|0x0000000081b00000, 0x0000000081c00000, 0x0000000081c00000|100%|HC|  |TAMS 0x0000000081c00000, 0x0000000081b00000| Complete 
|  28|0x0000000081c00000, 0x0000000081d00000, 0x0000000081d00000|100%|HC|  |TAMS 0x0000000081d00000, 0x0000000081c00000| Complete 
|  29|0x0000000081d00000, 0x0000000081e00000, 0x0000000081e00000|100%|HC|  |TAMS 0x0000000081e00000, 0x0000000081d00000| Complete 
|  30|0x0000000081e00000, 0x0000000081f00000, 0x0000000081f00000|100%|HC|  |TAMS 0x0000000081f00000, 0x0000000081e00000| Complete 
|  31|0x0000000081f00000, 0x0000000082000000, 0x0000000082000000|100%|HS|  |TAMS 0x0000000082000000, 0x0000000081f00000| Complete 
|  32|0x0000000082000000, 0x0000000082100000, 0x0000000082100000|100%|HC|  |TAMS 0x0000000082100000, 0x0000000082000000| Complete 
|  33|0x0000000082100000, 0x0000000082200000, 0x0000000082200000|100%|HC|  |TAMS 0x0000000082200000, 0x0000000082100000| Complete 
|  34|0x0000000082200000, 0x0000000082300000, 0x0000000082300000|100%|HC|  |TAMS 0x0000000082300000, 0x0000000082200000| Complete 
|  35|0x0000000082300000, 0x0000000082400000, 0x0000000082400000|100%|HC|  |TAMS 0x0000000082400000, 0x0000000082300000| Complete 
|  36|0x0000000082400000, 0x0000000082500000, 0x0000000082500000|100%|HC|  |TAMS 0x0000000082500000, 0x0000000082400000| Complete 
|  37|0x0000000082500000, 0x0000000082600000, 0x0000000082600000|100%|HC|  |TAMS 0x0000000082600000, 0x0000000082500000| Complete 
|  38|0x0000000082600000, 0x0000000082700000, 0x0000000082700000|100%|HC|  |TAMS 0x0000000082700000, 0x0000000082600000| Complete 
|  39|0x0000000082700000, 0x0000000082800000, 0x0000000082800000|100%|HC|  |TAMS 0x0000000082800000, 0x0000000082700000| Complete 
|  40|0x0000000082800000, 0x0000000082900000, 0x0000000082900000|100%|HC|  |TAMS 0x0000000082900000, 0x0000000082800000| Complete 
|  41|0x0000000082900000, 0x0000000082a00000, 0x0000000082a00000|100%|HS|  |TAMS 0x0000000082a00000, 0x0000000082900000| Complete 
|  42|0x0000000082a00000, 0x0000000082b00000, 0x0000000082b00000|100%|HC|  |TAMS 0x0000000082b00000, 0x0000000082a00000| Complete 
|  43|0x0000000082b00000, 0x0000000082c00000, 0x0000000082c00000|100%| O|  |TAMS 0x0000000082c00000, 0x0000000082b00000| Untracked 
|  44|0x0000000082c00000, 0x0000000082d00000, 0x0000000082d00000|100%| O|  |TAMS 0x0000000082d00000, 0x0000000082c00000| Untracked 
|  45|0x0000000082d00000, 0x0000000082e00000, 0x0000000082e00000|100%| O|  |TAMS 0x0000000082e00000, 0x0000000082d00000| Untracked 
|  46|0x0000000082e00000, 0x0000000082f00000, 0x0000000082f00000|100%| O|  |TAMS 0x0000000082f00000, 0x0000000082e00000| Untracked 
|  47|0x0000000082f00000, 0x0000000083000000, 0x0000000083000000|100%| O|  |TAMS 0x0000000083000000, 0x0000000082f00000| Untracked 
|  48|0x0000000083000000, 0x0000000083100000, 0x0000000083100000|100%| O|  |TAMS 0x0000000083100000, 0x0000000083000000| Untracked 
|  49|0x0000000083100000, 0x0000000083200000, 0x0000000083200000|100%| O|  |TAMS 0x0000000083200000, 0x0000000083100000| Untracked 
|  50|0x0000000083200000, 0x0000000083300000, 0x0000000083300000|100%| O|  |TAMS 0x0000000083300000, 0x0000000083200000| Untracked 
|  51|0x0000000083300000, 0x0000000083400000, 0x0000000083400000|100%| O|  |TAMS 0x0000000083400000, 0x0000000083300000| Untracked 
|  52|0x0000000083400000, 0x0000000083500000, 0x0000000083500000|100%| O|  |TAMS 0x0000000083500000, 0x0000000083400000| Untracked 
|  53|0x0000000083500000, 0x0000000083600000, 0x0000000083600000|100%| O|  |TAMS 0x0000000083600000, 0x0000000083500000| Untracked 
|  54|0x0000000083600000, 0x0000000083700000, 0x0000000083700000|100%|HS|  |TAMS 0x0000000083700000, 0x0000000083600000| Complete 
|  55|0x0000000083700000, 0x0000000083800000, 0x0000000083800000|100%|HC|  |TAMS 0x0000000083800000, 0x0000000083700000| Complete 
|  56|0x0000000083800000, 0x0000000083900000, 0x0000000083900000|100%| O|  |TAMS 0x0000000083900000, 0x0000000083800000| Untracked 
|  57|0x0000000083900000, 0x0000000083a00000, 0x0000000083a00000|100%| O|  |TAMS 0x0000000083a00000, 0x0000000083900000| Untracked 
|  58|0x0000000083a00000, 0x0000000083b00000, 0x0000000083b00000|100%| O|  |TAMS 0x0000000083b00000, 0x0000000083a00000| Untracked 
|  59|0x0000000083b00000, 0x0000000083c00000, 0x0000000083c00000|100%| O|  |TAMS 0x0000000083c00000, 0x0000000083b00000| Untracked 
|  60|0x0000000083c00000, 0x0000000083d00000, 0x0000000083d00000|100%| O|  |TAMS 0x0000000083d00000, 0x0000000083c00000| Untracked 
|  61|0x0000000083d00000, 0x0000000083e00000, 0x0000000083e00000|100%| O|  |TAMS 0x0000000083e00000, 0x0000000083d00000| Untracked 
|  62|0x0000000083e00000, 0x0000000083f00000, 0x0000000083f00000|100%|HS|  |TAMS 0x0000000083f00000, 0x0000000083e00000| Complete 
|  63|0x0000000083f00000, 0x0000000084000000, 0x0000000084000000|100%|HC|  |TAMS 0x0000000084000000, 0x0000000083f00000| Complete 
|  64|0x0000000084000000, 0x0000000084100000, 0x0000000084100000|100%|HC|  |TAMS 0x0000000084100000, 0x0000000084000000| Complete 
|  65|0x0000000084100000, 0x0000000084200000, 0x0000000084200000|100%|HC|  |TAMS 0x0000000084200000, 0x0000000084100000| Complete 
|  66|0x0000000084200000, 0x0000000084300000, 0x0000000084300000|100%|HC|  |TAMS 0x0000000084300000, 0x0000000084200000| Complete 
|  67|0x0000000084300000, 0x0000000084400000, 0x0000000084400000|100%|HC|  |TAMS 0x0000000084400000, 0x0000000084300000| Complete 
|  68|0x0000000084400000, 0x0000000084500000, 0x0000000084500000|100%|HC|  |TAMS 0x0000000084500000, 0x0000000084400000| Complete 
|  69|0x0000000084500000, 0x0000000084600000, 0x0000000084600000|100%|HC|  |TAMS 0x0000000084600000, 0x0000000084500000| Complete 
|  70|0x0000000084600000, 0x0000000084700000, 0x0000000084700000|100%|HC|  |TAMS 0x0000000084700000, 0x0000000084600000| Complete 
|  71|0x0000000084700000, 0x0000000084800000, 0x0000000084800000|100%|HC|  |TAMS 0x0000000084800000, 0x0000000084700000| Complete 
|  72|0x0000000084800000, 0x0000000084900000, 0x0000000084900000|100%|HS|  |TAMS 0x0000000084900000, 0x0000000084800000| Complete 
|  73|0x0000000084900000, 0x0000000084a00000, 0x0000000084a00000|100%|HC|  |TAMS 0x0000000084a00000, 0x0000000084900000| Complete 
|  74|0x0000000084a00000, 0x0000000084b00000, 0x0000000084b00000|100%|HC|  |TAMS 0x0000000084b00000, 0x0000000084a00000| Complete 
|  75|0x0000000084b00000, 0x0000000084c00000, 0x0000000084c00000|100%|HS|  |TAMS 0x0000000084c00000, 0x0000000084b00000| Complete 
|  76|0x0000000084c00000, 0x0000000084d00000, 0x0000000084d00000|100%|HC|  |TAMS 0x0000000084d00000, 0x0000000084c00000| Complete 
|  77|0x0000000084d00000, 0x0000000084e00000, 0x0000000084e00000|100%|HS|  |TAMS 0x0000000084e00000, 0x0000000084d00000| Complete 
|  78|0x0000000084e00000, 0x0000000084f00000, 0x0000000084f00000|100%|HC|  |TAMS 0x0000000084f00000, 0x0000000084e00000| Complete 
|  79|0x0000000084f00000, 0x0000000085000000, 0x0000000085000000|100%|HC|  |TAMS 0x0000000085000000, 0x0000000084f00000| Complete 
|  80|0x0000000085000000, 0x0000000085100000, 0x0000000085100000|100%| O|  |TAMS 0x0000000085100000, 0x0000000085000000| Untracked 
|  81|0x0000000085100000, 0x0000000085200000, 0x0000000085200000|100%| O|  |TAMS 0x0000000085200000, 0x0000000085100000| Untracked 
|  82|0x0000000085200000, 0x0000000085300000, 0x0000000085300000|100%| O|  |TAMS 0x0000000085300000, 0x0000000085200000| Untracked 
|  83|0x0000000085300000, 0x0000000085400000, 0x0000000085400000|100%| O|  |TAMS 0x0000000085400000, 0x0000000085300000| Untracked 
|  84|0x0000000085400000, 0x0000000085500000, 0x0000000085500000|100%| O|  |TAMS 0x0000000085500000, 0x0000000085400000| Untracked 
|  85|0x0000000085500000, 0x0000000085600000, 0x0000000085600000|100%|HS|  |TAMS 0x0000000085600000, 0x0000000085500000| Complete 
|  86|0x0000000085600000, 0x0000000085700000, 0x0000000085700000|100%|HC|  |TAMS 0x0000000085700000, 0x0000000085600000| Complete 
|  87|0x0000000085700000, 0x0000000085800000, 0x0000000085800000|100%|HC|  |TAMS 0x0000000085800000, 0x0000000085700000| Complete 
|  88|0x0000000085800000, 0x0000000085900000, 0x0000000085900000|100%|HC|  |TAMS 0x0000000085900000, 0x0000000085800000| Complete 
|  89|0x0000000085900000, 0x0000000085a00000, 0x0000000085a00000|100%|HC|  |TAMS 0x0000000085a00000, 0x0000000085900000| Complete 
|  90|0x0000000085a00000, 0x0000000085b00000, 0x0000000085b00000|100%| O|  |TAMS 0x0000000085b00000, 0x0000000085a00000| Untracked 
|  91|0x0000000085b00000, 0x0000000085c00000, 0x0000000085c00000|100%| O|  |TAMS 0x0000000085c00000, 0x0000000085b00000| Untracked 
|  92|0x0000000085c00000, 0x0000000085d00000, 0x0000000085d00000|100%| O|  |TAMS 0x0000000085caa800, 0x0000000085c00000| Untracked 
|  93|0x0000000085d00000, 0x0000000085e00000, 0x0000000085e00000|100%| O|  |TAMS 0x0000000085d00000, 0x0000000085d00000| Untracked 
|  94|0x0000000085e00000, 0x0000000085f00000, 0x0000000085f00000|100%| O|  |TAMS 0x0000000085e00000, 0x0000000085e00000| Untracked 
|  95|0x0000000085f00000, 0x0000000085f53000, 0x0000000086000000| 32%| O|  |TAMS 0x0000000085f00000, 0x0000000085f00000| Untracked 
|  96|0x0000000086000000, 0x0000000086000000, 0x0000000086100000|  0%| F|  |TAMS 0x0000000086000000, 0x0000000086000000| Untracked 
|  97|0x0000000086100000, 0x0000000086100000, 0x0000000086200000|  0%| F|  |TAMS 0x0000000086100000, 0x0000000086100000| Untracked 
|  98|0x0000000086200000, 0x0000000086200000, 0x0000000086300000|  0%| F|  |TAMS 0x0000000086200000, 0x0000000086200000| Untracked 
|  99|0x0000000086300000, 0x0000000086300000, 0x0000000086400000|  0%| F|  |TAMS 0x0000000086300000, 0x0000000086300000| Untracked 
| 100|0x0000000086400000, 0x0000000086400000, 0x0000000086500000|  0%| F|  |TAMS 0x0000000086400000, 0x0000000086400000| Untracked 
| 101|0x0000000086500000, 0x0000000086500000, 0x0000000086600000|  0%| F|  |TAMS 0x0000000086500000, 0x0000000086500000| Untracked 
| 102|0x0000000086600000, 0x0000000086600000, 0x0000000086700000|  0%| F|  |TAMS 0x0000000086600000, 0x0000000086600000| Untracked 
| 103|0x0000000086700000, 0x0000000086700000, 0x0000000086800000|  0%| F|  |TAMS 0x0000000086700000, 0x0000000086700000| Untracked 
| 104|0x0000000086800000, 0x0000000086800000, 0x0000000086900000|  0%| F|  |TAMS 0x0000000086800000, 0x0000000086800000| Untracked 
| 105|0x0000000086900000, 0x0000000086900000, 0x0000000086a00000|  0%| F|  |TAMS 0x0000000086900000, 0x0000000086900000| Untracked 
| 106|0x0000000086a00000, 0x0000000086a00000, 0x0000000086b00000|  0%| F|  |TAMS 0x0000000086a00000, 0x0000000086a00000| Untracked 
| 107|0x0000000086b00000, 0x0000000086b00000, 0x0000000086c00000|  0%| F|  |TAMS 0x0000000086b00000, 0x0000000086b00000| Untracked 
| 108|0x0000000086c00000, 0x0000000086c00000, 0x0000000086d00000|  0%| F|  |TAMS 0x0000000086c00000, 0x0000000086c00000| Untracked 
| 109|0x0000000086d00000, 0x0000000086d00000, 0x0000000086e00000|  0%| F|  |TAMS 0x0000000086d00000, 0x0000000086d00000| Untracked 
| 110|0x0000000086e00000, 0x0000000086e00000, 0x0000000086f00000|  0%| F|  |TAMS 0x0000000086e00000, 0x0000000086e00000| Untracked 
| 111|0x0000000086f00000, 0x0000000086f00000, 0x0000000087000000|  0%| F|  |TAMS 0x0000000086f00000, 0x0000000086f00000| Untracked 
| 112|0x0000000087000000, 0x0000000087000000, 0x0000000087100000|  0%| F|  |TAMS 0x0000000087000000, 0x0000000087000000| Untracked 
| 113|0x0000000087100000, 0x0000000087100000, 0x0000000087200000|  0%| F|  |TAMS 0x0000000087100000, 0x0000000087100000| Untracked 
| 114|0x0000000087200000, 0x0000000087200000, 0x0000000087300000|  0%| F|  |TAMS 0x0000000087200000, 0x0000000087200000| Untracked 
| 115|0x0000000087300000, 0x0000000087300000, 0x0000000087400000|  0%| F|  |TAMS 0x0000000087300000, 0x0000000087300000| Untracked 
| 116|0x0000000087400000, 0x0000000087400000, 0x0000000087500000|  0%| F|  |TAMS 0x0000000087400000, 0x0000000087400000| Untracked 
| 117|0x0000000087500000, 0x000000008752c6b0, 0x0000000087600000| 17%| S|CS|TAMS 0x0000000087500000, 0x0000000087500000| Complete 
| 118|0x0000000087600000, 0x0000000087700000, 0x0000000087700000|100%| S|CS|TAMS 0x0000000087600000, 0x0000000087600000| Complete 
| 119|0x0000000087700000, 0x0000000087800000, 0x0000000087800000|100%| S|CS|TAMS 0x0000000087700000, 0x0000000087700000| Complete 
| 120|0x0000000087800000, 0x0000000087900000, 0x0000000087900000|100%| S|CS|TAMS 0x0000000087800000, 0x0000000087800000| Complete 
| 121|0x0000000087900000, 0x0000000087a00000, 0x0000000087a00000|100%| S|CS|TAMS 0x0000000087900000, 0x0000000087900000| Complete 
| 122|0x0000000087a00000, 0x0000000087a00000, 0x0000000087b00000|  0%| F|  |TAMS 0x0000000087a00000, 0x0000000087a00000| Untracked 
| 123|0x0000000087b00000, 0x0000000087b00000, 0x0000000087c00000|  0%| F|  |TAMS 0x0000000087b00000, 0x0000000087b00000| Untracked 
| 124|0x0000000087c00000, 0x0000000087c00000, 0x0000000087d00000|  0%| F|  |TAMS 0x0000000087c00000, 0x0000000087c00000| Untracked 
| 125|0x0000000087d00000, 0x0000000087d00000, 0x0000000087e00000|  0%| F|  |TAMS 0x0000000087d00000, 0x0000000087d00000| Untracked 
| 126|0x0000000087e00000, 0x0000000087e00000, 0x0000000087f00000|  0%| F|  |TAMS 0x0000000087e00000, 0x0000000087e00000| Untracked 
| 127|0x0000000087f00000, 0x0000000087f00000, 0x0000000088000000|  0%| F|  |TAMS 0x0000000087f00000, 0x0000000087f00000| Untracked 
| 128|0x0000000088000000, 0x0000000088000000, 0x0000000088100000|  0%| F|  |TAMS 0x0000000088000000, 0x0000000088000000| Untracked 
| 129|0x0000000088100000, 0x0000000088100000, 0x0000000088200000|  0%| F|  |TAMS 0x0000000088100000, 0x0000000088100000| Untracked 
| 130|0x0000000088200000, 0x0000000088200000, 0x0000000088300000|  0%| F|  |TAMS 0x0000000088200000, 0x0000000088200000| Untracked 
| 131|0x0000000088300000, 0x0000000088300000, 0x0000000088400000|  0%| F|  |TAMS 0x0000000088300000, 0x0000000088300000| Untracked 
| 132|0x0000000088400000, 0x0000000088400000, 0x0000000088500000|  0%| F|  |TAMS 0x0000000088400000, 0x0000000088400000| Untracked 
| 133|0x0000000088500000, 0x0000000088500000, 0x0000000088600000|  0%| F|  |TAMS 0x0000000088500000, 0x0000000088500000| Untracked 
| 134|0x0000000088600000, 0x0000000088600000, 0x0000000088700000|  0%| F|  |TAMS 0x0000000088600000, 0x0000000088600000| Untracked 
| 135|0x0000000088700000, 0x0000000088700000, 0x0000000088800000|  0%| F|  |TAMS 0x0000000088700000, 0x0000000088700000| Untracked 
| 136|0x0000000088800000, 0x0000000088800000, 0x0000000088900000|  0%| F|  |TAMS 0x0000000088800000, 0x0000000088800000| Untracked 
| 137|0x0000000088900000, 0x0000000088900000, 0x0000000088a00000|  0%| F|  |TAMS 0x0000000088900000, 0x0000000088900000| Untracked 
| 138|0x0000000088a00000, 0x0000000088a00000, 0x0000000088b00000|  0%| F|  |TAMS 0x0000000088a00000, 0x0000000088a00000| Untracked 
| 139|0x0000000088b00000, 0x0000000088b00000, 0x0000000088c00000|  0%| F|  |TAMS 0x0000000088b00000, 0x0000000088b00000| Untracked 
| 140|0x0000000088c00000, 0x0000000088c00000, 0x0000000088d00000|  0%| F|  |TAMS 0x0000000088c00000, 0x0000000088c00000| Untracked 
| 141|0x0000000088d00000, 0x0000000088d00000, 0x0000000088e00000|  0%| F|  |TAMS 0x0000000088d00000, 0x0000000088d00000| Untracked 
| 142|0x0000000088e00000, 0x0000000088e00000, 0x0000000088f00000|  0%| F|  |TAMS 0x0000000088e00000, 0x0000000088e00000| Untracked 
| 143|0x0000000088f00000, 0x0000000088f00000, 0x0000000089000000|  0%| F|  |TAMS 0x0000000088f00000, 0x0000000088f00000| Untracked 
| 144|0x0000000089000000, 0x0000000089000000, 0x0000000089100000|  0%| F|  |TAMS 0x0000000089000000, 0x0000000089000000| Untracked 
| 145|0x0000000089100000, 0x0000000089100000, 0x0000000089200000|  0%| F|  |TAMS 0x0000000089100000, 0x0000000089100000| Untracked 
| 146|0x0000000089200000, 0x0000000089200000, 0x0000000089300000|  0%| F|  |TAMS 0x0000000089200000, 0x0000000089200000| Untracked 
| 147|0x0000000089300000, 0x0000000089300000, 0x0000000089400000|  0%| F|  |TAMS 0x0000000089300000, 0x0000000089300000| Untracked 
| 148|0x0000000089400000, 0x0000000089400000, 0x0000000089500000|  0%| F|  |TAMS 0x0000000089400000, 0x0000000089400000| Untracked 
| 149|0x0000000089500000, 0x0000000089500000, 0x0000000089600000|  0%| F|  |TAMS 0x0000000089500000, 0x0000000089500000| Untracked 
| 150|0x0000000089600000, 0x0000000089600000, 0x0000000089700000|  0%| F|  |TAMS 0x0000000089600000, 0x0000000089600000| Untracked 
| 151|0x0000000089700000, 0x0000000089700000, 0x0000000089800000|  0%| F|  |TAMS 0x0000000089700000, 0x0000000089700000| Untracked 
| 152|0x0000000089800000, 0x0000000089800000, 0x0000000089900000|  0%| F|  |TAMS 0x0000000089800000, 0x0000000089800000| Untracked 
| 153|0x0000000089900000, 0x0000000089900000, 0x0000000089a00000|  0%| F|  |TAMS 0x0000000089900000, 0x0000000089900000| Untracked 
| 154|0x0000000089a00000, 0x0000000089a00000, 0x0000000089b00000|  0%| F|  |TAMS 0x0000000089a00000, 0x0000000089a00000| Untracked 
| 155|0x0000000089b00000, 0x0000000089b00000, 0x0000000089c00000|  0%| F|  |TAMS 0x0000000089b00000, 0x0000000089b00000| Untracked 
| 156|0x0000000089c00000, 0x0000000089c00000, 0x0000000089d00000|  0%| F|  |TAMS 0x0000000089c00000, 0x0000000089c00000| Untracked 
| 157|0x0000000089d00000, 0x0000000089d00000, 0x0000000089e00000|  0%| F|  |TAMS 0x0000000089d00000, 0x0000000089d00000| Untracked 
| 158|0x0000000089e00000, 0x0000000089e00000, 0x0000000089f00000|  0%| F|  |TAMS 0x0000000089e00000, 0x0000000089e00000| Untracked 

Card table byte_map: [0x0000020a2ecf0000,0x0000020a2f0f0000] _byte_map_base: 0x0000020a2e8f0000

Marking Bits (Prev, Next): (CMBitMap*) 0x0000020a16fd4148, (CMBitMap*) 0x0000020a16fd4180
 Prev Bits: [0x0000020a2f4f0000, 0x0000020a314f0000)
 Next Bits: [0x0000020a314f0000, 0x0000020a334f0000)

Polling page: 0x0000020a15720000

Metaspace:

Usage:
  Non-class:     47.97 MB capacity,    46.95 MB ( 98%) used,   891.59 KB (  2%) free+waste,   154.31 KB ( <1%) overhead. 
      Class:      7.70 MB capacity,     7.09 MB ( 92%) used,   557.15 KB (  7%) free+waste,    74.63 KB ( <1%) overhead. 
       Both:     55.67 MB capacity,    54.03 MB ( 97%) used,     1.41 MB (  3%) free+waste,   228.94 KB ( <1%) overhead. 

Virtual space:
  Non-class space:       50.00 MB reserved,      48.17 MB ( 96%) committed 
      Class space:        1.00 GB reserved,       7.75 MB ( <1%) committed 
             Both:        1.05 GB reserved,      55.92 MB (  5%) committed 

Chunk freelists:
   Non-Class:  1.75 KB
       Class:  2.13 KB
        Both:  3.88 KB

CodeHeap 'non-profiled nmethods': size=120064Kb used=3336Kb max_used=3336Kb free=116727Kb
 bounds [0x0000020a26d90000, 0x0000020a270e0000, 0x0000020a2e2d0000]
CodeHeap 'profiled nmethods': size=120000Kb used=12649Kb max_used=12649Kb free=107350Kb
 bounds [0x0000020a1f860000, 0x0000020a204c0000, 0x0000020a26d90000]
CodeHeap 'non-nmethods': size=5696Kb used=2239Kb max_used=2285Kb free=3456Kb
 bounds [0x0000020a1f2d0000, 0x0000020a1f540000, 0x0000020a1f860000]
 total_blobs=8351 nmethods=5971 adapters=727
 compilation: enabled
              stopped_count=0, restarted_count=0
 full_count=0

Compilation events (10 events):
Event: 15.057 Thread 0x0000020a35b0c000 6241       2       groovyjarjarantlr4.v4.runtime.atn.NotSetTransition::matches (26 bytes)
Event: 15.057 Thread 0x0000020a35b0c000 nmethod 6241 0x0000020a204bc610 code [0x0000020a204bc7c0, 0x0000020a204bc990]
Event: 15.058 Thread 0x0000020a35b0c000 6245       2       groovyjarjarantlr4.v4.runtime.dfa.DFAState::getPrediction (17 bytes)
Event: 15.058 Thread 0x0000020a35b0c000 nmethod 6245 0x0000020a204bca90 code [0x0000020a204bcc40, 0x0000020a204bcdb8]
Event: 15.060 Thread 0x0000020a35b0c000 6246       2       groovyjarjarantlr4.v4.runtime.atn.ParserATNSimulator::closure (98 bytes)
Event: 15.061 Thread 0x0000020a35b0c000 nmethod 6246 0x0000020a204bce90 code [0x0000020a204bd0a0, 0x0000020a204bd6a0]
Event: 15.064 Thread 0x0000020a35b0c000 6248       1       groovyjarjarantlr4.v4.runtime.atn.PlusLoopbackState::getStateType (3 bytes)
Event: 15.064 Thread 0x0000020a35b0c000 nmethod 6248 0x0000020a270d1190 code [0x0000020a270d1340, 0x0000020a270d1458]
Event: 15.065 Thread 0x0000020a372b6800 nmethod 6181 0x0000020a270d1510 code [0x0000020a270d1700, 0x0000020a270d1eb0]
Event: 15.065 Thread 0x0000020a372b6800 6177       4       java.util.HashMap::getNode (148 bytes)

GC Heap History (10 events):
Event: 11.392 GC heap after
{Heap after GC invocations=15 (full 0):
 garbage-first heap   total 162816K, used 86880K [0x0000000080000000, 0x0000000100000000)
  region size 1024K, 5 young (5120K), 5 survivors (5120K)
 Metaspace       used 45218K, capacity 46510K, committed 46768K, reserved 1089536K
  class space    used 5859K, capacity 6341K, committed 6400K, reserved 1048576K
}
Event: 12.299 GC heap before
{Heap before GC invocations=16 (full 0):
 garbage-first heap   total 162816K, used 128864K [0x0000000080000000, 0x0000000100000000)
  region size 1024K, 45 young (46080K), 5 survivors (5120K)
 Metaspace       used 47824K, capacity 49149K, committed 49328K, reserved 1091584K
  class space    used 6140K, capacity 6639K, committed 6656K, reserved 1048576K
}
Event: 12.308 GC heap after
{Heap after GC invocations=17 (full 0):
 garbage-first heap   total 162816K, used 89841K [0x0000000080000000, 0x0000000100000000)
  region size 1024K, 6 young (6144K), 6 survivors (6144K)
 Metaspace       used 47824K, capacity 49149K, committed 49328K, reserved 1091584K
  class space    used 6140K, capacity 6639K, committed 6656K, reserved 1048576K
}
Event: 12.494 GC heap before
{Heap before GC invocations=17 (full 0):
 garbage-first heap   total 162816K, used 99057K [0x0000000080000000, 0x0000000100000000)
  region size 1024K, 16 young (16384K), 6 survivors (6144K)
 Metaspace       used 48529K, capacity 49906K, committed 50096K, reserved 1093632K
  class space    used 6262K, capacity 6785K, committed 6912K, reserved 1048576K
}
Event: 12.503 GC heap after
{Heap after GC invocations=18 (full 0):
 garbage-first heap   total 162816K, used 90383K [0x0000000080000000, 0x0000000100000000)
  region size 1024K, 4 young (4096K), 4 survivors (4096K)
 Metaspace       used 48529K, capacity 49906K, committed 50096K, reserved 1093632K
  class space    used 6262K, capacity 6785K, committed 6912K, reserved 1048576K
}
Event: 13.199 GC heap before
{Heap before GC invocations=19 (full 0):
 garbage-first heap   total 162816K, used 130319K [0x0000000080000000, 0x0000000100000000)
  region size 1024K, 38 young (38912K), 4 survivors (4096K)
 Metaspace       used 50857K, capacity 52476K, committed 52784K, reserved 1095680K
  class space    used 6650K, capacity 7196K, committed 7296K, reserved 1048576K
}
Event: 13.208 GC heap after
{Heap after GC invocations=20 (full 0):
 garbage-first heap   total 162816K, used 98140K [0x0000000080000000, 0x0000000100000000)
  region size 1024K, 4 young (4096K), 4 survivors (4096K)
 Metaspace       used 50857K, capacity 52476K, committed 52784K, reserved 1095680K
  class space    used 6650K, capacity 7196K, committed 7296K, reserved 1048576K
}
Event: 14.182 GC heap before
{Heap before GC invocations=20 (full 0):
 garbage-first heap   total 162816K, used 128860K [0x0000000080000000, 0x0000000100000000)
  region size 1024K, 35 young (35840K), 4 survivors (4096K)
 Metaspace       used 52327K, capacity 53937K, committed 54192K, reserved 1095680K
  class space    used 6780K, capacity 7377K, committed 7424K, reserved 1048576K
}
Event: 14.193 GC heap after
{Heap after GC invocations=21 (full 0):
 garbage-first heap   total 162816K, used 99644K [0x0000000080000000, 0x0000000100000000)
  region size 1024K, 5 young (5120K), 5 survivors (5120K)
 Metaspace       used 52327K, capacity 53937K, committed 54192K, reserved 1095680K
  class space    used 6780K, capacity 7377K, committed 7424K, reserved 1048576K
}
Event: 15.066 GC heap before
{Heap before GC invocations=22 (full 0):
 garbage-first heap   total 162816K, used 131388K [0x0000000080000000, 0x0000000100000000)
  region size 1024K, 37 young (37888K), 5 survivors (5120K)
 Metaspace       used 55331K, capacity 57009K, committed 57264K, reserved 1099776K
  class space    used 7255K, capacity 7887K, committed 7936K, reserved 1048576K
}

Deoptimization events (10 events):
Event: 14.177 Thread 0x0000020a3880e800 Uncommon trap: reason=intrinsic_or_type_checked_inlining action=make_not_entrant pc=0x0000020a2708e674 method=java.util.ArrayList.toArray([Ljava/lang/Object;)[Ljava/lang/Object; @ 36 c2
Event: 14.787 Thread 0x0000020a38d14800 Uncommon trap: reason=bimorphic_or_optimized_type_check action=maybe_recompile pc=0x0000020a26dd9da0 method=java.util.HashMap.putVal(ILjava/lang/Object;Ljava/lang/Object;ZZ)Ljava/lang/Object; @ 203 c2
Event: 14.920 Thread 0x0000020a38d14800 Uncommon trap: reason=unstable_if action=reinterpret pc=0x0000020a26dffb94 method=java.util.HashMap.resize()[Ljava/util/HashMap$Node; @ 203 c2
Event: 14.921 Thread 0x0000020a38d14800 Uncommon trap: reason=unstable_if action=reinterpret pc=0x0000020a26f1aaf0 method=java.util.HashMap.getNode(ILjava/lang/Object;)Ljava/util/HashMap$Node; @ 84 c2
Event: 14.921 Thread 0x0000020a38d14800 Uncommon trap: reason=unstable_if action=reinterpret pc=0x0000020a27018284 method=java.util.HashMap.putVal(ILjava/lang/Object;Ljava/lang/Object;ZZ)Ljava/lang/Object; @ 109 c2
Event: 14.921 Thread 0x0000020a38d14800 Uncommon trap: reason=unstable_if action=reinterpret pc=0x0000020a270a4378 method=java.util.HashMap.getNode(ILjava/lang/Object;)Ljava/util/HashMap$Node; @ 84 c2
Event: 14.923 Thread 0x0000020a38d14800 Uncommon trap: reason=unstable_if action=reinterpret pc=0x0000020a270c4960 method=groovyjarjarantlr4.v4.runtime.atn.ParserATNSimulator.getEpsilonTarget(Lgroovyjarjarantlr4/v4/runtime/atn/ATNConfig;Lgroovyjarjarantlr4/v4/runtime/atn/Transition;ZZLgroovyjar
Event: 14.971 Thread 0x0000020a38d14800 Uncommon trap: reason=predicate action=maybe_recompile pc=0x0000020a270230c4 method=java.util.regex.Pattern.compile()V @ 78 c2
Event: 14.971 Thread 0x0000020a38d14800 Uncommon trap: reason=unstable_if action=reinterpret pc=0x0000020a26e7831c method=java.lang.String.codePointAt(I)I @ 4 c2
Event: 14.971 Thread 0x0000020a38d14800 Uncommon trap: reason=unstable_if action=reinterpret pc=0x0000020a26e225f0 method=java.lang.Character.isSurrogate(C)Z @ 3 c2

Classes redefined (0 events):
No events

Internal exceptions (10 events):
Event: 13.012 Thread 0x0000020a38d14800 Exception <a 'java/lang/ClassNotFoundException'{0x0000000088545c28}: org/gradle/api/internal/project/ProjectScriptBeanInfo> (0x0000000088545c28) thrown at [t:/workspace/open/src/hotspot/share/classfile/systemDictionary.cpp, line 231]
Event: 13.013 Thread 0x0000020a38d14800 Exception <a 'java/lang/ClassNotFoundException'{0x000000008855d878}: org/gradle/api/internal/project/ProjectScriptCustomizer> (0x000000008855d878) thrown at [t:/workspace/open/src/hotspot/share/classfile/systemDictionary.cpp, line 231]
Event: 13.015 Thread 0x0000020a38d14800 Exception <a 'java/lang/ClassNotFoundException'{0x0000000088579bb0}: build_n84gplsqtekib5481pr794pqCustomizer> (0x0000000088579bb0) thrown at [t:/workspace/open/src/hotspot/share/classfile/systemDictionary.cpp, line 231]
Event: 13.044 Thread 0x0000020a38d14800 Exception <a 'java/lang/ClassNotFoundException'{0x00000000884bc6f0}: org/gradle/plugin/use/internal/PluginRequestCollector$PluginDependenciesSpecImplBeanInfo> (0x00000000884bc6f0) thrown at [t:/workspace/open/src/hotspot/share/classfile/systemDictionary.c
Event: 13.045 Thread 0x0000020a38d14800 Exception <a 'java/lang/ClassNotFoundException'{0x00000000884ee738}: org/gradle/plugin/use/internal/PluginRequestCollector$PluginDependenciesSpecImplCustomizer> (0x00000000884ee738) thrown at [t:/workspace/open/src/hotspot/share/classfile/systemDictionary
Event: 13.049 Thread 0x0000020a38d14800 Exception <a 'java/lang/ClassNotFoundException'{0x0000000088355210}: org/gradle/plugin/use/internal/PluginRequestCollector$PluginDependencySpecImplBeanInfo> (0x0000000088355210) thrown at [t:/workspace/open/src/hotspot/share/classfile/systemDictionary.cpp
Event: 13.051 Thread 0x0000020a38d14800 Exception <a 'java/lang/ClassNotFoundException'{0x0000000088386190}: org/gradle/plugin/use/internal/PluginRequestCollector$PluginDependencySpecImplCustomizer> (0x0000000088386190) thrown at [t:/workspace/open/src/hotspot/share/classfile/systemDictionary.c
Event: 13.303 Thread 0x0000020a38d14800 Exception <a 'java/lang/NoSuchMethodError'{0x000000008981f2f8}: java.lang.invoke.DirectMethodHandle$Holder.invokeStatic(Ljava/lang/Object;Ljava/lang/Object;Ljava/lang/Object;ILjava/lang/Object;)V> (0x000000008981f2f8) thrown at [t:/workspace/open/src/hots
Event: 13.886 Thread 0x0000020a38d14800 Implicit null exception at 0x0000020a2705ef0f to 0x0000020a2705f152
Event: 14.538 Thread 0x0000020a38d14800 Exception <a 'java/lang/NoSuchMethodError'{0x00000000897e4d08}: java.lang.invoke.DirectMethodHandle$Holder.invokeVirtual(Ljava/lang/Object;Ljava/lang/Object;)V> (0x00000000897e4d08) thrown at [t:/workspace/open/src/hotspot/share/interpreter/linkResolver.c

Events (10 events):
Event: 14.977 loading class java/util/stream/Nodes$IntArrayNode
Event: 14.977 loading class java/util/stream/Nodes$IntArrayNode done
Event: 14.977 loading class java/util/stream/Nodes$IntFixedNodeBuilder done
Event: 14.977 loading class java/util/stream/SortedOps$SizedIntSortingSink
Event: 14.977 loading class java/util/stream/SortedOps$AbstractIntSortingSink
Event: 14.977 loading class java/util/stream/SortedOps$AbstractIntSortingSink done
Event: 14.977 loading class java/util/stream/SortedOps$SizedIntSortingSink done
Event: 14.977 loading class java/util/stream/ReferencePipeline$4$1
Event: 14.977 loading class java/util/stream/ReferencePipeline$4$1 done
Event: 15.066 Executing VM operation: G1CollectForAllocation


Dynamic libraries:
0x00007ff604ef0000 - 0x00007ff604f37000 	C:\Program Files\Java\jdk-11.0.1\bin\java.exe
0x00007ffbc72d0000 - 0x00007ffbc74c8000 	C:\WINDOWS\SYSTEM32\ntdll.dll
0x00007ffbc5c40000 - 0x00007ffbc5cff000 	C:\WINDOWS\System32\KERNEL32.DLL
0x00007ffbc4dc0000 - 0x00007ffbc5092000 	C:\WINDOWS\System32\KERNELBASE.dll
0x00007ffbc5e00000 - 0x00007ffbc5eae000 	C:\WINDOWS\System32\ADVAPI32.dll
0x00007ffbc5320000 - 0x00007ffbc53be000 	C:\WINDOWS\System32\msvcrt.dll
0x00007ffbc5d00000 - 0x00007ffbc5d9c000 	C:\WINDOWS\System32\sechost.dll
0x00007ffbc7060000 - 0x00007ffbc7184000 	C:\WINDOWS\System32\RPCRT4.dll
0x00007ffbc53c0000 - 0x00007ffbc5561000 	C:\WINDOWS\System32\USER32.dll
0x00007ffbc4be0000 - 0x00007ffbc4c02000 	C:\WINDOWS\System32\win32u.dll
0x00007ffbc6f20000 - 0x00007ffbc6f4b000 	C:\WINDOWS\System32\GDI32.dll
0x00007ffbc5210000 - 0x00007ffbc531f000 	C:\WINDOWS\System32\gdi32full.dll
0x00007ffbc4b40000 - 0x00007ffbc4bdd000 	C:\WINDOWS\System32\msvcp_win.dll
0x00007ffbc49d0000 - 0x00007ffbc4ad0000 	C:\WINDOWS\System32\ucrtbase.dll
0x00007ffbb26f0000 - 0x00007ffbb298a000 	C:\WINDOWS\WinSxS\amd64_microsoft.windows.common-controls_6595b64144ccf1df_6.0.19041.1110_none_60b5254171f9507e\COMCTL32.dll
0x00007ffbbb390000 - 0x00007ffbbb39a000 	C:\WINDOWS\SYSTEM32\VERSION.dll
0x00007ffbc7190000 - 0x00007ffbc71c0000 	C:\WINDOWS\System32\IMM32.DLL
0x00007ffbbb810000 - 0x00007ffbbb826000 	C:\Program Files\Java\jdk-11.0.1\bin\vcruntime140.dll
0x00007ffb921a0000 - 0x00007ffb9224a000 	C:\Program Files\Java\jdk-11.0.1\bin\msvcp140.dll
0x00007ffb6fb70000 - 0x00007ffb706b2000 	C:\Program Files\Java\jdk-11.0.1\bin\server\jvm.dll
0x00007ffbc5eb0000 - 0x00007ffbc5eb8000 	C:\WINDOWS\System32\PSAPI.DLL
0x00007ffbbd360000 - 0x00007ffbbd369000 	C:\WINDOWS\SYSTEM32\WSOCK32.dll
0x00007ffbb3950000 - 0x00007ffbb3977000 	C:\WINDOWS\SYSTEM32\WINMM.dll
0x00007ffbc5880000 - 0x00007ffbc58eb000 	C:\WINDOWS\System32\WS2_32.dll
0x00007ffbc2890000 - 0x00007ffbc28a2000 	C:\WINDOWS\SYSTEM32\kernel.appcore.dll
0x00007ffbbb370000 - 0x00007ffbbb381000 	C:\Program Files\Java\jdk-11.0.1\bin\verify.dll
0x00007ffbb1ad0000 - 0x00007ffbb1cb4000 	C:\WINDOWS\SYSTEM32\DBGHELP.DLL
0x00007ffbc12f0000 - 0x00007ffbc1325000 	C:\WINDOWS\SYSTEM32\dbgcore.DLL
0x00007ffbc5150000 - 0x00007ffbc51d2000 	C:\WINDOWS\System32\bcryptPrimitives.dll
0x00007ffbbb010000 - 0x00007ffbbb039000 	C:\Program Files\Java\jdk-11.0.1\bin\java.dll
0x00007ffbbb1d0000 - 0x00007ffbbb1e6000 	C:\Program Files\Java\jdk-11.0.1\bin\zip.dll
0x00007ffbc0130000 - 0x00007ffbc013a000 	C:\Program Files\Java\jdk-11.0.1\bin\jimage.dll
0x00007ffbc5f20000 - 0x00007ffbc6665000 	C:\WINDOWS\System32\SHELL32.dll
0x00007ffbc2a90000 - 0x00007ffbc3222000 	C:\WINDOWS\SYSTEM32\windows.storage.dll
0x00007ffbc6730000 - 0x00007ffbc6a85000 	C:\WINDOWS\System32\combase.dll
0x00007ffbc4430000 - 0x00007ffbc4460000 	C:\WINDOWS\SYSTEM32\Wldp.dll
0x00007ffbc6f50000 - 0x00007ffbc6ffd000 	C:\WINDOWS\System32\SHCORE.dll
0x00007ffbc7000000 - 0x00007ffbc7055000 	C:\WINDOWS\System32\shlwapi.dll
0x00007ffbc4910000 - 0x00007ffbc492f000 	C:\WINDOWS\SYSTEM32\profapi.dll
0x00007ffbb8920000 - 0x00007ffbb8939000 	C:\Program Files\Java\jdk-11.0.1\bin\net.dll
0x00007ffbbccf0000 - 0x00007ffbbcdfa000 	C:\WINDOWS\SYSTEM32\WINHTTP.dll
0x00007ffbc4120000 - 0x00007ffbc418a000 	C:\WINDOWS\system32\mswsock.dll
0x00007ffbb7550000 - 0x00007ffbb7563000 	C:\Program Files\Java\jdk-11.0.1\bin\nio.dll
0x00007ffbbb170000 - 0x00007ffbbb197000 	C:\Users\Admin\.gradle\native\e1d6ef7f7dcc3fd88c89a11ec53ec762bb8ba0a96d01ffa2cd45eb1d1d8dd5c5\windows-amd64\native-platform.dll
0x00007ffb8f190000 - 0x00007ffb8f2d4000 	C:\Users\Admin\.gradle\native\0d407fdbe67a94daf76414ababcb853783967236a71b16ec16e742cd7a986fd3\windows-amd64\native-platform-file-events.dll
0x00007ffbbc0c0000 - 0x00007ffbbc0c9000 	C:\Program Files\Java\jdk-11.0.1\bin\management.dll
0x00007ffbbb0f0000 - 0x00007ffbbb0fc000 	C:\Program Files\Java\jdk-11.0.1\bin\management_ext.dll
0x00007ffbc4390000 - 0x00007ffbc43a8000 	C:\WINDOWS\SYSTEM32\CRYPTSP.dll
0x00007ffbc39d0000 - 0x00007ffbc3a04000 	C:\WINDOWS\system32\rsaenh.dll
0x00007ffbc51e0000 - 0x00007ffbc5207000 	C:\WINDOWS\System32\bcrypt.dll
0x00007ffbc48d0000 - 0x00007ffbc48fe000 	C:\WINDOWS\SYSTEM32\USERENV.dll
0x00007ffbc4380000 - 0x00007ffbc438c000 	C:\WINDOWS\SYSTEM32\CRYPTBASE.dll
0x00007ffbc3da0000 - 0x00007ffbc3ddb000 	C:\WINDOWS\SYSTEM32\IPHLPAPI.DLL
0x00007ffbc5aa0000 - 0x00007ffbc5aa8000 	C:\WINDOWS\System32\NSI.dll
0x00007ffbbe3d0000 - 0x00007ffbbe3e7000 	C:\WINDOWS\SYSTEM32\dhcpcsvc6.DLL
0x00007ffbbdd80000 - 0x00007ffbbdd9d000 	C:\WINDOWS\SYSTEM32\dhcpcsvc.DLL
0x00007ffbc3de0000 - 0x00007ffbc3eab000 	C:\WINDOWS\SYSTEM32\DNSAPI.dll

dbghelp: loaded successfully - version: 4.0.5 - missing functions: none
symbol engine: initialized successfully - sym options: 0x614 - pdb path: .;C:\Program Files\Java\jdk-11.0.1\bin;C:\WINDOWS\SYSTEM32;C:\WINDOWS\WinSxS\amd64_microsoft.windows.common-controls_6595b64144ccf1df_6.0.19041.1110_none_60b5254171f9507e;C:\Program Files\Java\jdk-11.0.1\bin\server;C:\Users\Admin\.gradle\native\e1d6ef7f7dcc3fd88c89a11ec53ec762bb8ba0a96d01ffa2cd45eb1d1d8dd5c5\windows-amd64;C:\Users\Admin\.gradle\native\0d407fdbe67a94daf76414ababcb853783967236a71b16ec16e742cd7a986fd3\windows-amd64

VM Arguments:
jvm_args: --add-opens=java.base/java.util=ALL-UNNAMED --add-opens=java.base/java.lang=ALL-UNNAMED --add-opens=java.base/java.lang.invoke=ALL-UNNAMED --add-opens=java.base/java.util=ALL-UNNAMED --add-opens=java.prefs/java.util.prefs=ALL-UNNAMED --add-opens=java.prefs/java.util.prefs=ALL-UNNAMED --add-opens=java.base/java.nio.charset=ALL-UNNAMED --add-opens=java.base/java.net=ALL-UNNAMED --add-opens=java.base/java.util.concurrent.atomic=ALL-UNNAMED -Xmx2048m -Dfile.encoding=UTF-8 -Duser.country=SV -Duser.language=es -Duser.variant 
java_command: org.gradle.launcher.daemon.bootstrap.GradleDaemon 7.5
java_class_path (initial): C:\Users\Admin\.gradle\wrapper\dists\gradle-7.5-bin\f1w0cc9nuo0eivz97x2xlu9sv\gradle-7.5\lib\gradle-launcher-7.5.jar
Launcher Type: SUN_STANDARD

[Global flags]
     intx CICompilerCount                          = 3                                         {product} {ergonomic}
     uint ConcGCThreads                            = 1                                         {product} {ergonomic}
     uint G1ConcRefinementThreads                  = 4                                         {product} {ergonomic}
   size_t G1HeapRegionSize                         = 1048576                                   {product} {ergonomic}
    uintx GCDrainStackTargetSize                   = 64                                        {product} {ergonomic}
   size_t InitialHeapSize                          = 134217728                                 {product} {ergonomic}
   size_t MarkStackSize                            = 4194304                                   {product} {ergonomic}
   size_t MaxHeapSize                              = 2147483648                                {product} {command line}
   size_t MaxNewSize                               = 1287651328                                {product} {ergonomic}
   size_t MinHeapDeltaBytes                        = 1048576                                   {product} {ergonomic}
    uintx NonNMethodCodeHeapSize                   = 5830092                                {pd product} {ergonomic}
    uintx NonProfiledCodeHeapSize                  = 122914074                              {pd product} {ergonomic}
    uintx ProfiledCodeHeapSize                     = 122914074                              {pd product} {ergonomic}
    uintx ReservedCodeCacheSize                    = 251658240                              {pd product} {ergonomic}
     bool SegmentedCodeCache                       = true                                      {product} {ergonomic}
     bool UseCompressedClassPointers               = true                                 {lp64_product} {ergonomic}
     bool UseCompressedOops                        = true                                 {lp64_product} {ergonomic}
     bool UseG1GC                                  = true                                      {product} {ergonomic}
     bool UseLargePagesIndividualAllocation        = false                                  {pd product} {ergonomic}

Logging:
Log output configuration:
 #0: stdout all=warning uptime,level,tags
 #1: stderr all=off uptime,level,tags

Environment Variables:
JAVA_HOME=C:\Program Files\Java\jdk-11.0.1
PATH=C:\Program Files (x86)\Razer\ChromaBroadcast\bin;E:\Program Files\Razer\ChromaBroadcast\bin;C:\Program Files\nodejs\;C:\WINDOWS\system32\config\systemprofile\AppData\Local\Microsoft\WindowsApps;E:\Git\cmd;C:\Users\Admin\AppData\Local\Microsoft\WindowsApps;C:\Users\Admin\AppData\Local\atom\bin;C:\Users\Admin\AppData\Local\Programs\Microsoft VS Code\bin;C:\Program Files\sfdx\bin;C:\Users\Admin\AppData\Local\GitHubDesktop\bin;C:\Users\Admin\AppData\Local\Microsoft\WindowsApps;E:\Program Files\JetBrains\IntelliJ IDEA 2022.2\bin;;E:\Program Files\heroku\bin;E:\Program Files\Azure Data Studio\bin;C:\srcSQLlite\sqlite-tools-win32-x86-3410000;C:\Program Files\MongoDB\Server\6.0\data;C:\Program Files\MongoDB\Server\6.0\log;C:\Users\Admin\AppData\Local\Programs\Azure Data Studio\bin;C:\Program Files\nodejs;C:\Users\Admin\AppData\Roaming\npm
USERNAME=Admin
OS=Windows_NT
PROCESSOR_IDENTIFIER=Intel64 Family 6 Model 58 Stepping 9, GenuineIntel



---------------  S Y S T E M  ---------------

OS: Windows 10 , 64 bit Build 19041 (10.0.19041.2546)

CPU:total 4 (initial active 4) (2 cores per cpu, 2 threads per core) family 6 model 58 stepping 9, cmov, cx8, fxsr, mmx, sse, sse2, sse3, ssse3, sse4.1, sse4.2, popcnt, avx, aes, clmul, erms, ht, tsc, tscinvbit, tscinv

Memory: 4k page, system-wide physical 8071M (1024M free)
TotalPageFile size 10119M (AvailPageFile size 19M)
current process WorkingSet (physical memory assigned to process): 349M, peak: 351M
current process commit charge ("private bytes"): 388M, peak: 422M

vm_info: Java HotSpot(TM) 64-Bit Server VM (11.0.1+13-LTS) for windows-amd64 JRE (11.0.1+13-LTS), built on Oct  6 2018 13:20:16 by "mach5one" with MS VC++ 15.5 (VS2017)

END.
